#-----------------------------------------------------------
# Vivado v2021.1 (64-bit)
# SW Build 3247384 on Thu Jun 10 19:36:33 MDT 2021
# IP Build 3246043 on Fri Jun 11 00:30:35 MDT 2021
# Start of session at: Wed Feb 23 02:09:11 2022
# Process ID: 7492
# Current directory: D:/intelight/intelight
# Command line: vivado.exe -gui_launcher_event rodinguilauncherevent15112 D:\intelight\intelight\intelight.xpr
# Log file: D:/intelight/intelight/vivado.log
# Journal file: D:/intelight/intelight\vivado.jou
#-----------------------------------------------------------
start_gui
open_project D:/intelight/intelight/intelight.xpr
INFO: [Project 1-313] Project file moved from 'D:/Dismas/ITB/SemesterVIII/TA2/intelight' since last save.
Scanning sources...
Finished scanning sources
INFO: [IP_Flow 19-234] Refreshing IP repositories
INFO: [IP_Flow 19-1700] Loaded user IP repository 'd:/intelight/ip_repo/intelight_ip_1.0'.
INFO: [IP_Flow 19-2313] Loaded Vivado IP repository 'C:/Xilinx/Vivado/2021.1/data/ip'.
open_project: Time (s): cpu = 00:00:37 ; elapsed = 00:00:21 . Memory (MB): peak = 1329.164 ; gain = 0.000
uupdate_compile_order -fileset sources_1exit
INFO: [Common 17-206] Exiting Vivado at Wed Feb 23 02:12:05 2022...

