#-----------------------------------------------------------
# Vivado v2021.1 (64-bit)
# SW Build 3247384 on Thu Jun 10 19:36:33 MDT 2021
# IP Build 3246043 on Fri Jun 11 00:30:35 MDT 2021
# Start of session at: Sat Feb 19 13:29:53 2022
# Process ID: 10304
# Current directory: D:/intelight/intelight
# Command line: vivado.exe -gui_launcher_event rodinguilauncherevent2568 D:\intelight\intelight\intelight.xpr
# Log file: D:/intelight/intelight/vivado.log
# Journal file: D:/intelight/intelight\vivado.jou
#-----------------------------------------------------------
start_gui
open_project D:/intelight/intelight/intelight.xpr
WARNING: [filemgmt 56-3] Default IP Output Path : Could not find the directory 'D:/intelight/intelight/intelight.gen/sources_1'.
Scanning sources...
Finished scanning sources
INFO: [IP_Flow 19-234] Refreshing IP repositories
INFO: [IP_Flow 19-1704] No user IP repositories specified
INFO: [IP_Flow 19-2313] Loaded Vivado IP repository 'C:/Xilinx/Vivado/2021.1/data/ip'.
open_project: Time (s): cpu = 00:00:32 ; elapsed = 00:00:14 . Memory (MB): peak = 1306.156 ; gain = 0.000
update_compile_order -fileset sources_1
exit
INFO: [Common 17-206] Exiting Vivado at Sat Feb 19 15:17:52 2022...
