#-----------------------------------------------------------
# Vivado v2021.1 (64-bit)
# SW Build 3247384 on Thu Jun 10 19:36:33 MDT 2021
# IP Build 3246043 on Fri Jun 11 00:30:35 MDT 2021
# Start of session at: Thu Mar 24 08:17:45 2022
# Process ID: 12924
# Current directory: D:/intelight/intelight
# Command line: vivado.exe -gui_launcher_event rodinguilauncherevent15564 D:\intelight\intelight\intelight.xpr
# Log file: D:/intelight/intelight/vivado.log
# Journal file: D:/intelight/intelight\vivado.jou
#-----------------------------------------------------------
start_gui
open_project D:/intelight/intelight/intelight.xpr
WARNING: [filemgmt 56-3] IP Repository Path: Could not find the directory 'D:/intelight/ip_repo/intelight_mem_1.0'.
WARNING: [filemgmt 56-3] IP Repository Path: Could not find the directory 'D:/intelight/ip_repo/intelight_ip_1.0'.
Scanning sources...
Finished scanning sources
INFO: [IP_Flow 19-234] Refreshing IP repositories
WARNING: [IP_Flow 19-3685] Ignored loading user repository 'd:/intelight/ip_repo/intelight_mem_1.0'. The path is contained within another repository.
INFO: [IP_Flow 19-1700] Loaded user IP repository 'd:/intelight/ip_repo'.
WARNING: [IP_Flow 19-3685] Ignored loading user repository 'd:/intelight/ip_repo/intelight_ip_1.0'. The path is contained within another repository.
INFO: [IP_Flow 19-2313] Loaded Vivado IP repository 'C:/Xilinx/Vivado/2021.1/data/ip'.
open_project: Time (s): cpu = 00:00:33 ; elapsed = 00:00:19 . Memory (MB): peak = 1329.039 ; gain = 0.000
update_compile_order -fileset sources_1
open_bd_design {D:/intelight/intelight/intelight.srcs/sources_1/bd/system/system.bd}
Reading block design file <D:/intelight/intelight/intelight.srcs/sources_1/bd/system/system.bd>...
Adding component instance block -- xilinx.com:ip:proc_sys_reset:5.0 - rst_ps7_0_50M
Adding component instance block -- xilinx.com:ip:processing_system7:5.5 - processing_system7_0
Adding component instance block -- xilinx.com:ip:axi_interconnect:2.1 - ps7_0_axi_periph
Adding component instance block -- xilinx.com:ip:axi_crossbar:2.1 - xbar
Adding component instance block -- xilinx.com:ip:axi_protocol_converter:2.1 - auto_pc
Adding component instance block -- xilinx.com:ip:axi_protocol_converter:2.1 - auto_pc
Adding component instance block -- xilinx.com:ip:axi_protocol_converter:2.1 - auto_pc
Adding component instance block -- xilinx.com:ip:axi_intc:4.1 - axi_intc_0
Adding component instance block -- xilinx.com:user:intelight_mem:1.0 - intelight_mem_0
Adding component instance block -- xilinx.com:module_ref:QA:1.0 - QA_0
Adding component instance block -- xilinx.com:module_ref:PG:1.0 - PG_0
Adding component instance block -- xilinx.com:module_ref:CU:1.0 - CU_0
Adding component instance block -- xilinx.com:module_ref:RD:1.0 - RD_0
Adding component instance block -- xilinx.com:module_ref:SD:1.0 - SD_0
Adding component instance block -- xilinx.com:ip:xlconstant:1.1 - cnst_0_4bit
Adding component instance block -- xilinx.com:ip:xlconstant:1.1 - cnst_1_1bit
Adding component instance block -- xilinx.com:ip:blk_mem_gen:8.4 - Action_RAM_2
Adding component instance block -- xilinx.com:ip:blk_mem_gen:8.4 - PL_RAM_2
Adding component instance block -- xilinx.com:ip:axi_bram_ctrl:4.1 - axi_bram_ctrl_2
Adding component instance block -- xilinx.com:ip:blk_mem_gen:8.4 - Action_RAM_1
Adding component instance block -- xilinx.com:ip:blk_mem_gen:8.4 - PL_RAM_1
Adding component instance block -- xilinx.com:ip:axi_bram_ctrl:4.1 - axi_bram_ctrl_1
Adding component instance block -- xilinx.com:ip:blk_mem_gen:8.4 - Action_RAM_3
Adding component instance block -- xilinx.com:ip:blk_mem_gen:8.4 - PL_RAM_3
Adding component instance block -- xilinx.com:ip:axi_bram_ctrl:4.1 - axi_bram_ctrl_3
Adding component instance block -- xilinx.com:ip:blk_mem_gen:8.4 - PL_RAM_0
Adding component instance block -- xilinx.com:ip:blk_mem_gen:8.4 - Action_RAM_0
Adding component instance block -- xilinx.com:ip:axi_bram_ctrl:4.1 - axi_bram_ctrl_0
Adding component instance block -- xilinx.com:module_ref:bram_interface:1.0 - bram_interface_0
Adding component instance block -- xilinx.com:module_ref:enabler4_32bit:1.0 - enabler4_32bit_0
Successfully read diagram <system> from block design file <D:/intelight/intelight/intelight.srcs/sources_1/bd/system/system.bd>
open_bd_design: Time (s): cpu = 00:00:10 ; elapsed = 00:00:08 . Memory (MB): peak = 1329.039 ; gain = 0.000
disconnect_bd_net /PS/rst_ps7_0_50M_peripheral_aresetn [get_bd_pins PS/rst_ps7_0_50M/peripheral_aresetn]
connect_bd_net [get_bd_pins PS/rst_ps7_0_50M/peripheral_reset] [get_bd_pins PS/axi_intc_0/s_axi_aresetn]
save_bd_design
Wrote  : <D:\intelight\intelight\intelight.srcs\sources_1\bd\system\system.bd> 
Wrote  : <D:/intelight/intelight/intelight.srcs/sources_1/bd/system/ui/bd_c954508f.ui> 
ungroup_bd_cells [get_bd_cells PS]
ungroup_bd_cells [get_bd_cells RAM_Block]
ungroup_bd_cells [get_bd_cells RAM_0]
WARNING: [BD 41-1306] The connection to interface pin </Action_RAM_0/web> is being overridden by the user with net <cnst_0_4bit_dout>. This pin will not be connected as a part of interface connection <BRAM_PORTB>.
WARNING: [BD 41-1306] The connection to interface pin </Action_RAM_0/ena> is being overridden by the user with net <cnst_1_1bit_dout>. This pin will not be connected as a part of interface connection <BRAM_PORTA>.
WARNING: [BD 41-1306] The connection to interface pin </Action_RAM_0/enb> is being overridden by the user with net <cnst_1_1bit_dout>. This pin will not be connected as a part of interface connection <BRAM_PORTB>.
WARNING: [BD 41-1306] The connection to interface pin </PL_RAM_0/ena> is being overridden by the user with net <cnst_1_1bit_dout>. This pin will not be connected as a part of interface connection <BRAM_PORTA>.
WARNING: [BD 41-1306] The connection to interface pin </Action_RAM_0/addrb> is being overridden by the user with net <bram_interface_0_rd_addr>. This pin will not be connected as a part of interface connection <BRAM_PORTB>.
WARNING: [BD 41-1306] The connection to interface pin </Action_RAM_0/doutb> is being overridden by the user with net <RAM_Block_q_next_0>. This pin will not be connected as a part of interface connection <BRAM_PORTB>.
WARNING: [BD 41-1306] The connection to interface pin </Action_RAM_0/addra> is being overridden by the user with net <bram_interface_0_wr_addr>. This pin will not be connected as a part of interface connection <BRAM_PORTA>.
WARNING: [BD 41-1306] The connection to interface pin </PL_RAM_0/addra> is being overridden by the user with net <bram_interface_0_wr_addr>. This pin will not be connected as a part of interface connection <BRAM_PORTA>.
WARNING: [BD 41-1306] The connection to interface pin </Action_RAM_0/dina> is being overridden by the user with net <q_new_1>. This pin will not be connected as a part of interface connection <BRAM_PORTA>.
WARNING: [BD 41-1306] The connection to interface pin </PL_RAM_0/dina> is being overridden by the user with net <q_new_1>. This pin will not be connected as a part of interface connection <BRAM_PORTA>.
WARNING: [BD 41-1306] The connection to interface pin </Action_RAM_0/rstb> is being overridden by the user with net <rst_ps7_0_50M_peripheral_aresetn>. This pin will not be connected as a part of interface connection <BRAM_PORTB>.
WARNING: [BD 41-1306] The connection to interface pin </Action_RAM_0/rsta> is being overridden by the user with net <rst_ps7_0_50M_peripheral_aresetn>. This pin will not be connected as a part of interface connection <BRAM_PORTA>.
WARNING: [BD 41-1306] The connection to interface pin </PL_RAM_0/rsta> is being overridden by the user with net <rst_ps7_0_50M_peripheral_aresetn>. This pin will not be connected as a part of interface connection <BRAM_PORTA>.
WARNING: [BD 41-1306] The connection to interface pin </PL_RAM_0/rstb> is being overridden by the user with net <rst_ps7_0_50M_peripheral_aresetn>. This pin will not be connected as a part of interface connection <BRAM_PORTB>.
WARNING: [BD 41-1306] The connection to interface pin </Action_RAM_0/clkb> is being overridden by the user with net <processing_system7_0_FCLK_CLK0>. This pin will not be connected as a part of interface connection <BRAM_PORTB>.
WARNING: [BD 41-1306] The connection to interface pin </Action_RAM_0/clka> is being overridden by the user with net <processing_system7_0_FCLK_CLK0>. This pin will not be connected as a part of interface connection <BRAM_PORTA>.
WARNING: [BD 41-1306] The connection to interface pin </PL_RAM_0/clka> is being overridden by the user with net <processing_system7_0_FCLK_CLK0>. This pin will not be connected as a part of interface connection <BRAM_PORTA>.
WARNING: [BD 41-1306] The connection to interface pin </PL_RAM_0/clkb> is being overridden by the user with net <processing_system7_0_FCLK_CLK0>. This pin will not be connected as a part of interface connection <BRAM_PORTB>.
WARNING: [BD 41-1306] The connection to interface pin </Action_RAM_0/wea> is being overridden by the user with net <wea_0_1>. This pin will not be connected as a part of interface connection <BRAM_PORTA>.
WARNING: [BD 41-1306] The connection to interface pin </PL_RAM_0/wea> is being overridden by the user with net <wea_0_1>. This pin will not be connected as a part of interface connection <BRAM_PORTA>.
ungroup_bd_cells [get_bd_cells RAM_1]
WARNING: [BD 41-1306] The connection to interface pin </Action_RAM_1/web> is being overridden by the user with net <cnst_0_4bit_dout>. This pin will not be connected as a part of interface connection <BRAM_PORTB>.
WARNING: [BD 41-1306] The connection to interface pin </Action_RAM_1/enb> is being overridden by the user with net <cnst_1_1bit_dout>. This pin will not be connected as a part of interface connection <BRAM_PORTB>.
WARNING: [BD 41-1306] The connection to interface pin </PL_RAM_1/ena> is being overridden by the user with net <cnst_1_1bit_dout>. This pin will not be connected as a part of interface connection <BRAM_PORTA>.
WARNING: [BD 41-1306] The connection to interface pin </Action_RAM_1/ena> is being overridden by the user with net <cnst_1_1bit_dout>. This pin will not be connected as a part of interface connection <BRAM_PORTA>.
WARNING: [BD 41-1306] The connection to interface pin </Action_RAM_1/addrb> is being overridden by the user with net <bram_interface_0_rd_addr>. This pin will not be connected as a part of interface connection <BRAM_PORTB>.
WARNING: [BD 41-1306] The connection to interface pin </Action_RAM_1/doutb> is being overridden by the user with net <RAM_Block_q_next_1>. This pin will not be connected as a part of interface connection <BRAM_PORTB>.
WARNING: [BD 41-1306] The connection to interface pin </PL_RAM_1/addra> is being overridden by the user with net <bram_interface_0_wr_addr>. This pin will not be connected as a part of interface connection <BRAM_PORTA>.
WARNING: [BD 41-1306] The connection to interface pin </Action_RAM_1/addra> is being overridden by the user with net <bram_interface_0_wr_addr>. This pin will not be connected as a part of interface connection <BRAM_PORTA>.
WARNING: [BD 41-1306] The connection to interface pin </PL_RAM_1/wea> is being overridden by the user with net <wea_1_1>. This pin will not be connected as a part of interface connection <BRAM_PORTA>.
WARNING: [BD 41-1306] The connection to interface pin </Action_RAM_1/wea> is being overridden by the user with net <wea_1_1>. This pin will not be connected as a part of interface connection <BRAM_PORTA>.
WARNING: [BD 41-1306] The connection to interface pin </PL_RAM_1/dina> is being overridden by the user with net <q_new_1>. This pin will not be connected as a part of interface connection <BRAM_PORTA>.
WARNING: [BD 41-1306] The connection to interface pin </Action_RAM_1/dina> is being overridden by the user with net <q_new_1>. This pin will not be connected as a part of interface connection <BRAM_PORTA>.
WARNING: [BD 41-1306] The connection to interface pin </Action_RAM_1/rstb> is being overridden by the user with net <rst_ps7_0_50M_peripheral_aresetn>. This pin will not be connected as a part of interface connection <BRAM_PORTB>.
WARNING: [BD 41-1306] The connection to interface pin </PL_RAM_1/rsta> is being overridden by the user with net <rst_ps7_0_50M_peripheral_aresetn>. This pin will not be connected as a part of interface connection <BRAM_PORTA>.
WARNING: [BD 41-1306] The connection to interface pin </Action_RAM_1/rsta> is being overridden by the user with net <rst_ps7_0_50M_peripheral_aresetn>. This pin will not be connected as a part of interface connection <BRAM_PORTA>.
WARNING: [BD 41-1306] The connection to interface pin </PL_RAM_1/rstb> is being overridden by the user with net <rst_ps7_0_50M_peripheral_aresetn>. This pin will not be connected as a part of interface connection <BRAM_PORTB>.
WARNING: [BD 41-1306] The connection to interface pin </Action_RAM_1/clkb> is being overridden by the user with net <processing_system7_0_FCLK_CLK0>. This pin will not be connected as a part of interface connection <BRAM_PORTB>.
WARNING: [BD 41-1306] The connection to interface pin </PL_RAM_1/clka> is being overridden by the user with net <processing_system7_0_FCLK_CLK0>. This pin will not be connected as a part of interface connection <BRAM_PORTA>.
WARNING: [BD 41-1306] The connection to interface pin </Action_RAM_1/clka> is being overridden by the user with net <processing_system7_0_FCLK_CLK0>. This pin will not be connected as a part of interface connection <BRAM_PORTA>.
WARNING: [BD 41-1306] The connection to interface pin </PL_RAM_1/clkb> is being overridden by the user with net <processing_system7_0_FCLK_CLK0>. This pin will not be connected as a part of interface connection <BRAM_PORTB>.
ungroup_bd_cells [get_bd_cells RAM_2]
WARNING: [BD 41-1306] The connection to interface pin </Action_RAM_2/web> is being overridden by the user with net <cnst_0_4bit_dout>. This pin will not be connected as a part of interface connection <BRAM_PORTB>.
WARNING: [BD 41-1306] The connection to interface pin </Action_RAM_2/enb> is being overridden by the user with net <cnst_1_1bit_dout>. This pin will not be connected as a part of interface connection <BRAM_PORTB>.
WARNING: [BD 41-1306] The connection to interface pin </PL_RAM_2/ena> is being overridden by the user with net <cnst_1_1bit_dout>. This pin will not be connected as a part of interface connection <BRAM_PORTA>.
WARNING: [BD 41-1306] The connection to interface pin </Action_RAM_2/ena> is being overridden by the user with net <cnst_1_1bit_dout>. This pin will not be connected as a part of interface connection <BRAM_PORTA>.
WARNING: [BD 41-1306] The connection to interface pin </Action_RAM_2/addrb> is being overridden by the user with net <bram_interface_0_rd_addr>. This pin will not be connected as a part of interface connection <BRAM_PORTB>.
WARNING: [BD 41-1306] The connection to interface pin </Action_RAM_2/doutb> is being overridden by the user with net <RAM_Block_q_next_2>. This pin will not be connected as a part of interface connection <BRAM_PORTB>.
WARNING: [BD 41-1306] The connection to interface pin </PL_RAM_2/addra> is being overridden by the user with net <bram_interface_0_wr_addr>. This pin will not be connected as a part of interface connection <BRAM_PORTA>.
WARNING: [BD 41-1306] The connection to interface pin </Action_RAM_2/addra> is being overridden by the user with net <bram_interface_0_wr_addr>. This pin will not be connected as a part of interface connection <BRAM_PORTA>.
WARNING: [BD 41-1306] The connection to interface pin </PL_RAM_2/wea> is being overridden by the user with net <wea_2_1>. This pin will not be connected as a part of interface connection <BRAM_PORTA>.
WARNING: [BD 41-1306] The connection to interface pin </Action_RAM_2/wea> is being overridden by the user with net <wea_2_1>. This pin will not be connected as a part of interface connection <BRAM_PORTA>.
WARNING: [BD 41-1306] The connection to interface pin </PL_RAM_2/dina> is being overridden by the user with net <q_new_1>. This pin will not be connected as a part of interface connection <BRAM_PORTA>.
WARNING: [BD 41-1306] The connection to interface pin </Action_RAM_2/dina> is being overridden by the user with net <q_new_1>. This pin will not be connected as a part of interface connection <BRAM_PORTA>.
WARNING: [BD 41-1306] The connection to interface pin </Action_RAM_2/rstb> is being overridden by the user with net <rst_ps7_0_50M_peripheral_aresetn>. This pin will not be connected as a part of interface connection <BRAM_PORTB>.
WARNING: [BD 41-1306] The connection to interface pin </PL_RAM_2/rsta> is being overridden by the user with net <rst_ps7_0_50M_peripheral_aresetn>. This pin will not be connected as a part of interface connection <BRAM_PORTA>.
WARNING: [BD 41-1306] The connection to interface pin </Action_RAM_2/rsta> is being overridden by the user with net <rst_ps7_0_50M_peripheral_aresetn>. This pin will not be connected as a part of interface connection <BRAM_PORTA>.
WARNING: [BD 41-1306] The connection to interface pin </PL_RAM_2/rstb> is being overridden by the user with net <rst_ps7_0_50M_peripheral_aresetn>. This pin will not be connected as a part of interface connection <BRAM_PORTB>.
WARNING: [BD 41-1306] The connection to interface pin </Action_RAM_2/clkb> is being overridden by the user with net <processing_system7_0_FCLK_CLK0>. This pin will not be connected as a part of interface connection <BRAM_PORTB>.
WARNING: [BD 41-1306] The connection to interface pin </PL_RAM_2/clka> is being overridden by the user with net <processing_system7_0_FCLK_CLK0>. This pin will not be connected as a part of interface connection <BRAM_PORTA>.
WARNING: [BD 41-1306] The connection to interface pin </Action_RAM_2/clka> is being overridden by the user with net <processing_system7_0_FCLK_CLK0>. This pin will not be connected as a part of interface connection <BRAM_PORTA>.
WARNING: [BD 41-1306] The connection to interface pin </PL_RAM_2/clkb> is being overridden by the user with net <processing_system7_0_FCLK_CLK0>. This pin will not be connected as a part of interface connection <BRAM_PORTB>.
ungroup_bd_cells [get_bd_cells RAM_3]
WARNING: [BD 41-1306] The connection to interface pin </Action_RAM_3/web> is being overridden by the user with net <cnst_0_4bit_dout>. This pin will not be connected as a part of interface connection <BRAM_PORTB>.
WARNING: [BD 41-1306] The connection to interface pin </Action_RAM_3/enb> is being overridden by the user with net <cnst_1_1bit_dout>. This pin will not be connected as a part of interface connection <BRAM_PORTB>.
WARNING: [BD 41-1306] The connection to interface pin </PL_RAM_3/ena> is being overridden by the user with net <cnst_1_1bit_dout>. This pin will not be connected as a part of interface connection <BRAM_PORTA>.
WARNING: [BD 41-1306] The connection to interface pin </Action_RAM_3/ena> is being overridden by the user with net <cnst_1_1bit_dout>. This pin will not be connected as a part of interface connection <BRAM_PORTA>.
WARNING: [BD 41-1306] The connection to interface pin </Action_RAM_3/addrb> is being overridden by the user with net <bram_interface_0_rd_addr>. This pin will not be connected as a part of interface connection <BRAM_PORTB>.
WARNING: [BD 41-1306] The connection to interface pin </Action_RAM_3/doutb> is being overridden by the user with net <RAM_Block_q_next_3>. This pin will not be connected as a part of interface connection <BRAM_PORTB>.
WARNING: [BD 41-1306] The connection to interface pin </PL_RAM_3/addra> is being overridden by the user with net <bram_interface_0_wr_addr>. This pin will not be connected as a part of interface connection <BRAM_PORTA>.
WARNING: [BD 41-1306] The connection to interface pin </Action_RAM_3/addra> is being overridden by the user with net <bram_interface_0_wr_addr>. This pin will not be connected as a part of interface connection <BRAM_PORTA>.
WARNING: [BD 41-1306] The connection to interface pin </PL_RAM_3/wea> is being overridden by the user with net <wea_3_1>. This pin will not be connected as a part of interface connection <BRAM_PORTA>.
WARNING: [BD 41-1306] The connection to interface pin </Action_RAM_3/wea> is being overridden by the user with net <wea_3_1>. This pin will not be connected as a part of interface connection <BRAM_PORTA>.
WARNING: [BD 41-1306] The connection to interface pin </PL_RAM_3/dina> is being overridden by the user with net <q_new_1>. This pin will not be connected as a part of interface connection <BRAM_PORTA>.
WARNING: [BD 41-1306] The connection to interface pin </Action_RAM_3/dina> is being overridden by the user with net <q_new_1>. This pin will not be connected as a part of interface connection <BRAM_PORTA>.
WARNING: [BD 41-1306] The connection to interface pin </Action_RAM_3/rstb> is being overridden by the user with net <rst_ps7_0_50M_peripheral_aresetn>. This pin will not be connected as a part of interface connection <BRAM_PORTB>.
WARNING: [BD 41-1306] The connection to interface pin </PL_RAM_3/rsta> is being overridden by the user with net <rst_ps7_0_50M_peripheral_aresetn>. This pin will not be connected as a part of interface connection <BRAM_PORTA>.
WARNING: [BD 41-1306] The connection to interface pin </Action_RAM_3/rsta> is being overridden by the user with net <rst_ps7_0_50M_peripheral_aresetn>. This pin will not be connected as a part of interface connection <BRAM_PORTA>.
WARNING: [BD 41-1306] The connection to interface pin </PL_RAM_3/rstb> is being overridden by the user with net <rst_ps7_0_50M_peripheral_aresetn>. This pin will not be connected as a part of interface connection <BRAM_PORTB>.
WARNING: [BD 41-1306] The connection to interface pin </Action_RAM_3/clkb> is being overridden by the user with net <processing_system7_0_FCLK_CLK0>. This pin will not be connected as a part of interface connection <BRAM_PORTB>.
WARNING: [BD 41-1306] The connection to interface pin </PL_RAM_3/clka> is being overridden by the user with net <processing_system7_0_FCLK_CLK0>. This pin will not be connected as a part of interface connection <BRAM_PORTA>.
WARNING: [BD 41-1306] The connection to interface pin </Action_RAM_3/clka> is being overridden by the user with net <processing_system7_0_FCLK_CLK0>. This pin will not be connected as a part of interface connection <BRAM_PORTA>.
WARNING: [BD 41-1306] The connection to interface pin </PL_RAM_3/clkb> is being overridden by the user with net <processing_system7_0_FCLK_CLK0>. This pin will not be connected as a part of interface connection <BRAM_PORTB>.
regenerate_bd_layout
save_bd_design
Wrote  : <D:\intelight\intelight\intelight.srcs\sources_1\bd\system\system.bd> 
Wrote  : <D:/intelight/intelight/intelight.srcs/sources_1/bd/system/ui/bd_c954508f.ui> 
generate_target all [get_files  D:/intelight/intelight/intelight.srcs/sources_1/bd/system/system.bd]
WARNING: [xilinx.com:ip:axi_intc:4.1-4] /axi_intc_0: Could not determine interrupt input port type - using default interrupt type Rising Edge. Please change this manually if necessary.
ERROR: [BD 41-238] Port/Pin property POLARITY does not match between /intelight_mem_0/s00_axi_aresetn(ACTIVE_LOW) and /rst_ps7_0_50M/peripheral_reset(ACTIVE_HIGH)
ERROR: [BD 41-238] Port/Pin property POLARITY does not match between /ps7_0_axi_periph/xbar/aresetn(ACTIVE_LOW) and /rst_ps7_0_50M/peripheral_reset(ACTIVE_HIGH)
ERROR: [BD 41-238] Port/Pin property POLARITY does not match between /ps7_0_axi_periph/s00_couplers/auto_pc/aresetn(ACTIVE_LOW) and /rst_ps7_0_50M/peripheral_reset(ACTIVE_HIGH)
ERROR: [BD 41-238] Port/Pin property POLARITY does not match between /ps7_0_axi_periph/m04_couplers/auto_pc/aresetn(ACTIVE_LOW) and /rst_ps7_0_50M/peripheral_reset(ACTIVE_HIGH)
ERROR: [BD 41-238] Port/Pin property POLARITY does not match between /ps7_0_axi_periph/m05_couplers/auto_pc/aresetn(ACTIVE_LOW) and /rst_ps7_0_50M/peripheral_reset(ACTIVE_HIGH)
ERROR: [BD 41-238] Port/Pin property POLARITY does not match between /axi_intc_0/s_axi_aresetn(ACTIVE_LOW) and /rst_ps7_0_50M/peripheral_reset(ACTIVE_HIGH)
ERROR: [BD 41-238] Port/Pin property POLARITY does not match between /axi_bram_ctrl_0/s_axi_aresetn(ACTIVE_LOW) and /rst_ps7_0_50M/peripheral_reset(ACTIVE_HIGH)
ERROR: [BD 41-238] Port/Pin property POLARITY does not match between /axi_bram_ctrl_1/s_axi_aresetn(ACTIVE_LOW) and /rst_ps7_0_50M/peripheral_reset(ACTIVE_HIGH)
ERROR: [BD 41-238] Port/Pin property POLARITY does not match between /axi_bram_ctrl_2/s_axi_aresetn(ACTIVE_LOW) and /rst_ps7_0_50M/peripheral_reset(ACTIVE_HIGH)
ERROR: [BD 41-238] Port/Pin property POLARITY does not match between /axi_bram_ctrl_3/s_axi_aresetn(ACTIVE_LOW) and /rst_ps7_0_50M/peripheral_reset(ACTIVE_HIGH)
ERROR: [BD 41-1031] Hdl Generation failed for the IP Integrator design D:/intelight/intelight/intelight.srcs/sources_1/bd/system/system.bd 
generate_target: Time (s): cpu = 00:00:25 ; elapsed = 00:00:26 . Memory (MB): peak = 1517.969 ; gain = 18.652
ERROR: [Common 17-39] 'generate_target' failed due to earlier errors.
group_bd_cells RAM_0 [get_bd_cells Action_RAM_0] [get_bd_cells PL_RAM_0]
WARNING: [BD 41-1306] The connection to interface pin </RAM_0/Action_RAM_0/clkb> is being overridden by the user with net <processing_system7_0_FCLK_CLK0>. This pin will not be connected as a part of interface connection <BRAM_PORTB>.
WARNING: [BD 41-1306] The connection to interface pin </RAM_0/PL_RAM_0/clka> is being overridden by the user with net <processing_system7_0_FCLK_CLK0>. This pin will not be connected as a part of interface connection <BRAM_PORTA>.
WARNING: [BD 41-1306] The connection to interface pin </RAM_0/PL_RAM_0/clkb> is being overridden by the user with net <processing_system7_0_FCLK_CLK0>. This pin will not be connected as a part of interface connection <BRAM_PORTB>.
WARNING: [BD 41-1306] The connection to interface pin </RAM_0/Action_RAM_0/clka> is being overridden by the user with net <processing_system7_0_FCLK_CLK0>. This pin will not be connected as a part of interface connection <BRAM_PORTA>.
WARNING: [BD 41-1306] The connection to interface pin </RAM_0/Action_RAM_0/rstb> is being overridden by the user with net <rst_ps7_0_50M_peripheral_aresetn>. This pin will not be connected as a part of interface connection <BRAM_PORTB>.
WARNING: [BD 41-1306] The connection to interface pin </RAM_0/PL_RAM_0/rsta> is being overridden by the user with net <rst_ps7_0_50M_peripheral_aresetn>. This pin will not be connected as a part of interface connection <BRAM_PORTA>.
WARNING: [BD 41-1306] The connection to interface pin </RAM_0/PL_RAM_0/rstb> is being overridden by the user with net <rst_ps7_0_50M_peripheral_aresetn>. This pin will not be connected as a part of interface connection <BRAM_PORTB>.
WARNING: [BD 41-1306] The connection to interface pin </RAM_0/Action_RAM_0/rsta> is being overridden by the user with net <rst_ps7_0_50M_peripheral_aresetn>. This pin will not be connected as a part of interface connection <BRAM_PORTA>.
WARNING: [BD 41-1306] The connection to interface pin </RAM_0/Action_RAM_0/enb> is being overridden by the user with net <cnst_1_1bit_dout>. This pin will not be connected as a part of interface connection <BRAM_PORTB>.
WARNING: [BD 41-1306] The connection to interface pin </RAM_0/PL_RAM_0/ena> is being overridden by the user with net <cnst_1_1bit_dout>. This pin will not be connected as a part of interface connection <BRAM_PORTA>.
WARNING: [BD 41-1306] The connection to interface pin </RAM_0/Action_RAM_0/ena> is being overridden by the user with net <cnst_1_1bit_dout>. This pin will not be connected as a part of interface connection <BRAM_PORTA>.
WARNING: [BD 41-1306] The connection to interface pin </RAM_0/PL_RAM_0/wea> is being overridden by the user with net <wea_0_1>. This pin will not be connected as a part of interface connection <BRAM_PORTA>.
WARNING: [BD 41-1306] The connection to interface pin </RAM_0/Action_RAM_0/wea> is being overridden by the user with net <wea_0_1>. This pin will not be connected as a part of interface connection <BRAM_PORTA>.
WARNING: [BD 41-1306] The connection to interface pin </RAM_0/PL_RAM_0/addra> is being overridden by the user with net <bram_interface_0_wr_addr>. This pin will not be connected as a part of interface connection <BRAM_PORTA>.
WARNING: [BD 41-1306] The connection to interface pin </RAM_0/Action_RAM_0/addra> is being overridden by the user with net <bram_interface_0_wr_addr>. This pin will not be connected as a part of interface connection <BRAM_PORTA>.
WARNING: [BD 41-1306] The connection to interface pin </RAM_0/PL_RAM_0/dina> is being overridden by the user with net <q_new_1>. This pin will not be connected as a part of interface connection <BRAM_PORTA>.
WARNING: [BD 41-1306] The connection to interface pin </RAM_0/Action_RAM_0/dina> is being overridden by the user with net <q_new_1>. This pin will not be connected as a part of interface connection <BRAM_PORTA>.
WARNING: [BD 41-1306] The connection to interface pin </RAM_0/Action_RAM_0/web> is being overridden by the user with net <cnst_0_4bit_dout>. This pin will not be connected as a part of interface connection <BRAM_PORTB>.
WARNING: [BD 41-1306] The connection to interface pin </RAM_0/Action_RAM_0/addrb> is being overridden by the user with net <bram_interface_0_rd_addr>. This pin will not be connected as a part of interface connection <BRAM_PORTB>.
WARNING: [BD 41-1306] The connection to interface pin </RAM_0/Action_RAM_0/doutb> is being overridden by the user with net <RAM_Block_q_next_0>. This pin will not be connected as a part of interface connection <BRAM_PORTB>.
move_bd_cells [get_bd_cells RAM_0] [get_bd_cells axi_bram_ctrl_0]
group_bd_cells RAM_1 [get_bd_cells Action_RAM_1] [get_bd_cells PL_RAM_1]
WARNING: [BD 41-1306] The connection to interface pin </RAM_1/Action_RAM_1/clkb> is being overridden by the user with net <processing_system7_0_FCLK_CLK0>. This pin will not be connected as a part of interface connection <BRAM_PORTB>.
WARNING: [BD 41-1306] The connection to interface pin </RAM_1/PL_RAM_1/clka> is being overridden by the user with net <processing_system7_0_FCLK_CLK0>. This pin will not be connected as a part of interface connection <BRAM_PORTA>.
WARNING: [BD 41-1306] The connection to interface pin </RAM_1/PL_RAM_1/clkb> is being overridden by the user with net <processing_system7_0_FCLK_CLK0>. This pin will not be connected as a part of interface connection <BRAM_PORTB>.
WARNING: [BD 41-1306] The connection to interface pin </RAM_1/Action_RAM_1/clka> is being overridden by the user with net <processing_system7_0_FCLK_CLK0>. This pin will not be connected as a part of interface connection <BRAM_PORTA>.
WARNING: [BD 41-1306] The connection to interface pin </RAM_1/Action_RAM_1/rstb> is being overridden by the user with net <rst_ps7_0_50M_peripheral_aresetn>. This pin will not be connected as a part of interface connection <BRAM_PORTB>.
WARNING: [BD 41-1306] The connection to interface pin </RAM_1/PL_RAM_1/rsta> is being overridden by the user with net <rst_ps7_0_50M_peripheral_aresetn>. This pin will not be connected as a part of interface connection <BRAM_PORTA>.
WARNING: [BD 41-1306] The connection to interface pin </RAM_1/PL_RAM_1/rstb> is being overridden by the user with net <rst_ps7_0_50M_peripheral_aresetn>. This pin will not be connected as a part of interface connection <BRAM_PORTB>.
WARNING: [BD 41-1306] The connection to interface pin </RAM_1/Action_RAM_1/rsta> is being overridden by the user with net <rst_ps7_0_50M_peripheral_aresetn>. This pin will not be connected as a part of interface connection <BRAM_PORTA>.
WARNING: [BD 41-1306] The connection to interface pin </RAM_1/Action_RAM_1/enb> is being overridden by the user with net <cnst_1_1bit_dout>. This pin will not be connected as a part of interface connection <BRAM_PORTB>.
WARNING: [BD 41-1306] The connection to interface pin </RAM_1/PL_RAM_1/ena> is being overridden by the user with net <cnst_1_1bit_dout>. This pin will not be connected as a part of interface connection <BRAM_PORTA>.
WARNING: [BD 41-1306] The connection to interface pin </RAM_1/Action_RAM_1/ena> is being overridden by the user with net <cnst_1_1bit_dout>. This pin will not be connected as a part of interface connection <BRAM_PORTA>.
WARNING: [BD 41-1306] The connection to interface pin </RAM_1/PL_RAM_1/wea> is being overridden by the user with net <wea_1_1>. This pin will not be connected as a part of interface connection <BRAM_PORTA>.
WARNING: [BD 41-1306] The connection to interface pin </RAM_1/Action_RAM_1/wea> is being overridden by the user with net <wea_1_1>. This pin will not be connected as a part of interface connection <BRAM_PORTA>.
WARNING: [BD 41-1306] The connection to interface pin </RAM_1/PL_RAM_1/addra> is being overridden by the user with net <bram_interface_0_wr_addr>. This pin will not be connected as a part of interface connection <BRAM_PORTA>.
WARNING: [BD 41-1306] The connection to interface pin </RAM_1/Action_RAM_1/addra> is being overridden by the user with net <bram_interface_0_wr_addr>. This pin will not be connected as a part of interface connection <BRAM_PORTA>.
WARNING: [BD 41-1306] The connection to interface pin </RAM_1/PL_RAM_1/dina> is being overridden by the user with net <q_new_1>. This pin will not be connected as a part of interface connection <BRAM_PORTA>.
WARNING: [BD 41-1306] The connection to interface pin </RAM_1/Action_RAM_1/dina> is being overridden by the user with net <q_new_1>. This pin will not be connected as a part of interface connection <BRAM_PORTA>.
WARNING: [BD 41-1306] The connection to interface pin </RAM_1/Action_RAM_1/web> is being overridden by the user with net <cnst_0_4bit_dout>. This pin will not be connected as a part of interface connection <BRAM_PORTB>.
WARNING: [BD 41-1306] The connection to interface pin </RAM_1/Action_RAM_1/addrb> is being overridden by the user with net <bram_interface_0_rd_addr>. This pin will not be connected as a part of interface connection <BRAM_PORTB>.
WARNING: [BD 41-1306] The connection to interface pin </RAM_1/Action_RAM_1/doutb> is being overridden by the user with net <RAM_Block_q_next_1>. This pin will not be connected as a part of interface connection <BRAM_PORTB>.
move_bd_cells [get_bd_cells RAM_1] [get_bd_cells axi_bram_ctrl_1]
group_bd_cells RAM_2 [get_bd_cells axi_bram_ctrl_2] [get_bd_cells PL_RAM_2] [get_bd_cells Action_RAM_2]
WARNING: [BD 41-1306] The connection to interface pin </RAM_2/Action_RAM_2/clkb> is being overridden by the user with net <processing_system7_0_FCLK_CLK0>. This pin will not be connected as a part of interface connection <BRAM_PORTB>.
WARNING: [BD 41-1306] The connection to interface pin </RAM_2/PL_RAM_2/clka> is being overridden by the user with net <processing_system7_0_FCLK_CLK0>. This pin will not be connected as a part of interface connection <BRAM_PORTA>.
WARNING: [BD 41-1306] The connection to interface pin </RAM_2/Action_RAM_2/clka> is being overridden by the user with net <processing_system7_0_FCLK_CLK0>. This pin will not be connected as a part of interface connection <BRAM_PORTA>.
WARNING: [BD 41-1306] The connection to interface pin </RAM_2/PL_RAM_2/clkb> is being overridden by the user with net <processing_system7_0_FCLK_CLK0>. This pin will not be connected as a part of interface connection <BRAM_PORTB>.
WARNING: [BD 41-1306] The connection to interface pin </RAM_2/Action_RAM_2/rstb> is being overridden by the user with net <rst_ps7_0_50M_peripheral_aresetn>. This pin will not be connected as a part of interface connection <BRAM_PORTB>.
WARNING: [BD 41-1306] The connection to interface pin </RAM_2/PL_RAM_2/rsta> is being overridden by the user with net <rst_ps7_0_50M_peripheral_aresetn>. This pin will not be connected as a part of interface connection <BRAM_PORTA>.
WARNING: [BD 41-1306] The connection to interface pin </RAM_2/Action_RAM_2/rsta> is being overridden by the user with net <rst_ps7_0_50M_peripheral_aresetn>. This pin will not be connected as a part of interface connection <BRAM_PORTA>.
WARNING: [BD 41-1306] The connection to interface pin </RAM_2/PL_RAM_2/rstb> is being overridden by the user with net <rst_ps7_0_50M_peripheral_aresetn>. This pin will not be connected as a part of interface connection <BRAM_PORTB>.
WARNING: [BD 41-1306] The connection to interface pin </RAM_2/Action_RAM_2/enb> is being overridden by the user with net <cnst_1_1bit_dout>. This pin will not be connected as a part of interface connection <BRAM_PORTB>.
WARNING: [BD 41-1306] The connection to interface pin </RAM_2/Action_RAM_2/ena> is being overridden by the user with net <cnst_1_1bit_dout>. This pin will not be connected as a part of interface connection <BRAM_PORTA>.
WARNING: [BD 41-1306] The connection to interface pin </RAM_2/PL_RAM_2/ena> is being overridden by the user with net <cnst_1_1bit_dout>. This pin will not be connected as a part of interface connection <BRAM_PORTA>.
WARNING: [BD 41-1306] The connection to interface pin </RAM_2/Action_RAM_2/wea> is being overridden by the user with net <wea_2_1>. This pin will not be connected as a part of interface connection <BRAM_PORTA>.
WARNING: [BD 41-1306] The connection to interface pin </RAM_2/PL_RAM_2/wea> is being overridden by the user with net <wea_2_1>. This pin will not be connected as a part of interface connection <BRAM_PORTA>.
WARNING: [BD 41-1306] The connection to interface pin </RAM_2/Action_RAM_2/addra> is being overridden by the user with net <bram_interface_0_wr_addr>. This pin will not be connected as a part of interface connection <BRAM_PORTA>.
WARNING: [BD 41-1306] The connection to interface pin </RAM_2/PL_RAM_2/addra> is being overridden by the user with net <bram_interface_0_wr_addr>. This pin will not be connected as a part of interface connection <BRAM_PORTA>.
WARNING: [BD 41-1306] The connection to interface pin </RAM_2/Action_RAM_2/dina> is being overridden by the user with net <q_new_1>. This pin will not be connected as a part of interface connection <BRAM_PORTA>.
WARNING: [BD 41-1306] The connection to interface pin </RAM_2/PL_RAM_2/dina> is being overridden by the user with net <q_new_1>. This pin will not be connected as a part of interface connection <BRAM_PORTA>.
WARNING: [BD 41-1306] The connection to interface pin </RAM_2/Action_RAM_2/web> is being overridden by the user with net <cnst_0_4bit_dout>. This pin will not be connected as a part of interface connection <BRAM_PORTB>.
WARNING: [BD 41-1306] The connection to interface pin </RAM_2/Action_RAM_2/addrb> is being overridden by the user with net <bram_interface_0_rd_addr>. This pin will not be connected as a part of interface connection <BRAM_PORTB>.
WARNING: [BD 41-1306] The connection to interface pin </RAM_2/Action_RAM_2/doutb> is being overridden by the user with net <RAM_Block_q_next_2>. This pin will not be connected as a part of interface connection <BRAM_PORTB>.
group_bd_cells RAM_3 [get_bd_cells Action_RAM_3] [get_bd_cells PL_RAM_3] [get_bd_cells axi_bram_ctrl_3]
WARNING: [BD 41-1306] The connection to interface pin </RAM_3/Action_RAM_3/clkb> is being overridden by the user with net <processing_system7_0_FCLK_CLK0>. This pin will not be connected as a part of interface connection <BRAM_PORTB>.
WARNING: [BD 41-1306] The connection to interface pin </RAM_3/PL_RAM_3/clka> is being overridden by the user with net <processing_system7_0_FCLK_CLK0>. This pin will not be connected as a part of interface connection <BRAM_PORTA>.
WARNING: [BD 41-1306] The connection to interface pin </RAM_3/PL_RAM_3/clkb> is being overridden by the user with net <processing_system7_0_FCLK_CLK0>. This pin will not be connected as a part of interface connection <BRAM_PORTB>.
WARNING: [BD 41-1306] The connection to interface pin </RAM_3/Action_RAM_3/clka> is being overridden by the user with net <processing_system7_0_FCLK_CLK0>. This pin will not be connected as a part of interface connection <BRAM_PORTA>.
WARNING: [BD 41-1306] The connection to interface pin </RAM_3/Action_RAM_3/rstb> is being overridden by the user with net <rst_ps7_0_50M_peripheral_aresetn>. This pin will not be connected as a part of interface connection <BRAM_PORTB>.
WARNING: [BD 41-1306] The connection to interface pin </RAM_3/PL_RAM_3/rsta> is being overridden by the user with net <rst_ps7_0_50M_peripheral_aresetn>. This pin will not be connected as a part of interface connection <BRAM_PORTA>.
WARNING: [BD 41-1306] The connection to interface pin </RAM_3/PL_RAM_3/rstb> is being overridden by the user with net <rst_ps7_0_50M_peripheral_aresetn>. This pin will not be connected as a part of interface connection <BRAM_PORTB>.
WARNING: [BD 41-1306] The connection to interface pin </RAM_3/Action_RAM_3/rsta> is being overridden by the user with net <rst_ps7_0_50M_peripheral_aresetn>. This pin will not be connected as a part of interface connection <BRAM_PORTA>.
WARNING: [BD 41-1306] The connection to interface pin </RAM_3/Action_RAM_3/enb> is being overridden by the user with net <cnst_1_1bit_dout>. This pin will not be connected as a part of interface connection <BRAM_PORTB>.
WARNING: [BD 41-1306] The connection to interface pin </RAM_3/PL_RAM_3/ena> is being overridden by the user with net <cnst_1_1bit_dout>. This pin will not be connected as a part of interface connection <BRAM_PORTA>.
WARNING: [BD 41-1306] The connection to interface pin </RAM_3/Action_RAM_3/ena> is being overridden by the user with net <cnst_1_1bit_dout>. This pin will not be connected as a part of interface connection <BRAM_PORTA>.
WARNING: [BD 41-1306] The connection to interface pin </RAM_3/PL_RAM_3/wea> is being overridden by the user with net <wea_3_1>. This pin will not be connected as a part of interface connection <BRAM_PORTA>.
WARNING: [BD 41-1306] The connection to interface pin </RAM_3/Action_RAM_3/wea> is being overridden by the user with net <wea_3_1>. This pin will not be connected as a part of interface connection <BRAM_PORTA>.
WARNING: [BD 41-1306] The connection to interface pin </RAM_3/PL_RAM_3/addra> is being overridden by the user with net <bram_interface_0_wr_addr>. This pin will not be connected as a part of interface connection <BRAM_PORTA>.
WARNING: [BD 41-1306] The connection to interface pin </RAM_3/Action_RAM_3/addra> is being overridden by the user with net <bram_interface_0_wr_addr>. This pin will not be connected as a part of interface connection <BRAM_PORTA>.
WARNING: [BD 41-1306] The connection to interface pin </RAM_3/PL_RAM_3/dina> is being overridden by the user with net <q_new_1>. This pin will not be connected as a part of interface connection <BRAM_PORTA>.
WARNING: [BD 41-1306] The connection to interface pin </RAM_3/Action_RAM_3/dina> is being overridden by the user with net <q_new_1>. This pin will not be connected as a part of interface connection <BRAM_PORTA>.
WARNING: [BD 41-1306] The connection to interface pin </RAM_3/Action_RAM_3/web> is being overridden by the user with net <cnst_0_4bit_dout>. This pin will not be connected as a part of interface connection <BRAM_PORTB>.
WARNING: [BD 41-1306] The connection to interface pin </RAM_3/Action_RAM_3/addrb> is being overridden by the user with net <bram_interface_0_rd_addr>. This pin will not be connected as a part of interface connection <BRAM_PORTB>.
WARNING: [BD 41-1306] The connection to interface pin </RAM_3/Action_RAM_3/doutb> is being overridden by the user with net <RAM_Block_q_next_3>. This pin will not be connected as a part of interface connection <BRAM_PORTB>.
group_bd_cells RAM_Block [get_bd_cells cnst_0_4bit] [get_bd_cells cnst_1_1bit] [get_bd_cells RAM_0] [get_bd_cells RAM_2] [get_bd_cells RAM_3] [get_bd_cells RAM_1]
regenerate_bd_layout
group_bd_cells PS [get_bd_cells processing_system7_0] [get_bd_cells axi_intc_0] [get_bd_cells rst_ps7_0_50M] [get_bd_cells ps7_0_axi_periph]
regenerate_bd_layout
regenerate_bd_layout
regenerate_bd_layout
make_wrapper -files [get_files D:/intelight/intelight/intelight.srcs/sources_1/bd/system/system.bd] -top
WARNING: [xilinx.com:ip:axi_intc:4.1-4] /PS/axi_intc_0: Could not determine interrupt input port type - using default interrupt type Rising Edge. Please change this manually if necessary.
ERROR: [BD 41-238] Port/Pin property POLARITY does not match between /intelight_mem_0/s00_axi_aresetn(ACTIVE_LOW) and /PS/rst_ps7_0_50M/peripheral_reset(ACTIVE_HIGH)
ERROR: [BD 41-238] Port/Pin property POLARITY does not match between /RAM_Block/RAM_1/axi_bram_ctrl_1/s_axi_aresetn(ACTIVE_LOW) and /PS/rst_ps7_0_50M/peripheral_reset(ACTIVE_HIGH)
ERROR: [BD 41-238] Port/Pin property POLARITY does not match between /RAM_Block/RAM_2/axi_bram_ctrl_2/s_axi_aresetn(ACTIVE_LOW) and /PS/rst_ps7_0_50M/peripheral_reset(ACTIVE_HIGH)
ERROR: [BD 41-238] Port/Pin property POLARITY does not match between /RAM_Block/RAM_3/axi_bram_ctrl_3/s_axi_aresetn(ACTIVE_LOW) and /PS/rst_ps7_0_50M/peripheral_reset(ACTIVE_HIGH)
ERROR: [BD 41-238] Port/Pin property POLARITY does not match between /RAM_Block/RAM_0/axi_bram_ctrl_0/s_axi_aresetn(ACTIVE_LOW) and /PS/rst_ps7_0_50M/peripheral_reset(ACTIVE_HIGH)
ERROR: [BD 41-238] Port/Pin property POLARITY does not match between /PS/ps7_0_axi_periph/xbar/aresetn(ACTIVE_LOW) and /PS/rst_ps7_0_50M/peripheral_reset(ACTIVE_HIGH)
ERROR: [BD 41-238] Port/Pin property POLARITY does not match between /PS/ps7_0_axi_periph/s00_couplers/auto_pc/aresetn(ACTIVE_LOW) and /PS/rst_ps7_0_50M/peripheral_reset(ACTIVE_HIGH)
ERROR: [BD 41-238] Port/Pin property POLARITY does not match between /PS/ps7_0_axi_periph/m04_couplers/auto_pc/aresetn(ACTIVE_LOW) and /PS/rst_ps7_0_50M/peripheral_reset(ACTIVE_HIGH)
ERROR: [BD 41-238] Port/Pin property POLARITY does not match between /PS/ps7_0_axi_periph/m05_couplers/auto_pc/aresetn(ACTIVE_LOW) and /PS/rst_ps7_0_50M/peripheral_reset(ACTIVE_HIGH)
ERROR: [BD 41-238] Port/Pin property POLARITY does not match between /PS/axi_intc_0/s_axi_aresetn(ACTIVE_LOW) and /PS/rst_ps7_0_50M/peripheral_reset(ACTIVE_HIGH)
ERROR: [BD 41-1031] Hdl Generation failed for the IP Integrator design D:/intelight/intelight/intelight.srcs/sources_1/bd/system/system.bd 
make_wrapper: Time (s): cpu = 00:00:27 ; elapsed = 00:00:26 . Memory (MB): peak = 1561.379 ; gain = 0.000
ERROR: [Common 17-39] 'make_wrapper' failed due to earlier errors.
disconnect_bd_net /PS/rst_ps7_0_50M_peripheral_aresetn [get_bd_pins PS/rst_ps7_0_50M/peripheral_reset]
connect_bd_net [get_bd_pins PS/rst_ps7_0_50M/peripheral_aresetn] [get_bd_pins PS/axi_intc_0/s_axi_aresetn]
regenerate_bd_layout
save_bd_design
Wrote  : <D:\intelight\intelight\intelight.srcs\sources_1\bd\system\system.bd> 
Wrote  : <D:/intelight/intelight/intelight.srcs/sources_1/bd/system/ui/bd_c954508f.ui> 
make_wrapper -files [get_files D:/intelight/intelight/intelight.srcs/sources_1/bd/system/system.bd] -top
WARNING: [xilinx.com:ip:axi_intc:4.1-4] /PS/axi_intc_0: Could not determine interrupt input port type - using default interrupt type Rising Edge. Please change this manually if necessary.
WARNING: [BD 41-1271] The connection to the pin: /RAM_Block/RAM_0/PL_RAM_0/clkb has been overridden by the user. This pin will not be connected as a part of the interface connection: axi_bram_ctrl_0_BRAM_PORTA 
WARNING: [BD 41-1271] The connection to the pin: /RAM_Block/RAM_0/PL_RAM_0/rstb has been overridden by the user. This pin will not be connected as a part of the interface connection: axi_bram_ctrl_0_BRAM_PORTA 
WARNING: [BD 41-1271] The connection to the pin: /RAM_Block/RAM_2/PL_RAM_2/clkb has been overridden by the user. This pin will not be connected as a part of the interface connection: axi_bram_ctrl_0_BRAM_PORTA_2 
WARNING: [BD 41-1271] The connection to the pin: /RAM_Block/RAM_2/PL_RAM_2/rstb has been overridden by the user. This pin will not be connected as a part of the interface connection: axi_bram_ctrl_0_BRAM_PORTA_2 
WARNING: [BD 41-1271] The connection to the pin: /RAM_Block/RAM_3/PL_RAM_3/clkb has been overridden by the user. This pin will not be connected as a part of the interface connection: axi_bram_ctrl_0_BRAM_PORTA_3 
WARNING: [BD 41-1271] The connection to the pin: /RAM_Block/RAM_3/PL_RAM_3/rstb has been overridden by the user. This pin will not be connected as a part of the interface connection: axi_bram_ctrl_0_BRAM_PORTA_3 
WARNING: [BD 41-1271] The connection to the pin: /RAM_Block/RAM_1/PL_RAM_1/clkb has been overridden by the user. This pin will not be connected as a part of the interface connection: axi_bram_ctrl_1_BRAM_PORTA 
WARNING: [BD 41-1271] The connection to the pin: /RAM_Block/RAM_1/PL_RAM_1/rstb has been overridden by the user. This pin will not be connected as a part of the interface connection: axi_bram_ctrl_1_BRAM_PORTA 
Wrote  : <D:\intelight\intelight\intelight.srcs\sources_1\bd\system\system.bd> 
Wrote  : <D:/intelight/intelight/intelight.srcs/sources_1/bd/system/ui/bd_c954508f.ui> 
WARNING: [BD 41-2384] Width mismatch when connecting pin: '/RAM_Block/RAM_0/PL_RAM_0/addrb'(32) to pin: '/RAM_Block/RAM_0/axi_bram_ctrl_0/bram_addr_a'(13) - Only lower order bits will be connected.
WARNING: [BD 41-2384] Width mismatch when connecting pin: '/RAM_Block/RAM_2/PL_RAM_2/addrb'(32) to pin: '/RAM_Block/RAM_2/axi_bram_ctrl_2/bram_addr_a'(13) - Only lower order bits will be connected.
WARNING: [BD 41-2384] Width mismatch when connecting pin: '/RAM_Block/RAM_3/PL_RAM_3/addrb'(32) to pin: '/RAM_Block/RAM_3/axi_bram_ctrl_3/bram_addr_a'(13) - Only lower order bits will be connected.
WARNING: [BD 41-2384] Width mismatch when connecting pin: '/RAM_Block/RAM_1/PL_RAM_1/addrb'(32) to pin: '/RAM_Block/RAM_1/axi_bram_ctrl_1/bram_addr_a'(13) - Only lower order bits will be connected.
VHDL Output written to : d:/intelight/intelight/intelight.gen/sources_1/bd/system/synth/system.v
WARNING: [BD 41-2384] Width mismatch when connecting pin: '/RAM_Block/RAM_0/PL_RAM_0/addrb'(32) to pin: '/RAM_Block/RAM_0/axi_bram_ctrl_0/bram_addr_a'(13) - Only lower order bits will be connected.
WARNING: [BD 41-2384] Width mismatch when connecting pin: '/RAM_Block/RAM_2/PL_RAM_2/addrb'(32) to pin: '/RAM_Block/RAM_2/axi_bram_ctrl_2/bram_addr_a'(13) - Only lower order bits will be connected.
WARNING: [BD 41-2384] Width mismatch when connecting pin: '/RAM_Block/RAM_3/PL_RAM_3/addrb'(32) to pin: '/RAM_Block/RAM_3/axi_bram_ctrl_3/bram_addr_a'(13) - Only lower order bits will be connected.
WARNING: [BD 41-2384] Width mismatch when connecting pin: '/RAM_Block/RAM_1/PL_RAM_1/addrb'(32) to pin: '/RAM_Block/RAM_1/axi_bram_ctrl_1/bram_addr_a'(13) - Only lower order bits will be connected.
VHDL Output written to : d:/intelight/intelight/intelight.gen/sources_1/bd/system/sim/system.v
VHDL Output written to : d:/intelight/intelight/intelight.gen/sources_1/bd/system/hdl/system_wrapper.v
make_wrapper: Time (s): cpu = 00:00:24 ; elapsed = 00:00:28 . Memory (MB): peak = 1733.379 ; gain = 144.395
set_property name active_low_rst [get_bd_pins PS/rst]
startgroup
make_bd_pins_external  [get_bd_pins PS/rst_ps7_0_50M/peripheral_reset]
endgroup
delete_bd_objs [get_bd_nets PS_peripheral_reset_0] [get_bd_ports peripheral_reset_0]
set_property name active_high_rst [get_bd_pins PS/peripheral_reset_0]
disconnect_bd_net /rst_ps7_0_50M_peripheral_aresetn [get_bd_pins CU_0/rst]
disconnect_bd_net /rst_ps7_0_50M_peripheral_aresetn [get_bd_pins bram_interface_0/rst]
disconnect_bd_net /rst_ps7_0_50M_peripheral_aresetn [get_bd_pins AGENT/rst]
disconnect_bd_net /rst_ps7_0_50M_peripheral_aresetn [get_bd_pins EV/rst]
startgroup
connect_bd_net [get_bd_pins PS/active_high_rst] [get_bd_pins CU_0/rst]
connect_bd_net [get_bd_pins PS/active_high_rst] [get_bd_pins EV/rst] -boundary_type upper
endgroup
connect_bd_net [get_bd_pins bram_interface_0/rst] [get_bd_pins PS/active_high_rst]
connect_bd_net [get_bd_pins AGENT/rst] [get_bd_pins PS/active_high_rst] -boundary_type upper
set_property name mem_rst [get_bd_ports rst]
startgroup
create_bd_port -dir O -from 0 -to 0 -type rst rtl_rst
connect_bd_net [get_bd_pins /PS/active_high_rst] [get_bd_ports rtl_rst]
endgroup
delete_bd_objs [get_bd_ports SD]
save_bd_design
Wrote  : <D:\intelight\intelight\intelight.srcs\sources_1\bd\system\system.bd> 
Wrote  : <D:/intelight/intelight/intelight.srcs/sources_1/bd/system/ui/bd_c954508f.ui> 
make_wrapper -files [get_files D:/intelight/intelight/intelight.srcs/sources_1/bd/system/system.bd] -top
WARNING: [xilinx.com:ip:axi_intc:4.1-4] /PS/axi_intc_0: Could not determine interrupt input port type - using default interrupt type Rising Edge. Please change this manually if necessary.
WARNING: [BD 41-1271] The connection to the pin: /RAM_Block/RAM_0/PL_RAM_0/clkb has been overridden by the user. This pin will not be connected as a part of the interface connection: axi_bram_ctrl_0_BRAM_PORTA 
WARNING: [BD 41-1271] The connection to the pin: /RAM_Block/RAM_0/PL_RAM_0/rstb has been overridden by the user. This pin will not be connected as a part of the interface connection: axi_bram_ctrl_0_BRAM_PORTA 
WARNING: [BD 41-1271] The connection to the pin: /RAM_Block/RAM_2/PL_RAM_2/clkb has been overridden by the user. This pin will not be connected as a part of the interface connection: axi_bram_ctrl_0_BRAM_PORTA_2 
WARNING: [BD 41-1271] The connection to the pin: /RAM_Block/RAM_2/PL_RAM_2/rstb has been overridden by the user. This pin will not be connected as a part of the interface connection: axi_bram_ctrl_0_BRAM_PORTA_2 
WARNING: [BD 41-1271] The connection to the pin: /RAM_Block/RAM_3/PL_RAM_3/clkb has been overridden by the user. This pin will not be connected as a part of the interface connection: axi_bram_ctrl_0_BRAM_PORTA_3 
WARNING: [BD 41-1271] The connection to the pin: /RAM_Block/RAM_3/PL_RAM_3/rstb has been overridden by the user. This pin will not be connected as a part of the interface connection: axi_bram_ctrl_0_BRAM_PORTA_3 
WARNING: [BD 41-1271] The connection to the pin: /RAM_Block/RAM_1/PL_RAM_1/clkb has been overridden by the user. This pin will not be connected as a part of the interface connection: axi_bram_ctrl_1_BRAM_PORTA 
WARNING: [BD 41-1271] The connection to the pin: /RAM_Block/RAM_1/PL_RAM_1/rstb has been overridden by the user. This pin will not be connected as a part of the interface connection: axi_bram_ctrl_1_BRAM_PORTA 
Wrote  : <D:\intelight\intelight\intelight.srcs\sources_1\bd\system\system.bd> 
Wrote  : <D:/intelight/intelight/intelight.srcs/sources_1/bd/system/ui/bd_c954508f.ui> 
WARNING: [BD 41-2384] Width mismatch when connecting pin: '/RAM_Block/RAM_0/PL_RAM_0/addrb'(32) to pin: '/RAM_Block/RAM_0/axi_bram_ctrl_0/bram_addr_a'(13) - Only lower order bits will be connected.
WARNING: [BD 41-2384] Width mismatch when connecting pin: '/RAM_Block/RAM_2/PL_RAM_2/addrb'(32) to pin: '/RAM_Block/RAM_2/axi_bram_ctrl_2/bram_addr_a'(13) - Only lower order bits will be connected.
WARNING: [BD 41-2384] Width mismatch when connecting pin: '/RAM_Block/RAM_3/PL_RAM_3/addrb'(32) to pin: '/RAM_Block/RAM_3/axi_bram_ctrl_3/bram_addr_a'(13) - Only lower order bits will be connected.
WARNING: [BD 41-2384] Width mismatch when connecting pin: '/RAM_Block/RAM_1/PL_RAM_1/addrb'(32) to pin: '/RAM_Block/RAM_1/axi_bram_ctrl_1/bram_addr_a'(13) - Only lower order bits will be connected.
VHDL Output written to : d:/intelight/intelight/intelight.gen/sources_1/bd/system/synth/system.v
WARNING: [BD 41-2384] Width mismatch when connecting pin: '/RAM_Block/RAM_0/PL_RAM_0/addrb'(32) to pin: '/RAM_Block/RAM_0/axi_bram_ctrl_0/bram_addr_a'(13) - Only lower order bits will be connected.
WARNING: [BD 41-2384] Width mismatch when connecting pin: '/RAM_Block/RAM_2/PL_RAM_2/addrb'(32) to pin: '/RAM_Block/RAM_2/axi_bram_ctrl_2/bram_addr_a'(13) - Only lower order bits will be connected.
WARNING: [BD 41-2384] Width mismatch when connecting pin: '/RAM_Block/RAM_3/PL_RAM_3/addrb'(32) to pin: '/RAM_Block/RAM_3/axi_bram_ctrl_3/bram_addr_a'(13) - Only lower order bits will be connected.
WARNING: [BD 41-2384] Width mismatch when connecting pin: '/RAM_Block/RAM_1/PL_RAM_1/addrb'(32) to pin: '/RAM_Block/RAM_1/axi_bram_ctrl_1/bram_addr_a'(13) - Only lower order bits will be connected.
VHDL Output written to : d:/intelight/intelight/intelight.gen/sources_1/bd/system/sim/system.v
VHDL Output written to : d:/intelight/intelight/intelight.gen/sources_1/bd/system/hdl/system_wrapper.v
make_wrapper: Time (s): cpu = 00:00:23 ; elapsed = 00:00:26 . Memory (MB): peak = 1786.984 ; gain = 0.000
generate_target all [get_files  D:/intelight/intelight/intelight.srcs/sources_1/bd/system/system.bd]
INFO: [BD 41-1662] The design 'system.bd' is already validated. Therefore parameter propagation will not be re-run.
WARNING: [BD 41-1271] The connection to the pin: /RAM_Block/RAM_0/PL_RAM_0/clkb has been overridden by the user. This pin will not be connected as a part of the interface connection: axi_bram_ctrl_0_BRAM_PORTA 
WARNING: [BD 41-1271] The connection to the pin: /RAM_Block/RAM_0/PL_RAM_0/rstb has been overridden by the user. This pin will not be connected as a part of the interface connection: axi_bram_ctrl_0_BRAM_PORTA 
WARNING: [BD 41-1271] The connection to the pin: /RAM_Block/RAM_2/PL_RAM_2/clkb has been overridden by the user. This pin will not be connected as a part of the interface connection: axi_bram_ctrl_0_BRAM_PORTA_2 
WARNING: [BD 41-1271] The connection to the pin: /RAM_Block/RAM_2/PL_RAM_2/rstb has been overridden by the user. This pin will not be connected as a part of the interface connection: axi_bram_ctrl_0_BRAM_PORTA_2 
WARNING: [BD 41-1271] The connection to the pin: /RAM_Block/RAM_3/PL_RAM_3/clkb has been overridden by the user. This pin will not be connected as a part of the interface connection: axi_bram_ctrl_0_BRAM_PORTA_3 
WARNING: [BD 41-1271] The connection to the pin: /RAM_Block/RAM_3/PL_RAM_3/rstb has been overridden by the user. This pin will not be connected as a part of the interface connection: axi_bram_ctrl_0_BRAM_PORTA_3 
WARNING: [BD 41-1271] The connection to the pin: /RAM_Block/RAM_1/PL_RAM_1/clkb has been overridden by the user. This pin will not be connected as a part of the interface connection: axi_bram_ctrl_1_BRAM_PORTA 
WARNING: [BD 41-1271] The connection to the pin: /RAM_Block/RAM_1/PL_RAM_1/rstb has been overridden by the user. This pin will not be connected as a part of the interface connection: axi_bram_ctrl_1_BRAM_PORTA 
Wrote  : <D:\intelight\intelight\intelight.srcs\sources_1\bd\system\system.bd> 
Wrote  : <D:/intelight/intelight/intelight.srcs/sources_1/bd/system/ui/bd_c954508f.ui> 
WARNING: [BD 41-2384] Width mismatch when connecting pin: '/RAM_Block/RAM_0/PL_RAM_0/addrb'(32) to pin: '/RAM_Block/RAM_0/axi_bram_ctrl_0/bram_addr_a'(13) - Only lower order bits will be connected.
WARNING: [BD 41-2384] Width mismatch when connecting pin: '/RAM_Block/RAM_2/PL_RAM_2/addrb'(32) to pin: '/RAM_Block/RAM_2/axi_bram_ctrl_2/bram_addr_a'(13) - Only lower order bits will be connected.
WARNING: [BD 41-2384] Width mismatch when connecting pin: '/RAM_Block/RAM_3/PL_RAM_3/addrb'(32) to pin: '/RAM_Block/RAM_3/axi_bram_ctrl_3/bram_addr_a'(13) - Only lower order bits will be connected.
WARNING: [BD 41-2384] Width mismatch when connecting pin: '/RAM_Block/RAM_1/PL_RAM_1/addrb'(32) to pin: '/RAM_Block/RAM_1/axi_bram_ctrl_1/bram_addr_a'(13) - Only lower order bits will be connected.
VHDL Output written to : d:/intelight/intelight/intelight.gen/sources_1/bd/system/synth/system.v
WARNING: [BD 41-2384] Width mismatch when connecting pin: '/RAM_Block/RAM_0/PL_RAM_0/addrb'(32) to pin: '/RAM_Block/RAM_0/axi_bram_ctrl_0/bram_addr_a'(13) - Only lower order bits will be connected.
WARNING: [BD 41-2384] Width mismatch when connecting pin: '/RAM_Block/RAM_2/PL_RAM_2/addrb'(32) to pin: '/RAM_Block/RAM_2/axi_bram_ctrl_2/bram_addr_a'(13) - Only lower order bits will be connected.
WARNING: [BD 41-2384] Width mismatch when connecting pin: '/RAM_Block/RAM_3/PL_RAM_3/addrb'(32) to pin: '/RAM_Block/RAM_3/axi_bram_ctrl_3/bram_addr_a'(13) - Only lower order bits will be connected.
WARNING: [BD 41-2384] Width mismatch when connecting pin: '/RAM_Block/RAM_1/PL_RAM_1/addrb'(32) to pin: '/RAM_Block/RAM_1/axi_bram_ctrl_1/bram_addr_a'(13) - Only lower order bits will be connected.
VHDL Output written to : d:/intelight/intelight/intelight.gen/sources_1/bd/system/sim/system.v
VHDL Output written to : d:/intelight/intelight/intelight.gen/sources_1/bd/system/hdl/system_wrapper.v
WARNING: [IP_Flow 19-4994] Overwriting existing constraint file 'd:/intelight/intelight/intelight.gen/sources_1/bd/system/ip/system_auto_pc_2/system_auto_pc_2_ooc.xdc'
INFO: [BD 41-1029] Generation completed for the IP Integrator block PS/ps7_0_axi_periph/s00_couplers/auto_pc .
WARNING: [IP_Flow 19-4994] Overwriting existing constraint file 'd:/intelight/intelight/intelight.gen/sources_1/bd/system/ip/system_auto_pc_0/system_auto_pc_0_ooc.xdc'
INFO: [BD 41-1029] Generation completed for the IP Integrator block PS/ps7_0_axi_periph/m04_couplers/auto_pc .
WARNING: [IP_Flow 19-4994] Overwriting existing constraint file 'd:/intelight/intelight/intelight.gen/sources_1/bd/system/ip/system_auto_pc_1/system_auto_pc_1_ooc.xdc'
INFO: [BD 41-1029] Generation completed for the IP Integrator block PS/ps7_0_axi_periph/m05_couplers/auto_pc .
Exporting to file d:/intelight/intelight/intelight.gen/sources_1/bd/system/hw_handoff/system.hwh
Generated Block Design Tcl file d:/intelight/intelight/intelight.gen/sources_1/bd/system/hw_handoff/system_bd.tcl
Generated Hardware Definition File d:/intelight/intelight/intelight.gen/sources_1/bd/system/synth/system.hwdef
catch { config_ip_cache -export [get_ips -all system_auto_pc_2] }
INFO: [IP_Flow 19-4993] Using cached IP synthesis design for IP system_auto_pc_2, cache-ID = 504bfcefa4b0a818; cache size = 30.018 MB.
catch { config_ip_cache -export [get_ips -all system_auto_pc_0] }
INFO: [IP_Flow 19-4993] Using cached IP synthesis design for IP system_auto_pc_0, cache-ID = 6feb2a8559635a4a; cache size = 30.018 MB.
catch { config_ip_cache -export [get_ips -all system_auto_pc_1] }
INFO: [IP_Flow 19-4993] Using cached IP synthesis design for IP system_auto_pc_1, cache-ID = 6feb2a8559635a4a; cache size = 30.018 MB.
export_ip_user_files -of_objects [get_files D:/intelight/intelight/intelight.srcs/sources_1/bd/system/system.bd] -no_script -sync -force -quiet
create_ip_run [get_files -of_objects [get_fileset sources_1] D:/intelight/intelight/intelight.srcs/sources_1/bd/system/system.bd]
export_simulation -of_objects [get_files D:/intelight/intelight/intelight.srcs/sources_1/bd/system/system.bd] -directory D:/intelight/intelight/intelight.ip_user_files/sim_scripts -ip_user_files_dir D:/intelight/intelight/intelight.ip_user_files -ipstatic_source_dir D:/intelight/intelight/intelight.ip_user_files/ipstatic -lib_map_path [list {modelsim=D:/intelight/intelight/intelight.cache/compile_simlib/modelsim} {questa=D:/intelight/intelight/intelight.cache/compile_simlib/questa} {riviera=D:/intelight/intelight/intelight.cache/compile_simlib/riviera} {activehdl=D:/intelight/intelight/intelight.cache/compile_simlib/activehdl}] -use_ip_compiled_libs -force -quiet
reset_run synth_1
WARNING: [Vivado 12-1017] Problems encountered:
1. Failed to delete one or more files in run directory D:/intelight/intelight/intelight.runs/synth_1

launch_runs impl_1 -to_step write_bitstream -jobs 8
[Thu Mar 24 08:53:55 2022] Launched synth_1...
Run output will be captured here: D:/intelight/intelight/intelight.runs/synth_1/runme.log
[Thu Mar 24 08:53:55 2022] Launched impl_1...
Run output will be captured here: D:/intelight/intelight/intelight.runs/impl_1/runme.log
open_run impl_1
INFO: [Device 21-403] Loading part xc7z020clg400-1
Netlist sorting complete. Time (s): cpu = 00:00:00 ; elapsed = 00:00:00.507 . Memory (MB): peak = 1964.207 ; gain = 0.000
INFO: [Netlist 29-17] Analyzing 499 Unisim elements for replacement
INFO: [Netlist 29-28] Unisim Transformation completed in 0 CPU seconds
INFO: [Project 1-479] Netlist was created with Vivado 2021.1
INFO: [Project 1-570] Preparing netlist for logic optimization
INFO: [Timing 38-478] Restoring timing data from binary archive.
INFO: [Timing 38-479] Binary timing data restore complete.
INFO: [Project 1-856] Restoring constraints from binary archive.
INFO: [Project 1-853] Binary constraint restore complete.
Reading XDEF placement.
Reading placer database...
Reading XDEF routing.
Read XDEF File: Time (s): cpu = 00:00:01 ; elapsed = 00:00:01 . Memory (MB): peak = 2698.262 ; gain = 0.000
Restored from archive | CPU: 1.000000 secs | Memory: 0.000000 MB |
Finished XDEF File Restore: Time (s): cpu = 00:00:01 ; elapsed = 00:00:01 . Memory (MB): peak = 2698.262 ; gain = 0.000
Generating merged BMM file for the design top 'system_wrapper'...
Netlist sorting complete. Time (s): cpu = 00:00:00 ; elapsed = 00:00:00.004 . Memory (MB): peak = 2698.262 ; gain = 0.000
INFO: [Project 1-111] Unisim Transformation Summary:
  A total of 3 instances were transformed.
  SRLC32E => SRL16E: 3 instances

open_run: Time (s): cpu = 00:00:31 ; elapsed = 00:00:24 . Memory (MB): peak = 2831.941 ; gain = 1016.145
open_report: Time (s): cpu = 00:00:09 ; elapsed = 00:00:09 . Memory (MB): peak = 2831.941 ; gain = 0.000
open_bd_design {D:/intelight/intelight/intelight.srcs/sources_1/bd/system/system.bd}
WARNING: [IP_Flow 19-474] Invalid Parameter 'Component_Name'
WARNING: [IP_Flow 19-474] Invalid Parameter 'Component_Name'
WARNING: [IP_Flow 19-474] Invalid Parameter 'Component_Name'
WARNING: [IP_Flow 19-474] Invalid Parameter 'Component_Name'
WARNING: [IP_Flow 19-474] Invalid Parameter 'Component_Name'
WARNING: [IP_Flow 19-474] Invalid Parameter 'Component_Name'
exit
INFO: [Common 17-206] Exiting Vivado at Thu Mar 24 09:31:39 2022...
