#-----------------------------------------------------------
# Vivado v2021.1 (64-bit)
# SW Build 3247384 on Thu Jun 10 19:36:33 MDT 2021
# IP Build 3246043 on Fri Jun 11 00:30:35 MDT 2021
# Start of session at: Fri May 13 08:05:39 2022
# Process ID: 27268
# Current directory: D:/intelight/intelight_backup3
# Command line: vivado.exe -gui_launcher_event rodinguilauncherevent5816 D:\intelight\intelight_backup3\intelight.xpr
# Log file: D:/intelight/intelight_backup3/vivado.log
# Journal file: D:/intelight/intelight_backup3\vivado.jou
#-----------------------------------------------------------
start_gui
open_project D:/intelight/intelight_backup3/intelight.xpr
Scanning sources...
Finished scanning sources
INFO: [IP_Flow 19-234] Refreshing IP repositories
WARNING: [IP_Flow 19-3685] Ignored loading user repository 'd:/intelight/ip_repo/intelight_mem_v2/intelight_mem_v2_1.0'. The path is contained within another repository.
WARNING: [IP_Flow 19-3685] Ignored loading user repository 'd:/intelight/ip_repo/uart_mem/uart_mem_1.0'. The path is contained within another repository.
INFO: [IP_Flow 19-1700] Loaded user IP repository 'd:/intelight/ip_repo'.
INFO: [IP_Flow 19-2313] Loaded Vivado IP repository 'C:/Xilinx/Vivado/2021.1/data/ip'.
open_project: Time (s): cpu = 00:01:05 ; elapsed = 00:00:55 . Memory (MB): peak = 1306.387 ; gain = 0.000
update_compile_order -fileset sources_1
exit
INFO: [Common 17-206] Exiting Vivado at Fri May 13 08:23:49 2022...
