#-----------------------------------------------------------
# Vivado v2021.1 (64-bit)
# SW Build 3247384 on Thu Jun 10 19:36:33 MDT 2021
# IP Build 3246043 on Fri Jun 11 00:30:35 MDT 2021
# Start of session at: Tue Feb 22 14:53:04 2022
# Process ID: 5688
# Current directory: D:/Dismas/ITB/SemesterVIII/TA2/intelight
# Command line: vivado.exe -gui_launcher_event rodinguilauncherevent9488 D:\Dismas\ITB\SemesterVIII\TA2\intelight\intelight.xpr
# Log file: D:/Dismas/ITB/SemesterVIII/TA2/intelight/vivado.log
# Journal file: D:/Dismas/ITB/SemesterVIII/TA2/intelight\vivado.jou
#-----------------------------------------------------------
start_gui
open_project D:/Dismas/ITB/SemesterVIII/TA2/intelight/intelight.xpr
INFO: [Project 1-313] Project file moved from 'D:/intelight/intelINFO: [Common 17-344] 'open_project' was cancelled
exit
INFO: [Common 17-206] Exiting Vivado at Tue Feb 22 14:54:23 2022...
/TA2/ip_repo/intelight_ip_1.0', nor could it be found using path 'D:/intelight/ip_repo/intelight_ip_1.0'.
CRITICAL WARNING: [Project 1-311] Could not find the file 'D:/Dismas/ITB/SemesterVIII/TA2/PYNQ-Z1_C.xdc', nor could it be found using path 'D:/intelight/PYNQ-Z1_C.xdc'.
Scanning sources...
Finished scanning sources
CRITICAL WARNING: [Board 49-67] The board_part definition was not found for www.digilentinc.com:pynq-z1:part0:1.0. This can happen sometimes when you use custom board part. You can resolve this issue by setting 'board.repoPaths' parameter, pointing to the location of custom board files. Valid board_part values can be retrieved with the 'get_board_parts' Tcl command.
INFO: [IP_Flow 19-234] Refreshing IP repositories
WARNING: [IP_Flow 19-2248] Failed to load user IP repository 'd:/Dismas/ITB/SemesterVIII/TA2/ip_repo/intelight_ip_1.0'; Can't find the specified path.
If this directory should no longer be in your list of user repositories, go to the IP Settings dialog and remove it.
INFO: [IP_Flow 19-2313] Loaded Vivado IP repository 'E:/Xilinx/Vivado/2021.1/data/ip'.
open_project: Time (s): cpu = 00:00:16 ; elapsed = 00:00:27 . Memory (MB): peak = 1220.652 ; gain = 0.000
update_compile_order -fileset sources_1
update_module_reference system_RD_0_0
INFO: [IP_Flow 19-234] Refreshing IP repositories
WARNING: [IP_Flow 19-2248] Failed to load user IP repository 'd:/Dismas/ITB/SemesterVIII/TA2/ip_repo/intelight_ip_1.0'; Can't find the specified path.
If this directory should no longer be in your list of user repositories, go to the IP Settings dialog and remove it.
Reading block design file <D:/Dismas/ITB/SemesterVIII/TA2/intelight/intelight.srcs/sources_1/bd/system/system.bd>...
Adding component instance block -- xilinx.com:module_ref:RD:1.0 - RD_0
Adding component instance block -- xilinx.com:module_ref:decoder:1.0 - decoder_0
Adding component instance block -- xilinx.com:module_ref:PG:1.0 - PG_0
Adding component instance block -- xilinx.com:ip:blk_mem_gen:8.4 - action_ram_0
Adding component instance block -- xilinx.com:module_ref:QA:1.0 - QA_0
Adding component instance block -- xilinx.com:module_ref:SD:1.0 - SD_0
Successfully read diagram <system> from block design file <D:/Dismas/ITB/SemesterVIII/TA2/intelight/intelight.srcs/sources_1/bd/system/system.bd>
Upgrading 'D:/Dismas/ITB/SemesterVIII/TA2/intelight/intelight.srcs/sources_1/bd/system/system.bd'
INFO: [IP_Flow 19-3420] Updated system_RD_0_0 to use current project options
Wrote  : <D:\Dismas\ITB\SemesterVIII\TA2\intelight\intelight.srcs\sources_1\bd\system\system.bd> 
Wrote  : <D:/Dismas/ITB/SemesterVIII/TA2/intelight/intelight.srcs/sources_1/bd/system/ui/bd_c954508f.ui> 
upgrade_ip: Time (s): cpu = 00:00:06 ; elapsed = 00:00:14 . Memory (MB): peak = 1220.652 ; gain = 0.000
update_module_reference: Time (s): cpu = 00:00:07 ; elapsed = 00:00:15 . Memory (MB): peak = 1220.652 ; gain = 0.000
update_module_reference system_decoder_0_0
INFO: [IP_Flow 19-234] Refreshing IP repositories
WARNING: [IP_Flow 19-2248] Failed to load user IP repository 'd:/Dismas/ITB/SemesterVIII/TA2/ip_repo/intelight_ip_1.0'; Can't find the specified path.
If this directory should no longer be in your list of user repositories, go to the IP Settings dialog and remove it.
Upgrading 'D:/Dismas/ITB/SemesterVIII/TA2/intelight/intelight.srcs/sources_1/bd/system/system.bd'
INFO: [IP_Flow 19-3420] Updated system_decoder_0_0 to use current project options
Wrote  : <D:\Dismas\ITB\SemesterVIII\TA2\intelight\intelight.srcs\sources_1\bd\system\system.bd> 
Wrote  : <D:/Dismas/ITB/SemesterVIII/TA2/intelight/intelight.srcs/sources_1/bd/system/ui/bd_c954508f.ui> 
update_module_reference system_PG_0_0
INFO: [IP_Flow 19-234] Refreshing IP repositories
WARNING: [IP_Flow 19-2248] Failed to load user IP repository 'd:/Dismas/ITB/SemesterVIII/TA2/ip_repo/intelight_ip_1.0'; Can't find the specified path.
If this directory should no longer be in your list of user repositories, go to the IP Settings dialog and remove it.
Upgrading 'D:/Dismas/ITB/SemesterVIII/TA2/intelight/intelight.srcs/sources_1/bd/system/system.bd'
INFO: [IP_Flow 19-3420] Updated system_PG_0_0 to use current project options
Wrote  : <D:\Dismas\ITB\SemesterVIII\TA2\intelight\intelight.srcs\sources_1\bd\system\system.bd> 
Wrote  : <D:/Dismas/ITB/SemesterVIII/TA2/intelight/intelight.srcs/sources_1/bd/system/ui/bd_c954508f.ui> 
update_module_reference system_QA_0_0
INFO: [IP_Flow 19-5107] Inferred bus interface 'rst' of definition 'xilinx.com:signal:reset:1.0' (from Xilinx Repository).
INFO: [IP_Flow 19-5107] Inferred bus interface 'clk' of definition 'xilinx.com:signal:clock:1.0' (from Xilinx Repository).
INFO: [IP_Flow 19-4728] Bus Interface 'clk': Added interface parameter 'ASSOCIATED_RESET' with value 'rst'.
WARNING: [IP_Flow 19-5661] Bus Interface 'clk' does not have any bus interfaces associated with it.
INFO: [IP_Flow 19-234] Refreshing IP repositories
WARNING: [IP_Flow 19-2248] Failed to load user IP repository 'd:/Dismas/ITB/SemesterVIII/TA2/ip_repo/intelight_ip_1.0'; Can't find the specified path.
If this directory should no longer be in your list of user repositories, go to the IP Settings dialog and remove it.
Upgrading 'D:/Dismas/ITB/SemesterVIII/TA2/intelight/intelight.srcs/sources_1/bd/system/system.bd'
INFO: [IP_Flow 19-3420] Updated system_QA_0_0 to use current project options
Wrote  : <D:\Dismas\ITB\SemesterVIII\TA2\intelight\intelight.srcs\sources_1\bd\system\system.bd> 
Wrote  : <D:/Dismas/ITB/SemesterVIII/TA2/intelight/intelight.srcs/sources_1/bd/system/ui/bd_c954508f.ui> 
update_module_reference system_SD_0_0
INFO: [IP_Flow 19-234] Refreshing IP repositories
WARNING: [IP_Flow 19-2248] Failed to load user IP repository 'd:/Dismas/ITB/SemesterVIII/TA2/ip_repo/intelight_ip_1.0'; Can't find the specified path.
If this directory should no longer be in your list of user repositories, go to the IP Settings dialog and remove it.
Upgrading 'D:/Dismas/ITB/SemesterVIII/TA2/intelight/intelight.srcs/sources_1/bd/system/system.bd'
INFO: [IP_Flow 19-3420] Updated system_SD_0_0 to use current project options
Wrote  : <D:\Dismas\ITB\SemesterVIII\TA2\intelight\intelight.srcs\sources_1\bd\system\system.bd> 
Wrote  : <D:/Dismas/ITB/SemesterVIII/TA2/intelight/intelight.srcs/sources_1/bd/system/ui/bd_c954508f.ui> 
launch_simulation
Command: launch_simulation 
INFO: [Vivado 12-12493] Simulation top is 'max_tb'
INFO: [Vivado 12-12490] The selected simulation model for 'system_PG_0_0' IP changed to 'rtl' from '', the simulation run directory will be deleted.
INFO: [Vivado 12-5682] Launching behavioral simulation in 'D:/Dismas/ITB/SemesterVIII/TA2/intelight/intelight.sim/sim_1/behav/xsim'
INFO: [SIM-utils-51] Simulation object is 'sim_1'
INFO: [SIM-utils-72] Using boost library from 'E:/Xilinx/Vivado/2021.1/tps/boost_1_72_0'
INFO: [USF-XSim-7] Finding pre-compiled libraries...
INFO: [USF-XSim-11] File 'E:/Xilinx/Vivado/2021.1/data/xsim/xsim.ini' copied to run dir:'D:/Dismas/ITB/SemesterVIII/TA2/intelight/intelight.sim/sim_1/behav/xsim'
INFO: [SIM-utils-54] Inspecting design source files for 'max_tb' in fileset 'sim_1'...
INFO: [USF-XSim-97] Finding global include files...
INFO: [USF-XSim-98] Fetching design files from 'sim_1'...
INFO: [USF-XSim-2] XSim::Compile design
INFO: [USF-XSim-61] Executing 'COMPILE and ANALYZE' step in 'D:/Dismas/ITB/SemesterVIII/TA2/intelight/intelight.sim/sim_1/behav/xsim'
"xvlog --incr --relax -prj max_tb_vlog.prj"
INFO: [VRFC 10-2263] Analyzing Verilog file "D:/Dismas/ITB/SemesterVIII/TA2/intelight/intelight.srcs/sources_1/new/max_file.v" into library xil_defaultlib
INFO: [VRFC 10-311] analyzing module max4to1_32bit
INFO: [VRFC 10-311] analyzing module comp_32bit
INFO: [VRFC 10-2458] undeclared symbol out, assumed default net type wire [D:/Dismas/ITB/SemesterVIII/TA2/intelight/intelight.srcs/sources_1/new/max_file.v:18]
INFO: [VRFC 10-2263] Analyzing Verilog file "D:/Dismas/ITB/SemesterVIII/TA2/intelight/intelight.srcs/sim_1/new/max_tb.v" into library xil_defaultlib
INFO: [VRFC 10-311] analyzing module max_tb
INFO: [VRFC 10-2263] Analyzing Verilog file "D:/Dismas/ITB/SemesterVIII/TA2/intelight/intelight.sim/sim_1/behav/xsim/glbl.v" into library xil_defaultlib
INFO: [VRFC 10-311] analyzing module glbl
INFO: [USF-XSim-69] 'compile' step finished in '4' seconds
INFO: [USF-XSim-3] XSim::Elaborate design
INFO: [USF-XSim-61] Executing 'ELABORATE' step in 'D:/Dismas/ITB/SemesterVIII/TA2/intelight/intelight.sim/sim_1/behav/xsim'
"xelab -wto b00e1b8b0c4a4a169364327d9be69cf7 --incr --debug typical --relax --mt 2 -L xil_defaultlib -L unisims_ver -L unimacro_ver -L secureip -L xpm --snapshot max_tb_behav xil_defaultlib.max_tb xil_defaultlib.glbl -log elaborate.log"
Vivado Simulator v2021.1
Copyright 1986-1999, 2001-2021 Xilinx, Inc. All Rights Reserved.
Running: E:/Xilinx/Vivado/2021.1/bin/unwrapped/win64.o/xelab.exe -wto b00e1b8b0c4a4a169364327d9be69cf7 --incr --debug typical --relax --mt 2 -L xil_defaultlib -L unisims_ver -L unimacro_ver -L secureip -L xpm --snapshot max_tb_behav xil_defaultlib.max_tb xil_defaultlib.glbl -log elaborate.log 
Using 2 slave threads.
Starting static elaboration
Pass Through NonSizing Optimizer
Completed static elaboration
Starting simulation data flow analysis
Completed simulation data flow analysis
Time Resolution for simulation is 1ps
Compiling module xil_defaultlib.comp_32bit
Compiling module xil_defaultlib.max4to1_32bit
Compiling module xil_defaultlib.max_tb
Compiling module xil_defaultlib.glbl
Built simulation snapshot max_tb_behav

****** Webtalk v2021.1 (64-bit)
  **** SW Build 3247384 on Thu Jun 10 19:36:33 MDT 2021
  **** IP Build 3246043 on Fri Jun 11 00:30:35 MDT 2021
    ** Copyright 1986-2021 Xilinx, Inc. All Rights Reserved.

source D:/Dismas/ITB/SemesterVIII/TA2/intelight/intelight.sim/sim_1/behav/xsim/xsim.dir/max_tb_behav/webtalk/xsim_webtalk.tcl -notrace
INFO: [Common 17-186] 'D:/Dismas/ITB/SemesterVIII/TA2/intelight/intelight.sim/sim_1/behav/xsim/xsim.dir/max_tb_behav/webtalk/usage_statistics_ext_xsim.xml' has been successfully sent to Xilinx on Tue Feb 22 15:08:08 2022. For additional details about this file, please refer to the WebTalk help file at E:/Xilinx/Vivado/2021.1/doc/webtalk_introduction.html.
webtalk_transmit: Time (s): cpu = 00:00:00 ; elapsed = 00:00:06 . Memory (MB): peak = 86.184 ; gain = 4.430
INFO: [Common 17-206] Exiting Webtalk at Tue Feb 22 15:08:08 2022...
run_program: Time (s): cpu = 00:00:00 ; elapsed = 00:00:17 . Memory (MB): peak = 1220.652 ; gain = 0.000
INFO: [USF-XSim-69] 'elaborate' step finished in '17' seconds
INFO: [USF-XSim-4] XSim::Simulate design
INFO: [USF-XSim-61] Executing 'SIMULATE' step in 'D:/Dismas/ITB/SemesterVIII/TA2/intelight/intelight.sim/sim_1/behav/xsim'
INFO: [USF-XSim-98] *** Running xsim
   with args "max_tb_behav -key {Behavioral:sim_1:Functional:max_tb} -tclbatch {max_tb.tcl} -log {simulate.log}"
INFO: [USF-XSim-8] Loading simulator feature
Time resolution is 1 ps
source max_tb.tcl
# set curr_wave [current_wave_config]
# if { [string length $curr_wave] == 0 } {
#   if { [llength [get_objects]] > 0} {
#     add_wave /
#     set_property needs_save false [current_wave_config]
#   } else {
#      send_msg_id Add_Wave-1 WARNING "No top level signals found. Simulator will start without a wave window. If you want to open a wave window go to 'File->New Waveform Configuration' or type 'create_wave_config' in the TCL console."
#   }
# }
# run 1000ns
INFO: [USF-XSim-96] XSim completed. Design snapshot 'max_tb_behav' loaded.
INFO: [USF-XSim-97] XSim simulation ran for 1000ns
launch_simulation: Time (s): cpu = 00:00:08 ; elapsed = 00:00:30 . Memory (MB): peak = 1220.652 ; gain = 0.000
set_property SOURCE_SET sources_1 [get_filesets sim_1]
close [ open D:/Dismas/ITB/SemesterVIII/TA2/intelight/intelight.srcs/sim_1/new/comp_tb.v w ]
add_files -fileset sim_1 D:/Dismas/ITB/SemesterVIII/TA2/intelight/intelight.srcs/sim_1/new/comp_tb.v
update_compile_order -fileset sim_1
close_sim
INFO: [Simtcl 6-16] Simulation closed
close_sim: Time (s): cpu = 00:00:01 ; elapsed = 00:00:09 . Memory (MB): peak = 1692.078 ; gain = 0.000
launch_simulation
Command: launch_simulation 
INFO: [Vivado 12-12493] Simulation top is 'max_tb'
INFO: [Vivado 12-5682] Launching behavioral simulation in 'D:/Dismas/ITB/SemesterVIII/TA2/intelight/intelight.sim/sim_1/behav/xsim'
INFO: [SIM-utils-51] Simulation object is 'sim_1'
INFO: [SIM-utils-72] Using boost library from 'E:/Xilinx/Vivado/2021.1/tps/boost_1_72_0'
INFO: [USF-XSim-7] Finding pre-compiled libraries...
INFO: [USF-XSim-11] File 'E:/Xilinx/Vivado/2021.1/data/xsim/xsim.ini' copied to run dir:'D:/Dismas/ITB/SemesterVIII/TA2/intelight/intelight.sim/sim_1/behav/xsim'
INFO: [SIM-utils-54] Inspecting design source files for 'max_tb' in fileset 'sim_1'...
INFO: [USF-XSim-97] Finding global include files...
INFO: [USF-XSim-98] Fetching design files from 'sim_1'...
INFO: [USF-XSim-2] XSim::Compile design
INFO: [USF-XSim-61] Executing 'COMPILE and ANALYZE' step in 'D:/Dismas/ITB/SemesterVIII/TA2/intelight/intelight.sim/sim_1/behav/xsim'
"xvlog --incr --relax -prj max_tb_vlog.prj"
INFO: [VRFC 10-2263] Analyzing Verilog file "D:/Dismas/ITB/SemesterVIII/TA2/intelight/intelight.srcs/sources_1/new/max_file.v" into library xil_defaultlib
INFO: [VRFC 10-311] analyzing module max4to1_32bit
INFO: [VRFC 10-311] analyzing module comp_32bit
INFO: [VRFC 10-2458] undeclared symbol out, assumed default net type wire [D:/Dismas/ITB/SemesterVIII/TA2/intelight/intelight.srcs/sources_1/new/max_file.v:18]
INFO: [VRFC 10-2263] Analyzing Verilog file "D:/Dismas/ITB/SemesterVIII/TA2/intelight/intelight.srcs/sim_1/new/max_tb.v" into library xil_defaultlib
INFO: [VRFC 10-311] analyzing module max_tb
INFO: [USF-XSim-69] 'compile' step finished in '3' seconds
INFO: [USF-XSim-3] XSim::Elaborate design
INFO: [USF-XSim-61] Executing 'ELABORATE' step in 'D:/Dismas/ITB/SemesterVIII/TA2/intelight/intelight.sim/sim_1/behav/xsim'
"xelab -wto b00e1b8b0c4a4a169364327d9be69cf7 --incr --debug typical --relax --mt 2 -L xil_defaultlib -L unisims_ver -L unimacro_ver -L secureip -L xpm --snapshot max_tb_behav xil_defaultlib.max_tb xil_defaultlib.glbl -log elaborate.log"
Vivado Simulator v2021.1
Copyright 1986-1999, 2001-2021 Xilinx, Inc. All Rights Reserved.
Running: E:/Xilinx/Vivado/2021.1/bin/unwrapped/win64.o/xelab.exe -wto b00e1b8b0c4a4a169364327d9be69cf7 --incr --debug typical --relax --mt 2 -L xil_defaultlib -L unisims_ver -L unimacro_ver -L secureip -L xpm --snapshot max_tb_behav xil_defaultlib.max_tb xil_defaultlib.glbl -log elaborate.log 
Using 2 slave threads.
Starting static elaboration
Pass Through NonSizing Optimizer
Completed static elaboration
Starting simulation data flow analysis
Completed simulation data flow analysis
Time Resolution for simulation is 1ps
Compiling module xil_defaultlib.comp_32bit
Compiling module xil_defaultlib.max4to1_32bit
Compiling module xil_defaultlib.max_tb
Compiling module xil_defaultlib.glbl
Built simulation snapshot max_tb_behav
INFO: [USF-XSim-69] 'elaborate' step finished in '3' seconds
INFO: [USF-XSim-4] XSim::Simulate design
INFO: [USF-XSim-61] Executing 'SIMULATE' step in 'D:/Dismas/ITB/SemesterVIII/TA2/intelight/intelight.sim/sim_1/behav/xsim'
INFO: [USF-XSim-98] *** Running xsim
   with args "max_tb_behav -key {Behavioral:sim_1:Functional:max_tb} -tclbatch {max_tb.tcl} -log {simulate.log}"
INFO: [USF-XSim-8] Loading simulator feature
Time resolution is 1 ps
source max_tb.tcl
# set curr_wave [current_wave_config]
# if { [string length $curr_wave] == 0 } {
#   if { [llength [get_objects]] > 0} {
#     add_wave /
#     set_property needs_save false [current_wave_config]
#   } else {
#      send_msg_id Add_Wave-1 WARNING "No top level signals found. Simulator will start without a wave window. If you want to open a wave window go to 'File->New Waveform Configuration' or type 'create_wave_config' in the TCL console."
#   }
# }
# run 1000ns
INFO: [USF-XSim-96] XSim completed. Design snapshot 'max_tb_behav' loaded.
INFO: [USF-XSim-97] XSim simulation ran for 1000ns
launch_simulation: Time (s): cpu = 00:00:03 ; elapsed = 00:00:08 . Memory (MB): peak = 1692.078 ; gain = 0.000
relaunch_sim
Command: launch_simulation -simset sim_1 -mode behavioral
INFO: [Vivado 12-12493] Simulation top is 'max_tb'
INFO: [Vivado 12-5682] Launching behavioral simulation in 'D:/Dismas/ITB/SemesterVIII/TA2/intelight/intelight.sim/sim_1/behav/xsim'
INFO: [SIM-utils-51] Simulation object is 'sim_1'
INFO: [SIM-utils-72] Using boost library from 'E:/Xilinx/Vivado/2021.1/tps/boost_1_72_0'
INFO: [USF-XSim-7] Finding pre-compiled libraries...
INFO: [USF-XSim-11] File 'E:/Xilinx/Vivado/2021.1/data/xsim/xsim.ini' copied to run dir:'D:/Dismas/ITB/SemesterVIII/TA2/intelight/intelight.sim/sim_1/behav/xsim'
INFO: [SIM-utils-54] Inspecting design source files for 'max_tb' in fileset 'sim_1'...
INFO: [USF-XSim-97] Finding global include files...
INFO: [USF-XSim-98] Fetching design files from 'sim_1'...
INFO: [USF-XSim-2] XSim::Compile design
INFO: [USF-XSim-61] Executing 'COMPILE and ANALYZE' step in 'D:/Dismas/ITB/SemesterVIII/TA2/intelight/intelight.sim/sim_1/behav/xsim'
"xvlog --incr --relax -prj max_tb_vlog.prj"
INFO: [VRFC 10-2263] Analyzing Verilog file "D:/Dismas/ITB/SemesterVIII/TA2/intelight/intelight.srcs/sources_1/new/max_file.v" into library xil_defaultlib
INFO: [VRFC 10-311] analyzing module max4to1_32bit
INFO: [VRFC 10-311] analyzing module comp_32bit
INFO: [VRFC 10-2458] undeclared symbol out, assumed default net type wire [D:/Dismas/ITB/SemesterVIII/TA2/intelight/intelight.srcs/sources_1/new/max_file.v:18]
INFO: [VRFC 10-2263] Analyzing Verilog file "D:/Dismas/ITB/SemesterVIII/TA2/intelight/intelight.srcs/sim_1/new/max_tb.v" into library xil_defaultlib
INFO: [VRFC 10-311] analyzing module max_tb
INFO: [USF-XSim-69] 'compile' step finished in '3' seconds
Command: launch_simulation -simset sim_1 -mode behavioral
INFO: [Vivado 12-12493] Simulation top is 'max_tb'
INFO: [Vivado 12-5682] Launching behavioral simulation in 'D:/Dismas/ITB/SemesterVIII/TA2/intelight/intelight.sim/sim_1/behav/xsim'
INFO: [USF-XSim-3] XSim::Elaborate design
INFO: [USF-XSim-61] Executing 'ELABORATE' step in 'D:/Dismas/ITB/SemesterVIII/TA2/intelight/intelight.sim/sim_1/behav/xsim'
"xelab -wto b00e1b8b0c4a4a169364327d9be69cf7 --incr --debug typical --relax --mt 2 -L xil_defaultlib -L unisims_ver -L unimacro_ver -L secureip -L xpm --snapshot max_tb_behav xil_defaultlib.max_tb xil_defaultlib.glbl -log elaborate.log"
Vivado Simulator v2021.1
Copyright 1986-1999, 2001-2021 Xilinx, Inc. All Rights Reserved.
Running: E:/Xilinx/Vivado/2021.1/bin/unwrapped/win64.o/xelab.exe -wto b00e1b8b0c4a4a169364327d9be69cf7 --incr --debug typical --relax --mt 2 -L xil_defaultlib -L unisims_ver -L unimacro_ver -L secureip -L xpm --snapshot max_tb_behav xil_defaultlib.max_tb xil_defaultlib.glbl -log elaborate.log 
Using 2 slave threads.
Starting static elaboration
Pass Through NonSizing Optimizer
Completed static elaboration
Starting simulation data flow analysis
Completed simulation data flow analysis
Time Resolution for simulation is 1ps
Compiling module xil_defaultlib.comp_32bit
Compiling module xil_defaultlib.max4to1_32bit
Compiling module xil_defaultlib.max_tb
Compiling module xil_defaultlib.glbl
Built simulation snapshot max_tb_behav
INFO: [USF-XSim-69] 'elaborate' step finished in '3' seconds
Time resolution is 1 ps
relaunch_sim: Time (s): cpu = 00:00:01 ; elapsed = 00:00:08 . Memory (MB): peak = 1692.078 ; gain = 0.000
add_bp {D:/Dismas/ITB/SemesterVIII/TA2/intelight/intelight.srcs/sim_1/new/max_tb.v} 31
remove_bps -file {D:/Dismas/ITB/SemesterVIII/TA2/intelight/intelight.srcs/sim_1/new/max_tb.v} -line 31
relaunch_sim
Command: launch_simulation -simset sim_1 -mode behavioral
INFO: [Vivado 12-12493] Simulation top is 'max_tb'
INFO: [Vivado 12-5682] Launching behavioral simulation in 'D:/Dismas/ITB/SemesterVIII/TA2/intelight/intelight.sim/sim_1/behav/xsim'
INFO: [SIM-utils-51] Simulation object is 'sim_1'
INFO: [SIM-utils-72] Using boost library from 'E:/Xilinx/Vivado/2021.1/tps/boost_1_72_0'
INFO: [USF-XSim-7] Finding pre-compiled libraries...
INFO: [USF-XSim-11] File 'E:/Xilinx/Vivado/2021.1/data/xsim/xsim.ini' copied to run dir:'D:/Dismas/ITB/SemesterVIII/TA2/intelight/intelight.sim/sim_1/behav/xsim'
INFO: [SIM-utils-54] Inspecting design source files for 'max_tb' in fileset 'sim_1'...
INFO: [USF-XSim-97] Finding global include files...
INFO: [USF-XSim-98] Fetching design files from 'sim_1'...
INFO: [USF-XSim-2] XSim::Compile design
INFO: [USF-XSim-61] Executing 'COMPILE and ANALYZE' step in 'D:/Dismas/ITB/SemesterVIII/TA2/intelight/intelight.sim/sim_1/behav/xsim'
"xvlog --incr --relax -prj max_tb_vlog.prj"
INFO: [VRFC 10-2263] Analyzing Verilog file "D:/Dismas/ITB/SemesterVIII/TA2/intelight/intelight.srcs/sources_1/new/max_file.v" into library xil_defaultlib
INFO: [VRFC 10-311] analyzing module max4to1_32bit
INFO: [VRFC 10-311] analyzing module comp_32bit
INFO: [VRFC 10-2263] Analyzing Verilog file "D:/Dismas/ITB/SemesterVIII/TA2/intelight/intelight.srcs/sim_1/new/max_tb.v" into library xil_defaultlib
INFO: [VRFC 10-311] analyzing module max_tb
INFO: [USF-XSim-69] 'compile' step finished in '3' seconds
Command: launch_simulation -simset sim_1 -mode behavioral
INFO: [Vivado 12-12493] Simulation top is 'max_tb'
INFO: [Vivado 12-5682] Launching behavioral simulation in 'D:/Dismas/ITB/SemesterVIII/TA2/intelight/intelight.sim/sim_1/behav/xsim'
INFO: [USF-XSim-3] XSim::Elaborate design
INFO: [USF-XSim-61] Executing 'ELABORATE' step in 'D:/Dismas/ITB/SemesterVIII/TA2/intelight/intelight.sim/sim_1/behav/xsim'
"xelab -wto b00e1b8b0c4a4a169364327d9be69cf7 --incr --debug typical --relax --mt 2 -L xil_defaultlib -L unisims_ver -L unimacro_ver -L secureip -L xpm --snapshot max_tb_behav xil_defaultlib.max_tb xil_defaultlib.glbl -log elaborate.log"
Vivado Simulator v2021.1
Copyright 1986-1999, 2001-2021 Xilinx, Inc. All Rights Reserved.
Running: E:/Xilinx/Vivado/2021.1/bin/unwrapped/win64.o/xelab.exe -wto b00e1b8b0c4a4a169364327d9be69cf7 --incr --debug typical --relax --mt 2 -L xil_defaultlib -L unisims_ver -L unimacro_ver -L secureip -L xpm --snapshot max_tb_behav xil_defaultlib.max_tb xil_defaultlib.glbl -log elaborate.log 
Using 2 slave threads.
Starting static elaboration
Pass Through NonSizing Optimizer
Completed static elaboration
Starting simulation data flow analysis
Completed simulation data flow analysis
Time Resolution for simulation is 1ps
Compiling module xil_defaultlib.comp_32bit
Compiling module xil_defaultlib.max4to1_32bit
Compiling module xil_defaultlib.max_tb
Compiling module xil_defaultlib.glbl
Built simulation snapshot max_tb_behav
INFO: [USF-XSim-69] 'elaborate' step finished in '3' seconds
Time resolution is 1 ps
relaunch_sim: Time (s): cpu = 00:00:00 ; elapsed = 00:00:09 . Memory (MB): peak = 1692.078 ; gain = 0.000
relaunch_sim
Command: launch_simulation -simset sim_1 -mode behavioral
INFO: [Vivado 12-12493] Simulation top is 'max_tb'
INFO: [Vivado 12-5682] Launching behavioral simulation in 'D:/Dismas/ITB/SemesterVIII/TA2/intelight/intelight.sim/sim_1/behav/xsim'
INFO: [SIM-utils-51] Simulation object is 'sim_1'
INFO: [SIM-utils-72] Using boost library from 'E:/Xilinx/Vivado/2021.1/tps/boost_1_72_0'
INFO: [USF-XSim-7] Finding pre-compiled libraries...
INFO: [USF-XSim-11] File 'E:/Xilinx/Vivado/2021.1/data/xsim/xsim.ini' copied to run dir:'D:/Dismas/ITB/SemesterVIII/TA2/intelight/intelight.sim/sim_1/behav/xsim'
INFO: [SIM-utils-54] Inspecting design source files for 'max_tb' in fileset 'sim_1'...
INFO: [USF-XSim-97] Finding global include files...
INFO: [USF-XSim-98] Fetching design files from 'sim_1'...
INFO: [USF-XSim-2] XSim::Compile design
INFO: [USF-XSim-61] Executing 'COMPILE and ANALYZE' step in 'D:/Dismas/ITB/SemesterVIII/TA2/intelight/intelight.sim/sim_1/behav/xsim'
"xvlog --incr --relax -prj max_tb_vlog.prj"
INFO: [VRFC 10-2263] Analyzing Verilog file "D:/Dismas/ITB/SemesterVIII/TA2/intelight/intelight.srcs/sources_1/new/max_file.v" into library xil_defaultlib
INFO: [VRFC 10-311] analyzing module max4to1_32bit
INFO: [VRFC 10-311] analyzing module comp_32bit
INFO: [VRFC 10-2263] Analyzing Verilog file "D:/Dismas/ITB/SemesterVIII/TA2/intelight/intelight.srcs/sim_1/new/max_tb.v" into library xil_defaultlib
INFO: [VRFC 10-311] analyzing module max_tb
INFO: [USF-XSim-69] 'compile' step finished in '2' seconds
Command: launch_simulation -simset sim_1 -mode behavioral
INFO: [Vivado 12-12493] Simulation top is 'max_tb'
INFO: [Vivado 12-5682] Launching behavioral simulation in 'D:/Dismas/ITB/SemesterVIII/TA2/intelight/intelight.sim/sim_1/behav/xsim'
INFO: [USF-XSim-3] XSim::Elaborate design
INFO: [USF-XSim-61] Executing 'ELABORATE' step in 'D:/Dismas/ITB/SemesterVIII/TA2/intelight/intelight.sim/sim_1/behav/xsim'
"xelab -wto b00e1b8b0c4a4a169364327d9be69cf7 --incr --debug typical --relax --mt 2 -L xil_defaultlib -L unisims_ver -L unimacro_ver -L secureip -L xpm --snapshot max_tb_behav xil_defaultlib.max_tb xil_defaultlib.glbl -log elaborate.log"
Vivado Simulator v2021.1
Copyright 1986-1999, 2001-2021 Xilinx, Inc. All Rights Reserved.
Running: E:/Xilinx/Vivado/2021.1/bin/unwrapped/win64.o/xelab.exe -wto b00e1b8b0c4a4a169364327d9be69cf7 --incr --debug typical --relax --mt 2 -L xil_defaultlib -L unisims_ver -L unimacro_ver -L secureip -L xpm --snapshot max_tb_behav xil_defaultlib.max_tb xil_defaultlib.glbl -log elaborate.log 
Using 2 slave threads.
Starting static elaboration
Pass Through NonSizing Optimizer
Completed static elaboration
Starting simulation data flow analysis
Completed simulation data flow analysis
Time Resolution for simulation is 1ps
Compiling module xil_defaultlib.comp_32bit
Compiling module xil_defaultlib.max4to1_32bit
Compiling module xil_defaultlib.max_tb
Compiling module xil_defaultlib.glbl
Built simulation snapshot max_tb_behav
INFO: [USF-XSim-69] 'elaborate' step finished in '3' seconds
Time resolution is 1 ps
relaunch_sim: Time (s): cpu = 00:00:00 ; elapsed = 00:00:08 . Memory (MB): peak = 1692.078 ; gain = 0.000
relaunch_sim
Command: launch_simulation -simset sim_1 -mode behavioral
INFO: [Vivado 12-12493] Simulation top is 'max_tb'
INFO: [Vivado 12-5682] Launching behavioral simulation in 'D:/Dismas/ITB/SemesterVIII/TA2/intelight/intelight.sim/sim_1/behav/xsim'
INFO: [SIM-utils-51] Simulation object is 'sim_1'
INFO: [SIM-utils-72] Using boost library from 'E:/Xilinx/Vivado/2021.1/tps/boost_1_72_0'
INFO: [USF-XSim-7] Finding pre-compiled libraries...
INFO: [USF-XSim-11] File 'E:/Xilinx/Vivado/2021.1/data/xsim/xsim.ini' copied to run dir:'D:/Dismas/ITB/SemesterVIII/TA2/intelight/intelight.sim/sim_1/behav/xsim'
INFO: [SIM-utils-54] Inspecting design source files for 'max_tb' in fileset 'sim_1'...
INFO: [USF-XSim-97] Finding global include files...
INFO: [USF-XSim-98] Fetching design files from 'sim_1'...
INFO: [USF-XSim-2] XSim::Compile design
INFO: [USF-XSim-61] Executing 'COMPILE and ANALYZE' step in 'D:/Dismas/ITB/SemesterVIII/TA2/intelight/intelight.sim/sim_1/behav/xsim'
"xvlog --incr --relax -prj max_tb_vlog.prj"
INFO: [VRFC 10-2263] Analyzing Verilog file "D:/Dismas/ITB/SemesterVIII/TA2/intelight/intelight.srcs/sources_1/new/max_file.v" into library xil_defaultlib
INFO: [VRFC 10-311] analyzing module max4to1_32bit
INFO: [VRFC 10-311] analyzing module comp_32bit
INFO: [VRFC 10-2263] Analyzing Verilog file "D:/Dismas/ITB/SemesterVIII/TA2/intelight/intelight.srcs/sim_1/new/max_tb.v" into library xil_defaultlib
INFO: [VRFC 10-311] analyzing module max_tb
INFO: [USF-XSim-69] 'compile' step finished in '3' seconds
Command: launch_simulation -simset sim_1 -mode behavioral
INFO: [Vivado 12-12493] Simulation top is 'max_tb'
INFO: [Vivado 12-5682] Launching behavioral simulation in 'D:/Dismas/ITB/SemesterVIII/TA2/intelight/intelight.sim/sim_1/behav/xsim'
INFO: [USF-XSim-3] XSim::Elaborate design
INFO: [USF-XSim-61] Executing 'ELABORATE' step in 'D:/Dismas/ITB/SemesterVIII/TA2/intelight/intelight.sim/sim_1/behav/xsim'
"xelab -wto b00e1b8b0c4a4a169364327d9be69cf7 --incr --debug typical --relax --mt 2 -L xil_defaultlib -L unisims_ver -L unimacro_ver -L secureip -L xpm --snapshot max_tb_behav xil_defaultlib.max_tb xil_defaultlib.glbl -log elaborate.log"
Vivado Simulator v2021.1
Copyright 1986-1999, 2001-2021 Xilinx, Inc. All Rights Reserved.
Running: E:/Xilinx/Vivado/2021.1/bin/unwrapped/win64.o/xelab.exe -wto b00e1b8b0c4a4a169364327d9be69cf7 --incr --debug typical --relax --mt 2 -L xil_defaultlib -L unisims_ver -L unimacro_ver -L secureip -L xpm --snapshot max_tb_behav xil_defaultlib.max_tb xil_defaultlib.glbl -log elaborate.log 
Using 2 slave threads.
Starting static elaboration
Pass Through NonSizing Optimizer
Completed static elaboration
Starting simulation data flow analysis
Completed simulation data flow analysis
Time Resolution for simulation is 1ps
Compiling module xil_defaultlib.comp_32bit
Compiling module xil_defaultlib.max4to1_32bit
Compiling module xil_defaultlib.max_tb
Compiling module xil_defaultlib.glbl
Built simulation snapshot max_tb_behav
INFO: [USF-XSim-69] 'elaborate' step finished in '3' seconds
Time resolution is 1 ps
relaunch_sim: Time (s): cpu = 00:00:00 ; elapsed = 00:00:10 . Memory (MB): peak = 1692.078 ; gain = 0.000
close_sim
INFO: [Simtcl 6-16] Simulation closed
set_property top comp_tb [get_filesets sim_1]
set_property top_lib xil_defaultlib [get_filesets sim_1]
update_compile_order -fileset sim_1
update_module_reference system_PG_0_0
INFO: [IP_Flow 19-234] Refreshing IP repositories
WARNING: [IP_Flow 19-2248] Failed to load user IP repository 'd:/Dismas/ITB/SemesterVIII/TA2/ip_repo/intelight_ip_1.0'; Can't find the specified path.
If this directory should no longer be in your list of user repositories, go to the IP Settings dialog and remove it.
Upgrading 'D:/Dismas/ITB/SemesterVIII/TA2/intelight/intelight.srcs/sources_1/bd/system/system.bd'
INFO: [IP_Flow 19-1972] Upgraded system_PG_0_0 from PG_v1_0 1.0 to PG_v1_0 1.0
Wrote  : <D:\Dismas\ITB\SemesterVIII\TA2\intelight\intelight.srcs\sources_1\bd\system\system.bd> 
Wrote  : <D:/Dismas/ITB/SemesterVIII/TA2/intelight/intelight.srcs/sources_1/bd/system/ui/bd_c954508f.ui> 
update_module_reference system_QA_0_0
INFO: [IP_Flow 19-5107] Inferred bus interface 'rst' of definition 'xilinx.com:signal:reset:1.0' (from Xilinx Repository).
INFO: [IP_Flow 19-5107] Inferred bus interface 'clk' of definition 'xilinx.com:signal:clock:1.0' (from Xilinx Repository).
INFO: [IP_Flow 19-4728] Bus Interface 'clk': Added interface parameter 'ASSOCIATED_RESET' with value 'rst'.
WARNING: [IP_Flow 19-5661] Bus Interface 'clk' does not have any bus interfaces associated with it.
INFO: [IP_Flow 19-234] Refreshing IP repositories
WARNING: [IP_Flow 19-2248] Failed to load user IP repository 'd:/Dismas/ITB/SemesterVIII/TA2/ip_repo/intelight_ip_1.0'; Can't find the specified path.
If this directory should no longer be in your list of user repositories, go to the IP Settings dialog and remove it.
Upgrading 'D:/Dismas/ITB/SemesterVIII/TA2/intelight/intelight.srcs/sources_1/bd/system/system.bd'
INFO: [IP_Flow 19-1972] Upgraded system_QA_0_0 from QA_v1_0 1.0 to QA_v1_0 1.0
Wrote  : <D:\Dismas\ITB\SemesterVIII\TA2\intelight\intelight.srcs\sources_1\bd\system\system.bd> 
Wrote  : <D:/Dismas/ITB/SemesterVIII/TA2/intelight/intelight.srcs/sources_1/bd/system/ui/bd_c954508f.ui> 
launch_simulation
Command: launch_simulation 
INFO: [Vivado 12-12493] Simulation top is 'comp_tb'
INFO: [Vivado 12-5682] Launching behavioral simulation in 'D:/Dismas/ITB/SemesterVIII/TA2/intelight/intelight.sim/sim_1/behav/xsim'
INFO: [SIM-utils-51] Simulation object is 'sim_1'
INFO: [SIM-utils-72] Using boost library from 'E:/Xilinx/Vivado/2021.1/tps/boost_1_72_0'
INFO: [USF-XSim-7] Finding pre-compiled libraries...
INFO: [USF-XSim-11] File 'E:/Xilinx/Vivado/2021.1/data/xsim/xsim.ini' copied to run dir:'D:/Dismas/ITB/SemesterVIII/TA2/intelight/intelight.sim/sim_1/behav/xsim'
INFO: [SIM-utils-54] Inspecting design source files for 'comp_tb' in fileset 'sim_1'...
INFO: [USF-XSim-97] Finding global include files...
INFO: [USF-XSim-98] Fetching design files from 'sim_1'...
INFO: [USF-XSim-2] XSim::Compile design
INFO: [USF-XSim-61] Executing 'COMPILE and ANALYZE' step in 'D:/Dismas/ITB/SemesterVIII/TA2/intelight/intelight.sim/sim_1/behav/xsim'
"xvlog --incr --relax -prj comp_tb_vlog.prj"
INFO: [VRFC 10-2263] Analyzing Verilog file "D:/Dismas/ITB/SemesterVIII/TA2/intelight/intelight.srcs/sim_1/new/comp_tb.v" into library xil_defaultlib
INFO: [VRFC 10-311] analyzing module comp_tb
INFO: [USF-XSim-69] 'compile' step finished in '2' seconds
INFO: [USF-XSim-3] XSim::Elaborate design
INFO: [USF-XSim-61] Executing 'ELABORATE' step in 'D:/Dismas/ITB/SemesterVIII/TA2/intelight/intelight.sim/sim_1/behav/xsim'
"xelab -wto b00e1b8b0c4a4a169364327d9be69cf7 --incr --debug typical --relax --mt 2 -L xil_defaultlib -L unisims_ver -L unimacro_ver -L secureip -L xpm --snapshot comp_tb_behav xil_defaultlib.comp_tb xil_defaultlib.glbl -log elaborate.log"
Vivado Simulator v2021.1
Copyright 1986-1999, 2001-2021 Xilinx, Inc. All Rights Reserved.
Running: E:/Xilinx/Vivado/2021.1/bin/unwrapped/win64.o/xelab.exe -wto b00e1b8b0c4a4a169364327d9be69cf7 --incr --debug typical --relax --mt 2 -L xil_defaultlib -L unisims_ver -L unimacro_ver -L secureip -L xpm --snapshot comp_tb_behav xil_defaultlib.comp_tb xil_defaultlib.glbl -log elaborate.log 
Using 2 slave threads.
Starting static elaboration
Pass Through NonSizing Optimizer
Completed static elaboration
Starting simulation data flow analysis
Completed simulation data flow analysis
Time Resolution for simulation is 1ps
Compiling module xil_defaultlib.comp_32bit
Compiling module xil_defaultlib.comp_tb
Compiling module xil_defaultlib.glbl
Built simulation snapshot comp_tb_behav

****** Webtalk v2021.1 (64-bit)
  **** SW Build 3247384 on Thu Jun 10 19:36:33 MDT 2021
  **** IP Build 3246043 on Fri Jun 11 00:30:35 MDT 2021
    ** Copyright 1986-2021 Xilinx, Inc. All Rights Reserved.

source D:/Dismas/ITB/SemesterVIII/TA2/intelight/intelight.sim/sim_1/behav/xsim/xsim.dir/comp_tb_behav/webtalk/xsim_webtalk.tcl -notrace
INFO: [Common 17-186] 'D:/Dismas/ITB/SemesterVIII/TA2/intelight/intelight.sim/sim_1/behav/xsim/xsim.dir/comp_tb_behav/webtalk/usage_statistics_ext_xsim.xml' has been successfully sent to Xilinx on Tue Feb 22 15:52:58 2022. For additional details about this file, please refer to the WebTalk help file at E:/Xilinx/Vivado/2021.1/doc/webtalk_introduction.html.
webtalk_transmit: Time (s): cpu = 00:00:00 ; elapsed = 00:00:05 . Memory (MB): peak = 86.309 ; gain = 4.598
INFO: [Common 17-206] Exiting Webtalk at Tue Feb 22 15:52:58 2022...
run_program: Time (s): cpu = 00:00:00 ; elapsed = 00:00:10 . Memory (MB): peak = 1692.078 ; gain = 0.000
INFO: [USF-XSim-69] 'elaborate' step finished in '11' seconds
INFO: [USF-XSim-4] XSim::Simulate design
INFO: [USF-XSim-61] Executing 'SIMULATE' step in 'D:/Dismas/ITB/SemesterVIII/TA2/intelight/intelight.sim/sim_1/behav/xsim'
INFO: [USF-XSim-98] *** Running xsim
   with args "comp_tb_behav -key {Behavioral:sim_1:Functional:comp_tb} -tclbatch {comp_tb.tcl} -log {simulate.log}"
INFO: [USF-XSim-8] Loading simulator feature
Time resolution is 1 ps
source comp_tb.tcl
# set curr_wave [current_wave_config]
# if { [string length $curr_wave] == 0 } {
#   if { [llength [get_objects]] > 0} {
#     add_wave /
#     set_property needs_save false [current_wave_config]
#   } else {
#      send_msg_id Add_Wave-1 WARNING "No top level signals found. Simulator will start without a wave window. If you want to open a wave window go to 'File->New Waveform Configuration' or type 'create_wave_config' in the TCL console."
#   }
# }
# run 1000ns
INFO: [USF-XSim-96] XSim completed. Design snapshot 'comp_tb_behav' loaded.
INFO: [USF-XSim-97] XSim simulation ran for 1000ns
launch_simulation: Time (s): cpu = 00:00:03 ; elapsed = 00:00:15 . Memory (MB): peak = 1692.078 ; gain = 0.000
close_sim
INFO: [Simtcl 6-16] Simulation closed
close_sim: Time (s): cpu = 00:00:01 ; elapsed = 00:00:09 . Memory (MB): peak = 1692.078 ; gain = 0.000
set_property top mux_tb [get_filesets sim_1]
set_property top_lib xil_defaultlib [get_filesets sim_1]
update_compile_order -fileset sim_1
launch_simulation
Command: launch_simulation 
INFO: [Vivado 12-12493] Simulation top is 'mux_tb'
INFO: [Vivado 12-5682] Launching behavioral simulation in 'D:/Dismas/ITB/SemesterVIII/TA2/intelight/intelight.sim/sim_1/behav/xsim'
INFO: [SIM-utils-51] Simulation object is 'sim_1'
INFO: [SIM-utils-72] Using boost library from 'E:/Xilinx/Vivado/2021.1/tps/boost_1_72_0'
INFO: [USF-XSim-7] Finding pre-compiled libraries...
INFO: [USF-XSim-11] File 'E:/Xilinx/Vivado/2021.1/data/xsim/xsim.ini' copied to run dir:'D:/Dismas/ITB/SemesterVIII/TA2/intelight/intelight.sim/sim_1/behav/xsim'
INFO: [SIM-utils-54] Inspecting design source files for 'mux_tb' in fileset 'sim_1'...
INFO: [USF-XSim-97] Finding global include files...
INFO: [USF-XSim-98] Fetching design files from 'sim_1'...
INFO: [USF-XSim-2] XSim::Compile design
INFO: [USF-XSim-61] Executing 'COMPILE and ANALYZE' step in 'D:/Dismas/ITB/SemesterVIII/TA2/intelight/intelight.sim/sim_1/behav/xsim'
"xvlog --incr --relax -prj mux_tb_vlog.prj"
INFO: [VRFC 10-2263] Analyzing Verilog file "D:/Dismas/ITB/SemesterVIII/TA2/intelight/intelight.srcs/sources_1/new/mux_file.v" into library xil_defaultlib
INFO: [VRFC 10-311] analyzing module mux2to1_32bit
INFO: [VRFC 10-311] analyzing module mux2to1_2bit
INFO: [VRFC 10-311] analyzing module mux4to1_32bit
INFO: [VRFC 10-2263] Analyzing Verilog file "D:/Dismas/ITB/SemesterVIII/TA2/intelight/intelight.srcs/sim_1/new/mux_tb.v" into library xil_defaultlib
INFO: [VRFC 10-311] analyzing module mux_tb
INFO: [USF-XSim-69] 'compile' step finished in '2' seconds
INFO: [USF-XSim-3] XSim::Elaborate design
INFO: [USF-XSim-61] Executing 'ELABORATE' step in 'D:/Dismas/ITB/SemesterVIII/TA2/intelight/intelight.sim/sim_1/behav/xsim'
"xelab -wto b00e1b8b0c4a4a169364327d9be69cf7 --incr --debug typical --relax --mt 2 -L xil_defaultlib -L unisims_ver -L unimacro_ver -L secureip -L xpm --snapshot mux_tb_behav xil_defaultlib.mux_tb xil_defaultlib.glbl -log elaborate.log"
Vivado Simulator v2021.1
Copyright 1986-1999, 2001-2021 Xilinx, Inc. All Rights Reserved.
Running: E:/Xilinx/Vivado/2021.1/bin/unwrapped/win64.o/xelab.exe -wto b00e1b8b0c4a4a169364327d9be69cf7 --incr --debug typical --relax --mt 2 -L xil_defaultlib -L unisims_ver -L unimacro_ver -L secureip -L xpm --snapshot mux_tb_behav xil_defaultlib.mux_tb xil_defaultlib.glbl -log elaborate.log 
Using 2 slave threads.
Starting static elaboration
Pass Through NonSizing Optimizer
Completed static elaboration
Starting simulation data flow analysis
Completed simulation data flow analysis
Time Resolution for simulation is 1ps
Compiling module xil_defaultlib.mux2to1_32bit
Compiling module xil_defaultlib.mux_tb
Compiling module xil_defaultlib.glbl
Built simulation snapshot mux_tb_behav

****** Webtalk v2021.1 (64-bit)
  **** SW Build 3247384 on Thu Jun 10 19:36:33 MDT 2021
  **** IP Build 3246043 on Fri Jun 11 00:30:35 MDT 2021
    ** Copyright 1986-2021 Xilinx, Inc. All Rights Reserved.

source D:/Dismas/ITB/SemesterVIII/TA2/intelight/intelight.sim/sim_1/behav/xsim/xsim.dir/mux_tb_behav/webtalk/xsim_webtalk.tcl -notrace
INFO: [Common 17-186] 'D:/Dismas/ITB/SemesterVIII/TA2/intelight/intelight.sim/sim_1/behav/xsim/xsim.dir/mux_tb_behav/webtalk/usage_statistics_ext_xsim.xml' has been successfully sent to Xilinx on Tue Feb 22 15:59:59 2022. For additional details about this file, please refer to the WebTalk help file at E:/Xilinx/Vivado/2021.1/doc/webtalk_introduction.html.
webtalk_transmit: Time (s): cpu = 00:00:00 ; elapsed = 00:00:05 . Memory (MB): peak = 86.305 ; gain = 4.957
INFO: [Common 17-206] Exiting Webtalk at Tue Feb 22 15:59:59 2022...
run_program: Time (s): cpu = 00:00:00 ; elapsed = 00:00:10 . Memory (MB): peak = 1692.078 ; gain = 0.000
INFO: [USF-XSim-69] 'elaborate' step finished in '10' seconds
INFO: [USF-XSim-4] XSim::Simulate design
INFO: [USF-XSim-61] Executing 'SIMULATE' step in 'D:/Dismas/ITB/SemesterVIII/TA2/intelight/intelight.sim/sim_1/behav/xsim'
INFO: [USF-XSim-98] *** Running xsim
   with args "mux_tb_behav -key {Behavioral:sim_1:Functional:mux_tb} -tclbatch {mux_tb.tcl} -log {simulate.log}"
INFO: [USF-XSim-8] Loading simulator feature
Time resolution is 1 ps
source mux_tb.tcl
# set curr_wave [current_wave_config]
# if { [string length $curr_wave] == 0 } {
#   if { [llength [get_objects]] > 0} {
#     add_wave /
#     set_property needs_save false [current_wave_config]
#   } else {
#      send_msg_id Add_Wave-1 WARNING "No top level signals found. Simulator will start without a wave window. If you want to open a wave window go to 'File->New Waveform Configuration' or type 'create_wave_config' in the TCL console."
#   }
# }
# run 1000ns
INFO: [USF-XSim-96] XSim completed. Design snapshot 'mux_tb_behav' loaded.
INFO: [USF-XSim-97] XSim simulation ran for 1000ns
launch_simulation: Time (s): cpu = 00:00:02 ; elapsed = 00:00:15 . Memory (MB): peak = 1692.078 ; gain = 0.000
set_property SOURCE_SET sources_1 [get_filesets sim_1]
close [ open D:/Dismas/ITB/SemesterVIII/TA2/intelight/intelight.srcs/sim_1/new/PG_tb.v w ]
add_files -fileset sim_1 D:/Dismas/ITB/SemesterVIII/TA2/intelight/intelight.srcs/sim_1/new/PG_tb.v
update_compile_order -fileset sim_1
set_property top PG_tb [get_filesets sim_1]
set_property top_lib xil_defaultlib [get_filesets sim_1]
update_compile_order -fileset sim_1
launch_simulation
Command: launch_simulation 
INFO: [Vivado 12-12493] Simulation top is 'PG_tb'
boost::filesystem::remove: The process cannot access the file because it is being used by another process: "D:/Dismas/ITB/SemesterVIII/TA2/intelight/intelight.sim/sim_1/behav/xsim/simulate.log"
close_sim
INFO: [Simtcl 6-16] Simulation closed
close_sim: Time (s): cpu = 00:00:02 ; elapsed = 00:00:11 . Memory (MB): peak = 1692.078 ; gain = 0.000
launch_simulation
Command: launch_simulation 
INFO: [Vivado 12-12493] Simulation top is 'PG_tb'
INFO: [Vivado 12-5682] Launching behavioral simulation in 'D:/Dismas/ITB/SemesterVIII/TA2/intelight/intelight.sim/sim_1/behav/xsim'
INFO: [SIM-utils-51] Simulation object is 'sim_1'
INFO: [SIM-utils-72] Using boost library from 'E:/Xilinx/Vivado/2021.1/tps/boost_1_72_0'
INFO: [USF-XSim-7] Finding pre-compiled libraries...
INFO: [USF-XSim-11] File 'E:/Xilinx/Vivado/2021.1/data/xsim/xsim.ini' copied to run dir:'D:/Dismas/ITB/SemesterVIII/TA2/intelight/intelight.sim/sim_1/behav/xsim'
INFO: [SIM-utils-54] Inspecting design source files for 'PG_tb' in fileset 'sim_1'...
INFO: [USF-XSim-97] Finding global include files...
INFO: [USF-XSim-98] Fetching design files from 'sim_1'...
INFO: [USF-XSim-2] XSim::Compile design
INFO: [USF-XSim-61] Executing 'COMPILE and ANALYZE' step in 'D:/Dismas/ITB/SemesterVIII/TA2/intelight/intelight.sim/sim_1/behav/xsim'
"xvlog --incr --relax -prj PG_tb_vlog.prj"
INFO: [VRFC 10-2263] Analyzing Verilog file "D:/Dismas/ITB/SemesterVIII/TA2/intelight/intelight.srcs/sources_1/new/PG.v" into library xil_defaultlib
INFO: [VRFC 10-311] analyzing module PG
INFO: [VRFC 10-2263] Analyzing Verilog file "D:/Dismas/ITB/SemesterVIII/TA2/intelight/intelight.srcs/sim_1/new/PG_tb.v" into library xil_defaultlib
INFO: [VRFC 10-311] analyzing module PG_tb
INFO: [USF-XSim-69] 'compile' step finished in '4' seconds
INFO: [USF-XSim-3] XSim::Elaborate design
INFO: [USF-XSim-61] Executing 'ELABORATE' step in 'D:/Dismas/ITB/SemesterVIII/TA2/intelight/intelight.sim/sim_1/behav/xsim'
"xelab -wto b00e1b8b0c4a4a169364327d9be69cf7 --incr --debug typical --relax --mt 2 -L xil_defaultlib -L unisims_ver -L unimacro_ver -L secureip -L xpm --snapshot PG_tb_behav xil_defaultlib.PG_tb xil_defaultlib.glbl -log elaborate.log"
Vivado Simulator v2021.1
Copyright 1986-1999, 2001-2021 Xilinx, Inc. All Rights Reserved.
Running: E:/Xilinx/Vivado/2021.1/bin/unwrapped/win64.o/xelab.exe -wto b00e1b8b0c4a4a169364327d9be69cf7 --incr --debug typical --relax --mt 2 -L xil_defaultlib -L unisims_ver -L unimacro_ver -L secureip -L xpm --snapshot PG_tb_behav xil_defaultlib.PG_tb xil_defaultlib.glbl -log elaborate.log 
Using 2 slave threads.
Starting static elaboration
Pass Through NonSizing Optimizer
Completed static elaboration
Starting simulation data flow analysis
Completed simulation data flow analysis
Time Resolution for simulation is 1ps
Compiling module xil_defaultlib.comp_32bit
Compiling module xil_defaultlib.max4to1_32bit
Compiling module xil_defaultlib.mux2to1_2bit
Compiling module xil_defaultlib.PG
Compiling module xil_defaultlib.PG_tb
Compiling module xil_defaultlib.glbl
Built simulation snapshot PG_tb_behav

****** Webtalk v2021.1 (64-bit)
  **** SW Build 3247384 on Thu Jun 10 19:36:33 MDT 2021
  **** IP Build 3246043 on Fri Jun 11 00:30:35 MDT 2021
    ** Copyright 1986-2021 Xilinx, Inc. All Rights Reserved.

source D:/Dismas/ITB/SemesterVIII/TA2/intelight/intelight.sim/sim_1/behav/xsim/xsim.dir/PG_tb_behav/webtalk/xsim_webtalk.tcl -notrace
INFO: [Common 17-186] 'D:/Dismas/ITB/SemesterVIII/TA2/intelight/intelight.sim/sim_1/behav/xsim/xsim.dir/PG_tb_behav/webtalk/usage_statistics_ext_xsim.xml' has been successfully sent to Xilinx on Tue Feb 22 23:04:27 2022. For additional details about this file, please refer to the WebTalk help file at E:/Xilinx/Vivado/2021.1/doc/webtalk_introduction.html.
webtalk_transmit: Time (s): cpu = 00:00:00 ; elapsed = 00:00:05 . Memory (MB): peak = 86.219 ; gain = 4.535
INFO: [Common 17-206] Exiting Webtalk at Tue Feb 22 23:04:27 2022...
run_program: Time (s): cpu = 00:00:00 ; elapsed = 00:00:14 . Memory (MB): peak = 1692.078 ; gain = 0.000
INFO: [USF-XSim-69] 'elaborate' step finished in '14' seconds
INFO: [USF-XSim-4] XSim::Simulate design
INFO: [USF-XSim-61] Executing 'SIMULATE' step in 'D:/Dismas/ITB/SemesterVIII/TA2/intelight/intelight.sim/sim_1/behav/xsim'
INFO: [USF-XSim-98] *** Running xsim
   with args "PG_tb_behav -key {Behavioral:sim_1:Functional:PG_tb} -tclbatch {PG_tb.tcl} -log {simulate.log}"
INFO: [USF-XSim-8] Loading simulator feature
Time resolution is 1 ps
source PG_tb.tcl
# set curr_wave [current_wave_config]
# if { [string length $curr_wave] == 0 } {
#   if { [llength [get_objects]] > 0} {
#     add_wave /
#     set_property needs_save false [current_wave_config]
#   } else {
#      send_msg_id Add_Wave-1 WARNING "No top level signals found. Simulator will start without a wave window. If you want to open a wave window go to 'File->New Waveform Configuration' or type 'create_wave_config' in the TCL console."
#   }
# }
# run 1000ns
INFO: [USF-XSim-96] XSim completed. Design snapshot 'PG_tb_behav' loaded.
INFO: [USF-XSim-97] XSim simulation ran for 1000ns
launch_simulation: Time (s): cpu = 00:00:03 ; elapsed = 00:00:23 . Memory (MB): peak = 1692.078 ; gain = 0.000
relaunch_sim
suspend_sim: Time (s): cpu = 00:00:00 ; elapsed = 00:00:08 . Memory (MB): peak = 1692.078 ; gain = 0.000
Command: launch_simulation -simset sim_1 -mode behavioral
INFO: [Vivado 12-12493] Simulation top is 'PG_tb'
INFO: [Vivado 12-5682] Launching behavioral simulation in 'D:/Dismas/ITB/SemesterVIII/TA2/intelight/intelight.sim/sim_1/behav/xsim'
INFO: [SIM-utils-51] Simulation object is 'sim_1'
INFO: [SIM-utils-72] Using boost library from 'E:/Xilinx/Vivado/2021.1/tps/boost_1_72_0'
INFO: [USF-XSim-7] Finding pre-compiled libraries...
INFO: [USF-XSim-11] File 'E:/Xilinx/Vivado/2021.1/data/xsim/xsim.ini' copied to run dir:'D:/Dismas/ITB/SemesterVIII/TA2/intelight/intelight.sim/sim_1/behav/xsim'
INFO: [SIM-utils-54] Inspecting design source files for 'PG_tb' in fileset 'sim_1'...
INFO: [USF-XSim-97] Finding global include files...
INFO: [USF-XSim-98] Fetching design files from 'sim_1'...
INFO: [USF-XSim-2] XSim::Compile design
INFO: [USF-XSim-61] Executing 'COMPILE and ANALYZE' step in 'D:/Dismas/ITB/SemesterVIII/TA2/intelight/intelight.sim/sim_1/behav/xsim'
"xvlog --incr --relax -prj PG_tb_vlog.prj"
INFO: [VRFC 10-2263] Analyzing Verilog file "D:/Dismas/ITB/SemesterVIII/TA2/intelight/intelight.srcs/sources_1/new/PG.v" into library xil_defaultlib
INFO: [VRFC 10-311] analyzing module PG
INFO: [VRFC 10-2263] Analyzing Verilog file "D:/Dismas/ITB/SemesterVIII/TA2/intelight/intelight.srcs/sources_1/new/max_file.v" into library xil_defaultlib
INFO: [VRFC 10-311] analyzing module max4to1_32bit
INFO: [VRFC 10-311] analyzing module comp_32bit
INFO: [VRFC 10-2263] Analyzing Verilog file "D:/Dismas/ITB/SemesterVIII/TA2/intelight/intelight.srcs/sources_1/new/mux_file.v" into library xil_defaultlib
INFO: [VRFC 10-311] analyzing module mux2to1_32bit
INFO: [VRFC 10-311] analyzing module mux2to1_2bit
INFO: [VRFC 10-311] analyzing module mux4to1_32bit
INFO: [VRFC 10-2263] Analyzing Verilog file "D:/Dismas/ITB/SemesterVIII/TA2/intelight/intelight.srcs/sim_1/new/PG_tb.v" into library xil_defaultlib
INFO: [VRFC 10-311] analyzing module PG_tb
WARNING: [VRFC 10-8497] literal value 'd4 truncated to fit in 2 bits [D:/Dismas/ITB/SemesterVIII/TA2/intelight/intelight.srcs/sim_1/new/PG_tb.v:47]
INFO: [USF-XSim-69] 'compile' step finished in '3' seconds
Command: launch_simulation -simset sim_1 -mode behavioral
INFO: [Vivado 12-12493] Simulation top is 'PG_tb'
INFO: [Vivado 12-5682] Launching behavioral simulation in 'D:/Dismas/ITB/SemesterVIII/TA2/intelight/intelight.sim/sim_1/behav/xsim'
INFO: [USF-XSim-3] XSim::Elaborate design
INFO: [USF-XSim-61] Executing 'ELABORATE' step in 'D:/Dismas/ITB/SemesterVIII/TA2/intelight/intelight.sim/sim_1/behav/xsim'
"xelab -wto b00e1b8b0c4a4a169364327d9be69cf7 --incr --debug typical --relax --mt 2 -L xil_defaultlib -L unisims_ver -L unimacro_ver -L secureip -L xpm --snapshot PG_tb_behav xil_defaultlib.PG_tb xil_defaultlib.glbl -log elaborate.log"
Vivado Simulator v2021.1
Copyright 1986-1999, 2001-2021 Xilinx, Inc. All Rights Reserved.
Running: E:/Xilinx/Vivado/2021.1/bin/unwrapped/win64.o/xelab.exe -wto b00e1b8b0c4a4a169364327d9be69cf7 --incr --debug typical --relax --mt 2 -L xil_defaultlib -L unisims_ver -L unimacro_ver -L secureip -L xpm --snapshot PG_tb_behav xil_defaultlib.PG_tb xil_defaultlib.glbl -log elaborate.log 
Using 2 slave threads.
Starting static elaboration
Pass Through NonSizing Optimizer
Completed static elaboration
Starting simulation data flow analysis
Completed simulation data flow analysis
Time Resolution for simulation is 1ps
Compiling module xil_defaultlib.comp_32bit
Compiling module xil_defaultlib.max4to1_32bit
Compiling module xil_defaultlib.mux2to1_2bit
Compiling module xil_defaultlib.PG
Compiling module xil_defaultlib.PG_tb
Compiling module xil_defaultlib.glbl
Built simulation snapshot PG_tb_behav
INFO: [USF-XSim-69] 'elaborate' step finished in '3' seconds
Time resolution is 1 ps
relaunch_sim: Time (s): cpu = 00:00:01 ; elapsed = 00:00:16 . Memory (MB): peak = 1692.078 ; gain = 0.000
relaunch_sim
Command: launch_simulation -simset sim_1 -mode behavioral
INFO: [Vivado 12-12493] Simulation top is 'PG_tb'
INFO: [Vivado 12-5682] Launching behavioral simulation in 'D:/Dismas/ITB/SemesterVIII/TA2/intelight/intelight.sim/sim_1/behav/xsim'
INFO: [SIM-utils-51] Simulation object is 'sim_1'
INFO: [SIM-utils-72] Using boost library from 'E:/Xilinx/Vivado/2021.1/tps/boost_1_72_0'
INFO: [USF-XSim-7] Finding pre-compiled libraries...
INFO: [USF-XSim-11] File 'E:/Xilinx/Vivado/2021.1/data/xsim/xsim.ini' copied to run dir:'D:/Dismas/ITB/SemesterVIII/TA2/intelight/intelight.sim/sim_1/behav/xsim'
INFO: [SIM-utils-54] Inspecting design source files for 'PG_tb' in fileset 'sim_1'...
INFO: [USF-XSim-97] Finding global include files...
INFO: [USF-XSim-98] Fetching design files from 'sim_1'...
INFO: [USF-XSim-2] XSim::Compile design
INFO: [USF-XSim-61] Executing 'COMPILE and ANALYZE' step in 'D:/Dismas/ITB/SemesterVIII/TA2/intelight/intelight.sim/sim_1/behav/xsim'
"xvlog --incr --relax -prj PG_tb_vlog.prj"
INFO: [VRFC 10-2263] Analyzing Verilog file "D:/Dismas/ITB/SemesterVIII/TA2/intelight/intelight.srcs/sources_1/new/PG.v" into library xil_defaultlib
INFO: [VRFC 10-311] analyzing module PG
INFO: [VRFC 10-2263] Analyzing Verilog file "D:/Dismas/ITB/SemesterVIII/TA2/intelight/intelight.srcs/sources_1/new/max_file.v" into library xil_defaultlib
INFO: [VRFC 10-311] analyzing module max4to1_32bit
INFO: [VRFC 10-311] analyzing module comp_32bit
INFO: [VRFC 10-2263] Analyzing Verilog file "D:/Dismas/ITB/SemesterVIII/TA2/intelight/intelight.srcs/sources_1/new/mux_file.v" into library xil_defaultlib
INFO: [VRFC 10-311] analyzing module mux2to1_32bit
INFO: [VRFC 10-311] analyzing module mux2to1_2bit
INFO: [VRFC 10-311] analyzing module mux4to1_32bit
INFO: [VRFC 10-2263] Analyzing Verilog file "D:/Dismas/ITB/SemesterVIII/TA2/intelight/intelight.srcs/sim_1/new/PG_tb.v" into library xil_defaultlib
INFO: [VRFC 10-311] analyzing module PG_tb
INFO: [USF-XSim-69] 'compile' step finished in '2' seconds
Command: launch_simulation -simset sim_1 -mode behavioral
INFO: [Vivado 12-12493] Simulation top is 'PG_tb'
INFO: [Vivado 12-5682] Launching behavioral simulation in 'D:/Dismas/ITB/SemesterVIII/TA2/intelight/intelight.sim/sim_1/behav/xsim'
INFO: [USF-XSim-3] XSim::Elaborate design
INFO: [USF-XSim-61] Executing 'ELABORATE' step in 'D:/Dismas/ITB/SemesterVIII/TA2/intelight/intelight.sim/sim_1/behav/xsim'
"xelab -wto b00e1b8b0c4a4a169364327d9be69cf7 --incr --debug typical --relax --mt 2 -L xil_defaultlib -L unisims_ver -L unimacro_ver -L secureip -L xpm --snapshot PG_tb_behav xil_defaultlib.PG_tb xil_defaultlib.glbl -log elaborate.log"
Vivado Simulator v2021.1
Copyright 1986-1999, 2001-2021 Xilinx, Inc. All Rights Reserved.
Running: E:/Xilinx/Vivado/2021.1/bin/unwrapped/win64.o/xelab.exe -wto b00e1b8b0c4a4a169364327d9be69cf7 --incr --debug typical --relax --mt 2 -L xil_defaultlib -L unisims_ver -L unimacro_ver -L secureip -L xpm --snapshot PG_tb_behav xil_defaultlib.PG_tb xil_defaultlib.glbl -log elaborate.log 
Using 2 slave threads.
Starting static elaboration
Pass Through NonSizing Optimizer
Completed static elaboration
Starting simulation data flow analysis
Completed simulation data flow analysis
Time Resolution for simulation is 1ps
Compiling module xil_defaultlib.comp_32bit
Compiling module xil_defaultlib.max4to1_32bit
Compiling module xil_defaultlib.mux2to1_2bit
Compiling module xil_defaultlib.PG
Compiling module xil_defaultlib.PG_tb
Compiling module xil_defaultlib.glbl
Built simulation snapshot PG_tb_behav
INFO: [USF-XSim-69] 'elaborate' step finished in '3' seconds
Time resolution is 1 ps
relaunch_sim: Time (s): cpu = 00:00:01 ; elapsed = 00:00:08 . Memory (MB): peak = 1692.078 ; gain = 0.000
close_sim
INFO: [Simtcl 6-16] Simulation closed
exit
INFO: [Common 17-206] Exiting Vivado at Tue Feb 22 23:09:27 2022...
