#-----------------------------------------------------------
# Vivado v2021.1 (64-bit)
# SW Build 3247384 on Thu Jun 10 19:36:33 MDT 2021
# IP Build 3246043 on Fri Jun 11 00:30:35 MDT 2021
# Start of session at: Wed Mar  9 22:22:47 2022
# Process ID: 3504
# Current directory: D:/intelight/intelight
# Command line: vivado.exe -gui_launcher_event rodinguilauncherevent17788 D:\intelight\intelight\intelight.xpr
# Log file: D:/intelight/intelight/vivado.log
# Journal file: D:/intelight/intelight\vivado.jou
#-----------------------------------------------------------
start_gui
open_project D:/intelight/intelight/intelight.xpr
WARNING: [filemgmt 56-3] IP Repository Path: Could not find the directory 'D:/intelight/ip_repo/intelight_ip_1.0'.
CRITICAL WARNING: [Project 1-19] Could not find the file 'D:/intelight/intelight/sim_result/AGENT_tb_behav.wcfg'.
CRITICAL WARNING: [Project 1-19] Could not find the file 'D:/intelight/intelight/sim_result/bram_tb_behav.wcfg'.
Scanning sources...
Finished scanning sources
INFO: [IP_Flow 19-234] Refreshing IP repositories
WARNING: [IP_Flow 19-2248] Failed to load user IP repository 'd:/intelight/ip_repo/intelight_ip_1.0'; Can't find the specified path.
If this directory should no longer be in your list of user repositories, go to the IP Settings dialog and remove it.
INFO: [IP_Flow 19-2313] Loaded Vivado IP repository 'C:/Xilinx/Vivado/2021.1/data/ip'.
open_project: Time (s): cpu = 00:00:39 ; elapsed = 00:00:33 . Memory (MB): peak = 1302.379 ; gain = 0.000
update_compile_order -fileset sources_1
exit
INFO: [Common 17-206] Exiting Vivado at Wed Mar  9 22:41:39 2022...
