
*** Running vivado
    with args -log system_QA_0_1.vds -m64 -product Vivado -mode batch -messageDb vivado.pb -notrace -source system_QA_0_1.tcl



****** Vivado v2021.1 (64-bit)
  **** SW Build 3247384 on Thu Jun 10 19:36:33 MDT 2021
  **** IP Build 3246043 on Fri Jun 11 00:30:35 MDT 2021
    ** Copyright 1986-2021 Xilinx, Inc. All Rights Reserved.

source system_QA_0_1.tcl -notrace
INFO: [IP_Flow 19-234] Refreshing IP repositories
WARNING: [IP_Flow 19-3685] Ignored loading user repository 'd:/intelight/ip_repo/intelight_mem_1.0'. The path is contained within another repository.
INFO: [IP_Flow 19-1700] Loaded user IP repository 'd:/intelight/ip_repo'.
WARNING: [IP_Flow 19-3685] Ignored loading user repository 'd:/intelight/ip_repo/intelight_ip_1.0'. The path is contained within another repository.
INFO: [IP_Flow 19-2313] Loaded Vivado IP repository 'C:/Xilinx/Vivado/2021.1/data/ip'.
Command: synth_design -top system_QA_0_1 -part xc7z020clg400-1 -mode out_of_context
Starting synth_design
Attempting to get a license for feature 'Synthesis' and/or device 'xc7z020'
INFO: [Common 17-349] Got license for feature 'Synthesis' and/or device 'xc7z020'
INFO: [Device 21-403] Loading part xc7z020clg400-1
INFO: [Synth 8-7079] Multithreading enabled for synth_design using a maximum of 2 processes.
INFO: [Synth 8-7078] Launching helper process for spawning children vivado processes
INFO: [Synth 8-7075] Helper process launched with PID 20524
---------------------------------------------------------------------------------
Starting RTL Elaboration : Time (s): cpu = 00:00:11 ; elapsed = 00:00:12 . Memory (MB): peak = 1329.070 ; gain = 0.000
---------------------------------------------------------------------------------
INFO: [Synth 8-6157] synthesizing module 'system_QA_0_1' [d:/intelight/intelight/intelight.gen/sources_1/bd/system/ip/system_QA_0_1/synth/system_QA_0_1.v:58]
INFO: [Synth 8-6157] synthesizing module 'QA' [D:/intelight/intelight/intelight.srcs/sources_1/new/QA.v:7]
INFO: [Synth 8-6157] synthesizing module 'max4to1_32bit' [D:/intelight/intelight/intelight.srcs/sources_1/new/max_file.v:3]
INFO: [Synth 8-6157] synthesizing module 'max2to1_32bit' [D:/intelight/intelight/intelight.srcs/sources_1/new/max_file.v:54]
INFO: [Synth 8-6155] done synthesizing module 'max2to1_32bit' (1#1) [D:/intelight/intelight/intelight.srcs/sources_1/new/max_file.v:54]
INFO: [Synth 8-6155] done synthesizing module 'max4to1_32bit' (2#1) [D:/intelight/intelight/intelight.srcs/sources_1/new/max_file.v:3]
INFO: [Synth 8-6157] synthesizing module 'reg_32bit' [D:/intelight/intelight/intelight.srcs/sources_1/new/register_file.v:11]
INFO: [Synth 8-6155] done synthesizing module 'reg_32bit' (3#1) [D:/intelight/intelight/intelight.srcs/sources_1/new/register_file.v:11]
INFO: [Synth 8-6157] synthesizing module 'mux4to1_32bit' [D:/intelight/intelight/intelight.srcs/sources_1/new/mux_file.v:52]
INFO: [Synth 8-6155] done synthesizing module 'mux4to1_32bit' (4#1) [D:/intelight/intelight/intelight.srcs/sources_1/new/mux_file.v:52]
INFO: [Synth 8-6157] synthesizing module 'multiply' [D:/intelight/intelight/intelight.srcs/sources_1/new/arith_file.v:7]
INFO: [Synth 8-6157] synthesizing module 'r_shift' [D:/intelight/intelight/intelight.srcs/sources_1/new/arith_file.v:30]
INFO: [Synth 8-6155] done synthesizing module 'r_shift' (5#1) [D:/intelight/intelight/intelight.srcs/sources_1/new/arith_file.v:30]
INFO: [Synth 8-6157] synthesizing module 'plus' [D:/intelight/intelight/intelight.srcs/sources_1/new/arith_file.v:44]
INFO: [Synth 8-6155] done synthesizing module 'plus' (6#1) [D:/intelight/intelight/intelight.srcs/sources_1/new/arith_file.v:44]
INFO: [Synth 8-6155] done synthesizing module 'multiply' (7#1) [D:/intelight/intelight/intelight.srcs/sources_1/new/arith_file.v:7]
INFO: [Synth 8-6157] synthesizing module 'enabler_32bit' [D:/intelight/intelight/intelight.srcs/sources_1/new/enable_file.v:37]
INFO: [Synth 8-6155] done synthesizing module 'enabler_32bit' (8#1) [D:/intelight/intelight/intelight.srcs/sources_1/new/enable_file.v:37]
INFO: [Synth 8-6155] done synthesizing module 'QA' (9#1) [D:/intelight/intelight/intelight.srcs/sources_1/new/QA.v:7]
INFO: [Synth 8-6155] done synthesizing module 'system_QA_0_1' (10#1) [d:/intelight/intelight/intelight.gen/sources_1/bd/system/ip/system_QA_0_1/synth/system_QA_0_1.v:58]
---------------------------------------------------------------------------------
Finished RTL Elaboration : Time (s): cpu = 00:00:14 ; elapsed = 00:00:15 . Memory (MB): peak = 1329.070 ; gain = 0.000
---------------------------------------------------------------------------------
---------------------------------------------------------------------------------
Start Handling Custom Attributes
---------------------------------------------------------------------------------
---------------------------------------------------------------------------------
Finished Handling Custom Attributes : Time (s): cpu = 00:00:15 ; elapsed = 00:00:16 . Memory (MB): peak = 1329.070 ; gain = 0.000
---------------------------------------------------------------------------------
---------------------------------------------------------------------------------
Finished RTL Optimization Phase 1 : Time (s): cpu = 00:00:15 ; elapsed = 00:00:16 . Memory (MB): peak = 1329.070 ; gain = 0.000
---------------------------------------------------------------------------------
Netlist sorting complete. Time (s): cpu = 00:00:00 ; elapsed = 00:00:00.058 . Memory (MB): peak = 1329.070 ; gain = 0.000
INFO: [Project 1-570] Preparing netlist for logic optimization

Processing XDC Constraints
Initializing timing engine
Completed Processing XDC Constraints

Netlist sorting complete. Time (s): cpu = 00:00:00 ; elapsed = 00:00:00 . Memory (MB): peak = 1360.672 ; gain = 0.000
INFO: [Project 1-111] Unisim Transformation Summary:
No Unisim elements were transformed.

Constraint Validation Runtime : Time (s): cpu = 00:00:00 ; elapsed = 00:00:00.050 . Memory (MB): peak = 1360.727 ; gain = 0.055
---------------------------------------------------------------------------------
Finished Constraint Validation : Time (s): cpu = 00:00:26 ; elapsed = 00:00:28 . Memory (MB): peak = 1360.727 ; gain = 31.656
---------------------------------------------------------------------------------
---------------------------------------------------------------------------------
Start Loading Part and Timing Information
---------------------------------------------------------------------------------
Loading part: xc7z020clg400-1
---------------------------------------------------------------------------------
Finished Loading Part and Timing Information : Time (s): cpu = 00:00:26 ; elapsed = 00:00:28 . Memory (MB): peak = 1360.727 ; gain = 31.656
---------------------------------------------------------------------------------
---------------------------------------------------------------------------------
Start Applying 'set_property' XDC Constraints
---------------------------------------------------------------------------------
---------------------------------------------------------------------------------
Finished applying 'set_property' XDC Constraints : Time (s): cpu = 00:00:26 ; elapsed = 00:00:28 . Memory (MB): peak = 1360.727 ; gain = 31.656
---------------------------------------------------------------------------------
---------------------------------------------------------------------------------
Finished RTL Optimization Phase 2 : Time (s): cpu = 00:00:27 ; elapsed = 00:00:29 . Memory (MB): peak = 1360.727 ; gain = 31.656
---------------------------------------------------------------------------------
---------------------------------------------------------------------------------
Start RTL Component Statistics 
---------------------------------------------------------------------------------
Detailed RTL Component Info : 
+---Adders : 
	   2 Input   32 Bit       Adders := 7     
+---Registers : 
	               32 Bit    Registers := 6     
+---Muxes : 
	   2 Input   32 Bit        Muxes := 34    
	   4 Input   32 Bit        Muxes := 1     
---------------------------------------------------------------------------------
Finished RTL Component Statistics 
---------------------------------------------------------------------------------
---------------------------------------------------------------------------------
Start Part Resource Summary
---------------------------------------------------------------------------------
Part Resources:
DSPs: 220 (col length:60)
BRAMs: 280 (col length: RAMB18 60 RAMB36 30)
---------------------------------------------------------------------------------
Finished Part Resource Summary
---------------------------------------------------------------------------------
---------------------------------------------------------------------------------
Start Cross Boundary and Area Optimization
---------------------------------------------------------------------------------
---------------------------------------------------------------------------------
Finished Cross Boundary and Area Optimization : Time (s): cpu = 00:00:29 ; elapsed = 00:00:31 . Memory (MB): peak = 1360.727 ; gain = 31.656
---------------------------------------------------------------------------------
---------------------------------------------------------------------------------
Start Applying XDC Timing Constraints
---------------------------------------------------------------------------------
---------------------------------------------------------------------------------
Finished Applying XDC Timing Constraints : Time (s): cpu = 00:00:40 ; elapsed = 00:00:42 . Memory (MB): peak = 1360.727 ; gain = 31.656
---------------------------------------------------------------------------------
---------------------------------------------------------------------------------
Start Timing Optimization
---------------------------------------------------------------------------------
---------------------------------------------------------------------------------
Finished Timing Optimization : Time (s): cpu = 00:00:40 ; elapsed = 00:00:42 . Memory (MB): peak = 1360.727 ; gain = 31.656
---------------------------------------------------------------------------------
---------------------------------------------------------------------------------
Start Technology Mapping
---------------------------------------------------------------------------------
---------------------------------------------------------------------------------
Finished Technology Mapping : Time (s): cpu = 00:00:40 ; elapsed = 00:00:42 . Memory (MB): peak = 1360.727 ; gain = 31.656
---------------------------------------------------------------------------------
---------------------------------------------------------------------------------
Start IO Insertion
---------------------------------------------------------------------------------
---------------------------------------------------------------------------------
Start Flattening Before IO Insertion
---------------------------------------------------------------------------------
---------------------------------------------------------------------------------
Finished Flattening Before IO Insertion
---------------------------------------------------------------------------------
---------------------------------------------------------------------------------
Start Final Netlist Cleanup
---------------------------------------------------------------------------------
---------------------------------------------------------------------------------
Finished Final Netlist Cleanup
---------------------------------------------------------------------------------
---------------------------------------------------------------------------------
Finished IO Insertion : Time (s): cpu = 00:00:47 ; elapsed = 00:00:50 . Memory (MB): peak = 1360.727 ; gain = 31.656
---------------------------------------------------------------------------------
---------------------------------------------------------------------------------
Start Renaming Generated Instances
---------------------------------------------------------------------------------
---------------------------------------------------------------------------------
Finished Renaming Generated Instances : Time (s): cpu = 00:00:47 ; elapsed = 00:00:50 . Memory (MB): peak = 1360.727 ; gain = 31.656
---------------------------------------------------------------------------------
---------------------------------------------------------------------------------
Start Rebuilding User Hierarchy
---------------------------------------------------------------------------------
---------------------------------------------------------------------------------
Finished Rebuilding User Hierarchy : Time (s): cpu = 00:00:47 ; elapsed = 00:00:50 . Memory (MB): peak = 1360.727 ; gain = 31.656
---------------------------------------------------------------------------------
---------------------------------------------------------------------------------
Start Renaming Generated Ports
---------------------------------------------------------------------------------
---------------------------------------------------------------------------------
Finished Renaming Generated Ports : Time (s): cpu = 00:00:47 ; elapsed = 00:00:50 . Memory (MB): peak = 1360.727 ; gain = 31.656
---------------------------------------------------------------------------------
---------------------------------------------------------------------------------
Start Handling Custom Attributes
---------------------------------------------------------------------------------
---------------------------------------------------------------------------------
Finished Handling Custom Attributes : Time (s): cpu = 00:00:47 ; elapsed = 00:00:50 . Memory (MB): peak = 1360.727 ; gain = 31.656
---------------------------------------------------------------------------------
---------------------------------------------------------------------------------
Start Renaming Generated Nets
---------------------------------------------------------------------------------
---------------------------------------------------------------------------------
Finished Renaming Generated Nets : Time (s): cpu = 00:00:47 ; elapsed = 00:00:50 . Memory (MB): peak = 1360.727 ; gain = 31.656
---------------------------------------------------------------------------------
---------------------------------------------------------------------------------
Start Writing Synthesis Report
---------------------------------------------------------------------------------

Report BlackBoxes: 
+-+--------------+----------+
| |BlackBox name |Instances |
+-+--------------+----------+
+-+--------------+----------+

Report Cell Usage: 
+-+-----+------+
| |Cell |Count |
+-+-----+------+
+-+-----+------+
---------------------------------------------------------------------------------
Finished Writing Synthesis Report : Time (s): cpu = 00:00:47 ; elapsed = 00:00:50 . Memory (MB): peak = 1360.727 ; gain = 31.656
---------------------------------------------------------------------------------
Synthesis finished with 0 errors, 0 critical warnings and 0 warnings.
Synthesis Optimization Runtime : Time (s): cpu = 00:00:29 ; elapsed = 00:00:46 . Memory (MB): peak = 1360.727 ; gain = 0.000
Synthesis Optimization Complete : Time (s): cpu = 00:00:47 ; elapsed = 00:00:50 . Memory (MB): peak = 1360.727 ; gain = 31.656
INFO: [Project 1-571] Translating synthesized netlist
Netlist sorting complete. Time (s): cpu = 00:00:00 ; elapsed = 00:00:00.003 . Memory (MB): peak = 1360.727 ; gain = 0.000
INFO: [Project 1-570] Preparing netlist for logic optimization
INFO: [Opt 31-138] Pushed 0 inverter(s) to 0 load pin(s).
Netlist sorting complete. Time (s): cpu = 00:00:00 ; elapsed = 00:00:00 . Memory (MB): peak = 1377.211 ; gain = 0.000
INFO: [Project 1-111] Unisim Transformation Summary:
No Unisim elements were transformed.

Synth Design complete, checksum: a6c17b87
INFO: [Common 17-83] Releasing license: Synthesis
35 Infos, 2 Warnings, 0 Critical Warnings and 0 Errors encountered.
synth_design completed successfully
synth_design: Time (s): cpu = 00:00:55 ; elapsed = 00:01:00 . Memory (MB): peak = 1377.211 ; gain = 48.141
INFO: [Common 17-1381] The checkpoint 'D:/intelight/intelight/intelight.runs/system_QA_0_1_synth_1/system_QA_0_1.dcp' has been generated.
INFO: [Coretcl 2-1648] Added synthesis output to IP cache for IP system_QA_0_1, cache-ID = 98d5c3caaecbf3cd
INFO: [Common 17-1381] The checkpoint 'D:/intelight/intelight/intelight.runs/system_QA_0_1_synth_1/system_QA_0_1.dcp' has been generated.
INFO: [runtcl-4] Executing : report_utilization -file system_QA_0_1_utilization_synth.rpt -pb system_QA_0_1_utilization_synth.pb
INFO: [Common 17-206] Exiting Vivado at Thu Mar 24 11:24:45 2022...
