INFO: [VRFC 10-2263] Analyzing Verilog file "D:/intelight/intelight/intelight.sim/sim_1/impl/timing/xsim/testbench_wrapper_tb_time_impl.v" into library xil_defaultlib
INFO: [VRFC 10-311] analyzing module AGENT_imp_YX08AZ
INFO: [VRFC 10-311] analyzing module EV_imp_1QWL980
INFO: [VRFC 10-311] analyzing module PS_imp_10UUVIW
INFO: [VRFC 10-311] analyzing module RAM_0_imp_1H0JBHN
INFO: [VRFC 10-311] analyzing module RAM_1_imp_71Q6AN
INFO: [VRFC 10-311] analyzing module RAM_2_imp_B944OY
INFO: [VRFC 10-311] analyzing module RAM_3_imp_13O527Q
INFO: [VRFC 10-311] analyzing module RAM_Block_imp_N0OGGK
INFO: [VRFC 10-311] analyzing module s00_couplers_imp_KVF13I
INFO: [VRFC 10-311] analyzing module system
INFO: [VRFC 10-311] analyzing module system_Action_RAM_0_3
INFO: [VRFC 10-311] analyzing module system_Action_RAM_1_3
INFO: [VRFC 10-311] analyzing module system_Action_RAM_2_3
INFO: [VRFC 10-311] analyzing module system_Action_RAM_3_3
INFO: [VRFC 10-311] analyzing module system_CU_0_3
INFO: [VRFC 10-311] analyzing module system_CU_0_3_CU
INFO: [VRFC 10-311] analyzing module system_PG_0_3
INFO: [VRFC 10-311] analyzing module system_PG_0_3_PG
INFO: [VRFC 10-311] analyzing module system_PG_0_3_enabler_2bit
INFO: [VRFC 10-311] analyzing module system_PG_0_3_max2to1_32bit
INFO: [VRFC 10-311] analyzing module system_PG_0_3_max2to1_32bit_0
INFO: [VRFC 10-311] analyzing module system_PG_0_3_max2to1_32bit_1
INFO: [VRFC 10-311] analyzing module system_PG_0_3_max4to1_32bit
INFO: [VRFC 10-311] analyzing module system_PG_0_3_reg_2bit
INFO: [VRFC 10-311] analyzing module system_PL_RAM_0_2
INFO: [VRFC 10-311] analyzing module system_PL_RAM_1_3
INFO: [VRFC 10-311] analyzing module system_PL_RAM_2_3
INFO: [VRFC 10-311] analyzing module system_PL_RAM_3_3
INFO: [VRFC 10-311] analyzing module system_QA_0_3
INFO: [VRFC 10-311] analyzing module system_QA_0_3_QA
INFO: [VRFC 10-311] analyzing module system_QA_0_3_max2to1_32bit
INFO: [VRFC 10-311] analyzing module system_QA_0_3_max2to1_32bit_10
INFO: [VRFC 10-311] analyzing module system_QA_0_3_max2to1_32bit_11
INFO: [VRFC 10-311] analyzing module system_QA_0_3_max4to1_32bit
INFO: [VRFC 10-311] analyzing module system_QA_0_3_multiply
INFO: [VRFC 10-311] analyzing module system_QA_0_3_multiply_0
INFO: [VRFC 10-311] analyzing module system_QA_0_3_plus
INFO: [VRFC 10-311] analyzing module system_QA_0_3_plus_7
INFO: [VRFC 10-311] analyzing module system_QA_0_3_plus_8
INFO: [VRFC 10-311] analyzing module system_QA_0_3_plus_9
INFO: [VRFC 10-311] analyzing module system_QA_0_3_reg_32bit
INFO: [VRFC 10-311] analyzing module system_QA_0_3_reg_32bit_1
INFO: [VRFC 10-311] analyzing module system_QA_0_3_reg_32bit_2
INFO: [VRFC 10-311] analyzing module system_QA_0_3_reg_32bit_3
INFO: [VRFC 10-311] analyzing module system_QA_0_3_reg_32bit_4
INFO: [VRFC 10-311] analyzing module system_QA_0_3_reg_32bit_5
INFO: [VRFC 10-311] analyzing module system_QA_0_3_reg_32bit_6
INFO: [VRFC 10-311] analyzing module system_RD_0_3
INFO: [VRFC 10-311] analyzing module system_RD_0_3_RD
INFO: [VRFC 10-311] analyzing module system_RD_0_3_analyzer
INFO: [VRFC 10-311] analyzing module system_RD_0_3_enabler_32bit
INFO: [VRFC 10-311] analyzing module system_RD_0_3_reg_2bit
INFO: [VRFC 10-311] analyzing module system_RD_0_3_reg_2bit_0
INFO: [VRFC 10-311] analyzing module system_RD_0_3_reg_2bit_1
INFO: [VRFC 10-311] analyzing module system_RD_0_3_reg_32bit
INFO: [VRFC 10-311] analyzing module system_SD_0_3
INFO: [VRFC 10-311] analyzing module system_SD_0_3_SD
INFO: [VRFC 10-311] analyzing module system_SD_0_3_gsg
INFO: [VRFC 10-311] analyzing module system_SD_0_3_multiply
INFO: [VRFC 10-311] analyzing module system_SD_0_3_multiply_0
INFO: [VRFC 10-311] analyzing module system_SD_0_3_multiply_1
INFO: [VRFC 10-311] analyzing module system_SD_0_3_multiply_2
INFO: [VRFC 10-311] analyzing module system_SD_0_3_plus
INFO: [VRFC 10-311] analyzing module system_SD_0_3_plus_3
INFO: [VRFC 10-311] analyzing module system_SD_0_3_plus_4
INFO: [VRFC 10-311] analyzing module system_SD_0_3_plus_5
INFO: [VRFC 10-311] analyzing module system_SD_0_3_plus_6
INFO: [VRFC 10-311] analyzing module system_SD_0_3_plus_7
INFO: [VRFC 10-311] analyzing module system_SD_0_3_plus_8
INFO: [VRFC 10-311] analyzing module system_SD_0_3_plus_9
INFO: [VRFC 10-311] analyzing module system_SD_0_3_reg_32bit
INFO: [VRFC 10-311] analyzing module system_SD_0_3_reg_32bit_10
INFO: [VRFC 10-311] analyzing module system_auto_pc_0
INFO: [VRFC 10-311] analyzing module system_auto_pc_0_axi_protocol_converter_v2_1_24_axi_protocol_converter
INFO: [VRFC 10-311] analyzing module system_auto_pc_0_axi_protocol_converter_v2_1_24_b2s
INFO: [VRFC 10-311] analyzing module system_auto_pc_0_axi_protocol_converter_v2_1_24_b2s_ar_channel
INFO: [VRFC 10-311] analyzing module system_auto_pc_0_axi_protocol_converter_v2_1_24_b2s_aw_channel
INFO: [VRFC 10-311] analyzing module system_auto_pc_0_axi_protocol_converter_v2_1_24_b2s_b_channel
INFO: [VRFC 10-311] analyzing module system_auto_pc_0_axi_protocol_converter_v2_1_24_b2s_cmd_translator
INFO: [VRFC 10-311] analyzing module system_auto_pc_0_axi_protocol_converter_v2_1_24_b2s_cmd_translator_1
INFO: [VRFC 10-311] analyzing module system_auto_pc_0_axi_protocol_converter_v2_1_24_b2s_incr_cmd
INFO: [VRFC 10-311] analyzing module system_auto_pc_0_axi_protocol_converter_v2_1_24_b2s_incr_cmd_2
INFO: [VRFC 10-311] analyzing module system_auto_pc_0_axi_protocol_converter_v2_1_24_b2s_r_channel
INFO: [VRFC 10-311] analyzing module system_auto_pc_0_axi_protocol_converter_v2_1_24_b2s_rd_cmd_fsm
INFO: [VRFC 10-311] analyzing module system_auto_pc_0_axi_protocol_converter_v2_1_24_b2s_simple_fifo
INFO: [VRFC 10-311] analyzing module system_auto_pc_0_axi_protocol_converter_v2_1_24_b2s_simple_fifo__parameterized0
INFO: [VRFC 10-311] analyzing module system_auto_pc_0_axi_protocol_converter_v2_1_24_b2s_simple_fifo__parameterized1
INFO: [VRFC 10-311] analyzing module system_auto_pc_0_axi_protocol_converter_v2_1_24_b2s_simple_fifo__parameterized2
INFO: [VRFC 10-311] analyzing module system_auto_pc_0_axi_protocol_converter_v2_1_24_b2s_wr_cmd_fsm
INFO: [VRFC 10-311] analyzing module system_auto_pc_0_axi_protocol_converter_v2_1_24_b2s_wrap_cmd
INFO: [VRFC 10-311] analyzing module system_auto_pc_0_axi_protocol_converter_v2_1_24_b2s_wrap_cmd_3
INFO: [VRFC 10-311] analyzing module system_auto_pc_0_axi_register_slice_v2_1_24_axi_register_slice
INFO: [VRFC 10-311] analyzing module system_auto_pc_0_axi_register_slice_v2_1_24_axic_register_slice
INFO: [VRFC 10-311] analyzing module system_auto_pc_0_axi_register_slice_v2_1_24_axic_register_slice_0
INFO: [VRFC 10-311] analyzing module system_auto_pc_0_axi_register_slice_v2_1_24_axic_register_slice__parameterized1
INFO: [VRFC 10-311] analyzing module system_auto_pc_0_axi_register_slice_v2_1_24_axic_register_slice__parameterized2
INFO: [VRFC 10-311] analyzing module system_axi_bram_ctrl_0_0
INFO: [VRFC 10-311] analyzing module system_axi_bram_ctrl_0_0_axi_bram_ctrl
INFO: [VRFC 10-311] analyzing module system_axi_bram_ctrl_0_0_axi_bram_ctrl_top
INFO: [VRFC 10-311] analyzing module system_axi_bram_ctrl_0_0_axi_lite
INFO: [VRFC 10-311] analyzing module system_axi_bram_ctrl_0_1
INFO: [VRFC 10-311] analyzing module system_axi_bram_ctrl_0_1_axi_bram_ctrl
INFO: [VRFC 10-311] analyzing module system_axi_bram_ctrl_0_1_axi_bram_ctrl_top
INFO: [VRFC 10-311] analyzing module system_axi_bram_ctrl_0_1_axi_lite
INFO: [VRFC 10-311] analyzing module system_axi_bram_ctrl_0_2
INFO: [VRFC 10-311] analyzing module system_axi_bram_ctrl_0_2_axi_bram_ctrl
INFO: [VRFC 10-311] analyzing module system_axi_bram_ctrl_0_2_axi_bram_ctrl_top
INFO: [VRFC 10-311] analyzing module system_axi_bram_ctrl_0_2_axi_lite
INFO: [VRFC 10-311] analyzing module system_axi_bram_ctrl_0_3
INFO: [VRFC 10-311] analyzing module system_axi_bram_ctrl_0_3_axi_bram_ctrl
INFO: [VRFC 10-311] analyzing module system_axi_bram_ctrl_0_3_axi_bram_ctrl_top
INFO: [VRFC 10-311] analyzing module system_axi_bram_ctrl_0_3_axi_lite
INFO: [VRFC 10-311] analyzing module system_axi_intc_0_0
INFO: [VRFC 10-311] analyzing module system_axi_intc_0_0_address_decoder
INFO: [VRFC 10-311] analyzing module system_axi_intc_0_0_axi_intc
INFO: [VRFC 10-311] analyzing module system_axi_intc_0_0_axi_lite_ipif
INFO: [VRFC 10-311] analyzing module system_axi_intc_0_0_intc_core
INFO: [VRFC 10-311] analyzing module system_axi_intc_0_0_slave_attachment
INFO: [VRFC 10-311] analyzing module system_bram_input_interface_0_2
INFO: [VRFC 10-311] analyzing module system_bram_input_interface_0_2_bram_input_interface
INFO: [VRFC 10-311] analyzing module system_bram_input_interface_0_2_en_decoder
INFO: [VRFC 10-311] analyzing module system_bram_input_interface_0_2_reg_2bit
INFO: [VRFC 10-311] analyzing module system_bram_input_interface_0_2_reg_2bit_2
INFO: [VRFC 10-311] analyzing module system_bram_input_interface_0_2_reg_32bit
INFO: [VRFC 10-311] analyzing module system_bram_input_interface_0_2_reg_32bit_0
INFO: [VRFC 10-311] analyzing module system_bram_input_interface_0_2_reg_32bit_1
INFO: [VRFC 10-311] analyzing module system_bram_output_interface_0_2
INFO: [VRFC 10-311] analyzing module system_bram_output_interface_0_2_bram_output_interface
INFO: [VRFC 10-311] analyzing module system_intelight_mem_0_1
INFO: [VRFC 10-311] analyzing module system_intelight_mem_0_1_intelight_mem_v1_0
INFO: [VRFC 10-311] analyzing module system_intelight_mem_0_1_intelight_mem_v1_0_S00_AXI
INFO: [VRFC 10-311] analyzing module system_processing_system7_0_0
INFO: [VRFC 10-311] analyzing module system_processing_system7_0_0_processing_system7_v5_5_processing_system7
INFO: [VRFC 10-311] analyzing module system_ps7_0_axi_periph_1
INFO: [VRFC 10-311] analyzing module system_rst_ps7_0_50M_1
INFO: [VRFC 10-311] analyzing module system_rst_ps7_0_50M_1_cdc_sync
INFO: [VRFC 10-311] analyzing module system_rst_ps7_0_50M_1_cdc_sync_0
INFO: [VRFC 10-311] analyzing module system_rst_ps7_0_50M_1_lpf
INFO: [VRFC 10-311] analyzing module system_rst_ps7_0_50M_1_proc_sys_reset
INFO: [VRFC 10-311] analyzing module system_rst_ps7_0_50M_1_sequence_psr
INFO: [VRFC 10-311] analyzing module system_rst_ps7_0_50M_1_upcnt_n
INFO: [VRFC 10-311] analyzing module system_wrapper
INFO: [VRFC 10-311] analyzing module system_xbar_0
INFO: [VRFC 10-311] analyzing module system_xbar_0_axi_crossbar_v2_1_25_addr_arbiter_sasd
INFO: [VRFC 10-311] analyzing module system_xbar_0_axi_crossbar_v2_1_25_axi_crossbar
INFO: [VRFC 10-311] analyzing module system_xbar_0_axi_crossbar_v2_1_25_crossbar_sasd
INFO: [VRFC 10-311] analyzing module system_xbar_0_axi_crossbar_v2_1_25_decerr_slave
INFO: [VRFC 10-311] analyzing module system_xbar_0_axi_crossbar_v2_1_25_splitter
INFO: [VRFC 10-311] analyzing module system_xbar_0_axi_crossbar_v2_1_25_splitter__parameterized0
INFO: [VRFC 10-311] analyzing module system_xbar_0_axi_register_slice_v2_1_24_axic_register_slice
INFO: [VRFC 10-311] analyzing module system_Action_RAM_0_3_blk_mem_gen_generic_cstr
INFO: [VRFC 10-311] analyzing module system_Action_RAM_0_3_blk_mem_gen_prim_width
INFO: [VRFC 10-311] analyzing module system_Action_RAM_0_3_blk_mem_gen_prim_width__parameterized0
INFO: [VRFC 10-311] analyzing module system_Action_RAM_0_3_blk_mem_gen_prim_wrapper
INFO: [VRFC 10-311] analyzing module system_Action_RAM_0_3_blk_mem_gen_prim_wrapper__parameterized0
INFO: [VRFC 10-311] analyzing module system_Action_RAM_0_3_blk_mem_gen_top
INFO: [VRFC 10-311] analyzing module system_Action_RAM_0_3_blk_mem_gen_v8_4_4
INFO: [VRFC 10-311] analyzing module system_Action_RAM_0_3_blk_mem_gen_v8_4_4_synth
INFO: [VRFC 10-311] analyzing module system_Action_RAM_1_3_blk_mem_gen_generic_cstr
INFO: [VRFC 10-311] analyzing module system_Action_RAM_1_3_blk_mem_gen_prim_width
INFO: [VRFC 10-311] analyzing module system_Action_RAM_1_3_blk_mem_gen_prim_width__parameterized0
INFO: [VRFC 10-311] analyzing module system_Action_RAM_1_3_blk_mem_gen_prim_wrapper
INFO: [VRFC 10-311] analyzing module system_Action_RAM_1_3_blk_mem_gen_prim_wrapper__parameterized0
INFO: [VRFC 10-311] analyzing module system_Action_RAM_1_3_blk_mem_gen_top
INFO: [VRFC 10-311] analyzing module system_Action_RAM_1_3_blk_mem_gen_v8_4_4
INFO: [VRFC 10-311] analyzing module system_Action_RAM_1_3_blk_mem_gen_v8_4_4_synth
INFO: [VRFC 10-311] analyzing module system_Action_RAM_2_3_blk_mem_gen_generic_cstr
INFO: [VRFC 10-311] analyzing module system_Action_RAM_2_3_blk_mem_gen_prim_width
INFO: [VRFC 10-311] analyzing module system_Action_RAM_2_3_blk_mem_gen_prim_width__parameterized0
INFO: [VRFC 10-311] analyzing module system_Action_RAM_2_3_blk_mem_gen_prim_wrapper
INFO: [VRFC 10-311] analyzing module system_Action_RAM_2_3_blk_mem_gen_prim_wrapper__parameterized0
INFO: [VRFC 10-311] analyzing module system_Action_RAM_2_3_blk_mem_gen_top
INFO: [VRFC 10-311] analyzing module system_Action_RAM_2_3_blk_mem_gen_v8_4_4
INFO: [VRFC 10-311] analyzing module system_Action_RAM_2_3_blk_mem_gen_v8_4_4_synth
INFO: [VRFC 10-311] analyzing module system_Action_RAM_3_3_blk_mem_gen_generic_cstr
INFO: [VRFC 10-311] analyzing module system_Action_RAM_3_3_blk_mem_gen_prim_width
INFO: [VRFC 10-311] analyzing module system_Action_RAM_3_3_blk_mem_gen_prim_width__parameterized0
INFO: [VRFC 10-311] analyzing module system_Action_RAM_3_3_blk_mem_gen_prim_wrapper
INFO: [VRFC 10-311] analyzing module system_Action_RAM_3_3_blk_mem_gen_prim_wrapper__parameterized0
INFO: [VRFC 10-311] analyzing module system_Action_RAM_3_3_blk_mem_gen_top
INFO: [VRFC 10-311] analyzing module system_Action_RAM_3_3_blk_mem_gen_v8_4_4
INFO: [VRFC 10-311] analyzing module system_Action_RAM_3_3_blk_mem_gen_v8_4_4_synth
INFO: [VRFC 10-311] analyzing module system_PL_RAM_0_2_blk_mem_gen_generic_cstr
INFO: [VRFC 10-311] analyzing module system_PL_RAM_0_2_blk_mem_gen_prim_width
INFO: [VRFC 10-311] analyzing module system_PL_RAM_0_2_blk_mem_gen_prim_width__parameterized0
INFO: [VRFC 10-311] analyzing module system_PL_RAM_0_2_blk_mem_gen_prim_wrapper
INFO: [VRFC 10-311] analyzing module system_PL_RAM_0_2_blk_mem_gen_prim_wrapper__parameterized0
INFO: [VRFC 10-311] analyzing module system_PL_RAM_0_2_blk_mem_gen_top
INFO: [VRFC 10-311] analyzing module system_PL_RAM_0_2_blk_mem_gen_v8_4_4
INFO: [VRFC 10-311] analyzing module system_PL_RAM_0_2_blk_mem_gen_v8_4_4_synth
INFO: [VRFC 10-311] analyzing module system_PL_RAM_1_3_blk_mem_gen_generic_cstr
INFO: [VRFC 10-311] analyzing module system_PL_RAM_1_3_blk_mem_gen_prim_width
INFO: [VRFC 10-311] analyzing module system_PL_RAM_1_3_blk_mem_gen_prim_width__parameterized0
INFO: [VRFC 10-311] analyzing module system_PL_RAM_1_3_blk_mem_gen_prim_wrapper
INFO: [VRFC 10-311] analyzing module system_PL_RAM_1_3_blk_mem_gen_prim_wrapper__parameterized0
INFO: [VRFC 10-311] analyzing module system_PL_RAM_1_3_blk_mem_gen_top
INFO: [VRFC 10-311] analyzing module system_PL_RAM_1_3_blk_mem_gen_v8_4_4
INFO: [VRFC 10-311] analyzing module system_PL_RAM_1_3_blk_mem_gen_v8_4_4_synth
INFO: [VRFC 10-311] analyzing module system_PL_RAM_2_3_blk_mem_gen_generic_cstr
INFO: [VRFC 10-311] analyzing module system_PL_RAM_2_3_blk_mem_gen_prim_width
INFO: [VRFC 10-311] analyzing module system_PL_RAM_2_3_blk_mem_gen_prim_width__parameterized0
INFO: [VRFC 10-311] analyzing module system_PL_RAM_2_3_blk_mem_gen_prim_wrapper
INFO: [VRFC 10-311] analyzing module system_PL_RAM_2_3_blk_mem_gen_prim_wrapper__parameterized0
INFO: [VRFC 10-311] analyzing module system_PL_RAM_2_3_blk_mem_gen_top
INFO: [VRFC 10-311] analyzing module system_PL_RAM_2_3_blk_mem_gen_v8_4_4
INFO: [VRFC 10-311] analyzing module system_PL_RAM_2_3_blk_mem_gen_v8_4_4_synth
INFO: [VRFC 10-311] analyzing module system_PL_RAM_3_3_blk_mem_gen_generic_cstr
INFO: [VRFC 10-311] analyzing module system_PL_RAM_3_3_blk_mem_gen_prim_width
INFO: [VRFC 10-311] analyzing module system_PL_RAM_3_3_blk_mem_gen_prim_width__parameterized0
INFO: [VRFC 10-311] analyzing module system_PL_RAM_3_3_blk_mem_gen_prim_wrapper
INFO: [VRFC 10-311] analyzing module system_PL_RAM_3_3_blk_mem_gen_prim_wrapper__parameterized0
INFO: [VRFC 10-311] analyzing module system_PL_RAM_3_3_blk_mem_gen_top
INFO: [VRFC 10-311] analyzing module system_PL_RAM_3_3_blk_mem_gen_v8_4_4
INFO: [VRFC 10-311] analyzing module system_PL_RAM_3_3_blk_mem_gen_v8_4_4_synth
INFO: [VRFC 10-311] analyzing module glbl
INFO: [VRFC 10-2263] Analyzing Verilog file "D:/intelight/intelight/intelight.srcs/sources_1/new/enable_file.v" into library xil_defaultlib
INFO: [VRFC 10-311] analyzing module enabler_1bit
INFO: [VRFC 10-311] analyzing module enabler_2bit
INFO: [VRFC 10-311] analyzing module enabler4_32bit
INFO: [VRFC 10-311] analyzing module enabler_32bit
INFO: [VRFC 10-2263] Analyzing Verilog file "D:/intelight/intelight/intelight.srcs/sources_1/new/max_file.v" into library xil_defaultlib
INFO: [VRFC 10-311] analyzing module max4to1_32bit
INFO: [VRFC 10-311] analyzing module max4to1_2bit
INFO: [VRFC 10-311] analyzing module min4to1_2bit
INFO: [VRFC 10-311] analyzing module min4to2_2bit
INFO: [VRFC 10-311] analyzing module comp_2bit
INFO: [VRFC 10-311] analyzing module min2to1_2bit
INFO: [VRFC 10-311] analyzing module max2to1_32bit
INFO: [VRFC 10-2263] Analyzing Verilog file "D:/intelight/intelight/intelight.srcs/sources_1/new/mux_file.v" into library xil_defaultlib
INFO: [VRFC 10-311] analyzing module mux2to1_32bit
INFO: [VRFC 10-311] analyzing module mux2to1_1bit
INFO: [VRFC 10-311] analyzing module mux2to1_32bit_sd
INFO: [VRFC 10-311] analyzing module mux2to1_2bit
INFO: [VRFC 10-311] analyzing module mux4to1_2bit
INFO: [VRFC 10-311] analyzing module mux4to1_32bit
INFO: [VRFC 10-2263] Analyzing Verilog file "D:/intelight/intelight/intelight.srcs/sources_1/new/register_file.v" into library xil_defaultlib
INFO: [VRFC 10-311] analyzing module reg_32bit
INFO: [VRFC 10-311] analyzing module reg_2bit
INFO: [VRFC 10-311] analyzing module reg_1bit
INFO: [VRFC 10-2263] Analyzing Verilog file "D:/intelight/intelight/intelight.srcs/sources_1/new/PG.v" into library xil_defaultlib
INFO: [VRFC 10-311] analyzing module PG
INFO: [VRFC 10-2263] Analyzing Verilog file "D:/intelight/intelight/intelight.srcs/sources_1/new/arith_file.v" into library xil_defaultlib
INFO: [VRFC 10-311] analyzing module multiply
INFO: [VRFC 10-311] analyzing module r_shift
INFO: [VRFC 10-311] analyzing module plus
INFO: [VRFC 10-311] analyzing module minus
INFO: [VRFC 10-311] analyzing module lsfr_16bit
INFO: [VRFC 10-2263] Analyzing Verilog file "D:/intelight/intelight/intelight.srcs/sources_1/new/QA.v" into library xil_defaultlib
INFO: [VRFC 10-311] analyzing module QA
INFO: [VRFC 10-2263] Analyzing Verilog file "D:/intelight/intelight/intelight.srcs/sources_1/new/SD.v" into library xil_defaultlib
INFO: [VRFC 10-311] analyzing module SD
INFO: [VRFC 10-2458] undeclared symbol panjang_r0_reg, assumed default net type wire [D:/intelight/intelight/intelight.srcs/sources_1/new/SD.v:82]
INFO: [VRFC 10-2458] undeclared symbol panjang_r1_reg, assumed default net type wire [D:/intelight/intelight/intelight.srcs/sources_1/new/SD.v:85]
INFO: [VRFC 10-2458] undeclared symbol panjang_r2_reg, assumed default net type wire [D:/intelight/intelight/intelight.srcs/sources_1/new/SD.v:88]
INFO: [VRFC 10-2458] undeclared symbol panjang_r3_reg, assumed default net type wire [D:/intelight/intelight/intelight.srcs/sources_1/new/SD.v:91]
WARNING: [VRFC 10-2938] 'panjang_r0_reg' is already implicitly declared on line 82 [D:/intelight/intelight/intelight.srcs/sources_1/new/SD.v:93]
WARNING: [VRFC 10-2938] 'panjang_r1_reg' is already implicitly declared on line 85 [D:/intelight/intelight/intelight.srcs/sources_1/new/SD.v:94]
WARNING: [VRFC 10-2938] 'panjang_r2_reg' is already implicitly declared on line 88 [D:/intelight/intelight/intelight.srcs/sources_1/new/SD.v:95]
WARNING: [VRFC 10-2938] 'panjang_r3_reg' is already implicitly declared on line 91 [D:/intelight/intelight/intelight.srcs/sources_1/new/SD.v:96]
INFO: [VRFC 10-311] analyzing module comp_SD
INFO: [VRFC 10-311] analyzing module gsg
INFO: [VRFC 10-311] analyzing module debit_decoder
INFO: [VRFC 10-2263] Analyzing Verilog file "D:/intelight/intelight/intelight.srcs/sources_1/new/RD.v" into library xil_defaultlib
INFO: [VRFC 10-311] analyzing module RD
INFO: [VRFC 10-311] analyzing module analyzer
INFO: [VRFC 10-2263] Analyzing Verilog file "D:/intelight/intelight/intelight.srcs/sources_1/new/CU.v" into library xil_defaultlib
INFO: [VRFC 10-311] analyzing module CU
WARNING: [VRFC 10-3380] identifier 'reg_goal_sig' is used before its declaration [D:/intelight/intelight/intelight.srcs/sources_1/new/CU.v:104]
INFO: [VRFC 10-2263] Analyzing Verilog file "D:/intelight/intelight/intelight.srcs/sources_1/new/bram_interface.v" into library xil_defaultlib
INFO: [VRFC 10-311] analyzing module bram_input_interface
INFO: [VRFC 10-311] analyzing module bram_output_interface
INFO: [VRFC 10-311] analyzing module wen_decoder
INFO: [VRFC 10-311] analyzing module en_decoder
INFO: [VRFC 10-2263] Analyzing Verilog file "D:/intelight/intelight/intelight.gen/sources_1/bd/testbench/hdl/testbench_wrapper.v" into library xil_defaultlib
INFO: [VRFC 10-311] analyzing module testbench_wrapper
INFO: [VRFC 10-2263] Analyzing Verilog file "D:/intelight/intelight/intelight.srcs/sim_1/new/testbench_wrapper_tb.v" into library xil_defaultlib
INFO: [VRFC 10-311] analyzing module testbench_wrapper_tb
