
*** Running vivado
    with args -log system_QA_0_0.vds -m64 -product Vivado -mode batch -messageDb vivado.pb -notrace -source system_QA_0_0.tcl



****** Vivado v2021.1 (64-bit)
  **** SW Build 3247384 on Thu Jun 10 19:36:33 MDT 2021
  **** IP Build 3246043 on Fri Jun 11 00:30:35 MDT 2021
    ** Copyright 1986-2021 Xilinx, Inc. All Rights Reserved.

source system_QA_0_0.tcl -notrace
create_project: Time (s): cpu = 00:00:02 ; elapsed = 00:00:07 . Memory (MB): peak = 1235.293 ; gain = 0.000
INFO: [IP_Flow 19-234] Refreshing IP repositories
WARNING: [IP_Flow 19-2248] Failed to load user IP repository 'd:/Dismas/ITB/SemesterVIII/TA2/ip_repo/intelight_ip_1.0'; Can't find the specified path.
If this directory should no longer be in your list of user repositories, go to the IP Settings dialog and remove it.
INFO: [IP_Flow 19-2313] Loaded Vivado IP repository 'E:/Xilinx/Vivado/2021.1/data/ip'.
Command: synth_design -top system_QA_0_0 -part xc7z020clg400-1 -mode out_of_context
Starting synth_design
Attempting to get a license for feature 'Synthesis' and/or device 'xc7z020'
INFO: [Common 17-349] Got license for feature 'Synthesis' and/or device 'xc7z020'
INFO: [Device 21-403] Loading part xc7z020clg400-1
INFO: [Synth 8-7079] Multithreading enabled for synth_design using a maximum of 2 processes.
INFO: [Synth 8-7078] Launching helper process for spawning children vivado processes
INFO: [Synth 8-7075] Helper process launched with PID 14720
---------------------------------------------------------------------------------
Starting RTL Elaboration : Time (s): cpu = 00:00:09 ; elapsed = 00:00:12 . Memory (MB): peak = 1235.293 ; gain = 0.000
---------------------------------------------------------------------------------
INFO: [Synth 8-6157] synthesizing module 'system_QA_0_0' [d:/Dismas/ITB/SemesterVIII/TA2/intelight/intelight.gen/sources_1/bd/system/ip/system_QA_0_0/synth/system_QA_0_0.v:58]
INFO: [Synth 8-6157] synthesizing module 'QA' [D:/Dismas/ITB/SemesterVIII/TA2/intelight/intelight.srcs/sources_1/new/QA.v:7]
INFO: [Synth 8-6157] synthesizing module 'reg_32bit' [D:/Dismas/ITB/SemesterVIII/TA2/intelight/intelight.srcs/sources_1/new/register_file.v:7]
INFO: [Synth 8-6155] done synthesizing module 'reg_32bit' (1#1) [D:/Dismas/ITB/SemesterVIII/TA2/intelight/intelight.srcs/sources_1/new/register_file.v:7]
INFO: [Synth 8-6157] synthesizing module 'max4to1_32bit' [D:/Dismas/ITB/SemesterVIII/TA2/intelight/intelight.srcs/sources_1/new/max_file.v:3]
INFO: [Synth 8-6157] synthesizing module 'max2to1_32bit' [D:/Dismas/ITB/SemesterVIII/TA2/intelight/intelight.srcs/sources_1/new/max_file.v:54]
INFO: [Synth 8-6155] done synthesizing module 'max2to1_32bit' (2#1) [D:/Dismas/ITB/SemesterVIII/TA2/intelight/intelight.srcs/sources_1/new/max_file.v:54]
INFO: [Synth 8-6155] done synthesizing module 'max4to1_32bit' (3#1) [D:/Dismas/ITB/SemesterVIII/TA2/intelight/intelight.srcs/sources_1/new/max_file.v:3]
INFO: [Synth 8-6157] synthesizing module 'mux4to1_32bit' [D:/Dismas/ITB/SemesterVIII/TA2/intelight/intelight.srcs/sources_1/new/mux_file.v:44]
INFO: [Synth 8-6155] done synthesizing module 'mux4to1_32bit' (4#1) [D:/Dismas/ITB/SemesterVIII/TA2/intelight/intelight.srcs/sources_1/new/mux_file.v:44]
INFO: [Synth 8-6157] synthesizing module 'multiply' [D:/Dismas/ITB/SemesterVIII/TA2/intelight/intelight.srcs/sources_1/new/arith_file.v:7]
INFO: [Synth 8-6157] synthesizing module 'r_shift' [D:/Dismas/ITB/SemesterVIII/TA2/intelight/intelight.srcs/sources_1/new/arith_file.v:29]
INFO: [Synth 8-6155] done synthesizing module 'r_shift' (5#1) [D:/Dismas/ITB/SemesterVIII/TA2/intelight/intelight.srcs/sources_1/new/arith_file.v:29]
INFO: [Synth 8-6157] synthesizing module 'plus' [D:/Dismas/ITB/SemesterVIII/TA2/intelight/intelight.srcs/sources_1/new/arith_file.v:42]
INFO: [Synth 8-6155] done synthesizing module 'plus' (6#1) [D:/Dismas/ITB/SemesterVIII/TA2/intelight/intelight.srcs/sources_1/new/arith_file.v:42]
INFO: [Synth 8-6155] done synthesizing module 'multiply' (7#1) [D:/Dismas/ITB/SemesterVIII/TA2/intelight/intelight.srcs/sources_1/new/arith_file.v:7]
INFO: [Synth 8-6155] done synthesizing module 'QA' (8#1) [D:/Dismas/ITB/SemesterVIII/TA2/intelight/intelight.srcs/sources_1/new/QA.v:7]
INFO: [Synth 8-6155] done synthesizing module 'system_QA_0_0' (9#1) [d:/Dismas/ITB/SemesterVIII/TA2/intelight/intelight.gen/sources_1/bd/system/ip/system_QA_0_0/synth/system_QA_0_0.v:58]
---------------------------------------------------------------------------------
Finished RTL Elaboration : Time (s): cpu = 00:00:10 ; elapsed = 00:00:18 . Memory (MB): peak = 1235.293 ; gain = 0.000
---------------------------------------------------------------------------------
---------------------------------------------------------------------------------
Start Handling Custom Attributes
---------------------------------------------------------------------------------
---------------------------------------------------------------------------------
Finished Handling Custom Attributes : Time (s): cpu = 00:00:11 ; elapsed = 00:00:19 . Memory (MB): peak = 1235.293 ; gain = 0.000
---------------------------------------------------------------------------------
---------------------------------------------------------------------------------
Finished RTL Optimization Phase 1 : Time (s): cpu = 00:00:11 ; elapsed = 00:00:19 . Memory (MB): peak = 1235.293 ; gain = 0.000
---------------------------------------------------------------------------------
Netlist sorting complete. Time (s): cpu = 00:00:00 ; elapsed = 00:00:00.040 . Memory (MB): peak = 1235.293 ; gain = 0.000
INFO: [Project 1-570] Preparing netlist for logic optimization

Processing XDC Constraints
Initializing timing engine
Completed Processing XDC Constraints

Netlist sorting complete. Time (s): cpu = 00:00:00 ; elapsed = 00:00:00 . Memory (MB): peak = 1284.727 ; gain = 0.000
INFO: [Project 1-111] Unisim Transformation Summary:
No Unisim elements were transformed.

Constraint Validation Runtime : Time (s): cpu = 00:00:01 ; elapsed = 00:00:00.158 . Memory (MB): peak = 1284.727 ; gain = 0.000
---------------------------------------------------------------------------------
Finished Constraint Validation : Time (s): cpu = 00:00:21 ; elapsed = 00:00:31 . Memory (MB): peak = 1284.727 ; gain = 49.434
---------------------------------------------------------------------------------
---------------------------------------------------------------------------------
Start Loading Part and Timing Information
---------------------------------------------------------------------------------
Loading part: xc7z020clg400-1
---------------------------------------------------------------------------------
Finished Loading Part and Timing Information : Time (s): cpu = 00:00:21 ; elapsed = 00:00:31 . Memory (MB): peak = 1284.727 ; gain = 49.434
---------------------------------------------------------------------------------
---------------------------------------------------------------------------------
Start Applying 'set_property' XDC Constraints
---------------------------------------------------------------------------------
---------------------------------------------------------------------------------
Finished applying 'set_property' XDC Constraints : Time (s): cpu = 00:00:21 ; elapsed = 00:00:31 . Memory (MB): peak = 1284.727 ; gain = 49.434
---------------------------------------------------------------------------------
---------------------------------------------------------------------------------
Finished RTL Optimization Phase 2 : Time (s): cpu = 00:00:21 ; elapsed = 00:00:32 . Memory (MB): peak = 1284.727 ; gain = 49.434
---------------------------------------------------------------------------------
---------------------------------------------------------------------------------
Start RTL Component Statistics 
---------------------------------------------------------------------------------
Detailed RTL Component Info : 
+---Adders : 
	   2 Input   32 Bit       Adders := 5     
	   4 Input   32 Bit       Adders := 1     
+---Registers : 
	               32 Bit    Registers := 4     
+---Muxes : 
	   2 Input   32 Bit        Muxes := 27    
	   4 Input   32 Bit        Muxes := 1     
---------------------------------------------------------------------------------
Finished RTL Component Statistics 
---------------------------------------------------------------------------------
---------------------------------------------------------------------------------
Start Part Resource Summary
---------------------------------------------------------------------------------
Part Resources:
DSPs: 220 (col length:60)
BRAMs: 280 (col length: RAMB18 60 RAMB36 30)
---------------------------------------------------------------------------------
Finished Part Resource Summary
---------------------------------------------------------------------------------
---------------------------------------------------------------------------------
Start Cross Boundary and Area Optimization
---------------------------------------------------------------------------------
---------------------------------------------------------------------------------
Finished Cross Boundary and Area Optimization : Time (s): cpu = 00:00:29 ; elapsed = 00:00:41 . Memory (MB): peak = 1284.727 ; gain = 49.434
---------------------------------------------------------------------------------
---------------------------------------------------------------------------------
Start Applying XDC Timing Constraints
---------------------------------------------------------------------------------
---------------------------------------------------------------------------------
Finished Applying XDC Timing Constraints : Time (s): cpu = 00:00:42 ; elapsed = 00:00:53 . Memory (MB): peak = 1284.727 ; gain = 49.434
---------------------------------------------------------------------------------
---------------------------------------------------------------------------------
Start Timing Optimization
---------------------------------------------------------------------------------
---------------------------------------------------------------------------------
Finished Timing Optimization : Time (s): cpu = 00:00:42 ; elapsed = 00:00:53 . Memory (MB): peak = 1284.727 ; gain = 49.434
---------------------------------------------------------------------------------
---------------------------------------------------------------------------------
Start Technology Mapping
---------------------------------------------------------------------------------
---------------------------------------------------------------------------------
Finished Technology Mapping : Time (s): cpu = 00:00:42 ; elapsed = 00:00:54 . Memory (MB): peak = 1284.727 ; gain = 49.434
---------------------------------------------------------------------------------
---------------------------------------------------------------------------------
Start IO Insertion
---------------------------------------------------------------------------------
---------------------------------------------------------------------------------
Start Flattening Before IO Insertion
---------------------------------------------------------------------------------
---------------------------------------------------------------------------------
Finished Flattening Before IO Insertion
---------------------------------------------------------------------------------
---------------------------------------------------------------------------------
Start Final Netlist Cleanup
---------------------------------------------------------------------------------
---------------------------------------------------------------------------------
Finished Final Netlist Cleanup
---------------------------------------------------------------------------------
---------------------------------------------------------------------------------
Finished IO Insertion : Time (s): cpu = 00:00:49 ; elapsed = 00:01:01 . Memory (MB): peak = 1293.875 ; gain = 58.582
---------------------------------------------------------------------------------
---------------------------------------------------------------------------------
Start Renaming Generated Instances
---------------------------------------------------------------------------------
---------------------------------------------------------------------------------
Finished Renaming Generated Instances : Time (s): cpu = 00:00:49 ; elapsed = 00:01:01 . Memory (MB): peak = 1293.875 ; gain = 58.582
---------------------------------------------------------------------------------
---------------------------------------------------------------------------------
Start Rebuilding User Hierarchy
---------------------------------------------------------------------------------
---------------------------------------------------------------------------------
Finished Rebuilding User Hierarchy : Time (s): cpu = 00:00:49 ; elapsed = 00:01:01 . Memory (MB): peak = 1293.875 ; gain = 58.582
---------------------------------------------------------------------------------
---------------------------------------------------------------------------------
Start Renaming Generated Ports
---------------------------------------------------------------------------------
---------------------------------------------------------------------------------
Finished Renaming Generated Ports : Time (s): cpu = 00:00:49 ; elapsed = 00:01:01 . Memory (MB): peak = 1293.875 ; gain = 58.582
---------------------------------------------------------------------------------
---------------------------------------------------------------------------------
Start Handling Custom Attributes
---------------------------------------------------------------------------------
---------------------------------------------------------------------------------
Finished Handling Custom Attributes : Time (s): cpu = 00:00:49 ; elapsed = 00:01:01 . Memory (MB): peak = 1293.875 ; gain = 58.582
---------------------------------------------------------------------------------
---------------------------------------------------------------------------------
Start Renaming Generated Nets
---------------------------------------------------------------------------------
---------------------------------------------------------------------------------
Finished Renaming Generated Nets : Time (s): cpu = 00:00:49 ; elapsed = 00:01:01 . Memory (MB): peak = 1293.875 ; gain = 58.582
---------------------------------------------------------------------------------
---------------------------------------------------------------------------------
Start Writing Synthesis Report
---------------------------------------------------------------------------------

Report BlackBoxes: 
+-+--------------+----------+
| |BlackBox name |Instances |
+-+--------------+----------+
+-+--------------+----------+

Report Cell Usage: 
+------+-------+------+
|      |Cell   |Count |
+------+-------+------+
|1     |CARRY4 |    60|
|2     |LUT2   |    69|
|3     |LUT3   |   144|
|4     |LUT4   |   152|
|5     |LUT5   |    46|
|6     |LUT6   |    98|
|7     |FDRE   |   128|
+------+-------+------+
---------------------------------------------------------------------------------
Finished Writing Synthesis Report : Time (s): cpu = 00:00:49 ; elapsed = 00:01:01 . Memory (MB): peak = 1293.875 ; gain = 58.582
---------------------------------------------------------------------------------
Synthesis finished with 0 errors, 0 critical warnings and 0 warnings.
Synthesis Optimization Runtime : Time (s): cpu = 00:00:35 ; elapsed = 00:00:57 . Memory (MB): peak = 1293.875 ; gain = 9.148
Synthesis Optimization Complete : Time (s): cpu = 00:00:49 ; elapsed = 00:01:02 . Memory (MB): peak = 1293.875 ; gain = 58.582
INFO: [Project 1-571] Translating synthesized netlist
Netlist sorting complete. Time (s): cpu = 00:00:00 ; elapsed = 00:00:00.045 . Memory (MB): peak = 1305.938 ; gain = 0.000
INFO: [Netlist 29-17] Analyzing 60 Unisim elements for replacement
INFO: [Netlist 29-28] Unisim Transformation completed in 0 CPU seconds
INFO: [Project 1-570] Preparing netlist for logic optimization
INFO: [Opt 31-138] Pushed 0 inverter(s) to 0 load pin(s).
Netlist sorting complete. Time (s): cpu = 00:00:00 ; elapsed = 00:00:00 . Memory (MB): peak = 1314.539 ; gain = 0.000
INFO: [Project 1-111] Unisim Transformation Summary:
No Unisim elements were transformed.

Synth Design complete, checksum: aea9354
INFO: [Common 17-83] Releasing license: Synthesis
34 Infos, 1 Warnings, 0 Critical Warnings and 0 Errors encountered.
synth_design completed successfully
synth_design: Time (s): cpu = 00:00:57 ; elapsed = 00:01:13 . Memory (MB): peak = 1314.539 ; gain = 79.246
INFO: [Common 17-1381] The checkpoint 'D:/Dismas/ITB/SemesterVIII/TA2/intelight/intelight.runs/system_QA_0_0_synth_1/system_QA_0_0.dcp' has been generated.
INFO: [Coretcl 2-1648] Added synthesis output to IP cache for IP system_QA_0_0, cache-ID = f26636368417e47a
INFO: [Coretcl 2-1174] Renamed 9 cell refs.
INFO: [Common 17-1381] The checkpoint 'D:/Dismas/ITB/SemesterVIII/TA2/intelight/intelight.runs/system_QA_0_0_synth_1/system_QA_0_0.dcp' has been generated.
INFO: [runtcl-4] Executing : report_utilization -file system_QA_0_0_utilization_synth.rpt -pb system_QA_0_0_utilization_synth.pb
INFO: [Common 17-206] Exiting Vivado at Sat Mar  5 15:39:03 2022...
