INFO: [VRFC 10-2263] Analyzing Verilog file "D:/intelight/intelight/intelight.sim/sim_1/synth/func/xsim/testbench_wrapper_tb_func_synth.v" into library xil_defaultlib
INFO: [VRFC 10-311] analyzing module AGENT_imp_N4KR90
INFO: [VRFC 10-311] analyzing module EV_imp_1OQLYJF
INFO: [VRFC 10-311] analyzing module RAM_0_imp_1JHO79W
INFO: [VRFC 10-311] analyzing module RAM_1_imp_B5WGKQ
INFO: [VRFC 10-311] analyzing module RAM_2_imp_1I49MUH
INFO: [VRFC 10-311] analyzing module RAM_3_imp_CFDBYV
INFO: [VRFC 10-311] analyzing module RAM_Block_imp_QKQT90
INFO: [VRFC 10-311] analyzing module testbench
INFO: [VRFC 10-311] analyzing module testbench_Action_RAM_0_0
INFO: [VRFC 10-311] analyzing module testbench_Action_RAM_1_0
INFO: [VRFC 10-311] analyzing module testbench_Action_RAM_2_0
INFO: [VRFC 10-311] analyzing module testbench_Action_RAM_3_0
INFO: [VRFC 10-311] analyzing module testbench_CU_0_0
INFO: [VRFC 10-311] analyzing module testbench_CU_0_0_CU
INFO: [VRFC 10-311] analyzing module testbench_PG_0_0
INFO: [VRFC 10-311] analyzing module testbench_PG_0_0_PG
INFO: [VRFC 10-311] analyzing module testbench_PG_0_0_enabler_2bit
INFO: [VRFC 10-311] analyzing module testbench_PG_0_0_max2to1_32bit
INFO: [VRFC 10-311] analyzing module testbench_PG_0_0_max2to1_32bit_0
INFO: [VRFC 10-311] analyzing module testbench_PG_0_0_max2to1_32bit_1
INFO: [VRFC 10-311] analyzing module testbench_PG_0_0_max4to1_32bit
INFO: [VRFC 10-311] analyzing module testbench_PG_0_0_reg_2bit
INFO: [VRFC 10-311] analyzing module testbench_PL_RAM_0_0
INFO: [VRFC 10-311] analyzing module testbench_PL_RAM_1_0
INFO: [VRFC 10-311] analyzing module testbench_PL_RAM_2_0
INFO: [VRFC 10-311] analyzing module testbench_PL_RAM_3_0
INFO: [VRFC 10-311] analyzing module testbench_QA_0_0
INFO: [VRFC 10-311] analyzing module testbench_QA_0_0_QA
INFO: [VRFC 10-311] analyzing module testbench_QA_0_0_max2to1_32bit
INFO: [VRFC 10-311] analyzing module testbench_QA_0_0_max2to1_32bit_10
INFO: [VRFC 10-311] analyzing module testbench_QA_0_0_max2to1_32bit_11
INFO: [VRFC 10-311] analyzing module testbench_QA_0_0_max4to1_32bit
INFO: [VRFC 10-311] analyzing module testbench_QA_0_0_multiply
INFO: [VRFC 10-311] analyzing module testbench_QA_0_0_multiply_0
INFO: [VRFC 10-311] analyzing module testbench_QA_0_0_mux4to1_32bit
INFO: [VRFC 10-311] analyzing module testbench_QA_0_0_plus
INFO: [VRFC 10-311] analyzing module testbench_QA_0_0_plus_7
INFO: [VRFC 10-311] analyzing module testbench_QA_0_0_plus_8
INFO: [VRFC 10-311] analyzing module testbench_QA_0_0_plus_9
INFO: [VRFC 10-311] analyzing module testbench_QA_0_0_reg_32bit
INFO: [VRFC 10-311] analyzing module testbench_QA_0_0_reg_32bit_1
INFO: [VRFC 10-311] analyzing module testbench_QA_0_0_reg_32bit_2
INFO: [VRFC 10-311] analyzing module testbench_QA_0_0_reg_32bit_3
INFO: [VRFC 10-311] analyzing module testbench_QA_0_0_reg_32bit_4
INFO: [VRFC 10-311] analyzing module testbench_QA_0_0_reg_32bit_5
INFO: [VRFC 10-311] analyzing module testbench_QA_0_0_reg_32bit_6
INFO: [VRFC 10-311] analyzing module testbench_RD_0_0
INFO: [VRFC 10-311] analyzing module testbench_RD_0_0_RD
INFO: [VRFC 10-311] analyzing module testbench_RD_0_0_analyzer
INFO: [VRFC 10-311] analyzing module testbench_RD_0_0_enabler_32bit
INFO: [VRFC 10-311] analyzing module testbench_RD_0_0_reg_2bit
INFO: [VRFC 10-311] analyzing module testbench_RD_0_0_reg_2bit_0
INFO: [VRFC 10-311] analyzing module testbench_RD_0_0_reg_2bit_1
INFO: [VRFC 10-311] analyzing module testbench_RD_0_0_reg_2bit_2
INFO: [VRFC 10-311] analyzing module testbench_RD_0_0_reg_32bit
INFO: [VRFC 10-311] analyzing module testbench_SD_0_0
INFO: [VRFC 10-311] analyzing module testbench_SD_0_0_SD
INFO: [VRFC 10-311] analyzing module testbench_SD_0_0_gsg
INFO: [VRFC 10-311] analyzing module testbench_SD_0_0_multiply
INFO: [VRFC 10-311] analyzing module testbench_SD_0_0_multiply_0
INFO: [VRFC 10-311] analyzing module testbench_SD_0_0_multiply_1
INFO: [VRFC 10-311] analyzing module testbench_SD_0_0_multiply_2
INFO: [VRFC 10-311] analyzing module testbench_SD_0_0_plus
INFO: [VRFC 10-311] analyzing module testbench_SD_0_0_plus_3
INFO: [VRFC 10-311] analyzing module testbench_SD_0_0_plus_4
INFO: [VRFC 10-311] analyzing module testbench_SD_0_0_plus_5
INFO: [VRFC 10-311] analyzing module testbench_SD_0_0_plus_6
INFO: [VRFC 10-311] analyzing module testbench_SD_0_0_plus_7
INFO: [VRFC 10-311] analyzing module testbench_SD_0_0_plus_8
INFO: [VRFC 10-311] analyzing module testbench_SD_0_0_plus_9
INFO: [VRFC 10-311] analyzing module testbench_bram_input_interface_0_0
INFO: [VRFC 10-311] analyzing module testbench_bram_input_interface_0_0_bram_input_interface
INFO: [VRFC 10-311] analyzing module testbench_bram_input_interface_0_0_en_decoder
INFO: [VRFC 10-311] analyzing module testbench_bram_input_interface_0_0_reg_2bit
INFO: [VRFC 10-311] analyzing module testbench_bram_input_interface_0_0_reg_2bit_2
INFO: [VRFC 10-311] analyzing module testbench_bram_input_interface_0_0_reg_32bit
INFO: [VRFC 10-311] analyzing module testbench_bram_input_interface_0_0_reg_32bit_0
INFO: [VRFC 10-311] analyzing module testbench_bram_input_interface_0_0_reg_32bit_1
INFO: [VRFC 10-311] analyzing module testbench_bram_output_interface_0_0
INFO: [VRFC 10-311] analyzing module testbench_bram_output_interface_0_0_bram_output_interface
INFO: [VRFC 10-311] analyzing module testbench_wrapper
INFO: [VRFC 10-311] analyzing module testbench_Action_RAM_0_0_blk_mem_gen_generic_cstr
INFO: [VRFC 10-311] analyzing module testbench_Action_RAM_0_0_blk_mem_gen_prim_width
INFO: [VRFC 10-311] analyzing module testbench_Action_RAM_0_0_blk_mem_gen_prim_width__parameterized0
INFO: [VRFC 10-311] analyzing module testbench_Action_RAM_0_0_blk_mem_gen_prim_wrapper
INFO: [VRFC 10-311] analyzing module testbench_Action_RAM_0_0_blk_mem_gen_prim_wrapper__parameterized0
INFO: [VRFC 10-311] analyzing module testbench_Action_RAM_0_0_blk_mem_gen_top
INFO: [VRFC 10-311] analyzing module testbench_Action_RAM_0_0_blk_mem_gen_v8_4_4
INFO: [VRFC 10-311] analyzing module testbench_Action_RAM_0_0_blk_mem_gen_v8_4_4_synth
INFO: [VRFC 10-311] analyzing module testbench_Action_RAM_1_0_blk_mem_gen_generic_cstr
INFO: [VRFC 10-311] analyzing module testbench_Action_RAM_1_0_blk_mem_gen_prim_width
INFO: [VRFC 10-311] analyzing module testbench_Action_RAM_1_0_blk_mem_gen_prim_width__parameterized0
INFO: [VRFC 10-311] analyzing module testbench_Action_RAM_1_0_blk_mem_gen_prim_wrapper
INFO: [VRFC 10-311] analyzing module testbench_Action_RAM_1_0_blk_mem_gen_prim_wrapper__parameterized0
INFO: [VRFC 10-311] analyzing module testbench_Action_RAM_1_0_blk_mem_gen_top
INFO: [VRFC 10-311] analyzing module testbench_Action_RAM_1_0_blk_mem_gen_v8_4_4
INFO: [VRFC 10-311] analyzing module testbench_Action_RAM_1_0_blk_mem_gen_v8_4_4_synth
INFO: [VRFC 10-311] analyzing module testbench_Action_RAM_2_0_blk_mem_gen_generic_cstr
INFO: [VRFC 10-311] analyzing module testbench_Action_RAM_2_0_blk_mem_gen_prim_width
INFO: [VRFC 10-311] analyzing module testbench_Action_RAM_2_0_blk_mem_gen_prim_width__parameterized0
INFO: [VRFC 10-311] analyzing module testbench_Action_RAM_2_0_blk_mem_gen_prim_wrapper
INFO: [VRFC 10-311] analyzing module testbench_Action_RAM_2_0_blk_mem_gen_prim_wrapper__parameterized0
INFO: [VRFC 10-311] analyzing module testbench_Action_RAM_2_0_blk_mem_gen_top
INFO: [VRFC 10-311] analyzing module testbench_Action_RAM_2_0_blk_mem_gen_v8_4_4
INFO: [VRFC 10-311] analyzing module testbench_Action_RAM_2_0_blk_mem_gen_v8_4_4_synth
INFO: [VRFC 10-311] analyzing module testbench_Action_RAM_3_0_blk_mem_gen_generic_cstr
INFO: [VRFC 10-311] analyzing module testbench_Action_RAM_3_0_blk_mem_gen_prim_width
INFO: [VRFC 10-311] analyzing module testbench_Action_RAM_3_0_blk_mem_gen_prim_width__parameterized0
INFO: [VRFC 10-311] analyzing module testbench_Action_RAM_3_0_blk_mem_gen_prim_wrapper
INFO: [VRFC 10-311] analyzing module testbench_Action_RAM_3_0_blk_mem_gen_prim_wrapper__parameterized0
INFO: [VRFC 10-311] analyzing module testbench_Action_RAM_3_0_blk_mem_gen_top
INFO: [VRFC 10-311] analyzing module testbench_Action_RAM_3_0_blk_mem_gen_v8_4_4
INFO: [VRFC 10-311] analyzing module testbench_Action_RAM_3_0_blk_mem_gen_v8_4_4_synth
INFO: [VRFC 10-311] analyzing module testbench_PL_RAM_0_0_blk_mem_gen_generic_cstr
INFO: [VRFC 10-311] analyzing module testbench_PL_RAM_0_0_blk_mem_gen_prim_width
INFO: [VRFC 10-311] analyzing module testbench_PL_RAM_0_0_blk_mem_gen_prim_width__parameterized0
INFO: [VRFC 10-311] analyzing module testbench_PL_RAM_0_0_blk_mem_gen_prim_wrapper
INFO: [VRFC 10-311] analyzing module testbench_PL_RAM_0_0_blk_mem_gen_prim_wrapper__parameterized0
INFO: [VRFC 10-311] analyzing module testbench_PL_RAM_0_0_blk_mem_gen_top
INFO: [VRFC 10-311] analyzing module testbench_PL_RAM_0_0_blk_mem_gen_v8_4_4
INFO: [VRFC 10-311] analyzing module testbench_PL_RAM_0_0_blk_mem_gen_v8_4_4_synth
INFO: [VRFC 10-311] analyzing module testbench_PL_RAM_1_0_blk_mem_gen_generic_cstr
INFO: [VRFC 10-311] analyzing module testbench_PL_RAM_1_0_blk_mem_gen_prim_width
INFO: [VRFC 10-311] analyzing module testbench_PL_RAM_1_0_blk_mem_gen_prim_width__parameterized0
INFO: [VRFC 10-311] analyzing module testbench_PL_RAM_1_0_blk_mem_gen_prim_wrapper
INFO: [VRFC 10-311] analyzing module testbench_PL_RAM_1_0_blk_mem_gen_prim_wrapper__parameterized0
INFO: [VRFC 10-311] analyzing module testbench_PL_RAM_1_0_blk_mem_gen_top
INFO: [VRFC 10-311] analyzing module testbench_PL_RAM_1_0_blk_mem_gen_v8_4_4
INFO: [VRFC 10-311] analyzing module testbench_PL_RAM_1_0_blk_mem_gen_v8_4_4_synth
INFO: [VRFC 10-311] analyzing module testbench_PL_RAM_2_0_blk_mem_gen_generic_cstr
INFO: [VRFC 10-311] analyzing module testbench_PL_RAM_2_0_blk_mem_gen_prim_width
INFO: [VRFC 10-311] analyzing module testbench_PL_RAM_2_0_blk_mem_gen_prim_width__parameterized0
INFO: [VRFC 10-311] analyzing module testbench_PL_RAM_2_0_blk_mem_gen_prim_wrapper
INFO: [VRFC 10-311] analyzing module testbench_PL_RAM_2_0_blk_mem_gen_prim_wrapper__parameterized0
INFO: [VRFC 10-311] analyzing module testbench_PL_RAM_2_0_blk_mem_gen_top
INFO: [VRFC 10-311] analyzing module testbench_PL_RAM_2_0_blk_mem_gen_v8_4_4
INFO: [VRFC 10-311] analyzing module testbench_PL_RAM_2_0_blk_mem_gen_v8_4_4_synth
INFO: [VRFC 10-311] analyzing module testbench_PL_RAM_3_0_blk_mem_gen_generic_cstr
INFO: [VRFC 10-311] analyzing module testbench_PL_RAM_3_0_blk_mem_gen_prim_width
INFO: [VRFC 10-311] analyzing module testbench_PL_RAM_3_0_blk_mem_gen_prim_width__parameterized0
INFO: [VRFC 10-311] analyzing module testbench_PL_RAM_3_0_blk_mem_gen_prim_wrapper
INFO: [VRFC 10-311] analyzing module testbench_PL_RAM_3_0_blk_mem_gen_prim_wrapper__parameterized0
INFO: [VRFC 10-311] analyzing module testbench_PL_RAM_3_0_blk_mem_gen_top
INFO: [VRFC 10-311] analyzing module testbench_PL_RAM_3_0_blk_mem_gen_v8_4_4
INFO: [VRFC 10-311] analyzing module testbench_PL_RAM_3_0_blk_mem_gen_v8_4_4_synth
INFO: [VRFC 10-311] analyzing module glbl
INFO: [VRFC 10-2263] Analyzing Verilog file "D:/intelight/intelight/intelight.srcs/sim_1/new/testbench_wrapper_tb.v" into library xil_defaultlib
INFO: [VRFC 10-311] analyzing module testbench_wrapper_tb
