INFO: [VRFC 10-2263] Analyzing Verilog file "D:/intelight/intelight/intelight.sim/sim_1/synth/timing/xsim/memory_wrapper_tb_time_synth.v" into library xil_defaultlib
INFO: [VRFC 10-311] analyzing module RAM_0_imp_17C6A8L
INFO: [VRFC 10-311] analyzing module RAM_1_imp_G63MJL
INFO: [VRFC 10-311] analyzing module RAM_2_imp_38ONEK
INFO: [VRFC 10-311] analyzing module RAM_3_imp_1C8JC20
INFO: [VRFC 10-311] analyzing module RAM_Block_imp_VL2PYI
INFO: [VRFC 10-311] analyzing module memory
INFO: [VRFC 10-311] analyzing module memory_Action_RAM_0_0
INFO: [VRFC 10-311] analyzing module memory_Action_RAM_1_0
INFO: [VRFC 10-311] analyzing module memory_Action_RAM_2_0
INFO: [VRFC 10-311] analyzing module memory_Action_RAM_3_0
INFO: [VRFC 10-311] analyzing module memory_PL_RAM_0_0
INFO: [VRFC 10-311] analyzing module memory_PL_RAM_1_0
INFO: [VRFC 10-311] analyzing module memory_PL_RAM_2_0
INFO: [VRFC 10-311] analyzing module memory_PL_RAM_3_0
INFO: [VRFC 10-311] analyzing module memory_bram_interface_0_0
INFO: [VRFC 10-311] analyzing module memory_bram_interface_0_0_bram_interface
INFO: [VRFC 10-311] analyzing module memory_bram_interface_0_0_reg2_2bit
INFO: [VRFC 10-311] analyzing module memory_bram_interface_0_0_reg3_32bit
INFO: [VRFC 10-311] analyzing module memory_bram_interface_0_0_reg_2bit
INFO: [VRFC 10-311] analyzing module memory_bram_interface_0_0_reg_2bit_0
INFO: [VRFC 10-311] analyzing module memory_bram_interface_0_0_reg_32bit
INFO: [VRFC 10-311] analyzing module memory_bram_interface_0_0_reg_32bit_1
INFO: [VRFC 10-311] analyzing module memory_bram_interface_0_0_reg_32bit_2
INFO: [VRFC 10-311] analyzing module memory_wrapper
INFO: [VRFC 10-311] analyzing module memory_Action_RAM_0_0_blk_mem_gen_generic_cstr
INFO: [VRFC 10-311] analyzing module memory_Action_RAM_0_0_blk_mem_gen_prim_width
INFO: [VRFC 10-311] analyzing module memory_Action_RAM_0_0_blk_mem_gen_prim_width__parameterized0
INFO: [VRFC 10-311] analyzing module memory_Action_RAM_0_0_blk_mem_gen_prim_wrapper
INFO: [VRFC 10-311] analyzing module memory_Action_RAM_0_0_blk_mem_gen_prim_wrapper__parameterized0
INFO: [VRFC 10-311] analyzing module memory_Action_RAM_0_0_blk_mem_gen_top
INFO: [VRFC 10-311] analyzing module memory_Action_RAM_0_0_blk_mem_gen_v8_4_4
INFO: [VRFC 10-311] analyzing module memory_Action_RAM_0_0_blk_mem_gen_v8_4_4_synth
INFO: [VRFC 10-311] analyzing module memory_Action_RAM_1_0_blk_mem_gen_generic_cstr
INFO: [VRFC 10-311] analyzing module memory_Action_RAM_1_0_blk_mem_gen_prim_width
INFO: [VRFC 10-311] analyzing module memory_Action_RAM_1_0_blk_mem_gen_prim_width__parameterized0
INFO: [VRFC 10-311] analyzing module memory_Action_RAM_1_0_blk_mem_gen_prim_wrapper
INFO: [VRFC 10-311] analyzing module memory_Action_RAM_1_0_blk_mem_gen_prim_wrapper__parameterized0
INFO: [VRFC 10-311] analyzing module memory_Action_RAM_1_0_blk_mem_gen_top
INFO: [VRFC 10-311] analyzing module memory_Action_RAM_1_0_blk_mem_gen_v8_4_4
INFO: [VRFC 10-311] analyzing module memory_Action_RAM_1_0_blk_mem_gen_v8_4_4_synth
INFO: [VRFC 10-311] analyzing module memory_Action_RAM_2_0_blk_mem_gen_generic_cstr
INFO: [VRFC 10-311] analyzing module memory_Action_RAM_2_0_blk_mem_gen_prim_width
INFO: [VRFC 10-311] analyzing module memory_Action_RAM_2_0_blk_mem_gen_prim_width__parameterized0
INFO: [VRFC 10-311] analyzing module memory_Action_RAM_2_0_blk_mem_gen_prim_wrapper
INFO: [VRFC 10-311] analyzing module memory_Action_RAM_2_0_blk_mem_gen_prim_wrapper__parameterized0
INFO: [VRFC 10-311] analyzing module memory_Action_RAM_2_0_blk_mem_gen_top
INFO: [VRFC 10-311] analyzing module memory_Action_RAM_2_0_blk_mem_gen_v8_4_4
INFO: [VRFC 10-311] analyzing module memory_Action_RAM_2_0_blk_mem_gen_v8_4_4_synth
INFO: [VRFC 10-311] analyzing module memory_Action_RAM_3_0_blk_mem_gen_generic_cstr
INFO: [VRFC 10-311] analyzing module memory_Action_RAM_3_0_blk_mem_gen_prim_width
INFO: [VRFC 10-311] analyzing module memory_Action_RAM_3_0_blk_mem_gen_prim_width__parameterized0
INFO: [VRFC 10-311] analyzing module memory_Action_RAM_3_0_blk_mem_gen_prim_wrapper
INFO: [VRFC 10-311] analyzing module memory_Action_RAM_3_0_blk_mem_gen_prim_wrapper__parameterized0
INFO: [VRFC 10-311] analyzing module memory_Action_RAM_3_0_blk_mem_gen_top
INFO: [VRFC 10-311] analyzing module memory_Action_RAM_3_0_blk_mem_gen_v8_4_4
INFO: [VRFC 10-311] analyzing module memory_Action_RAM_3_0_blk_mem_gen_v8_4_4_synth
INFO: [VRFC 10-311] analyzing module memory_PL_RAM_0_0_blk_mem_gen_generic_cstr
INFO: [VRFC 10-311] analyzing module memory_PL_RAM_0_0_blk_mem_gen_prim_width
INFO: [VRFC 10-311] analyzing module memory_PL_RAM_0_0_blk_mem_gen_prim_width__parameterized0
INFO: [VRFC 10-311] analyzing module memory_PL_RAM_0_0_blk_mem_gen_prim_wrapper
INFO: [VRFC 10-311] analyzing module memory_PL_RAM_0_0_blk_mem_gen_prim_wrapper__parameterized0
INFO: [VRFC 10-311] analyzing module memory_PL_RAM_0_0_blk_mem_gen_top
INFO: [VRFC 10-311] analyzing module memory_PL_RAM_0_0_blk_mem_gen_v8_4_4
INFO: [VRFC 10-311] analyzing module memory_PL_RAM_0_0_blk_mem_gen_v8_4_4_synth
INFO: [VRFC 10-311] analyzing module memory_PL_RAM_1_0_blk_mem_gen_generic_cstr
INFO: [VRFC 10-311] analyzing module memory_PL_RAM_1_0_blk_mem_gen_prim_width
INFO: [VRFC 10-311] analyzing module memory_PL_RAM_1_0_blk_mem_gen_prim_width__parameterized0
INFO: [VRFC 10-311] analyzing module memory_PL_RAM_1_0_blk_mem_gen_prim_wrapper
INFO: [VRFC 10-311] analyzing module memory_PL_RAM_1_0_blk_mem_gen_prim_wrapper__parameterized0
INFO: [VRFC 10-311] analyzing module memory_PL_RAM_1_0_blk_mem_gen_top
INFO: [VRFC 10-311] analyzing module memory_PL_RAM_1_0_blk_mem_gen_v8_4_4
INFO: [VRFC 10-311] analyzing module memory_PL_RAM_1_0_blk_mem_gen_v8_4_4_synth
INFO: [VRFC 10-311] analyzing module memory_PL_RAM_2_0_blk_mem_gen_generic_cstr
INFO: [VRFC 10-311] analyzing module memory_PL_RAM_2_0_blk_mem_gen_prim_width
INFO: [VRFC 10-311] analyzing module memory_PL_RAM_2_0_blk_mem_gen_prim_width__parameterized0
INFO: [VRFC 10-311] analyzing module memory_PL_RAM_2_0_blk_mem_gen_prim_wrapper
INFO: [VRFC 10-311] analyzing module memory_PL_RAM_2_0_blk_mem_gen_prim_wrapper__parameterized0
INFO: [VRFC 10-311] analyzing module memory_PL_RAM_2_0_blk_mem_gen_top
INFO: [VRFC 10-311] analyzing module memory_PL_RAM_2_0_blk_mem_gen_v8_4_4
INFO: [VRFC 10-311] analyzing module memory_PL_RAM_2_0_blk_mem_gen_v8_4_4_synth
INFO: [VRFC 10-311] analyzing module memory_PL_RAM_3_0_blk_mem_gen_generic_cstr
INFO: [VRFC 10-311] analyzing module memory_PL_RAM_3_0_blk_mem_gen_prim_width
INFO: [VRFC 10-311] analyzing module memory_PL_RAM_3_0_blk_mem_gen_prim_width__parameterized0
INFO: [VRFC 10-311] analyzing module memory_PL_RAM_3_0_blk_mem_gen_prim_wrapper
INFO: [VRFC 10-311] analyzing module memory_PL_RAM_3_0_blk_mem_gen_prim_wrapper__parameterized0
INFO: [VRFC 10-311] analyzing module memory_PL_RAM_3_0_blk_mem_gen_top
INFO: [VRFC 10-311] analyzing module memory_PL_RAM_3_0_blk_mem_gen_v8_4_4
INFO: [VRFC 10-311] analyzing module memory_PL_RAM_3_0_blk_mem_gen_v8_4_4_synth
INFO: [VRFC 10-311] analyzing module glbl
INFO: [VRFC 10-2263] Analyzing Verilog file "D:/intelight/intelight/intelight.srcs/sim_1/new/memory_tb.v" into library xil_defaultlib
INFO: [VRFC 10-311] analyzing module memory_wrapper_tb
