Vivado Simulator v2021.1
Copyright 1986-1999, 2001-2021 Xilinx, Inc. All Rights Reserved.
Running: C:/Xilinx/Vivado/2021.1/bin/unwrapped/win64.o/xelab.exe -wto b00e1b8b0c4a4a169364327d9be69cf7 --incr --debug typical --relax --mt 2 --maxdelay -L xil_defaultlib -L xilinx_vip -L simprims_ver -L secureip --snapshot SD_tb_time_synth -transport_int_delays -pulse_r 0 -pulse_int_r 0 -pulse_e 0 -pulse_int_e 0 xil_defaultlib.SD_tb xil_defaultlib.glbl -log elaborate.log 
Using 2 slave threads.
Starting static elaboration
Pass Through NonSizing Optimizer
Completed static elaboration
Starting simulation data flow analysis
Completed simulation data flow analysis
INFO: [XSIM 43-3451] SDF backannotation process started with SDF file "SD_tb_time_synth.sdf", for root module "SD_tb/dut".
INFO: [XSIM 43-3452] SDF backannotation was successful for SDF file "SD_tb_time_synth.sdf", for root module "SD_tb/dut".
Time Resolution for simulation is 1ps
Compiling module simprims_ver.IBUF
Compiling module simprims_ver.BUFG
Compiling module simprims_ver.OBUF
Compiling module simprims_ver.x_lut2_mux4
Compiling module simprims_ver.LUT2
Compiling module simprims_ver.FDRE_default
Compiling module xil_defaultlib.reg_32bit_10
Compiling module xil_defaultlib.gsg
Compiling module simprims_ver.CARRY4
Compiling module simprims_ver.x_lut3_mux8
Compiling module simprims_ver.LUT3
Compiling module simprims_ver.LUT4
Compiling module simprims_ver.LUT5
Compiling module xil_defaultlib.plus_8
Compiling module xil_defaultlib.plus_9
Compiling module xil_defaultlib.multiply
Compiling module xil_defaultlib.plus_6
Compiling module xil_defaultlib.plus_7
Compiling module xil_defaultlib.multiply_0
Compiling module xil_defaultlib.plus_4
Compiling module xil_defaultlib.plus_5
Compiling module xil_defaultlib.multiply_1
Compiling module xil_defaultlib.plus
Compiling module xil_defaultlib.plus_3
Compiling module xil_defaultlib.multiply_2
Compiling module simprims_ver.OBUFT
Compiling module simprims_ver.LUT6
Compiling module xil_defaultlib.reg_32bit
Compiling module xil_defaultlib.SD
Compiling module xil_defaultlib.SD_tb
Compiling module xil_defaultlib.glbl
Built simulation snapshot SD_tb_time_synth
