#
# A fatal error has been detected by the Java Runtime Environment:
#
#  EXCEPTION_ACCESS_VIOLATION (0xc0000005) at pc=0x00007ff9ea11c0b0, pid=22200, tid=13236
#
# JRE version: OpenJDK Runtime Environment (11.0.2+9) (build 11.0.2+9)
# Java VM: OpenJDK 64-Bit Server VM (11.0.2+9, mixed mode, tiered, compressed oops, g1 gc, windows-amd64)
# Problematic frame:
# C  0x00007ff9ea11c0b0
#
# No core dump will be written. Minidumps are not enabled by default on client versions of Windows
#
# If you would like to submit a bug report, please visit:
#   http://bugreport.java.com/bugreport/crash.jsp
# The crash happened outside the Java Virtual Machine in native code.
# See problematic frame for where to report the bug.
#

---------------  S U M M A R Y ------------

Command Line: -Dsun.java2d.pmoffscreen=false -Dhttps.protocols=TLSv1,TLSv1.1,TLSv1.2 -Dsun.java2d.xrender=false -Dsun.java2d.d3d=false -Dsun.awt.nopixfmt=true -Dsun.java2d.dpiaware=true -Dsun.java2d.uiScale.enabled=false -Xverify:none -Dswing.aatext=true -XX:-UsePerfData -Djdk.map.althashing.threshold=512 -XX:StringTableSize=4072 --add-opens=java.base/java.nio=ALL-UNNAMED --add-opens=java.desktop/sun.swing=ALL-UNNAMED --add-opens=java.desktop/javax.swing=ALL-UNNAMED --add-opens=java.desktop/javax.swing.tree=ALL-UNNAMED --add-opens=java.desktop/javax.swing.plaf.basic=ALL-UNNAMED --add-opens=java.desktop/javax.swing.plaf.synth=ALL-UNNAMED --add-opens=java.desktop/com.sun.awt=ALL-UNNAMED -XX:NewSize=60m -XX:MaxNewSize=60m -Xms256m -Xmx3072m -Xss5m 

Host: Intel(R) Core(TM) i5-8300H CPU @ 2.30GHz, 8 cores, 7G,  Windows 10 , 64 bit Build 19041 (10.0.19041.1566)
Time: Fri Apr  1 12:21:39 2022 SE Asia Standard Time elapsed time: 2447 seconds (0d 0h 40m 47s)

---------------  T H R E A D  ---------------

Current thread (0x000002ae35e21800):  JavaThread "AWT-EventQueue-0" [_thread_in_native, id=13236, stack(0x000000cf04900000,0x000000cf04e00000)]

Stack: [0x000000cf04900000,0x000000cf04e00000],  sp=0x000000cf04df9f98,  free space=5095k
Native frames: (J=compiled Java code, j=interpreted, Vv=VM code, C=native code)
C  0x00007ff9ea11c0b0

Java frames: (J=compiled Java code, j=interpreted, Vv=VM code)
j  ui.views.waveform.waveformi.WVExecutive_getGraphicsDataSize(J)J+0
j  ui.views.waveform.executive.a.kUN()Ljava/io/ByteArrayInputStream;+10
j  ui.views.waveform.c.a.kUi()V+7
j  ui.views.waveform.c.a.kbE()V+1
j  ui.views.waveform.a.kSH()V+4
j  ui.views.waveform.a.JH(Z)V+11
j  ui.views.waveform.w.aN(ZZ)V+30
j  ui.views.waveform.d.b.j(Lui/frmwork/a/l;)V+94
j  ui.views.waveform.w.handleTclEvent(Lui/frmwork/a/l;)V+13
J 29760 c2 ui.frmwork.E.i(JZ)V (471 bytes) @ 0x000002ae17b91590 [0x000002ae17b905e0+0x0000000000000fb0]
J 27151 c2 ui.frmwork.E.fireTclEvent(J)I (113 bytes) @ 0x000002ae16c81374 [0x000002ae16c7f380+0x0000000000001ff4]
v  ~StubRoutines::call_stub
j  ui.views.waveform.waveformi.WVExecutive_processModelEvent(JJ)V+0
j  ui.views.waveform.executive.a.gC(J)V+5
j  ui.views.waveform.d.b.gB(J)V+8
j  ui.views.waveform.d.b.j(Lui/frmwork/a/l;)V+127
j  ui.views.waveform.w.handleTclEvent(Lui/frmwork/a/l;)V+13
J 29760 c2 ui.frmwork.E.i(JZ)V (471 bytes) @ 0x000002ae17b91590 [0x000002ae17b905e0+0x0000000000000fb0]
J 27151 c2 ui.frmwork.E.fireTclEvent(J)I (113 bytes) @ 0x000002ae16c81374 [0x000002ae16c7f380+0x0000000000001ff4]
v  ~StubRoutines::call_stub
j  ui.views.waveform.waveformi.WVExecutive_processModelEvent(JJ)V+0
j  ui.views.waveform.executive.a.gC(J)V+5
j  ui.views.waveform.d.b.gB(J)V+8
j  ui.views.waveform.d.e.actionPerformed(Ljava/awt/event/ActionEvent;)V+8
J 19554 c2 javax.swing.Timer.fireActionPerformed(Ljava/awt/event/ActionEvent;)V java.desktop@11.0.2 (46 bytes) @ 0x000002ae175363d4 [0x000002ae175362c0+0x0000000000000114]
J 19473 c2 javax.swing.Timer$DoPostEvent.run()V java.desktop@11.0.2 (82 bytes) @ 0x000002ae1751e758 [0x000002ae1751e460+0x00000000000002f8]
J 16190 c2 java.awt.event.InvocationEvent.dispatch()V java.desktop@11.0.2 (69 bytes) @ 0x000002ae170dd49c [0x000002ae170dd440+0x000000000000005c]
J 15674 c2 java.awt.EventQueue$4.run()Ljava/lang/Object; java.desktop@11.0.2 (5 bytes) @ 0x000002ae1702999c [0x000002ae170298e0+0x00000000000000bc]
v  ~StubRoutines::call_stub
J 3637  java.security.AccessController.doPrivileged(Ljava/security/PrivilegedAction;Ljava/security/AccessControlContext;)Ljava/lang/Object; java.base@11.0.2 (0 bytes) @ 0x000002ae16469ab6 [0x000002ae16469a40+0x0000000000000076]
J 16534 c2 java.awt.EventQueue.dispatchEvent(Ljava/awt/AWTEvent;)V java.desktop@11.0.2 (80 bytes) @ 0x000002ae1714be74 [0x000002ae1714bb40+0x0000000000000334]
J 16536 c2 ui.frmwork.a.d.dispatchEvent(Ljava/awt/AWTEvent;)V (42 bytes) @ 0x000002ae1714cdd4 [0x000002ae1714cce0+0x00000000000000f4]
J 24278% c2 java.awt.EventDispatchThread.pumpEventsForFilter(ILjava/awt/Conditional;Ljava/awt/EventFilter;)V java.desktop@11.0.2 (47 bytes) @ 0x000002ae17ac0f90 [0x000002ae17ac0c60+0x0000000000000330]
j  java.awt.EventDispatchThread.pumpEventsForHierarchy(ILjava/awt/Conditional;Ljava/awt/Component;)V+11 java.desktop@11.0.2
j  java.awt.EventDispatchThread.pumpEvents(ILjava/awt/Conditional;)V+4 java.desktop@11.0.2
j  java.awt.EventDispatchThread.pumpEvents(Ljava/awt/Conditional;)V+3 java.desktop@11.0.2
j  java.awt.EventDispatchThread.run()V+9 java.desktop@11.0.2
v  ~StubRoutines::call_stub

siginfo: EXCEPTION_ACCESS_VIOLATION (0xc0000005), data execution prevention violation at address 0x00007ff9ea11c0b0


Register to memory mapping:

RIP=0x00007ff9ea11c0b0 points into unknown readable memory: 01 00 00 00 00 00 00 00
RAX=0x00007ff9ea0c19a8 points into unknown readable memory: 30 bc d0 e9 f9 7f 00 00
RBX=0x0000000000000001 is an unknown value
RCX=0x000002ae7b840550 points into unknown readable memory: a8 19 0c ea f9 7f 00 00
RDX=0x000002ae4b710cc0 points into unknown readable memory: 50 a5 35 f6 f9 7f 00 00
RSP=0x000000cf04df9f98 is pointing into the stack for thread: 0x000002ae35e21800
RBP=0x000000cf04dfa190 is pointing into the stack for thread: 0x000002ae35e21800
RSI=0x000002ae78fe0f80 points into unknown readable memory: b8 19 0c ea f9 7f 00 00
RDI=0x000002ae7b840550 points into unknown readable memory: a8 19 0c ea f9 7f 00 00
R8 =0x000000cf04dfa180 is pointing into the stack for thread: 0x000002ae35e21800
R9 =0x000000cf04dfa1c0 is pointing into the stack for thread: 0x000002ae35e21800
R10=0x00007ffa2aa70000 VCRUNTIME140.dll
R11=0x108c2a0d5e00400d is an unknown value
R12=0x000000cf04dfa180 is pointing into the stack for thread: 0x000002ae35e21800
R13=0x000000cf04dfa1c0 is pointing into the stack for thread: 0x000002ae35e21800
R14=0x000000cf04dfa298 is pointing into the stack for thread: 0x000002ae35e21800
R15=0x000002ae4b710cc0 points into unknown readable memory: 50 a5 35 f6 f9 7f 00 00


Registers:
RAX=0x00007ff9ea0c19a8, RBX=0x0000000000000001, RCX=0x000002ae7b840550, RDX=0x000002ae4b710cc0
RSP=0x000000cf04df9f98, RBP=0x000000cf04dfa190, RSI=0x000002ae78fe0f80, RDI=0x000002ae7b840550
R8 =0x000000cf04dfa180, R9 =0x000000cf04dfa1c0, R10=0x00007ffa2aa70000, R11=0x108c2a0d5e00400d
R12=0x000000cf04dfa180, R13=0x000000cf04dfa1c0, R14=0x000000cf04dfa298, R15=0x000002ae4b710cc0
RIP=0x00007ff9ea11c0b0, EFLAGS=0x0000000000010202

Top of Stack: (sp=0x000000cf04df9f98)
0x000000cf04df9f98:   00007ff9e9dd67a5 40390000c5c7f050
0x000000cf04df9fa8:   00007ffa538bb86b 0000000007230894
0x000000cf04df9fb8:   00000000000000e4 fffffffffffffffe
0x000000cf04df9fc8:   000002ae1661e26c 0000000741254d18
0x000000cf04df9fd8:   000000074204dfb0 0000000000000000
0x000000cf04df9fe8:   000002ae5a5b6b40 000000074a44b1b0
0x000000cf04df9ff8:   000002ae5a5b0000 000002ae5a5b02a4
0x000000cf04dfa008:   000000cfc5c5c860 0000000000000010
0x000000cf04dfa018:   000002ae5a5b0cf0 000000cf04dfa1e0
0x000000cf04dfa028:   0000000000000000 0000e31a9c8755d9
0x000000cf04dfa038:   0000000000000010 0000000000000008
0x000000cf04dfa048:   0000000000000000 000000cf04dfa298
0x000000cf04dfa058:   000002ae7b529388 000002ae7b840550
0x000000cf04dfa068:   000002ae4b710cc0 000002ae78fe0f80
0x000000cf04dfa078:   000000cf04dfa190 0000000000000001
0x000000cf04dfa088:   00007ff9e9dce0d6 0000000003d40542 

Instructions: (pc=0x00007ff9ea11c0b0)
0x00007ff9ea11c090:   00 00 00 00 ff ff ff ff 00 00 00 00 40 00 00 00
0x00007ff9ea11c0a0:   60 c0 45 00 00 00 00 00 00 00 00 00 00 00 00 00
0x00007ff9ea11c0b0:   01 00 00 00 00 00 00 00 00 00 00 00 b0 e8 59 00
0x00007ff9ea11c0c0:   d8 c0 45 00 b0 c0 45 00 00 00 00 00 00 00 00 00 


Stack slot to memory mapping:
stack at sp + 0 slots: 0x00007ff9e9dd67a5 points into unknown readable memory: 8b f0 83
stack at sp + 1 slots: 0x40390000c5c7f050 is an unknown value
stack at sp + 2 slots: 0x00007ffa538bb86b ntdll.dll
stack at sp + 3 slots: 0x0000000007230894 is an unknown value
stack at sp + 4 slots: 0x00000000000000e4 is an unknown value
stack at sp + 5 slots: 0xfffffffffffffffe is an unknown value
stack at sp + 6 slots: 0x000002ae1661e26c is at entry_point+172 in (nmethod*)0x000002ae1661e010
stack at sp + 7 slots: 0x0000000741254d18 is an oop: [B 
{0x0000000741254d18} - klass: {type array byte}
 - length: 1


---------------  P R O C E S S  ---------------

Threads class SMR info:
_java_thread_list=0x000002ae79715c60, length=71, elements={
0x000002ae2abde800, 0x000002ae02abc800, 0x000002ae05518000, 0x000002ae06381800,
0x000002ae06382000, 0x000002ae05617000, 0x000002ae02912000, 0x000002ae5e706800,
0x000002ae039dc800, 0x000002ae2aba3800, 0x000002ae066ce000, 0x000002ae0390b000,
0x000002ae35b4e800, 0x000002ae3701c000, 0x000002ae35e21800, 0x000002ae35d4d800,
0x000002ae042b7000, 0x000002ae35703800, 0x000002ae04948000, 0x000002ae04946800,
0x000002ae04949000, 0x000002ae3bfa5000, 0x000002ae3bfa6000, 0x000002ae3bfa7000,
0x000002ae3bfa7800, 0x000002ae3bfa2000, 0x000002ae3bfa4800, 0x000002ae3bfa8800,
0x000002ae3bfad800, 0x000002ae3bfab000, 0x000002ae3bfaa000, 0x000002ae3bfb0000,
0x000002ae3bfab800, 0x000002ae3b5b9000, 0x000002ae3b5b3000, 0x000002ae3b5b9800,
0x000002ae3b5b6800, 0x000002ae3b5b5800, 0x000002ae3b5b4800, 0x000002ae3b5b8000,
0x000002ae3b5b4000, 0x000002ae3b5be800, 0x000002ae3b5bf800, 0x000002ae3b5bb800,
0x000002ae3bfa2800, 0x000002ae3bfa9000, 0x000002ae3b5c2000, 0x000002ae3b5c1000,
0x000002ae36adf800, 0x000002ae36ada000, 0x000002ae3b5c0000, 0x000002ae36ad9000,
0x000002ae36ae0800, 0x000002ae36ae2800, 0x000002ae3b5ba800, 0x000002ae3b5bd000,
0x000002ae04945800, 0x000002ae5091e800, 0x000002ae75888000, 0x000002aec4077800,
0x000002aec407a000, 0x000002ae4df2c800, 0x000002aec4078800, 0x000002aec4077000,
0x000002ae614fd000, 0x000002ae5091d000, 0x000002ae50c1c800, 0x000002ae4df2e800,
0x000002aec4079800, 0x000002aec4075800, 0x000002aec4076000
}

Java Threads: ( => current thread )
  0x000002ae2abde800 JavaThread "main" [_thread_blocked, id=13956, stack(0x000000cf7fa00000,0x000000cf7fb00000)]
  0x000002ae02abc800 JavaThread "Reference Handler" daemon [_thread_blocked, id=3464, stack(0x000000cf00100000,0x000000cf00600000)]
  0x000002ae05518000 JavaThread "Finalizer" daemon [_thread_blocked, id=31200, stack(0x000000cf00600000,0x000000cf00b00000)]
  0x000002ae06381800 JavaThread "Signal Dispatcher" daemon [_thread_blocked, id=14420, stack(0x000000cf00b00000,0x000000cf01000000)]
  0x000002ae06382000 JavaThread "Attach Listener" daemon [_thread_blocked, id=17964, stack(0x000000cf01000000,0x000000cf01500000)]
  0x000002ae05617000 JavaThread "C2 CompilerThread0" daemon [_thread_blocked, id=34540, stack(0x000000cf01500000,0x000000cf01600000)]
  0x000002ae02912000 JavaThread "C1 CompilerThread0" daemon [_thread_blocked, id=32440, stack(0x000000cf01600000,0x000000cf01700000)]
  0x000002ae5e706800 JavaThread "Sweeper thread" daemon [_thread_blocked, id=11116, stack(0x000000cf01700000,0x000000cf01c00000)]
  0x000002ae039dc800 JavaThread "Common-Cleaner" daemon [_thread_blocked, id=9060, stack(0x000000cf01d00000,0x000000cf02200000)]
  0x000002ae2aba3800 JavaThread "Service Thread" daemon [_thread_blocked, id=30172, stack(0x000000cf02200000,0x000000cf02700000)]
  0x000002ae066ce000 JavaThread "Java2D Disposer" daemon [_thread_blocked, id=14112, stack(0x000000cf02800000,0x000000cf02d00000)]
  0x000002ae0390b000 JavaThread "AWT-Windows" daemon [_thread_in_native, id=22656, stack(0x000000cf03200000,0x000000cf03700000)]
  0x000002ae35b4e800 JavaThread "TimerQueue" daemon [_thread_blocked, id=26936, stack(0x000000cf03f00000,0x000000cf04400000)]
  0x000002ae3701c000 JavaThread "AWT-Shutdown" [_thread_blocked, id=3028, stack(0x000000cf02d00000,0x000000cf03200000)]
=>0x000002ae35e21800 JavaThread "AWT-EventQueue-0" [_thread_in_native, id=13236, stack(0x000000cf04900000,0x000000cf04e00000)]
  0x000002ae35d4d800 JavaThread "Thread-1" [_thread_in_native, id=9604, stack(0x000000cf7e400000,0x000000cf7f800000)]
  0x000002ae042b7000 JavaThread "Process Messages Thread" [_thread_blocked, id=1548, stack(0x000000cf05300000,0x000000cf05800000)]
  0x000002ae35703800 JavaThread "Batik CleanerThread" daemon [_thread_blocked, id=9584, stack(0x000000cf04e00000,0x000000cf05300000)]
  0x000002ae04948000 JavaThread "SyntheticaCleanerThread" daemon [_thread_blocked, id=32584, stack(0x000000cf06000000,0x000000cf06500000)]
  0x000002ae04946800 JavaThread "Monitor HEventQueue Thread" [_thread_blocked, id=16564, stack(0x000000cf06800000,0x000000cf06d00000)]
  0x000002ae04949000 JavaThread "SyntheticaAnimation 50" daemon [_thread_blocked, id=23988, stack(0x000000cf06d00000,0x000000cf07200000)]
  0x000002ae3bfa5000 JavaThread "SyntheticaAnimation 25" daemon [_thread_blocked, id=29108, stack(0x000000cf07200000,0x000000cf07700000)]
  0x000002ae3bfa6000 JavaThread "Swing-Shell" daemon [_thread_blocked, id=25560, stack(0x000000cf07700000,0x000000cf07c00000)]
  0x000002ae3bfa7000 JavaThread "SyntheticaAnimation 70" daemon [_thread_blocked, id=8528, stack(0x000000cf08100000,0x000000cf08600000)]
  0x000002ae3bfa7800 JavaThread "Refresh Filesets Swing Worker Thread" [_thread_blocked, id=23364, stack(0x000000cf04400000,0x000000cf04900000)]
  0x000002ae3bfa2000 JavaThread "Thread-29" [_thread_blocked, id=12440, stack(0x000000cf07c00000,0x000000cf08100000)]
  0x000002ae3bfa4800 JavaThread "OutputGobbler" daemon [_thread_in_native, id=22144, stack(0x000000cf08600000,0x000000cf08b00000)]
  0x000002ae3bfa8800 JavaThread "ErrorGobbler" daemon [_thread_in_native, id=3900, stack(0x000000cf08b00000,0x000000cf09000000)]
  0x000002ae3bfad800 JavaThread "hw_ila_monitor" [_thread_blocked, id=15472, stack(0x000000cf09a00000,0x000000cf09f00000)]
  0x000002ae3bfab000 JavaThread "pool-3-thread-1" [_thread_blocked, id=5660, stack(0x000000cf0a900000,0x000000cf0ae00000)]
  0x000002ae3bfaa000 JavaThread "pool-4-thread-1" [_thread_blocked, id=32356, stack(0x000000cf0ae00000,0x000000cf0b300000)]
  0x000002ae3bfb0000 JavaThread "pool-5-thread-1" [_thread_blocked, id=12660, stack(0x000000cf0b300000,0x000000cf0b800000)]
  0x000002ae3bfab800 JavaThread "pool-6-thread-1" [_thread_blocked, id=10100, stack(0x000000cf0b800000,0x000000cf0bd00000)]
  0x000002ae3b5b9000 JavaThread "pool-7-thread-1" [_thread_blocked, id=32708, stack(0x000000cf0bd00000,0x000000cf0c200000)]
  0x000002ae3b5b3000 JavaThread "pool-8-thread-1" [_thread_blocked, id=26232, stack(0x000000cf0c200000,0x000000cf0c700000)]
  0x000002ae3b5b9800 JavaThread "pool-9-thread-1" [_thread_blocked, id=25404, stack(0x000000cf0c700000,0x000000cf0cc00000)]
  0x000002ae3b5b6800 JavaThread "pool-10-thread-1" [_thread_blocked, id=6876, stack(0x000000cf0cc00000,0x000000cf0d100000)]
  0x000002ae3b5b5800 JavaThread "pool-11-thread-1" [_thread_blocked, id=27104, stack(0x000000cf0d100000,0x000000cf0d600000)]
  0x000002ae3b5b4800 JavaThread "Update Runs Swing Worker Thread" [_thread_blocked, id=16036, stack(0x000000cf0db00000,0x000000cf0e000000)]
  0x000002ae3b5b8000 JavaThread "Watchdog Thread for com.sigasi.lsp.server.BootstrappedLspServer" daemon [_thread_blocked, id=5476, stack(0x000000cf0d600000,0x000000cf0db00000)]
  0x000002ae3b5b4000 JavaThread "Life support thread" daemon [_thread_blocked, id=34224, stack(0x000000cf09500000,0x000000cf09a00000)]
  0x000002ae3b5be800 JavaThread "Protocol translation thread 0" [_thread_in_native, id=21320, stack(0x000000cf09f00000,0x000000cf0a400000)]
  0x000002ae3b5bf800 JavaThread "pool-13-thread-1" [_thread_blocked, id=31524, stack(0x000000cf0a400000,0x000000cf0a900000)]
  0x000002ae3b5bb800 JavaThread "EMF Reference Cleaner" daemon [_thread_blocked, id=31488, stack(0x000000cf0e700000,0x000000cf0ec00000)]
  0x000002ae3bfa2800 JavaThread "Thread-64" [_thread_in_native, id=8436, stack(0x000000cf10000000,0x000000cf10100000)]
  0x000002ae3bfa9000 JavaThread "Thread-70" [_thread_in_native, id=30148, stack(0x000000cf10100000,0x000000cf10200000)]
  0x000002ae3b5c2000 JavaThread "pool-14-thread-1" [_thread_blocked, id=11636, stack(0x000000cf09000000,0x000000cf09500000)]
  0x000002ae3b5c1000 JavaThread "SyntheticaAnimation 50" daemon [_thread_blocked, id=24812, stack(0x000000cf05b00000,0x000000cf06000000)]
  0x000002ae36adf800 JavaThread "Thread-415" [_thread_in_native, id=3352, stack(0x000000cf06500000,0x000000cf06600000)]
  0x000002ae36ada000 JavaThread "Thread-517" [_thread_in_native, id=29656, stack(0x000000cf0e600000,0x000000cf0e700000)]
  0x000002ae3b5c0000 JavaThread "Thread-728" [_thread_in_native, id=3748, stack(0x000000cf03700000,0x000000cf03800000)]
  0x000002ae36ad9000 JavaThread "QuantumRenderer-0" daemon [_thread_blocked, id=11504, stack(0x000000cf10900000,0x000000cf10e00000)]
  0x000002ae36ae0800 JavaThread "InvokeLaterDispatcher" daemon [_thread_blocked, id=25464, stack(0x000000cf12600000,0x000000cf12b00000)]
  0x000002ae36ae2800 JavaThread "JavaFX Application Thread" [_thread_in_native, id=31544, stack(0x000000cf12b00000,0x000000cf13000000)]
  0x000002ae3b5ba800 JavaThread "Thread-1066" daemon [_thread_in_native, id=24604, stack(0x000000cf0fe00000,0x000000cf0ff00000)]
  0x000002ae3b5bd000 JavaThread "Prism Font Disposer" daemon [_thread_blocked, id=20768, stack(0x000000cf13100000,0x000000cf13600000)]
  0x000002ae04945800 JavaThread "Disposer" daemon [_thread_blocked, id=6764, stack(0x000000cf13600000,0x000000cf13b00000)]
  0x000002ae5091e800 JavaThread "SocketStreamHandle-1" daemon [_thread_in_native, id=33492, stack(0x000000cf16200000,0x000000cf16700000)]
  0x000002ae75888000 JavaThread "SyntheticaAnimation 50" daemon [_thread_blocked, id=2368, stack(0x000000cf14000000,0x000000cf14500000)]
  0x000002aec4077800 JavaThread "Timer-3" [_thread_blocked, id=30288, stack(0x000000cf14f00000,0x000000cf15400000)]
  0x000002aec407a000 JavaThread "Monitor File Timestamp Swing Worker Thread" [_thread_blocked, id=11768, stack(0x000000cf15900000,0x000000cf15e00000)]
  0x000002ae4df2c800 JavaThread "Cleaner-0" daemon [_thread_blocked, id=8816, stack(0x000000cf12100000,0x000000cf12600000)]
  0x000002aec4078800 JavaThread "Timer-4" [_thread_blocked, id=9248, stack(0x000000cf11700000,0x000000cf11c00000)]
  0x000002aec4077000 JavaThread "Monitor File Timestamp Swing Worker Thread" [_thread_blocked, id=23800, stack(0x000000cf11c00000,0x000000cf12100000)]
  0x000002ae614fd000 JavaThread "ForkJoinPool.commonPool-worker-1" daemon [_thread_blocked, id=25996, stack(0x000000cf11100000,0x000000cf11600000)]
  0x000002ae5091d000 JavaThread "ForkJoinPool.commonPool-worker-5" daemon [_thread_blocked, id=4820, stack(0x000000cf10100000,0x000000cf10600000)]
  0x000002ae50c1c800 JavaThread "Thread-2510" [_thread_in_native, id=1196, stack(0x000000cf06500000,0x000000cf06600000)]
  0x000002ae4df2e800 JavaThread "Thread-2518" [_thread_in_native, id=26932, stack(0x000000cf0e500000,0x000000cf0e600000)]
  0x000002aec4079800 JavaThread "Image Fetcher 0" daemon [_thread_blocked, id=1584, stack(0x000000cf0f700000,0x000000cf0fc00000)]
  0x000002aec4075800 JavaThread "Image Fetcher 1" daemon [_thread_blocked, id=10544, stack(0x000000cf13b00000,0x000000cf14000000)]
  0x000002aec4076000 JavaThread "Relaunch Simulation Thread" [_thread_blocked, id=34624, stack(0x000000cf14500000,0x000000cf14a00000)]

Other Threads:
  0x000002ae02731800 VMThread "VM Thread" [stack: 0x000000cf00000000,0x000000cf00100000] [id=16616]
  0x000002ae03706800 WatcherThread [stack: 0x000000cf02700000,0x000000cf02800000] [id=13120]
  0x000002ae294ec000 GCTaskThread "GC Thread#0" [stack: 0x000000cf7fb00000,0x000000cf7fc00000] [id=1516]
  0x000002ae360da000 GCTaskThread "GC Thread#1" [stack: 0x000000cf03800000,0x000000cf03900000] [id=28668]
  0x000002ae368e0800 GCTaskThread "GC Thread#2" [stack: 0x000000cf03900000,0x000000cf03a00000] [id=17384]
  0x000002ae0435d000 GCTaskThread "GC Thread#3" [stack: 0x000000cf03a00000,0x000000cf03b00000] [id=18952]
  0x000002ae366a7800 GCTaskThread "GC Thread#4" [stack: 0x000000cf03b00000,0x000000cf03c00000] [id=27396]
  0x000002ae35fd9000 GCTaskThread "GC Thread#5" [stack: 0x000000cf03c00000,0x000000cf03d00000] [id=26476]
  0x000002ae36c86000 GCTaskThread "GC Thread#6" [stack: 0x000000cf05800000,0x000000cf05900000] [id=27812]
  0x000002ae042b7800 GCTaskThread "GC Thread#7" [stack: 0x000000cf05900000,0x000000cf05a00000] [id=23380]
  0x000002ae0511b800 ConcurrentGCThread "G1 Main Marker" [stack: 0x000000cf7fc00000,0x000000cf7fd00000] [id=21744]
  0x000002ae04b6a800 ConcurrentGCThread "G1 Conc#0" [stack: 0x000000cf7fd00000,0x000000cf7fe00000] [id=16376]
  0x000002ae36c68000 ConcurrentGCThread "G1 Conc#1" [stack: 0x000000cf05a00000,0x000000cf05b00000] [id=30540]
  0x000002ae26c49000 ConcurrentGCThread "G1 Refine#0" [stack: 0x000000cf7fe00000,0x000000cf7ff00000] [id=25092]
  0x000002ae0455c800 ConcurrentGCThread "G1 Refine#1" [stack: 0x000000cf03d00000,0x000000cf03e00000] [id=26324]
  0x000002ae0455d000 ConcurrentGCThread "G1 Refine#2" [stack: 0x000000cf03e00000,0x000000cf03f00000] [id=22748]
  0x000002ae0282b800 ConcurrentGCThread "G1 Young RemSet Sampling" [stack: 0x000000cf7ff00000,0x000000cf80000000] [id=24212]

Threads with active compile tasks:

VM state:not at safepoint (normal execution)

VM Mutex/Monitor currently owned by a thread: None

Heap address: 0x0000000740000000, size: 3072 MB, Compressed Oops mode: Zero based, Oop shift amount: 3
Narrow klass base: 0x0000000800000000, Narrow klass shift: 0
Compressed class space size: 1073741824 Address: 0x0000000800000000

Heap:
 garbage-first heap   total 315392K, used 212232K [0x0000000740000000, 0x0000000800000000)
  region size 1024K, 39 young (39936K), 4 survivors (4096K)
 Metaspace       used 136223K, capacity 140058K, committed 140164K, reserved 1169408K
  class space    used 18536K, capacity 20220K, committed 20300K, reserved 1048576K
Heap Regions: E=young(eden), S=young(survivor), O=old, HS=humongous(starts), HC=humongous(continues), CS=collection set, F=free, A=archive, TAMS=top-at-mark-start (previous, next)
|   0|0x0000000740000000, 0x0000000740100000, 0x0000000740100000|100%|HS|  |TAMS 0x0000000740100000, 0x0000000740000000| Complete 
|   1|0x0000000740100000, 0x0000000740200000, 0x0000000740200000|100%|HC|  |TAMS 0x0000000740200000, 0x0000000740100000| Complete 
|   2|0x0000000740200000, 0x0000000740300000, 0x0000000740300000|100%|HS|  |TAMS 0x0000000740300000, 0x0000000740200000| Complete 
|   3|0x0000000740300000, 0x0000000740400000, 0x0000000740400000|100%| O|  |TAMS 0x0000000740400000, 0x0000000740300000| Untracked 
|   4|0x0000000740400000, 0x0000000740500000, 0x0000000740500000|100%| O|  |TAMS 0x0000000740500000, 0x0000000740400000| Untracked 
|   5|0x0000000740500000, 0x00000007405ffff0, 0x0000000740600000| 99%| O|  |TAMS 0x00000007405ffff0, 0x0000000740500000| Untracked 
|   6|0x0000000740600000, 0x0000000740700000, 0x0000000740700000|100%| O|  |TAMS 0x0000000740700000, 0x0000000740600000| Untracked 
|   7|0x0000000740700000, 0x00000007407fffb0, 0x0000000740800000| 99%| O|  |TAMS 0x00000007407fffb0, 0x0000000740700000| Untracked 
|   8|0x0000000740800000, 0x00000007408fe2f8, 0x0000000740900000| 99%| O|  |TAMS 0x00000007408fe2f8, 0x0000000740800000| Untracked 
|   9|0x0000000740900000, 0x00000007409ffff0, 0x0000000740a00000| 99%| O|  |TAMS 0x00000007409ffff0, 0x0000000740900000| Untracked 
|  10|0x0000000740a00000, 0x0000000740affff8, 0x0000000740b00000| 99%| O|  |TAMS 0x0000000740affff8, 0x0000000740a00000| Untracked 
|  11|0x0000000740b00000, 0x0000000740c00000, 0x0000000740c00000|100%| O|  |TAMS 0x0000000740c00000, 0x0000000740b00000| Untracked 
|  12|0x0000000740c00000, 0x0000000740cff2c0, 0x0000000740d00000| 99%| O|  |TAMS 0x0000000740cff2c0, 0x0000000740c00000| Untracked 
|  13|0x0000000740d00000, 0x0000000740dcaad8, 0x0000000740e00000| 79%| O|  |TAMS 0x0000000740dcaad8, 0x0000000740d00000| Untracked 
|  14|0x0000000740e00000, 0x0000000740f00000, 0x0000000740f00000|100%| O|  |TAMS 0x0000000740f00000, 0x0000000740e00000| Untracked 
|  15|0x0000000740f00000, 0x0000000740ffffc0, 0x0000000741000000| 99%| O|  |TAMS 0x0000000740ffffc0, 0x0000000740f00000| Untracked 
|  16|0x0000000741000000, 0x00000007410fffe8, 0x0000000741100000| 99%| O|  |TAMS 0x00000007410fffe8, 0x0000000741000000| Untracked 
|  17|0x0000000741100000, 0x00000007411fffe8, 0x0000000741200000| 99%| O|  |TAMS 0x00000007411fffe8, 0x0000000741100000| Untracked 
|  18|0x0000000741200000, 0x00000007412ffff8, 0x0000000741300000| 99%| O|  |TAMS 0x00000007412ffff8, 0x0000000741200000| Untracked 
|  19|0x0000000741300000, 0x00000007413ffff8, 0x0000000741400000| 99%| O|  |TAMS 0x00000007413ffff8, 0x0000000741300000| Untracked 
|  20|0x0000000741400000, 0x00000007414ffff8, 0x0000000741500000| 99%| O|  |TAMS 0x00000007414ffff8, 0x0000000741400000| Untracked 
|  21|0x0000000741500000, 0x00000007415ffff8, 0x0000000741600000| 99%| O|  |TAMS 0x00000007415ffff8, 0x0000000741500000| Untracked 
|  22|0x0000000741600000, 0x0000000741700000, 0x0000000741700000|100%| O|  |TAMS 0x0000000741700000, 0x0000000741600000| Untracked 
|  23|0x0000000741700000, 0x0000000741800000, 0x0000000741800000|100%| O|  |TAMS 0x0000000741800000, 0x0000000741700000| Untracked 
|  24|0x0000000741800000, 0x00000007418ffff8, 0x0000000741900000| 99%| O|  |TAMS 0x00000007418ffff8, 0x0000000741800000| Untracked 
|  25|0x0000000741900000, 0x00000007419ffff8, 0x0000000741a00000| 99%| O|  |TAMS 0x00000007419ffff8, 0x0000000741900000| Untracked 
|  26|0x0000000741a00000, 0x0000000741affff0, 0x0000000741b00000| 99%| O|  |TAMS 0x0000000741affff0, 0x0000000741a00000| Untracked 
|  27|0x0000000741b00000, 0x0000000741c00000, 0x0000000741c00000|100%|HS|  |TAMS 0x0000000741c00000, 0x0000000741b00000| Complete 
|  28|0x0000000741c00000, 0x0000000741cffff8, 0x0000000741d00000| 99%| O|  |TAMS 0x0000000741cffff8, 0x0000000741c00000| Untracked 
|  29|0x0000000741d00000, 0x0000000741e00000, 0x0000000741e00000|100%| O|  |TAMS 0x0000000741e00000, 0x0000000741d00000| Untracked 
|  30|0x0000000741e00000, 0x0000000741effff8, 0x0000000741f00000| 99%| O|  |TAMS 0x0000000741effff8, 0x0000000741e00000| Untracked 
|  31|0x0000000741f00000, 0x0000000742000000, 0x0000000742000000|100%| O|  |TAMS 0x0000000742000000, 0x0000000741f00000| Untracked 
|  32|0x0000000742000000, 0x00000007420ffff0, 0x0000000742100000| 99%| O|  |TAMS 0x00000007420ffff0, 0x0000000742000000| Untracked 
|  33|0x0000000742100000, 0x00000007421ffff0, 0x0000000742200000| 99%| O|  |TAMS 0x00000007421ffff0, 0x0000000742100000| Untracked 
|  34|0x0000000742200000, 0x0000000742300000, 0x0000000742300000|100%| O|  |TAMS 0x0000000742300000, 0x0000000742200000| Untracked 
|  35|0x0000000742300000, 0x00000007423ffff0, 0x0000000742400000| 99%| O|  |TAMS 0x00000007423ffff0, 0x0000000742300000| Untracked 
|  36|0x0000000742400000, 0x0000000742500000, 0x0000000742500000|100%| O|  |TAMS 0x0000000742500000, 0x0000000742400000| Untracked 
|  37|0x0000000742500000, 0x00000007425fffe8, 0x0000000742600000| 99%| O|  |TAMS 0x00000007425fffe8, 0x0000000742500000| Untracked 
|  38|0x0000000742600000, 0x00000007426ffff0, 0x0000000742700000| 99%| O|  |TAMS 0x00000007426ffff0, 0x0000000742600000| Untracked 
|  39|0x0000000742700000, 0x0000000742800000, 0x0000000742800000|100%| O|  |TAMS 0x0000000742800000, 0x0000000742700000| Untracked 
|  40|0x0000000742800000, 0x00000007428ffff0, 0x0000000742900000| 99%| O|  |TAMS 0x00000007428ffff0, 0x0000000742800000| Untracked 
|  41|0x0000000742900000, 0x00000007429ffff0, 0x0000000742a00000| 99%| O|  |TAMS 0x00000007429ffff0, 0x0000000742900000| Untracked 
|  42|0x0000000742a00000, 0x0000000742b00000, 0x0000000742b00000|100%| O|  |TAMS 0x0000000742b00000, 0x0000000742a00000| Untracked 
|  43|0x0000000742b00000, 0x0000000742c00000, 0x0000000742c00000|100%| O|  |TAMS 0x0000000742c00000, 0x0000000742b00000| Untracked 
|  44|0x0000000742c00000, 0x0000000742d00000, 0x0000000742d00000|100%|HS|  |TAMS 0x0000000742d00000, 0x0000000742c00000| Complete 
|  45|0x0000000742d00000, 0x0000000742e00000, 0x0000000742e00000|100%|HC|  |TAMS 0x0000000742e00000, 0x0000000742d00000| Complete 
|  46|0x0000000742e00000, 0x0000000742f00000, 0x0000000742f00000|100%|HC|  |TAMS 0x0000000742f00000, 0x0000000742e00000| Complete 
|  47|0x0000000742f00000, 0x0000000743000000, 0x0000000743000000|100%|HC|  |TAMS 0x0000000743000000, 0x0000000742f00000| Complete 
|  48|0x0000000743000000, 0x0000000743100000, 0x0000000743100000|100%|HC|  |TAMS 0x0000000743100000, 0x0000000743000000| Complete 
|  49|0x0000000743100000, 0x0000000743200000, 0x0000000743200000|100%|HC|  |TAMS 0x0000000743200000, 0x0000000743100000| Complete 
|  50|0x0000000743200000, 0x0000000743300000, 0x0000000743300000|100%|HC|  |TAMS 0x0000000743300000, 0x0000000743200000| Complete 
|  51|0x0000000743300000, 0x0000000743400000, 0x0000000743400000|100%|HC|  |TAMS 0x0000000743400000, 0x0000000743300000| Complete 
|  52|0x0000000743400000, 0x00000007434ffff8, 0x0000000743500000| 99%| O|  |TAMS 0x00000007434ffff8, 0x0000000743400000| Untracked 
|  53|0x0000000743500000, 0x0000000743600000, 0x0000000743600000|100%| O|  |TAMS 0x0000000743600000, 0x0000000743500000| Untracked 
|  54|0x0000000743600000, 0x0000000743700000, 0x0000000743700000|100%| O|  |TAMS 0x0000000743700000, 0x0000000743600000| Untracked 
|  55|0x0000000743700000, 0x00000007437fffe8, 0x0000000743800000| 99%| O|  |TAMS 0x00000007437fffe8, 0x0000000743700000| Untracked 
|  56|0x0000000743800000, 0x00000007438fffe8, 0x0000000743900000| 99%| O|  |TAMS 0x00000007438fffe8, 0x0000000743800000| Untracked 
|  57|0x0000000743900000, 0x00000007439ffff0, 0x0000000743a00000| 99%| O|  |TAMS 0x00000007439ffff0, 0x0000000743900000| Untracked 
|  58|0x0000000743a00000, 0x0000000743b00000, 0x0000000743b00000|100%| O|  |TAMS 0x0000000743b00000, 0x0000000743a00000| Untracked 
|  59|0x0000000743b00000, 0x0000000743bffff0, 0x0000000743c00000| 99%| O|  |TAMS 0x0000000743bffff0, 0x0000000743b00000| Untracked 
|  60|0x0000000743c00000, 0x0000000743d00000, 0x0000000743d00000|100%| O|  |TAMS 0x0000000743d00000, 0x0000000743c00000| Untracked 
|  61|0x0000000743d00000, 0x0000000743dfffe8, 0x0000000743e00000| 99%| O|  |TAMS 0x0000000743dfffe8, 0x0000000743d00000| Untracked 
|  62|0x0000000743e00000, 0x0000000743effff8, 0x0000000743f00000| 99%| O|  |TAMS 0x0000000743effff8, 0x0000000743e00000| Untracked 
|  63|0x0000000743f00000, 0x0000000744000000, 0x0000000744000000|100%| O|  |TAMS 0x0000000744000000, 0x0000000743f00000| Untracked 
|  64|0x0000000744000000, 0x00000007440ffff8, 0x0000000744100000| 99%| O|  |TAMS 0x00000007440ffff8, 0x0000000744000000| Untracked 
|  65|0x0000000744100000, 0x00000007441ffff8, 0x0000000744200000| 99%| O|  |TAMS 0x00000007441ffff8, 0x0000000744100000| Untracked 
|  66|0x0000000744200000, 0x0000000744300000, 0x0000000744300000|100%| O|  |TAMS 0x0000000744300000, 0x0000000744200000| Untracked 
|  67|0x0000000744300000, 0x0000000744400000, 0x0000000744400000|100%| O|  |TAMS 0x0000000744400000, 0x0000000744300000| Untracked 
|  68|0x0000000744400000, 0x00000007444fffe8, 0x0000000744500000| 99%| O|  |TAMS 0x00000007444fffe8, 0x0000000744400000| Untracked 
|  69|0x0000000744500000, 0x00000007445fff08, 0x0000000744600000| 99%| O|  |TAMS 0x00000007445fff08, 0x0000000744500000| Untracked 
|  70|0x0000000744600000, 0x0000000744700000, 0x0000000744700000|100%| O|  |TAMS 0x0000000744700000, 0x0000000744600000| Untracked 
|  71|0x0000000744700000, 0x00000007447ffff0, 0x0000000744800000| 99%| O|  |TAMS 0x00000007447ffff0, 0x0000000744700000| Untracked 
|  72|0x0000000744800000, 0x00000007448ffff0, 0x0000000744900000| 99%| O|  |TAMS 0x00000007448ffff0, 0x0000000744800000| Untracked 
|  73|0x0000000744900000, 0x00000007449ffff0, 0x0000000744a00000| 99%| O|  |TAMS 0x00000007449ffff0, 0x0000000744900000| Untracked 
|  74|0x0000000744a00000, 0x0000000744affff8, 0x0000000744b00000| 99%| O|  |TAMS 0x0000000744affff8, 0x0000000744a00000| Untracked 
|  75|0x0000000744b00000, 0x0000000744bffff8, 0x0000000744c00000| 99%| O|  |TAMS 0x0000000744bffff8, 0x0000000744b00000| Untracked 
|  76|0x0000000744c00000, 0x0000000744cffff0, 0x0000000744d00000| 99%| O|  |TAMS 0x0000000744cffff0, 0x0000000744c00000| Untracked 
|  77|0x0000000744d00000, 0x0000000744dffff0, 0x0000000744e00000| 99%| O|  |TAMS 0x0000000744dffff0, 0x0000000744d00000| Untracked 
|  78|0x0000000744e00000, 0x0000000744effff0, 0x0000000744f00000| 99%| O|  |TAMS 0x0000000744effff0, 0x0000000744e00000| Untracked 
|  79|0x0000000744f00000, 0x0000000744ffffd0, 0x0000000745000000| 99%| O|  |TAMS 0x0000000744ffffd0, 0x0000000744f00000| Untracked 
|  80|0x0000000745000000, 0x00000007450ffff8, 0x0000000745100000| 99%| O|  |TAMS 0x00000007450ffff8, 0x0000000745000000| Untracked 
|  81|0x0000000745100000, 0x00000007451fffe8, 0x0000000745200000| 99%| O|  |TAMS 0x00000007451fffe8, 0x0000000745100000| Untracked 
|  82|0x0000000745200000, 0x00000007452fffb0, 0x0000000745300000| 99%| O|  |TAMS 0x00000007452fffb0, 0x0000000745200000| Untracked 
|  83|0x0000000745300000, 0x00000007453ffdf8, 0x0000000745400000| 99%| O|  |TAMS 0x00000007453ffdf8, 0x0000000745300000| Untracked 
|  84|0x0000000745400000, 0x00000007454ffff0, 0x0000000745500000| 99%| O|  |TAMS 0x00000007454ffff0, 0x0000000745400000| Untracked 
|  85|0x0000000745500000, 0x0000000745600000, 0x0000000745600000|100%| O|  |TAMS 0x0000000745600000, 0x0000000745500000| Untracked 
|  86|0x0000000745600000, 0x00000007456ffff0, 0x0000000745700000| 99%| O|  |TAMS 0x00000007456ffff0, 0x0000000745600000| Untracked 
|  87|0x0000000745700000, 0x00000007457fff80, 0x0000000745800000| 99%| O|  |TAMS 0x00000007457fff80, 0x0000000745700000| Untracked 
|  88|0x0000000745800000, 0x00000007458ffff8, 0x0000000745900000| 99%| O|  |TAMS 0x00000007458ffff8, 0x0000000745800000| Untracked 
|  89|0x0000000745900000, 0x00000007459ffff8, 0x0000000745a00000| 99%| O|  |TAMS 0x00000007459ffff8, 0x0000000745900000| Untracked 
|  90|0x0000000745a00000, 0x0000000745affff8, 0x0000000745b00000| 99%| O|  |TAMS 0x0000000745affff8, 0x0000000745a00000| Untracked 
|  91|0x0000000745b00000, 0x0000000745bffff8, 0x0000000745c00000| 99%| O|  |TAMS 0x0000000745bffff8, 0x0000000745b00000| Untracked 
|  92|0x0000000745c00000, 0x0000000745cfffa0, 0x0000000745d00000| 99%| O|  |TAMS 0x0000000745cfffa0, 0x0000000745c00000| Untracked 
|  93|0x0000000745d00000, 0x0000000745dfff90, 0x0000000745e00000| 99%| O|  |TAMS 0x0000000745dfff90, 0x0000000745d00000| Untracked 
|  94|0x0000000745e00000, 0x0000000745efffe8, 0x0000000745f00000| 99%| O|  |TAMS 0x0000000745efffe8, 0x0000000745e00000| Untracked 
|  95|0x0000000745f00000, 0x0000000746000000, 0x0000000746000000|100%| O|  |TAMS 0x0000000746000000, 0x0000000745f00000| Untracked 
|  96|0x0000000746000000, 0x0000000746100000, 0x0000000746100000|100%| O|  |TAMS 0x0000000746100000, 0x0000000746000000| Untracked 
|  97|0x0000000746100000, 0x00000007461fff48, 0x0000000746200000| 99%| O|  |TAMS 0x00000007461fff48, 0x0000000746100000| Untracked 
|  98|0x0000000746200000, 0x00000007462ffff8, 0x0000000746300000| 99%| O|  |TAMS 0x00000007462ffff8, 0x0000000746200000| Untracked 
|  99|0x0000000746300000, 0x00000007463fffa8, 0x0000000746400000| 99%| O|  |TAMS 0x00000007463fffa8, 0x0000000746300000| Untracked 
| 100|0x0000000746400000, 0x00000007464fffd0, 0x0000000746500000| 99%| O|  |TAMS 0x00000007464fffd0, 0x0000000746400000| Untracked 
| 101|0x0000000746500000, 0x0000000746600000, 0x0000000746600000|100%| O|  |TAMS 0x0000000746600000, 0x0000000746500000| Untracked 
| 102|0x0000000746600000, 0x00000007466fffe8, 0x0000000746700000| 99%| O|  |TAMS 0x00000007466fffe8, 0x0000000746600000| Untracked 
| 103|0x0000000746700000, 0x00000007467fff98, 0x0000000746800000| 99%| O|  |TAMS 0x00000007467fff98, 0x0000000746700000| Untracked 
| 104|0x0000000746800000, 0x00000007468fff88, 0x0000000746900000| 99%| O|  |TAMS 0x00000007468fff88, 0x0000000746800000| Untracked 
| 105|0x0000000746900000, 0x00000007469ffff8, 0x0000000746a00000| 99%| O|  |TAMS 0x00000007469ffff8, 0x0000000746900000| Untracked 
| 106|0x0000000746a00000, 0x0000000746affff0, 0x0000000746b00000| 99%| O|  |TAMS 0x0000000746affff0, 0x0000000746a00000| Untracked 
| 107|0x0000000746b00000, 0x0000000746bffff0, 0x0000000746c00000| 99%| O|  |TAMS 0x0000000746bffff0, 0x0000000746b00000| Untracked 
| 108|0x0000000746c00000, 0x0000000746cffff8, 0x0000000746d00000| 99%| O|  |TAMS 0x0000000746cffff8, 0x0000000746c00000| Untracked 
| 109|0x0000000746d00000, 0x0000000746e00000, 0x0000000746e00000|100%| O|  |TAMS 0x0000000746e00000, 0x0000000746d00000| Untracked 
| 110|0x0000000746e00000, 0x0000000746effff8, 0x0000000746f00000| 99%| O|  |TAMS 0x0000000746effff8, 0x0000000746e00000| Untracked 
| 111|0x0000000746f00000, 0x0000000746ffffe8, 0x0000000747000000| 99%| O|  |TAMS 0x0000000746ffffe8, 0x0000000746f00000| Untracked 
| 112|0x0000000747000000, 0x00000007470ffff8, 0x0000000747100000| 99%| O|  |TAMS 0x00000007470ffff8, 0x0000000747000000| Untracked 
| 113|0x0000000747100000, 0x00000007471fff90, 0x0000000747200000| 99%| O|  |TAMS 0x00000007471fff90, 0x0000000747100000| Untracked 
| 114|0x0000000747200000, 0x00000007472fff08, 0x0000000747300000| 99%| O|  |TAMS 0x00000007472fff08, 0x0000000747200000| Untracked 
| 115|0x0000000747300000, 0x00000007473ffff0, 0x0000000747400000| 99%| O|  |TAMS 0x00000007473ffff0, 0x0000000747300000| Untracked 
| 116|0x0000000747400000, 0x00000007474ffff0, 0x0000000747500000| 99%| O|  |TAMS 0x00000007474ffff0, 0x0000000747400000| Untracked 
| 117|0x0000000747500000, 0x00000007475ffff8, 0x0000000747600000| 99%| O|  |TAMS 0x00000007475ffff8, 0x0000000747500000| Untracked 
| 118|0x0000000747600000, 0x00000007476fffd8, 0x0000000747700000| 99%| O|  |TAMS 0x00000007476fffd8, 0x0000000747600000| Untracked 
| 119|0x0000000747700000, 0x00000007477fffe0, 0x0000000747800000| 99%| O|  |TAMS 0x00000007477fffe0, 0x0000000747700000| Untracked 
| 120|0x0000000747800000, 0x00000007478ffff8, 0x0000000747900000| 99%| O|  |TAMS 0x00000007478ffff8, 0x0000000747800000| Untracked 
| 121|0x0000000747900000, 0x00000007479ffff8, 0x0000000747a00000| 99%| O|  |TAMS 0x00000007479ffff8, 0x0000000747900000| Untracked 
| 122|0x0000000747a00000, 0x0000000747affff8, 0x0000000747b00000| 99%| O|  |TAMS 0x0000000747affff8, 0x0000000747a00000| Untracked 
| 123|0x0000000747b00000, 0x0000000747bf28b8, 0x0000000747c00000| 94%| O|  |TAMS 0x0000000747bf28b8, 0x0000000747b00000| Untracked 
| 124|0x0000000747c00000, 0x0000000747ce8de0, 0x0000000747d00000| 90%| O|  |TAMS 0x0000000747ce8de0, 0x0000000747c00000| Untracked 
| 125|0x0000000747d00000, 0x0000000747dffff8, 0x0000000747e00000| 99%| O|  |TAMS 0x0000000747dffff8, 0x0000000747d00000| Untracked 
| 126|0x0000000747e00000, 0x0000000747e90df0, 0x0000000747f00000| 56%| O|  |TAMS 0x0000000747e90df0, 0x0000000747e00000| Untracked 
| 127|0x0000000747f00000, 0x0000000747f739d0, 0x0000000748000000| 45%| O|  |TAMS 0x0000000747f739d0, 0x0000000747f00000| Untracked 
| 128|0x0000000748000000, 0x0000000748100000, 0x0000000748100000|100%| O|  |TAMS 0x0000000748100000, 0x0000000748000000| Untracked 
| 129|0x0000000748100000, 0x0000000748200000, 0x0000000748200000|100%| O|  |TAMS 0x0000000748200000, 0x0000000748100000| Untracked 
| 130|0x0000000748200000, 0x0000000748300000, 0x0000000748300000|100%| O|  |TAMS 0x0000000748300000, 0x0000000748200000| Untracked 
| 131|0x0000000748300000, 0x0000000748400000, 0x0000000748400000|100%| O|  |TAMS 0x0000000748400000, 0x0000000748300000| Untracked 
| 132|0x0000000748400000, 0x0000000748500000, 0x0000000748500000|100%| O|  |TAMS 0x0000000748500000, 0x0000000748400000| Untracked 
| 133|0x0000000748500000, 0x0000000748600000, 0x0000000748600000|100%| O|  |TAMS 0x0000000748600000, 0x0000000748500000| Untracked 
| 134|0x0000000748600000, 0x0000000748700000, 0x0000000748700000|100%| O|  |TAMS 0x0000000748700000, 0x0000000748600000| Untracked 
| 135|0x0000000748700000, 0x0000000748700000, 0x0000000748800000|  0%| F|  |TAMS 0x0000000748700000, 0x0000000748700000| Untracked 
| 136|0x0000000748800000, 0x0000000748900000, 0x0000000748900000|100%| O|  |TAMS 0x0000000748900000, 0x0000000748800000| Untracked 
| 137|0x0000000748900000, 0x0000000748a00000, 0x0000000748a00000|100%| O|  |TAMS 0x0000000748a00000, 0x0000000748900000| Untracked 
| 138|0x0000000748a00000, 0x0000000748b00000, 0x0000000748b00000|100%| O|  |TAMS 0x0000000748b00000, 0x0000000748a00000| Untracked 
| 139|0x0000000748b00000, 0x0000000748c00000, 0x0000000748c00000|100%| O|  |TAMS 0x0000000748c00000, 0x0000000748b00000| Untracked 
| 140|0x0000000748c00000, 0x0000000748d00000, 0x0000000748d00000|100%| O|  |TAMS 0x0000000748d00000, 0x0000000748c00000| Untracked 
| 141|0x0000000748d00000, 0x0000000748d22410, 0x0000000748e00000| 13%| O|  |TAMS 0x0000000748d22410, 0x0000000748d00000| Untracked 
| 142|0x0000000748e00000, 0x0000000748f00000, 0x0000000748f00000|100%| O|  |TAMS 0x0000000748f00000, 0x0000000748e00000| Untracked 
| 143|0x0000000748f00000, 0x0000000749000000, 0x0000000749000000|100%| O|  |TAMS 0x0000000749000000, 0x0000000748f00000| Untracked 
| 144|0x0000000749000000, 0x0000000749100000, 0x0000000749100000|100%| O|  |TAMS 0x0000000749100000, 0x0000000749000000| Untracked 
| 145|0x0000000749100000, 0x0000000749200000, 0x0000000749200000|100%| O|  |TAMS 0x0000000749200000, 0x0000000749100000| Untracked 
| 146|0x0000000749200000, 0x0000000749300000, 0x0000000749300000|100%| O|  |TAMS 0x0000000749300000, 0x0000000749200000| Untracked 
| 147|0x0000000749300000, 0x0000000749400000, 0x0000000749400000|100%| O|  |TAMS 0x0000000749400000, 0x0000000749300000| Untracked 
| 148|0x0000000749400000, 0x0000000749500000, 0x0000000749500000|100%| O|  |TAMS 0x0000000749500000, 0x0000000749400000| Untracked 
| 149|0x0000000749500000, 0x0000000749600000, 0x0000000749600000|100%| O|  |TAMS 0x0000000749600000, 0x0000000749500000| Untracked 
| 150|0x0000000749600000, 0x0000000749700000, 0x0000000749700000|100%| O|  |TAMS 0x0000000749700000, 0x0000000749600000| Untracked 
| 151|0x0000000749700000, 0x0000000749800000, 0x0000000749800000|100%|HS|  |TAMS 0x0000000749800000, 0x0000000749700000| Complete 
| 152|0x0000000749800000, 0x0000000749900000, 0x0000000749900000|100%|HC|  |TAMS 0x0000000749900000, 0x0000000749800000| Complete 
| 153|0x0000000749900000, 0x0000000749a00000, 0x0000000749a00000|100%| O|  |TAMS 0x0000000749a00000, 0x0000000749900000| Untracked 
| 154|0x0000000749a00000, 0x0000000749b00000, 0x0000000749b00000|100%|HS|  |TAMS 0x0000000749b00000, 0x0000000749a00000| Complete 
| 155|0x0000000749b00000, 0x0000000749c00000, 0x0000000749c00000|100%| O|  |TAMS 0x0000000749c00000, 0x0000000749b00000| Untracked 
| 156|0x0000000749c00000, 0x0000000749d00000, 0x0000000749d00000|100%| O|  |TAMS 0x0000000749d00000, 0x0000000749c00000| Untracked 
| 157|0x0000000749d00000, 0x0000000749e00000, 0x0000000749e00000|100%| O|  |TAMS 0x0000000749e00000, 0x0000000749d00000| Untracked 
| 158|0x0000000749e00000, 0x0000000749f00000, 0x0000000749f00000|100%| O|  |TAMS 0x0000000749f00000, 0x0000000749e00000| Untracked 
| 159|0x0000000749f00000, 0x000000074a000000, 0x000000074a000000|100%| O|  |TAMS 0x000000074a000000, 0x0000000749f00000| Untracked 
| 160|0x000000074a000000, 0x000000074a100000, 0x000000074a100000|100%| O|  |TAMS 0x000000074a100000, 0x000000074a000000| Untracked 
| 161|0x000000074a100000, 0x000000074a200000, 0x000000074a200000|100%|HS|  |TAMS 0x000000074a200000, 0x000000074a100000| Complete 
| 162|0x000000074a200000, 0x000000074a300000, 0x000000074a300000|100%|HC|  |TAMS 0x000000074a300000, 0x000000074a200000| Complete 
| 163|0x000000074a300000, 0x000000074a400000, 0x000000074a400000|100%| O|  |TAMS 0x000000074a400000, 0x000000074a300000| Untracked 
| 164|0x000000074a400000, 0x000000074a500000, 0x000000074a500000|100%| O|  |TAMS 0x000000074a500000, 0x000000074a400000| Untracked 
| 165|0x000000074a500000, 0x000000074a600000, 0x000000074a600000|100%| O|  |TAMS 0x000000074a600000, 0x000000074a500000| Untracked 
| 166|0x000000074a600000, 0x000000074a700000, 0x000000074a700000|100%|HS|  |TAMS 0x000000074a700000, 0x000000074a600000| Complete 
| 167|0x000000074a700000, 0x000000074a800000, 0x000000074a800000|100%| O|  |TAMS 0x000000074a800000, 0x000000074a700000| Untracked 
| 168|0x000000074a800000, 0x000000074a900000, 0x000000074a900000|100%| O|  |TAMS 0x000000074a900000, 0x000000074a800000| Untracked 
| 169|0x000000074a900000, 0x000000074aa00000, 0x000000074aa00000|100%| O|  |TAMS 0x000000074aa00000, 0x000000074a900000| Untracked 
| 170|0x000000074aa00000, 0x000000074aa09df0, 0x000000074ab00000|  3%| O|  |TAMS 0x000000074aa09df0, 0x000000074aa00000| Untracked 
| 171|0x000000074ab00000, 0x000000074ab8e800, 0x000000074ac00000| 55%| O|  |TAMS 0x000000074ab8e800, 0x000000074ab00000| Untracked 
| 172|0x000000074ac00000, 0x000000074ac00000, 0x000000074ad00000|  0%| F|  |TAMS 0x000000074ac00000, 0x000000074ac00000| Untracked 
| 173|0x000000074ad00000, 0x000000074ae00000, 0x000000074ae00000|100%|HS|  |TAMS 0x000000074ae00000, 0x000000074ad00000| Complete 
| 174|0x000000074ae00000, 0x000000074af00000, 0x000000074af00000|100%|HC|  |TAMS 0x000000074af00000, 0x000000074ae00000| Complete 
| 175|0x000000074af00000, 0x000000074af00000, 0x000000074b000000|  0%| F|  |TAMS 0x000000074af00000, 0x000000074af00000| Untracked 
| 176|0x000000074b000000, 0x000000074b000000, 0x000000074b100000|  0%| F|  |TAMS 0x000000074b000000, 0x000000074b000000| Untracked 
| 177|0x000000074b100000, 0x000000074b100000, 0x000000074b200000|  0%| F|  |TAMS 0x000000074b100000, 0x000000074b100000| Untracked 
| 178|0x000000074b200000, 0x000000074b200000, 0x000000074b300000|  0%| F|  |TAMS 0x000000074b200000, 0x000000074b200000| Untracked 
| 179|0x000000074b300000, 0x000000074b300000, 0x000000074b400000|  0%| F|  |TAMS 0x000000074b300000, 0x000000074b300000| Untracked 
| 180|0x000000074b400000, 0x000000074b400000, 0x000000074b500000|  0%| F|  |TAMS 0x000000074b400000, 0x000000074b400000| Untracked 
| 181|0x000000074b500000, 0x000000074b500000, 0x000000074b600000|  0%| F|  |TAMS 0x000000074b500000, 0x000000074b500000| Untracked 
| 182|0x000000074b600000, 0x000000074b600000, 0x000000074b700000|  0%| F|  |TAMS 0x000000074b600000, 0x000000074b600000| Untracked 
| 183|0x000000074b700000, 0x000000074b700000, 0x000000074b800000|  0%| F|  |TAMS 0x000000074b700000, 0x000000074b700000| Untracked 
| 184|0x000000074b800000, 0x000000074b800000, 0x000000074b900000|  0%| F|  |TAMS 0x000000074b800000, 0x000000074b800000| Untracked 
| 185|0x000000074b900000, 0x000000074b900000, 0x000000074ba00000|  0%| F|  |TAMS 0x000000074b900000, 0x000000074b900000| Untracked 
| 186|0x000000074ba00000, 0x000000074ba00000, 0x000000074bb00000|  0%| F|  |TAMS 0x000000074ba00000, 0x000000074ba00000| Untracked 
| 187|0x000000074bb00000, 0x000000074bb00000, 0x000000074bc00000|  0%| F|  |TAMS 0x000000074bb00000, 0x000000074bb00000| Untracked 
| 188|0x000000074bc00000, 0x000000074bc00000, 0x000000074bd00000|  0%| F|  |TAMS 0x000000074bc00000, 0x000000074bc00000| Untracked 
| 189|0x000000074bd00000, 0x000000074bd00000, 0x000000074be00000|  0%| F|  |TAMS 0x000000074bd00000, 0x000000074bd00000| Untracked 
| 190|0x000000074be00000, 0x000000074be00000, 0x000000074bf00000|  0%| F|  |TAMS 0x000000074be00000, 0x000000074be00000| Untracked 
| 191|0x000000074bf00000, 0x000000074bf00000, 0x000000074c000000|  0%| F|  |TAMS 0x000000074bf00000, 0x000000074bf00000| Untracked 
| 192|0x000000074c000000, 0x000000074c000000, 0x000000074c100000|  0%| F|  |TAMS 0x000000074c000000, 0x000000074c000000| Untracked 
| 193|0x000000074c100000, 0x000000074c100000, 0x000000074c200000|  0%| F|  |TAMS 0x000000074c100000, 0x000000074c100000| Untracked 
| 194|0x000000074c200000, 0x000000074c200000, 0x000000074c300000|  0%| F|  |TAMS 0x000000074c200000, 0x000000074c200000| Untracked 
| 195|0x000000074c300000, 0x000000074c300000, 0x000000074c400000|  0%| F|  |TAMS 0x000000074c300000, 0x000000074c300000| Untracked 
| 196|0x000000074c400000, 0x000000074c400000, 0x000000074c500000|  0%| F|  |TAMS 0x000000074c400000, 0x000000074c400000| Untracked 
| 197|0x000000074c500000, 0x000000074c500000, 0x000000074c600000|  0%| F|  |TAMS 0x000000074c500000, 0x000000074c500000| Untracked 
| 198|0x000000074c600000, 0x000000074c6ac240, 0x000000074c700000| 67%| O|  |TAMS 0x000000074c6ac240, 0x000000074c600000| Untracked 
| 199|0x000000074c700000, 0x000000074c700000, 0x000000074c800000|  0%| F|  |TAMS 0x000000074c700000, 0x000000074c700000| Untracked 
| 200|0x000000074c800000, 0x000000074c800000, 0x000000074c900000|  0%| F|  |TAMS 0x000000074c800000, 0x000000074c800000| Untracked 
| 201|0x000000074c900000, 0x000000074c900000, 0x000000074ca00000|  0%| F|  |TAMS 0x000000074c900000, 0x000000074c900000| Untracked 
| 202|0x000000074ca00000, 0x000000074ca00000, 0x000000074cb00000|  0%| F|  |TAMS 0x000000074ca00000, 0x000000074ca00000| Untracked 
| 203|0x000000074cb00000, 0x000000074cb00000, 0x000000074cc00000|  0%| F|  |TAMS 0x000000074cb00000, 0x000000074cb00000| Untracked 
| 204|0x000000074cc00000, 0x000000074cc00000, 0x000000074cd00000|  0%| F|  |TAMS 0x000000074cc00000, 0x000000074cc00000| Untracked 
| 205|0x000000074cd00000, 0x000000074cd00000, 0x000000074ce00000|  0%| F|  |TAMS 0x000000074cd00000, 0x000000074cd00000| Untracked 
| 206|0x000000074ce00000, 0x000000074ce00000, 0x000000074cf00000|  0%| F|  |TAMS 0x000000074ce00000, 0x000000074ce00000| Untracked 
| 207|0x000000074cf00000, 0x000000074cf00000, 0x000000074d000000|  0%| F|  |TAMS 0x000000074cf00000, 0x000000074cf00000| Untracked 
| 208|0x000000074d000000, 0x000000074d000000, 0x000000074d100000|  0%| F|  |TAMS 0x000000074d000000, 0x000000074d000000| Untracked 
| 209|0x000000074d100000, 0x000000074d100000, 0x000000074d200000|  0%| F|  |TAMS 0x000000074d100000, 0x000000074d100000| Untracked 
| 210|0x000000074d200000, 0x000000074d200000, 0x000000074d300000|  0%| F|  |TAMS 0x000000074d200000, 0x000000074d200000| Untracked 
| 211|0x000000074d300000, 0x000000074d300000, 0x000000074d400000|  0%| F|  |TAMS 0x000000074d300000, 0x000000074d300000| Untracked 
| 212|0x000000074d400000, 0x000000074d400000, 0x000000074d500000|  0%| F|  |TAMS 0x000000074d400000, 0x000000074d400000| Untracked 
| 213|0x000000074d500000, 0x000000074d500000, 0x000000074d600000|  0%| F|  |TAMS 0x000000074d500000, 0x000000074d500000| Untracked 
| 214|0x000000074d600000, 0x000000074d600000, 0x000000074d700000|  0%| F|  |TAMS 0x000000074d600000, 0x000000074d600000| Untracked 
| 215|0x000000074d700000, 0x000000074d700000, 0x000000074d800000|  0%| F|  |TAMS 0x000000074d700000, 0x000000074d700000| Untracked 
| 216|0x000000074d800000, 0x000000074d800000, 0x000000074d900000|  0%| F|  |TAMS 0x000000074d800000, 0x000000074d800000| Untracked 
| 217|0x000000074d900000, 0x000000074d900000, 0x000000074da00000|  0%| F|  |TAMS 0x000000074d900000, 0x000000074d900000| Untracked 
| 218|0x000000074da00000, 0x000000074da00000, 0x000000074db00000|  0%| F|  |TAMS 0x000000074da00000, 0x000000074da00000| Untracked 
| 219|0x000000074db00000, 0x000000074db00000, 0x000000074dc00000|  0%| F|  |TAMS 0x000000074db00000, 0x000000074db00000| Untracked 
| 220|0x000000074dc00000, 0x000000074dc00000, 0x000000074dd00000|  0%| F|  |TAMS 0x000000074dc00000, 0x000000074dc00000| Untracked 
| 221|0x000000074dd00000, 0x000000074dd00000, 0x000000074de00000|  0%| F|  |TAMS 0x000000074dd00000, 0x000000074dd00000| Untracked 
| 222|0x000000074de00000, 0x000000074de00000, 0x000000074df00000|  0%| F|  |TAMS 0x000000074de00000, 0x000000074de00000| Untracked 
| 223|0x000000074df00000, 0x000000074df00000, 0x000000074e000000|  0%| F|  |TAMS 0x000000074df00000, 0x000000074df00000| Untracked 
| 224|0x000000074e000000, 0x000000074e000000, 0x000000074e100000|  0%| F|  |TAMS 0x000000074e000000, 0x000000074e000000| Untracked 
| 225|0x000000074e100000, 0x000000074e100000, 0x000000074e200000|  0%| F|  |TAMS 0x000000074e100000, 0x000000074e100000| Untracked 
| 226|0x000000074e200000, 0x000000074e200000, 0x000000074e300000|  0%| F|  |TAMS 0x000000074e200000, 0x000000074e200000| Untracked 
| 227|0x000000074e300000, 0x000000074e300000, 0x000000074e400000|  0%| F|  |TAMS 0x000000074e300000, 0x000000074e300000| Untracked 
| 228|0x000000074e400000, 0x000000074e400000, 0x000000074e500000|  0%| F|  |TAMS 0x000000074e400000, 0x000000074e400000| Untracked 
| 229|0x000000074e500000, 0x000000074e500000, 0x000000074e600000|  0%| F|  |TAMS 0x000000074e500000, 0x000000074e500000| Untracked 
| 230|0x000000074e600000, 0x000000074e600000, 0x000000074e700000|  0%| F|  |TAMS 0x000000074e600000, 0x000000074e600000| Untracked 
| 231|0x000000074e700000, 0x000000074e700000, 0x000000074e800000|  0%| F|  |TAMS 0x000000074e700000, 0x000000074e700000| Untracked 
| 232|0x000000074e800000, 0x000000074e800000, 0x000000074e900000|  0%| F|  |TAMS 0x000000074e800000, 0x000000074e800000| Untracked 
| 233|0x000000074e900000, 0x000000074e900000, 0x000000074ea00000|  0%| F|  |TAMS 0x000000074e900000, 0x000000074e900000| Untracked 
| 234|0x000000074ea00000, 0x000000074ea00000, 0x000000074eb00000|  0%| F|  |TAMS 0x000000074ea00000, 0x000000074ea00000| Untracked 
| 235|0x000000074eb00000, 0x000000074eb00000, 0x000000074ec00000|  0%| F|  |TAMS 0x000000074eb00000, 0x000000074eb00000| Untracked 
| 236|0x000000074ec00000, 0x000000074ec00000, 0x000000074ed00000|  0%| F|  |TAMS 0x000000074ec00000, 0x000000074ec00000| Untracked 
| 237|0x000000074ed00000, 0x000000074ed00000, 0x000000074ee00000|  0%| F|  |TAMS 0x000000074ed00000, 0x000000074ed00000| Untracked 
| 238|0x000000074ee00000, 0x000000074ee00000, 0x000000074ef00000|  0%| F|  |TAMS 0x000000074ee00000, 0x000000074ee00000| Untracked 
| 239|0x000000074ef00000, 0x000000074ef00000, 0x000000074f000000|  0%| F|  |TAMS 0x000000074ef00000, 0x000000074ef00000| Untracked 
| 240|0x000000074f000000, 0x000000074f000000, 0x000000074f100000|  0%| F|  |TAMS 0x000000074f000000, 0x000000074f000000| Untracked 
| 241|0x000000074f100000, 0x000000074f100000, 0x000000074f200000|  0%| F|  |TAMS 0x000000074f100000, 0x000000074f100000| Untracked 
| 242|0x000000074f200000, 0x000000074f200000, 0x000000074f300000|  0%| F|  |TAMS 0x000000074f200000, 0x000000074f200000| Untracked 
| 243|0x000000074f300000, 0x000000074f300000, 0x000000074f400000|  0%| F|  |TAMS 0x000000074f300000, 0x000000074f300000| Untracked 
| 244|0x000000074f400000, 0x000000074f434410, 0x000000074f500000| 20%| S|CS|TAMS 0x000000074f400000, 0x000000074f400000| Complete 
| 245|0x000000074f500000, 0x000000074f600000, 0x000000074f600000|100%| S|CS|TAMS 0x000000074f500000, 0x000000074f500000| Complete 
| 246|0x000000074f600000, 0x000000074f700000, 0x000000074f700000|100%| S|CS|TAMS 0x000000074f600000, 0x000000074f600000| Complete 
| 247|0x000000074f700000, 0x000000074f800000, 0x000000074f800000|100%| S|CS|TAMS 0x000000074f700000, 0x000000074f700000| Complete 
| 248|0x000000074f800000, 0x000000074f800000, 0x000000074f900000|  0%| F|  |TAMS 0x000000074f800000, 0x000000074f800000| Untracked 
| 249|0x000000074f900000, 0x000000074f900000, 0x000000074fa00000|  0%| F|  |TAMS 0x000000074f900000, 0x000000074f900000| Untracked 
| 250|0x000000074fa00000, 0x000000074fa00000, 0x000000074fb00000|  0%| F|  |TAMS 0x000000074fa00000, 0x000000074fa00000| Untracked 
| 251|0x000000074fb00000, 0x000000074fb00000, 0x000000074fc00000|  0%| F|  |TAMS 0x000000074fb00000, 0x000000074fb00000| Untracked 
| 252|0x000000074fc00000, 0x000000074fc00000, 0x000000074fd00000|  0%| F|  |TAMS 0x000000074fc00000, 0x000000074fc00000| Untracked 
| 253|0x000000074fd00000, 0x000000074fd00000, 0x000000074fe00000|  0%| F|  |TAMS 0x000000074fd00000, 0x000000074fd00000| Untracked 
| 254|0x000000074fe00000, 0x000000074fe00000, 0x000000074ff00000|  0%| F|  |TAMS 0x000000074fe00000, 0x000000074fe00000| Untracked 
| 255|0x000000074ff00000, 0x000000074ff00000, 0x0000000750000000|  0%| F|  |TAMS 0x000000074ff00000, 0x000000074ff00000| Untracked 
| 256|0x0000000750000000, 0x0000000750000000, 0x0000000750100000|  0%| F|  |TAMS 0x0000000750000000, 0x0000000750000000| Untracked 
| 257|0x0000000750100000, 0x0000000750100000, 0x0000000750200000|  0%| F|  |TAMS 0x0000000750100000, 0x0000000750100000| Untracked 
| 258|0x0000000750200000, 0x0000000750200000, 0x0000000750300000|  0%| F|  |TAMS 0x0000000750200000, 0x0000000750200000| Untracked 
| 259|0x0000000750300000, 0x0000000750300000, 0x0000000750400000|  0%| F|  |TAMS 0x0000000750300000, 0x0000000750300000| Untracked 
| 260|0x0000000750400000, 0x0000000750400000, 0x0000000750500000|  0%| F|  |TAMS 0x0000000750400000, 0x0000000750400000| Untracked 
| 261|0x0000000750500000, 0x0000000750500000, 0x0000000750600000|  0%| F|  |TAMS 0x0000000750500000, 0x0000000750500000| Untracked 
| 262|0x0000000750600000, 0x0000000750600000, 0x0000000750700000|  0%| F|  |TAMS 0x0000000750600000, 0x0000000750600000| Untracked 
| 263|0x0000000750700000, 0x0000000750700000, 0x0000000750800000|  0%| F|  |TAMS 0x0000000750700000, 0x0000000750700000| Untracked 
| 264|0x0000000750800000, 0x0000000750800000, 0x0000000750900000|  0%| F|  |TAMS 0x0000000750800000, 0x0000000750800000| Untracked 
| 265|0x0000000750900000, 0x0000000750900000, 0x0000000750a00000|  0%| F|  |TAMS 0x0000000750900000, 0x0000000750900000| Untracked 
| 266|0x0000000750a00000, 0x0000000750a00000, 0x0000000750b00000|  0%| F|  |TAMS 0x0000000750a00000, 0x0000000750a00000| Untracked 
| 267|0x0000000750b00000, 0x0000000750b00000, 0x0000000750c00000|  0%| F|  |TAMS 0x0000000750b00000, 0x0000000750b00000| Untracked 
| 268|0x0000000750c00000, 0x0000000750c00000, 0x0000000750d00000|  0%| F|  |TAMS 0x0000000750c00000, 0x0000000750c00000| Untracked 
| 269|0x0000000750d00000, 0x0000000750d00000, 0x0000000750e00000|  0%| F|  |TAMS 0x0000000750d00000, 0x0000000750d00000| Untracked 
| 270|0x0000000750e00000, 0x0000000750e00000, 0x0000000750f00000|  0%| F|  |TAMS 0x0000000750e00000, 0x0000000750e00000| Untracked 
| 271|0x0000000750f00000, 0x0000000750f00000, 0x0000000751000000|  0%| F|  |TAMS 0x0000000750f00000, 0x0000000750f00000| Untracked 
| 272|0x0000000751000000, 0x0000000751000000, 0x0000000751100000|  0%| F|  |TAMS 0x0000000751000000, 0x0000000751000000| Untracked 
| 273|0x0000000751100000, 0x00000007511b52d0, 0x0000000751200000| 70%| E|  |TAMS 0x0000000751100000, 0x0000000751100000| Complete 
| 274|0x0000000751200000, 0x0000000751300000, 0x0000000751300000|100%| E|CS|TAMS 0x0000000751200000, 0x0000000751200000| Complete 
| 275|0x0000000751300000, 0x0000000751400000, 0x0000000751400000|100%| E|CS|TAMS 0x0000000751300000, 0x0000000751300000| Complete 
| 276|0x0000000751400000, 0x0000000751500000, 0x0000000751500000|100%| E|CS|TAMS 0x0000000751400000, 0x0000000751400000| Complete 
| 277|0x0000000751500000, 0x0000000751600000, 0x0000000751600000|100%| E|CS|TAMS 0x0000000751500000, 0x0000000751500000| Complete 
| 278|0x0000000751600000, 0x0000000751700000, 0x0000000751700000|100%| E|CS|TAMS 0x0000000751600000, 0x0000000751600000| Complete 
| 279|0x0000000751700000, 0x0000000751800000, 0x0000000751800000|100%| E|CS|TAMS 0x0000000751700000, 0x0000000751700000| Complete 
| 280|0x0000000751800000, 0x0000000751900000, 0x0000000751900000|100%| E|CS|TAMS 0x0000000751800000, 0x0000000751800000| Complete 
| 281|0x0000000751900000, 0x0000000751a00000, 0x0000000751a00000|100%| E|CS|TAMS 0x0000000751900000, 0x0000000751900000| Complete 
| 282|0x0000000751a00000, 0x0000000751b00000, 0x0000000751b00000|100%| E|CS|TAMS 0x0000000751a00000, 0x0000000751a00000| Complete 
| 283|0x0000000751b00000, 0x0000000751c00000, 0x0000000751c00000|100%| E|CS|TAMS 0x0000000751b00000, 0x0000000751b00000| Complete 
| 284|0x0000000751c00000, 0x0000000751d00000, 0x0000000751d00000|100%| E|CS|TAMS 0x0000000751c00000, 0x0000000751c00000| Complete 
| 285|0x0000000751d00000, 0x0000000751e00000, 0x0000000751e00000|100%| E|CS|TAMS 0x0000000751d00000, 0x0000000751d00000| Complete 
| 286|0x0000000751e00000, 0x0000000751f00000, 0x0000000751f00000|100%| E|CS|TAMS 0x0000000751e00000, 0x0000000751e00000| Complete 
| 287|0x0000000751f00000, 0x0000000752000000, 0x0000000752000000|100%| E|CS|TAMS 0x0000000751f00000, 0x0000000751f00000| Complete 
| 288|0x0000000752000000, 0x0000000752100000, 0x0000000752100000|100%| E|CS|TAMS 0x0000000752000000, 0x0000000752000000| Complete 
| 289|0x0000000752100000, 0x0000000752200000, 0x0000000752200000|100%| E|CS|TAMS 0x0000000752100000, 0x0000000752100000| Complete 
| 290|0x0000000752200000, 0x0000000752300000, 0x0000000752300000|100%| E|CS|TAMS 0x0000000752200000, 0x0000000752200000| Complete 
| 291|0x0000000752300000, 0x0000000752400000, 0x0000000752400000|100%| E|CS|TAMS 0x0000000752300000, 0x0000000752300000| Complete 
| 292|0x0000000752400000, 0x0000000752500000, 0x0000000752500000|100%| E|CS|TAMS 0x0000000752400000, 0x0000000752400000| Complete 
| 293|0x0000000752500000, 0x0000000752600000, 0x0000000752600000|100%| E|CS|TAMS 0x0000000752500000, 0x0000000752500000| Complete 
| 294|0x0000000752600000, 0x0000000752700000, 0x0000000752700000|100%| E|CS|TAMS 0x0000000752600000, 0x0000000752600000| Complete 
| 295|0x0000000752700000, 0x0000000752800000, 0x0000000752800000|100%| E|CS|TAMS 0x0000000752700000, 0x0000000752700000| Complete 
| 296|0x0000000752800000, 0x0000000752900000, 0x0000000752900000|100%| E|CS|TAMS 0x0000000752800000, 0x0000000752800000| Complete 
| 297|0x0000000752900000, 0x0000000752a00000, 0x0000000752a00000|100%| E|CS|TAMS 0x0000000752900000, 0x0000000752900000| Complete 
| 298|0x0000000752a00000, 0x0000000752b00000, 0x0000000752b00000|100%| E|CS|TAMS 0x0000000752a00000, 0x0000000752a00000| Complete 
| 299|0x0000000752b00000, 0x0000000752c00000, 0x0000000752c00000|100%| E|CS|TAMS 0x0000000752b00000, 0x0000000752b00000| Complete 
| 300|0x0000000752c00000, 0x0000000752d00000, 0x0000000752d00000|100%| E|CS|TAMS 0x0000000752c00000, 0x0000000752c00000| Complete 
| 301|0x0000000752d00000, 0x0000000752e00000, 0x0000000752e00000|100%| E|CS|TAMS 0x0000000752d00000, 0x0000000752d00000| Complete 
| 302|0x0000000752e00000, 0x0000000752f00000, 0x0000000752f00000|100%| E|CS|TAMS 0x0000000752e00000, 0x0000000752e00000| Complete 
| 303|0x0000000752f00000, 0x0000000753000000, 0x0000000753000000|100%| E|CS|TAMS 0x0000000752f00000, 0x0000000752f00000| Complete 
| 304|0x0000000753000000, 0x0000000753100000, 0x0000000753100000|100%| E|CS|TAMS 0x0000000753000000, 0x0000000753000000| Complete 
| 305|0x0000000753100000, 0x0000000753200000, 0x0000000753200000|100%| E|CS|TAMS 0x0000000753100000, 0x0000000753100000| Complete 
| 306|0x0000000753200000, 0x0000000753300000, 0x0000000753300000|100%| E|CS|TAMS 0x0000000753200000, 0x0000000753200000| Complete 
| 307|0x0000000753300000, 0x0000000753400000, 0x0000000753400000|100%| E|CS|TAMS 0x0000000753300000, 0x0000000753300000| Complete 

Card table byte_map: [0x000002ae294f0000,0x000002ae29af0000] _byte_map_base: 0x000002ae25af0000

Marking Bits (Prev, Next): (CMBitMap*) 0x000002ae2a1f6868, (CMBitMap*) 0x000002ae2a1f68a0
 Prev Bits: [0x000002ae2c0b0000, 0x000002ae2f0b0000)
 Next Bits: [0x000002ae2f0b0000, 0x000002ae320b0000)

Polling page: 0x000002ae00110000

Metaspace:

Usage:
  Non-class:    117.03 MB capacity,   114.93 MB ( 98%) used,     1.59 MB (  1%) free+waste,   518.63 KB ( <1%) overhead. 
      Class:     19.75 MB capacity,    18.10 MB ( 92%) used,     1.40 MB (  7%) free+waste,   246.94 KB (  1%) overhead. 
       Both:    136.78 MB capacity,   133.03 MB ( 97%) used,     3.00 MB (  2%) free+waste,   765.56 KB ( <1%) overhead. 

Virtual space:
  Non-class space:      118.00 MB reserved,     117.05 MB (>99%) committed 
      Class space:        1.00 GB reserved,      19.82 MB (  2%) committed 
             Both:        1.12 GB reserved,     136.88 MB ( 12%) committed 

Chunk freelists:
   Non-Class:  3.25 KB
       Class:  0 bytes
        Both:  3.25 KB

CodeHeap 'non-profiled nmethods': size=120000Kb used=32642Kb max_used=32642Kb free=87357Kb
 bounds [0x000002ae163e0000, 0x000002ae183d0000, 0x000002ae1d910000]
CodeHeap 'profiled nmethods': size=120000Kb used=59574Kb max_used=59574Kb free=60425Kb
 bounds [0x000002ae0eeb0000, 0x000002ae12940000, 0x000002ae163e0000]
CodeHeap 'non-nmethods': size=5760Kb used=1972Kb max_used=2018Kb free=3787Kb
 bounds [0x000002ae0e910000, 0x000002ae0eb80000, 0x000002ae0eeb0000]
 total_blobs=48614 nmethods=24946 adapters=1576
 compilation: enabled
              stopped_count=0, restarted_count=0
 full_count=0

Compilation events (10 events):
Event: 2446.998 Thread 0x000002ae02912000 nmethod 33303 0x000002ae1293c910 code [0x000002ae1293cb00, 0x000002ae1293d120]
Event: 2446.998 Thread 0x000002ae02912000 33304       3       com.jidesoft.plaf.synthetica.SyntheticaCellStyleTableHeaderUI::customizePaint (57 bytes)
Event: 2446.999 Thread 0x000002ae02912000 nmethod 33304 0x000002ae1293d290 code [0x000002ae1293d4c0, 0x000002ae1293dc70]
Event: 2446.999 Thread 0x000002ae02912000 33305       3       de.javasoft.plaf.synthetica.painter.SyntheticaPainter::paintTableHeaderBackground (81 bytes)
Event: 2446.999 Thread 0x000002ae02912000 nmethod 33305 0x000002ae1293df10 code [0x000002ae1293e160, 0x000002ae1293ef20]
Event: 2446.999 Thread 0x000002ae02912000 33306       3       de.javasoft.plaf.synthetica.painter.TablePainter::getCacheScaleType (19 bytes)
Event: 2446.999 Thread 0x000002ae02912000 nmethod 33306 0x000002ae1293f210 code [0x000002ae1293f3e0, 0x000002ae1293f650]
Event: 2447.018 Thread 0x000002ae05617000 nmethod 33293 0x000002ae183bef10 code [0x000002ae183bf400, 0x000002ae183c1560]
Event: 2447.018 Thread 0x000002ae05617000 33307       4       com.jidesoft.plaf.basic.BasicCellStyleTableHeaderUIDelegate::customizeRendererComponent (52 bytes)
Event: 2447.019 Thread 0x000002ae05617000 nmethod 33307 0x000002ae183c3410 code [0x000002ae183c35c0, 0x000002ae183c36e8]

GC Heap History (10 events):
Event: 2441.324 GC heap before
{Heap before GC invocations=672 (full 22):
 garbage-first heap   total 315392K, used 233714K [0x0000000740000000, 0x0000000800000000)
  region size 1024K, 60 young (61440K), 3 survivors (3072K)
 Metaspace       used 136118K, capacity 139927K, committed 140164K, reserved 1169408K
  class space    used 18535K, capacity 20219K, committed 20300K, reserved 1048576K
}
Event: 2441.329 GC heap after
{Heap after GC invocations=673 (full 22):
 garbage-first heap   total 315392K, used 176091K [0x0000000740000000, 0x0000000800000000)
  region size 1024K, 3 young (3072K), 3 survivors (3072K)
 Metaspace       used 136118K, capacity 139927K, committed 140164K, reserved 1169408K
  class space    used 18535K, capacity 20219K, committed 20300K, reserved 1048576K
}
Event: 2441.597 GC heap before
{Heap before GC invocations=674 (full 22):
 garbage-first heap   total 315392K, used 220123K [0x0000000740000000, 0x0000000800000000)
  region size 1024K, 47 young (48128K), 3 survivors (3072K)
 Metaspace       used 136122K, capacity 139927K, committed 140164K, reserved 1169408K
  class space    used 18535K, capacity 20219K, committed 20300K, reserved 1048576K
}
Event: 2441.603 GC heap after
{Heap after GC invocations=675 (full 22):
 garbage-first heap   total 315392K, used 175677K [0x0000000740000000, 0x0000000800000000)
  region size 1024K, 3 young (3072K), 3 survivors (3072K)
 Metaspace       used 136122K, capacity 139927K, committed 140164K, reserved 1169408K
  class space    used 18535K, capacity 20219K, committed 20300K, reserved 1048576K
}
Event: 2442.340 GC heap before
{Heap before GC invocations=676 (full 22):
 garbage-first heap   total 315392K, used 237117K [0x0000000740000000, 0x0000000800000000)
  region size 1024K, 60 young (61440K), 3 survivors (3072K)
 Metaspace       used 136149K, capacity 139991K, committed 140164K, reserved 1169408K
  class space    used 18535K, capacity 20219K, committed 20300K, reserved 1048576K
}
Event: 2442.346 GC heap after
{Heap after GC invocations=677 (full 22):
 garbage-first heap   total 315392K, used 178879K [0x0000000740000000, 0x0000000800000000)
  region size 1024K, 3 young (3072K), 3 survivors (3072K)
 Metaspace       used 136149K, capacity 139991K, committed 140164K, reserved 1169408K
  class space    used 18535K, capacity 20219K, committed 20300K, reserved 1048576K
}
Event: 2444.644 GC heap before
{Heap before GC invocations=677 (full 22):
 garbage-first heap   total 315392K, used 237247K [0x0000000740000000, 0x0000000800000000)
  region size 1024K, 60 young (61440K), 3 survivors (3072K)
 Metaspace       used 136185K, capacity 139994K, committed 140164K, reserved 1169408K
  class space    used 18536K, capacity 20220K, committed 20300K, reserved 1048576K
}
Event: 2444.650 GC heap after
{Heap after GC invocations=678 (full 22):
 garbage-first heap   total 315392K, used 178231K [0x0000000740000000, 0x0000000800000000)
  region size 1024K, 3 young (3072K), 3 survivors (3072K)
 Metaspace       used 136185K, capacity 139994K, committed 140164K, reserved 1169408K
  class space    used 18536K, capacity 20220K, committed 20300K, reserved 1048576K
}
Event: 2446.776 GC heap before
{Heap before GC invocations=679 (full 22):
 garbage-first heap   total 315392K, used 235575K [0x0000000740000000, 0x0000000800000000)
  region size 1024K, 60 young (61440K), 3 survivors (3072K)
 Metaspace       used 136209K, capacity 139994K, committed 140164K, reserved 1169408K
  class space    used 18536K, capacity 20220K, committed 20300K, reserved 1048576K
}
Event: 2446.782 GC heap after
{Heap after GC invocations=680 (full 22):
 garbage-first heap   total 315392K, used 177416K [0x0000000740000000, 0x0000000800000000)
  region size 1024K, 4 young (4096K), 4 survivors (4096K)
 Metaspace       used 136209K, capacity 139994K, committed 140164K, reserved 1169408K
  class space    used 18536K, capacity 20220K, committed 20300K, reserved 1048576K
}

Deoptimization events (10 events):
Event: 2414.863 Thread 0x000002ae35e21800 Uncommon trap: reason=unstable_if action=reinterpret pc=0x000002ae17b453a4 method=ui.views.N.i.a.bMJ()Lui/data/bq; @ 9 c2
Event: 2414.863 Thread 0x000002ae35e21800 Uncommon trap: reason=unstable_if action=reinterpret pc=0x000002ae17b7463c method=ui.views.N.i.a.bMJ()Lui/data/bq; @ 9 c2
Event: 2420.730 Thread 0x000002ae35e21800 Uncommon trap: reason=null_check action=make_not_entrant pc=0x000002ae180c9fd8 method=ui.views.cc.cp(Lui/data/bq;)Lui/data/bq; @ 41 c2
Event: 2440.666 Thread 0x000002ae35e21800 Uncommon trap: reason=unstable_if action=reinterpret pc=0x000002ae1810d48c method=java.awt.Component.dispatchEventImpl(Ljava/awt/AWTEvent;)V @ 302 c2
Event: 2440.796 Thread 0x000002ae35e21800 Uncommon trap: reason=null_check action=make_not_entrant pc=0x000002ae1817640c method=com.jidesoft.document.d.c(Ljava/awt/Component;Lcom/jidesoft/document/DocumentPane;)Z @ 38 c2
Event: 2440.796 Thread 0x000002ae35e21800 Uncommon trap: reason=null_check action=make_not_entrant pc=0x000002ae175aa650 method=com.jidesoft.document.d.c(Ljava/awt/Component;Lcom/jidesoft/document/DocumentPane;)Z @ 38 c2
Event: 2440.796 Thread 0x000002ae35e21800 Uncommon trap: reason=unstable_if action=reinterpret pc=0x000002ae16b4c2d4 method=javax.swing.JComponent.getTopLevelAncestor()Ljava/awt/Container; @ 3 c2
Event: 2441.847 Thread 0x000002ae35e21800 Uncommon trap: reason=speculate_class_check action=maybe_recompile pc=0x000002ae18165968 method=com.jidesoft.grid.JideTable.prepareRenderer(Ljavax/swing/table/TableCellRenderer;II)Ljava/awt/Component; @ 148 c2
Event: 2441.847 Thread 0x000002ae35e21800 Uncommon trap: reason=speculate_class_check action=maybe_recompile pc=0x000002ae18165968 method=com.jidesoft.grid.JideTable.prepareRenderer(Ljavax/swing/table/TableCellRenderer;II)Ljava/awt/Component; @ 148 c2
Event: 2445.724 Thread 0x000002ae35e21800 Uncommon trap: reason=class_check action=maybe_recompile pc=0x000002ae176278d8 method=javax.swing.AbstractButton.setEnabled(Z)V @ 21 c2

Classes redefined (0 events):
No events

Internal exceptions (10 events):
Event: 2413.875 Thread 0x000002ae35e21800 Implicit null exception at 0x000002ae16aa0478 to 0x000002ae16aa07f2
Event: 2415.362 Thread 0x000002ae35e21800 Exception <a 'java/io/FileNotFoundException'{0x0000000751d5d410}> (0x0000000751d5d410) thrown at [t:/workspace/open/src/hotspot/share/prims/jni.cpp, line 615]
Event: 2420.362 Thread 0x000002ae35e21800 Exception <a 'java/io/FileNotFoundException'{0x0000000753291130}> (0x0000000753291130) thrown at [t:/workspace/open/src/hotspot/share/prims/jni.cpp, line 615]
Event: 2420.730 Thread 0x000002ae35e21800 Implicit null exception at 0x000002ae180c928a to 0x000002ae180c9fba
Event: 2425.363 Thread 0x000002ae35e21800 Exception <a 'java/io/FileNotFoundException'{0x0000000751fa8608}> (0x0000000751fa8608) thrown at [t:/workspace/open/src/hotspot/share/prims/jni.cpp, line 615]
Event: 2430.365 Thread 0x000002ae35e21800 Exception <a 'java/io/FileNotFoundException'{0x00000007515559f0}> (0x00000007515559f0) thrown at [t:/workspace/open/src/hotspot/share/prims/jni.cpp, line 615]
Event: 2435.365 Thread 0x000002ae35e21800 Exception <a 'java/io/FileNotFoundException'{0x0000000752b38cd8}> (0x0000000752b38cd8) thrown at [t:/workspace/open/src/hotspot/share/prims/jni.cpp, line 615]
Event: 2440.666 Thread 0x000002ae35e21800 Implicit null exception at 0x000002ae18107db8 to 0x000002ae1810d46e
Event: 2441.119 Thread 0x000002ae35e21800 Exception <a 'java/io/FileNotFoundException'{0x00000007510d03f0}> (0x00000007510d03f0) thrown at [t:/workspace/open/src/hotspot/share/prims/jni.cpp, line 615]
Event: 2445.366 Thread 0x000002ae35e21800 Exception <a 'java/io/FileNotFoundException'{0x00000007505526f8}> (0x00000007505526f8) thrown at [t:/workspace/open/src/hotspot/share/prims/jni.cpp, line 615]

Events (10 events):
Event: 2445.724 Thread 0x000002ae35e21800 DEOPT PACKING pc=0x000002ae176278d8 sp=0x000000cf04df6ca0
Event: 2445.724 Thread 0x000002ae35e21800 DEOPT UNPACKING pc=0x000002ae0e9391af sp=0x000000cf04df6bd0 mode 2
Event: 2446.083 Thread 0x000002ae50c1f000 Thread added: 0x000002ae50c1f000
Event: 2446.086 Executing VM operation: RevokeBias
Event: 2446.086 Executing VM operation: RevokeBias done
Event: 2446.086 Thread 0x000002ae50c1f000 Thread exited: 0x000002ae50c1f000
Event: 2446.113 Thread 0x000002ae50c1e800 Thread added: 0x000002ae50c1e800
Event: 2446.116 Thread 0x000002ae50c1e800 Thread exited: 0x000002ae50c1e800
Event: 2446.776 Executing VM operation: G1CollectForAllocation
Event: 2446.782 Executing VM operation: G1CollectForAllocation done


Dynamic libraries:
0x00007ff6a3330000 - 0x00007ff6a3361000 	C:\Xilinx\Vivado\2021.1\bin\unwrapped\win64.o\vivado.exe
0x00007ffa53890000 - 0x00007ffa53a85000 	C:\Windows\SYSTEM32\ntdll.dll
0x00007ffa53790000 - 0x00007ffa5384e000 	C:\Windows\System32\KERNEL32.DLL
0x00007ffa51540000 - 0x00007ffa51808000 	C:\Windows\System32\KERNELBASE.dll
0x00007ffa50fb0000 - 0x00007ffa510b0000 	C:\Windows\System32\ucrtbase.dll
0x00007ffa05ad0000 - 0x00007ffa05b5d000 	C:\Windows\SYSTEM32\MSVCP140.dll
0x00007ffa2aa70000 - 0x00007ffa2aa8b000 	C:\Windows\SYSTEM32\VCRUNTIME140.dll
0x00007ffa2b5f0000 - 0x00007ffa2b5fc000 	C:\Windows\SYSTEM32\VCRUNTIME140_1.dll
0x00007ffa29ec0000 - 0x00007ffa29ed8000 	C:\Xilinx\Vivado\2021.1\lib\win64.o\librdi_commonmain.dll
0x00007ffa2b030000 - 0x00007ffa2b039000 	C:\Xilinx\Vivado\2021.1\lib\win64.o\librdi_commonversion.dll
0x00007ff9fe5b0000 - 0x00007ff9ff85a000 	C:\Xilinx\Vivado\2021.1\lib\win64.o\librdi_common.dll
0x00007ffa29e90000 - 0x00007ffa29eb1000 	C:\Xilinx\Vivado\2021.1\lib\win64.o\libboost_filesystem.dll
0x00007ffa52f30000 - 0x00007ffa52fde000 	C:\Windows\System32\ADVAPI32.dll
0x00007ffa51df0000 - 0x00007ffa51e8e000 	C:\Windows\System32\msvcrt.dll
0x00007ffa51c60000 - 0x00007ffa51cfc000 	C:\Windows\System32\sechost.dll
0x00007ffa51990000 - 0x00007ffa51ab5000 	C:\Windows\System32\RPCRT4.dll
0x00007ffa03510000 - 0x00007ffa036ac000 	C:\Xilinx\Vivado\2021.1\lib\win64.o\librdi_commonxillic.dll
0x00007ffa51ac0000 - 0x00007ffa51c60000 	C:\Windows\System32\USER32.dll
0x00007ffa518c0000 - 0x00007ffa518e2000 	C:\Windows\System32\win32u.dll
0x00007ffa51dc0000 - 0x00007ffa51deb000 	C:\Windows\System32\GDI32.dll
0x00007ffa510e0000 - 0x00007ffa511eb000 	C:\Windows\System32\gdi32full.dll
0x00007ffa520b0000 - 0x00007ffa5211b000 	C:\Windows\System32\WS2_32.dll
0x00007ffa51280000 - 0x00007ffa5131d000 	C:\Windows\System32\msvcp_win.dll
0x0000000074020000 - 0x000000007414b000 	C:\Xilinx\Vivado\2021.1\lib\win64.o\tcl85t.dll
0x00007ffa510b0000 - 0x00007ffa510d7000 	C:\Windows\System32\bcrypt.dll
0x00007ffa53040000 - 0x00007ffa53784000 	C:\Windows\System32\SHELL32.dll
0x00007ffa02550000 - 0x00007ffa028be000 	C:\Xilinx\Vivado\2021.1\lib\win64.o\libCOIN-all.dll
0x00007ffa29c90000 - 0x00007ffa29ca1000 	C:\Xilinx\Vivado\2021.1\lib\win64.o\libboost_date_time.dll
0x00007ffa05a50000 - 0x00007ffa05ac9000 	C:\Xilinx\Vivado\2021.1\lib\win64.o\libboost_program_options.dll
0x00007ffa041a0000 - 0x00007ffa042b4000 	C:\Xilinx\Vivado\2021.1\lib\win64.o\libboost_regex.dll
0x00007ffa29c70000 - 0x00007ffa29c8c000 	C:\Xilinx\Vivado\2021.1\lib\win64.o\libboost_thread.dll
0x00007ffa03d10000 - 0x00007ffa03d92000 	C:\Xilinx\Vivado\2021.1\lib\win64.o\libhdlpsolve.dll
0x00007ffa2aa40000 - 0x00007ffa2aa4c000 	C:\Xilinx\Vivado\2021.1\lib\win64.o\libboost_xilinx.dll
0x00007ffa03460000 - 0x00007ffa03505000 	C:\Xilinx\Vivado\2021.1\lib\win64.o\libhdxml.dll
0x00007ffa28800000 - 0x00007ffa2882a000 	C:\Xilinx\Vivado\2021.1\lib\win64.o\libisl_sysinfo.dll
0x00007ff9fceb0000 - 0x00007ff9fde51200 	C:\Xilinx\Vivado\2021.1\lib\win64.o\libisl_iostreams.dll
0x00007ffa033f0000 - 0x00007ffa03455000 	C:\Xilinx\Vivado\2021.1\lib\win64.o\liblmx6.0.dll
0x00007ffa1e410000 - 0x00007ffa1e42a000 	C:\Xilinx\Vivado\2021.1\lib\win64.o\pthreadVC2.dll
0x00007ffa1bb20000 - 0x00007ffa1bb3c000 	C:\Xilinx\Vivado\2021.1\lib\win64.o\librdiconfig.dll
0x00007ffa52fe0000 - 0x00007ffa53035000 	C:\Windows\System32\SHLWAPI.dll
0x00007ffa04330000 - 0x00007ffa04351000 	C:\Xilinx\Vivado\2021.1\lib\win64.o\librdizlib.dll
0x0000000012000000 - 0x0000000012270000 	C:\Xilinx\Vivado\2021.1\lib\win64.o\xerces-c_3_1.dll
0x00007ffa3f4c0000 - 0x00007ffa3f4da000 	C:\Windows\SYSTEM32\NETAPI32.dll
0x00007ffa31700000 - 0x00007ffa31bd6000 	C:\Windows\SYSTEM32\WININET.dll
0x00007ffa41330000 - 0x00007ffa41439000 	C:\Windows\SYSTEM32\WINHTTP.dll
0x00007ffa3fc00000 - 0x00007ffa3fdec000 	C:\Windows\SYSTEM32\urlmon.dll
0x00007ffa02230000 - 0x00007ffa02546000 	C:\Xilinx\Vivado\2021.1\lib\win64.o\libXil_lmgr11.dll
0x00007ffa31de0000 - 0x00007ffa31de9000 	C:\Windows\SYSTEM32\WSOCK32.dll
0x00007ffa52df0000 - 0x00007ffa52ecb000 	C:\Windows\System32\COMDLG32.dll
0x00007ffa52750000 - 0x00007ffa52aa4000 	C:\Windows\System32\combase.dll
0x00007ffa51d10000 - 0x00007ffa51dbd000 	C:\Windows\System32\shcore.dll
0x00007ffa04160000 - 0x00007ffa04191000 	C:\Windows\SYSTEM32\VCOMP140.DLL
0x00007ffa51f80000 - 0x00007ffa5204d000 	C:\Windows\System32\OLEAUT32.dll
0x00007ffa52be0000 - 0x00007ffa52d0a000 	C:\Windows\System32\ole32.dll
0x00007ffa51480000 - 0x00007ffa514e8000 	C:\Windows\System32\WINTRUST.dll
0x00007ffa51320000 - 0x00007ffa51476000 	C:\Windows\System32\CRYPT32.dll
0x00007ffa1aa40000 - 0x00007ffa1aa58000 	C:\Xilinx\Vivado\2021.1\lib\win64.o\libboost_iostreams.dll
0x00007ffa3f580000 - 0x00007ffa3f831000 	C:\Windows\SYSTEM32\iertutil.dll
0x00007ffa3f550000 - 0x00007ffa3f578000 	C:\Windows\SYSTEM32\srvcli.dll
0x00007ffa50450000 - 0x00007ffa5045c000 	C:\Windows\SYSTEM32\netutils.dll
0x00007ffa033c0000 - 0x00007ffa033e4000 	C:\Xilinx\Vivado\2021.1\lib\win64.o\libisl_iosutils.dll
0x00007ffa4a1d0000 - 0x00007ffa4a280000 	C:\Windows\WinSxS\amd64_microsoft.windows.common-controls_6595b64144ccf1df_5.82.19041.1110_none_792d1c772443f647\COMCTL32.dll
0x00007ffa49290000 - 0x00007ffa492ad000 	C:\Windows\SYSTEM32\dhcpcsvc.DLL
0x00007ffa50eb0000 - 0x00007ffa50ede000 	C:\Windows\SYSTEM32\USERENV.dll
0x00007ff9e5dc0000 - 0x00007ff9e7cd7000 	C:\Xilinx\Vivado\2021.1\lib\win64.o\gurobi90.dll
0x00007ffa52050000 - 0x00007ffa520a6000 	C:\Windows\System32\WLDAP32.dll
0x00007ffa52590000 - 0x00007ffa52598000 	C:\Windows\System32\Normaliz.dll
0x00007ffa50770000 - 0x00007ffa507da000 	C:\Windows\SYSTEM32\MSWSOCK.DLL
0x00007ffa52dc0000 - 0x00007ffa52df0000 	C:\Windows\System32\IMM32.DLL
0x00007ffa50b90000 - 0x00007ffa50ba2000 	C:\Windows\SYSTEM32\MSASN1.dll
0x00007ffa4eec0000 - 0x00007ffa4eed2000 	C:\Windows\SYSTEM32\kernel.appcore.dll
0x00007ffa01cf0000 - 0x00007ffa02223000 	C:\Xilinx\Vivado\2021.1\lib\win64.o\librdi_commontasks.dll
0x00007ffa49f80000 - 0x00007ffa49f8a000 	C:\Windows\SYSTEM32\VERSION.dll
0x00007ffa019d0000 - 0x00007ffa01cf0000 	C:\Xilinx\Vivado\2021.1\lib\win64.o\librdi_sio.dll
0x00007ffa50410000 - 0x00007ffa5044b000 	C:\Windows\SYSTEM32\IPHLPAPI.DLL
0x00007ff9fc380000 - 0x00007ff9fcea3000 	C:\Xilinx\Vivado\2021.1\tps\win64\jre11.0.2\bin\server\jvm.dll
0x00007ffa51d00000 - 0x00007ffa51d08000 	C:\Windows\System32\PSAPI.DLL
0x00007ffa4e730000 - 0x00007ffa4e757000 	C:\Windows\SYSTEM32\WINMM.dll
0x00007ffa4f0c0000 - 0x00007ffa4f854000 	C:\Windows\SYSTEM32\windows.storage.dll
0x00007ffa50a10000 - 0x00007ffa50a3c000 	C:\Windows\SYSTEM32\Wldp.dll
0x00007ff9d6d90000 - 0x00007ff9d9920000 	C:\Xilinx\Vivado\2021.1\lib\win64.o\librdi_tcltasks.dll
0x00007ffa03340000 - 0x00007ffa033be000 	C:\Xilinx\Vivado\2021.1\lib\win64.o\librdi_boarddep.dll
0x00007ffa02ad0000 - 0x00007ffa02c88000 	C:\Xilinx\Vivado\2021.1\lib\win64.o\librdi_board.dll
0x00007ff9fe0e0000 - 0x00007ff9fe5b0000 	C:\Xilinx\Vivado\2021.1\lib\win64.o\librdi_bitstream.dll
0x00007ffa029d0000 - 0x00007ffa02ac7000 	C:\Xilinx\Vivado\2021.1\lib\win64.o\librdi_chipscope.dll
0x00007ff9fc180000 - 0x00007ff9fc376000 	C:\Xilinx\Vivado\2021.1\lib\win64.o\librdi_chipscopeimpl.dll
0x00007ff9fdf80000 - 0x00007ff9fe0df000 	C:\Xilinx\Vivado\2021.1\lib\win64.o\librdi_containers.dll
0x00007ff9d4ee0000 - 0x00007ff9d6d84000 	C:\Xilinx\Vivado\2021.1\lib\win64.o\librdi_constraints.dll
0x00007ff9fb3e0000 - 0x00007ff9fbb00000 	C:\Xilinx\Vivado\2021.1\lib\win64.o\librdi_coregenipxact.dll
0x00007ff9d29d0000 - 0x00007ff9d4ed9000 	C:\Xilinx\Vivado\2021.1\lib\win64.o\librdi_coregen.dll
0x00007ff9d0bb0000 - 0x00007ff9d29cc000 	C:\Xilinx\Vivado\2021.1\lib\win64.o\librdi_designutils.dll
0x00007ff9fbe10000 - 0x00007ff9fc171000 	C:\Xilinx\Vivado\2021.1\lib\win64.o\librdi_dlyest.dll
0x00007ffa01910000 - 0x00007ffa019c5000 	C:\Xilinx\Vivado\2021.1\lib\win64.o\librdi_dsp.dll
0x00007ff9f8c00000 - 0x00007ff9f9285000 	C:\Xilinx\Vivado\2021.1\lib\win64.o\librdi_drc.dll
0x00007ff9f7d10000 - 0x00007ff9f838b000 	C:\Xilinx\Vivado\2021.1\lib\win64.o\librdi_filemgmt.dll
0x00007ff9fa9e0000 - 0x00007ff9fad07000 	C:\Xilinx\Vivado\2021.1\lib\win64.o\librdi_guitools.dll
0x00007ffa032d0000 - 0x00007ffa03339000 	C:\Xilinx\Vivado\2021.1\lib\win64.o\librdi_hdf.dll
0x00007ff9fbb80000 - 0x00007ff9fbe07000 	C:\Xilinx\Vivado\2021.1\lib\win64.o\librdi_hip_devdesign.dll
0x00007ff9fb1e0000 - 0x00007ff9fb327000 	C:\Xilinx\Vivado\2021.1\lib\win64.o\librdi_hip_perf_analysis.dll
0x00007ff9fb0d0000 - 0x00007ff9fb1db000 	C:\Xilinx\Vivado\2021.1\lib\win64.o\librdi_ipconfig_readwrite.dll
0x00007ff9f2920000 - 0x00007ff9f3faa000 	C:\Xilinx\Vivado\2021.1\lib\win64.o\librdi_implflow.dll
0x00007ff9faec0000 - 0x00007ff9faf33000 	C:\Xilinx\Vivado\2021.1\lib\win64.o\librdi_memoryarray.dll
0x00007ff9f76c0000 - 0x00007ff9f7d0e000 	C:\Xilinx\Vivado\2021.1\lib\win64.o\librdi_memdata.dll
0x00007ff9f6ba0000 - 0x00007ff9f72d8000 	C:\Xilinx\Vivado\2021.1\lib\win64.o\librdi_netlist.dll
0x00007ff9fdf10000 - 0x00007ff9fdf80000 	C:\Xilinx\Vivado\2021.1\lib\win64.o\librdi_noc_frameworks.dll
0x00007ff9fae60000 - 0x00007ff9faeb6000 	C:\Xilinx\Vivado\2021.1\lib\win64.o\librdi_pfi.dll
0x00007ff9b28f0000 - 0x00007ff9b4deb000 	C:\Xilinx\Vivado\2021.1\lib\win64.o\librdi_mig.dll
0x00007ff9f86b0000 - 0x00007ff9f8a61000 	C:\Xilinx\Vivado\2021.1\lib\win64.o\librdi_platform.dll
0x00007ff9f1410000 - 0x00007ff9f1ae0000 	C:\Xilinx\Vivado\2021.1\lib\win64.o\librdi_project.dll
0x00007ff9f1ae0000 - 0x00007ff9f237c000 	C:\Xilinx\Vivado\2021.1\lib\win64.o\librdi_power.dll
0x00007ff9af680000 - 0x00007ff9b28e5000 	C:\Xilinx\Vivado\2021.1\lib\win64.o\librdi_place.dll
0x00007ff9b4df0000 - 0x00007ff9d0bb0000 	C:\Xilinx\Vivado\2021.1\lib\win64.o\librdi_device.dll
0x00007ff9f0ce0000 - 0x00007ff9f1409000 	C:\Xilinx\Vivado\2021.1\lib\win64.o\librdi_psta.dll
0x00007ff9ef110000 - 0x00007ff9ef641000 	C:\Xilinx\Vivado\2021.1\lib\win64.o\librdi_runs.dll
0x00007ff9ee870000 - 0x00007ff9ef105000 	C:\Xilinx\Vivado\2021.1\lib\win64.o\librdi_rsb.dll
0x00007ff9fa8c0000 - 0x00007ff9fa9d5000 	C:\Xilinx\Vivado\2021.1\lib\win64.o\librdi_runsbase.dll
0x00007ff9f6920000 - 0x00007ff9f6b98000 	C:\Xilinx\Vivado\2021.1\lib\win64.o\librdi_simdata.dll
0x00007ff9f96e0000 - 0x00007ff9f97f4000 	C:\Xilinx\Vivado\2021.1\lib\win64.o\librdi_xhub.dll
0x00007ff9ead40000 - 0x00007ff9ebdec000 	C:\Xilinx\Vivado\2021.1\lib\win64.o\librdi_timing.dll
0x00007ff9fadb0000 - 0x00007ff9fae57000 	C:\Xilinx\Vivado\2021.1\lib\win64.o\librdi_xhubtasks.dll
0x00007ff9f74d0000 - 0x00007ff9f76b5000 	C:\Xilinx\Vivado\2021.1\lib\win64.o\librdi_advchipscopeimpl.dll
0x00007ff9fb080000 - 0x00007ff9fb0c4000 	C:\Xilinx\Vivado\2021.1\lib\win64.o\libboost_serialization.dll
0x00007ff9f9690000 - 0x00007ff9f96da000 	C:\Xilinx\Vivado\2021.1\lib\win64.o\libboost_graph.dll
0x00007ff9f9410000 - 0x00007ff9f954f000 	C:\Xilinx\Vivado\2021.1\lib\win64.o\librdi_bda.dll
0x00007ff9ebec0000 - 0x00007ff9ec6da000 	C:\Xilinx\Vivado\2021.1\lib\win64.o\librdi_ippcw.dll
0x00007ff9e81c0000 - 0x00007ff9e8ce6000 	C:\Xilinx\Vivado\2021.1\lib\win64.o\librdi_cdoutil.dll
0x00007ff9f50e0000 - 0x00007ff9f5413000 	C:\Xilinx\Vivado\2021.1\lib\win64.o\librdi_hip_config.dll
0x00007ff9aeb20000 - 0x00007ff9af676000 	C:\Xilinx\Vivado\2021.1\lib\win64.o\libverific.dll

dbghelp: loaded successfully - version: 4.0.5 - missing functions: none
symbol engine: initialized successfully - sym options: 0x614 - pdb path: .;C:\Xilinx\Vivado\2021.1\bin\unwrapped\win64.o;C:\Windows\SYSTEM32;C:\Xilinx\Vivado\2021.1\lib\win64.o;C:\Windows\WinSxS\amd64_microsoft.windows.common-controls_6595b64144ccf1df_5.82.19041.1110_none_792d1c772443f647;C:\Xilinx\Vivado\2021.1\tps\win64\jre11.0.2\bin\server;C:\Xilinx\Vivado\2021.1\tps\win64\python-3.8.3;C:\Xilinx\Vivado\2021.1\tps\win64\jre11.0.2\bin;C:\Windows\WinSxS\amd64_microsoft.windows.common-controls_6595b64144ccf1df_6.0.19041.1110_none_60b5254171f9507e;C:\Xilinx\Vivado\2021.1\tps\win64\javafx-sdk-11.0.2\bin;C:\Windows\System32\DriverStore\FileRepository\iigd_dch.inf_amd64_a086f01cc7be643a;C:\ProgramData\Microsoft\Windows Defender\Platform\4.18.2202.4-0

VM Arguments:
jvm_args: -Dsun.java2d.pmoffscreen=false -Dhttps.protocols=TLSv1,TLSv1.1,TLSv1.2 -Dsun.java2d.xrender=false -Dsun.java2d.d3d=false -Dsun.awt.nopixfmt=true -Dsun.java2d.dpiaware=true -Dsun.java2d.uiScale.enabled=false -Xverify:none -Dswing.aatext=true -XX:-UsePerfData -Djdk.map.althashing.threshold=512 -XX:StringTableSize=4072 --add-opens=java.base/java.nio=ALL-UNNAMED --add-opens=java.desktop/sun.swing=ALL-UNNAMED --add-opens=java.desktop/javax.swing=ALL-UNNAMED --add-opens=java.desktop/javax.swing.tree=ALL-UNNAMED --add-opens=java.desktop/javax.swing.plaf.basic=ALL-UNNAMED --add-opens=java.desktop/javax.swing.plaf.synth=ALL-UNNAMED --add-opens=java.desktop/com.sun.awt=ALL-UNNAMED -XX:NewSize=60m -XX:MaxNewSize=60m -Xms256m -Xmx3072m -Xss5m 
java_command: <unknown>
java_class_path (initial): C:/Xilinx/Vivado/2021.1\lib\classes\alloy.jar;C:/Xilinx/Vivado/2021.1\lib\classes\autoesl-models.jar;C:/Xilinx/Vivado/2021.1\lib\classes\autopilot.scelaborator.jar;C:/Xilinx/Vivado/2021.1\lib\classes\autopilot.sourceprocessor.jar;C:/Xilinx/Vivado/2021.1\lib\classes\autopilot.tbprocessor.jar;C:/Xilinx/Vivado/2021.1\lib\classes\batik-anim.jar;C:/Xilinx/Vivado/2021.1\lib\classes\batik-awt-util.jar;C:/Xilinx/Vivado/2021.1\lib\classes\batik-bridge.jar;C:/Xilinx/Vivado/2021.1\lib\classes\batik-codec.jar;C:/Xilinx/Vivado/2021.1\lib\classes\batik-css.jar;C:/Xilinx/Vivado/2021.1\lib\classes\batik-dom.jar;C:/Xilinx/Vivado/2021.1\lib\classes\batik-ext.jar;C:/Xilinx/Vivado/2021.1\lib\classes\batik-gui-util.jar;C:/Xilinx/Vivado/2021.1\lib\classes\batik-gvt.jar;C:/Xilinx/Vivado/2021.1\lib\classes\batik-parser.jar;C:/Xilinx/Vivado/2021.1\lib\classes\batik-script.jar;C:/Xilinx/Vivado/2021.1\lib\classes\batik-svg-dom.jar;C:/Xilinx/Vivado/2021.1\lib\classes\batik-svggen.jar;C:/Xilinx/Vivado/2021.1\lib\classes\batik-swing.jar;C:/Xilinx/Vivado/2021.1\lib\classes\batik-transcoder.jar;C:/Xilinx/Vivado/2021.1\lib\classes\batik-util.jar;C:/Xilinx/Vivado/2021.1\lib\classes\batik-xml.jar;C:/Xilinx/Vivado/2021.1\lib\classes\com.google.gson_2.8.2.v20180104-1110.jar;C:/Xilinx/Vivado/2021.1\lib\classes\com.google.guava_27.1.0.v20190517-1946.jar;C:/Xilinx/Vivado/2021.1\lib\classes\com.ibm.icu_4.4.2.v20110208.jar;C:/Xilinx/Vivado/2021.1\lib\classes\com.sigasi.hdt.connection_4.11.0.202105170810.jar;C:/Xilinx/Vivado/2021.1\lib\classes\com.sigasi.hdt.epl_4.11.0.202105170810.jar;C:/Xilinx/Vivado/2021.1\lib\classes\com.sigasi.hdt.project_4.11.0.202105170810.jar;C:/Xilinx/Vivado/2021.1\lib\classes\com.sigasi.hdt.readonlyfilesystem_4.11.0.202105170810.jar;C:/Xilinx/Vivado/2021.1\lib\classes\com.sigasi.hdt.shared_4.11.0.202105170810.jar;C:/Xilinx/Vivado/2021.1\lib\classes\com.sigasi.lcm_4.11.0.202105170810.jar;C:/Xilinx/Vivado/2021.1\lib\classes\com.sigasi.sdk.client_4.11.0.20
Launcher Type: generic

[Global flags]
     bool BytecodeVerificationLocal                = false                                     {product} {command line}
     bool BytecodeVerificationRemote               = false                                     {product} {command line}
     intx CICompilerCount                          = 4                                         {product} {ergonomic}
     uint ConcGCThreads                            = 2                                         {product} {ergonomic}
     uint G1ConcRefinementThreads                  = 8                                         {product} {ergonomic}
   size_t G1HeapRegionSize                         = 1048576                                   {product} {ergonomic}
    uintx GCDrainStackTargetSize                   = 64                                        {product} {ergonomic}
   size_t InitialHeapSize                          = 268435456                                 {product} {command line}
   size_t MarkStackSize                            = 4194304                                   {product} {ergonomic}
   size_t MaxHeapSize                              = 3221225472                                {product} {command line}
   size_t MaxNewSize                               = 62914560                                  {product} {command line}
   size_t MinHeapDeltaBytes                        = 1048576                                   {product} {ergonomic}
   size_t NewSize                                  = 62914560                                  {product} {command line}
    uintx NonNMethodCodeHeapSize                   = 5835340                                {pd product} {ergonomic}
    uintx NonProfiledCodeHeapSize                  = 122911450                              {pd product} {ergonomic}
    uintx ProfiledCodeHeapSize                     = 122911450                              {pd product} {ergonomic}
    uintx ReservedCodeCacheSize                    = 251658240                              {pd product} {ergonomic}
     bool SegmentedCodeCache                       = true                                      {product} {ergonomic}
    uintx StringTableSize                          = 4072                                      {product} {command line}
     intx ThreadStackSize                          = 5120                                   {pd product} {command line}
     bool UseCompressedClassPointers               = true                                 {lp64_product} {ergonomic}
     bool UseCompressedOops                        = true                                 {lp64_product} {ergonomic}
     bool UseG1GC                                  = true                                      {product} {ergonomic}
     bool UseLargePagesIndividualAllocation        = false                                  {pd product} {ergonomic}
     bool UsePerfData                              = false                                     {product} {command line}

Logging:
Log output configuration:
 #0: stdout all=warning uptime,level,tags
 #1: stderr all=off uptime,level,tags

Environment Variables:
PATH=C:/Xilinx/Vivado/2021.1\gnuwin\bin;C:/Xilinx/Vivado/2021.1\gnu\microblaze\nt\bin;C:/Xilinx/Vivado/2021.1/bin;C:/Xilinx/Vivado/2021.1/tps/win64/javafx-sdk-11.0.2/lib;C:/Xilinx/Vivado/2021.1/tps/win64/javafx-sdk-11.0.2/bin;C:/Xilinx/Vivado/2021.1/lib/win64.o;C:/Xilinx/Vivado/2021.1/tps/win64/jre11.0.2/bin/server;C:/Xilinx/Vivado/2021.1/tps/win64/jre11.0.2/bin;C:/Xilinx/Vitis/2021.1/bin;C:/Xilinx/Vivado/2021.1/ids_lite/ISE/bin/nt64;C:/Xilinx/Vivado/2021.1/ids_lite/ISE/lib/nt64;C:/Xilinx/Vitis_HLS/2021.1/bin;C:\Windows\system32;C:\Windows;C:\Windows\System32\Wbem;C:\Windows\System32\WindowsPowerShell\v1.0\;C:\Windows\System32\OpenSSH\;C:\Program Files (x86)\NVIDIA Corporation\PhysX\Common;C:\Program Files\Git\cmd;C:\MinGW\bin;C:\Users\Acer\AppData\Local\Programs\Python\Python310\Scripts;C:\Users\Acer\AppData\Local\Programs\Python\Python310;C:\Users\Acer\AppData\Local\Microsoft\WindowsApps;C:\Users\Acer\AppData\Local\Programs\Microsoft VS Code\bin;C:\Users\Acer\AppData\Local\GitHubDesktop\bin;C:/Xilinx/Vivado/2021.1\tps\mingw\6.2.0\win64.o\nt\bin;C:/Xilinx/Vivado/2021.1\tps\mingw\6.2.0\win64.o\nt\libexec\gcc\x86_64-w64-mingw32\6.2.0;C:/Xilinx/Vivado/2021.1\tps\win64\python-3.8.3;C:/Xilinx/Vivado/2021.1\tps\win64\python-3.8.3\bin;C:/Xilinx/Vivado/2021.1\tps\win64\python-3.8.3\lib;C:/Xilinx/Vivado/2021.1\tps\win64\python-3.8.3\lib\site-packages
USERNAME=Acer
OS=Windows_NT
PROCESSOR_IDENTIFIER=Intel64 Family 6 Model 158 Stepping 10, GenuineIntel



---------------  S Y S T E M  ---------------

OS: Windows 10 , 64 bit Build 19041 (10.0.19041.1566)

CPU:total 8 (initial active 8) (4 cores per cpu, 2 threads per core) family 6 model 158 stepping 10, cmov, cx8, fxsr, mmx, sse, sse2, sse3, ssse3, sse4.1, sse4.2, popcnt, avx, avx2, aes, clmul, erms, 3dnowpref, lzcnt, ht, tsc, tscinvbit, bmi1, bmi2, adx, fma

Memory: 4k page, system-wide physical 8034M (2044M free)
TotalPageFile size 29818M (AvailPageFile size 13146M)
current process WorkingSet (physical memory assigned to process): 1204M, peak: 1847M
current process commit charge ("private bytes"): 2555M, peak: 2590M

vm_info: OpenJDK 64-Bit Server VM (11.0.2+9) for windows-amd64 JRE (11.0.2+9), built on Jan 18 2019 05:23:22 by "mach5one" with MS VC++ 15.5 (VS2017)

END.
