Time resolution is 1 ps
Memory Collision Error on RAMB36E1 : testbench_wrapper_tb.dut.testbench_i.RAM_Block.RAM_0.Action_RAM_0.U0.inst_blk_mem_gen.\gnbram.gnative_mem_map_bmg.native_mem_map_blk_mem_gen .\valid.cstr .\ramloop[0].ram.r .\prim_noinit.ram .\DEVICE_7SERIES.WITH_BMM_INFO.TRUE_DP.SIMPLE_PRIM36.TDP_SP36_NO_ECC_ATTR.ram .\gen_tdp.INT_RAMB_TDP .chk_for_col_msg at simulation time 141.555 ns.
A read was performed on address 800f (hex) of port B while a write was requested to the same address on port A.  The write will be successful however the read value on port B is unknown until the next CLKB cycle.
Memory Collision Error on RAMB36E1 : testbench_wrapper_tb.dut.testbench_i.RAM_Block.RAM_0.Action_RAM_0.U0.inst_blk_mem_gen.\gnbram.gnative_mem_map_bmg.native_mem_map_blk_mem_gen .\valid.cstr .\ramloop[1].ram.r .\prim_noinit.ram .\DEVICE_7SERIES.WITH_BMM_INFO.TRUE_DP.SIMPLE_PRIM36.TDP_SP36_NO_ECC_ATTR.ram .\gen_tdp.INT_RAMB_TDP .chk_for_col_msg at simulation time 141.555 ns.
A read was performed on address 800f (hex) of port B while a write was requested to the same address on port A.  The write will be successful however the read value on port B is unknown until the next CLKB cycle.
Memory Collision Error on RAMB36E1 : testbench_wrapper_tb.dut.testbench_i.RAM_Block.RAM_0.PL_RAM_0.U0.inst_blk_mem_gen.\gnbram.gnative_mem_map_bmg.native_mem_map_blk_mem_gen .\valid.cstr .\ramloop[0].ram.r .\prim_noinit.ram .\DEVICE_7SERIES.WITH_BMM_INFO.TRUE_DP.SIMPLE_PRIM36.TDP_SP36_NO_ECC_ATTR.ram .\gen_tdp.INT_RAMB_TDP .chk_for_col_msg at simulation time 141.555 ns.
A read was performed on address 800f (hex) of port B while a write was requested to the same address on port A.  The write will be successful however the read value on port B is unknown until the next CLKB cycle.
Memory Collision Error on RAMB36E1 : testbench_wrapper_tb.dut.testbench_i.RAM_Block.RAM_0.PL_RAM_0.U0.inst_blk_mem_gen.\gnbram.gnative_mem_map_bmg.native_mem_map_blk_mem_gen .\valid.cstr .\ramloop[1].ram.r .\prim_noinit.ram .\DEVICE_7SERIES.WITH_BMM_INFO.TRUE_DP.SIMPLE_PRIM36.TDP_SP36_NO_ECC_ATTR.ram .\gen_tdp.INT_RAMB_TDP .chk_for_col_msg at simulation time 141.555 ns.
A read was performed on address 800f (hex) of port B while a write was requested to the same address on port A.  The write will be successful however the read value on port B is unknown until the next CLKB cycle.
Memory Collision Error on RAMB36E1 : testbench_wrapper_tb.dut.testbench_i.RAM_Block.RAM_0.Action_RAM_0.U0.inst_blk_mem_gen.\gnbram.gnative_mem_map_bmg.native_mem_map_blk_mem_gen .\valid.cstr .\ramloop[0].ram.r .\prim_noinit.ram .\DEVICE_7SERIES.WITH_BMM_INFO.TRUE_DP.SIMPLE_PRIM36.TDP_SP36_NO_ECC_ATTR.ram .\gen_tdp.INT_RAMB_TDP .chk_for_col_msg at simulation time 161.555 ns.
A read was performed on address 800f (hex) of port B while a write was requested to the same address on port A.  The write will be successful however the read value on port B is unknown until the next CLKB cycle.
Memory Collision Error on RAMB36E1 : testbench_wrapper_tb.dut.testbench_i.RAM_Block.RAM_0.Action_RAM_0.U0.inst_blk_mem_gen.\gnbram.gnative_mem_map_bmg.native_mem_map_blk_mem_gen .\valid.cstr .\ramloop[1].ram.r .\prim_noinit.ram .\DEVICE_7SERIES.WITH_BMM_INFO.TRUE_DP.SIMPLE_PRIM36.TDP_SP36_NO_ECC_ATTR.ram .\gen_tdp.INT_RAMB_TDP .chk_for_col_msg at simulation time 161.555 ns.
A read was performed on address 800f (hex) of port B while a write was requested to the same address on port A.  The write will be successful however the read value on port B is unknown until the next CLKB cycle.
Memory Collision Error on RAMB36E1 : testbench_wrapper_tb.dut.testbench_i.RAM_Block.RAM_0.PL_RAM_0.U0.inst_blk_mem_gen.\gnbram.gnative_mem_map_bmg.native_mem_map_blk_mem_gen .\valid.cstr .\ramloop[0].ram.r .\prim_noinit.ram .\DEVICE_7SERIES.WITH_BMM_INFO.TRUE_DP.SIMPLE_PRIM36.TDP_SP36_NO_ECC_ATTR.ram .\gen_tdp.INT_RAMB_TDP .chk_for_col_msg at simulation time 161.555 ns.
A read was performed on address 800f (hex) of port B while a write was requested to the same address on port A.  The write will be successful however the read value on port B is unknown until the next CLKB cycle.
Memory Collision Error on RAMB36E1 : testbench_wrapper_tb.dut.testbench_i.RAM_Block.RAM_0.PL_RAM_0.U0.inst_blk_mem_gen.\gnbram.gnative_mem_map_bmg.native_mem_map_blk_mem_gen .\valid.cstr .\ramloop[1].ram.r .\prim_noinit.ram .\DEVICE_7SERIES.WITH_BMM_INFO.TRUE_DP.SIMPLE_PRIM36.TDP_SP36_NO_ECC_ATTR.ram .\gen_tdp.INT_RAMB_TDP .chk_for_col_msg at simulation time 161.555 ns.
A read was performed on address 800f (hex) of port B while a write was requested to the same address on port A.  The write will be successful however the read value on port B is unknown until the next CLKB cycle.
Memory Collision Error on RAMB36E1 : testbench_wrapper_tb.dut.testbench_i.RAM_Block.RAM_0.Action_RAM_0.U0.inst_blk_mem_gen.\gnbram.gnative_mem_map_bmg.native_mem_map_blk_mem_gen .\valid.cstr .\ramloop[0].ram.r .\prim_noinit.ram .\DEVICE_7SERIES.WITH_BMM_INFO.TRUE_DP.SIMPLE_PRIM36.TDP_SP36_NO_ECC_ATTR.ram .\gen_tdp.INT_RAMB_TDP .chk_for_col_msg at simulation time 181.555 ns.
A read was performed on address 800f (hex) of port B while a write was requested to the same address on port A.  The write will be successful however the read value on port B is unknown until the next CLKB cycle.
Memory Collision Error on RAMB36E1 : testbench_wrapper_tb.dut.testbench_i.RAM_Block.RAM_0.Action_RAM_0.U0.inst_blk_mem_gen.\gnbram.gnative_mem_map_bmg.native_mem_map_blk_mem_gen .\valid.cstr .\ramloop[1].ram.r .\prim_noinit.ram .\DEVICE_7SERIES.WITH_BMM_INFO.TRUE_DP.SIMPLE_PRIM36.TDP_SP36_NO_ECC_ATTR.ram .\gen_tdp.INT_RAMB_TDP .chk_for_col_msg at simulation time 181.555 ns.
A read was performed on address 800f (hex) of port B while a write was requested to the same address on port A.  The write will be successful however the read value on port B is unknown until the next CLKB cycle.
Memory Collision Error on RAMB36E1 : testbench_wrapper_tb.dut.testbench_i.RAM_Block.RAM_0.PL_RAM_0.U0.inst_blk_mem_gen.\gnbram.gnative_mem_map_bmg.native_mem_map_blk_mem_gen .\valid.cstr .\ramloop[0].ram.r .\prim_noinit.ram .\DEVICE_7SERIES.WITH_BMM_INFO.TRUE_DP.SIMPLE_PRIM36.TDP_SP36_NO_ECC_ATTR.ram .\gen_tdp.INT_RAMB_TDP .chk_for_col_msg at simulation time 181.555 ns.
A read was performed on address 800f (hex) of port B while a write was requested to the same address on port A.  The write will be successful however the read value on port B is unknown until the next CLKB cycle.
Memory Collision Error on RAMB36E1 : testbench_wrapper_tb.dut.testbench_i.RAM_Block.RAM_0.PL_RAM_0.U0.inst_blk_mem_gen.\gnbram.gnative_mem_map_bmg.native_mem_map_blk_mem_gen .\valid.cstr .\ramloop[1].ram.r .\prim_noinit.ram .\DEVICE_7SERIES.WITH_BMM_INFO.TRUE_DP.SIMPLE_PRIM36.TDP_SP36_NO_ECC_ATTR.ram .\gen_tdp.INT_RAMB_TDP .chk_for_col_msg at simulation time 181.555 ns.
A read was performed on address 800f (hex) of port B while a write was requested to the same address on port A.  The write will be successful however the read value on port B is unknown until the next CLKB cycle.
Memory Collision Error on RAMB36E1 : testbench_wrapper_tb.dut.testbench_i.RAM_Block.RAM_0.Action_RAM_0.U0.inst_blk_mem_gen.\gnbram.gnative_mem_map_bmg.native_mem_map_blk_mem_gen .\valid.cstr .\ramloop[0].ram.r .\prim_noinit.ram .\DEVICE_7SERIES.WITH_BMM_INFO.TRUE_DP.SIMPLE_PRIM36.TDP_SP36_NO_ECC_ATTR.ram .\gen_tdp.INT_RAMB_TDP .chk_for_col_msg at simulation time 201.555 ns.
A read was performed on address 800f (hex) of port B while a write was requested to the same address on port A.  The write will be successful however the read value on port B is unknown until the next CLKB cycle.
Memory Collision Error on RAMB36E1 : testbench_wrapper_tb.dut.testbench_i.RAM_Block.RAM_0.Action_RAM_0.U0.inst_blk_mem_gen.\gnbram.gnative_mem_map_bmg.native_mem_map_blk_mem_gen .\valid.cstr .\ramloop[1].ram.r .\prim_noinit.ram .\DEVICE_7SERIES.WITH_BMM_INFO.TRUE_DP.SIMPLE_PRIM36.TDP_SP36_NO_ECC_ATTR.ram .\gen_tdp.INT_RAMB_TDP .chk_for_col_msg at simulation time 201.555 ns.
A read was performed on address 800f (hex) of port B while a write was requested to the same address on port A.  The write will be successful however the read value on port B is unknown until the next CLKB cycle.
Memory Collision Error on RAMB36E1 : testbench_wrapper_tb.dut.testbench_i.RAM_Block.RAM_0.PL_RAM_0.U0.inst_blk_mem_gen.\gnbram.gnative_mem_map_bmg.native_mem_map_blk_mem_gen .\valid.cstr .\ramloop[0].ram.r .\prim_noinit.ram .\DEVICE_7SERIES.WITH_BMM_INFO.TRUE_DP.SIMPLE_PRIM36.TDP_SP36_NO_ECC_ATTR.ram .\gen_tdp.INT_RAMB_TDP .chk_for_col_msg at simulation time 201.555 ns.
A read was performed on address 800f (hex) of port B while a write was requested to the same address on port A.  The write will be successful however the read value on port B is unknown until the next CLKB cycle.
Memory Collision Error on RAMB36E1 : testbench_wrapper_tb.dut.testbench_i.RAM_Block.RAM_0.PL_RAM_0.U0.inst_blk_mem_gen.\gnbram.gnative_mem_map_bmg.native_mem_map_blk_mem_gen .\valid.cstr .\ramloop[1].ram.r .\prim_noinit.ram .\DEVICE_7SERIES.WITH_BMM_INFO.TRUE_DP.SIMPLE_PRIM36.TDP_SP36_NO_ECC_ATTR.ram .\gen_tdp.INT_RAMB_TDP .chk_for_col_msg at simulation time 201.555 ns.
A read was performed on address 800f (hex) of port B while a write was requested to the same address on port A.  The write will be successful however the read value on port B is unknown until the next CLKB cycle.
Memory Collision Error on RAMB36E1 : testbench_wrapper_tb.dut.testbench_i.RAM_Block.RAM_0.Action_RAM_0.U0.inst_blk_mem_gen.\gnbram.gnative_mem_map_bmg.native_mem_map_blk_mem_gen .\valid.cstr .\ramloop[0].ram.r .\prim_noinit.ram .\DEVICE_7SERIES.WITH_BMM_INFO.TRUE_DP.SIMPLE_PRIM36.TDP_SP36_NO_ECC_ATTR.ram .\gen_tdp.INT_RAMB_TDP .chk_for_col_msg at simulation time 221.555 ns.
A read was performed on address 800f (hex) of port B while a write was requested to the same address on port A.  The write will be successful however the read value on port B is unknown until the next CLKB cycle.
Memory Collision Error on RAMB36E1 : testbench_wrapper_tb.dut.testbench_i.RAM_Block.RAM_0.Action_RAM_0.U0.inst_blk_mem_gen.\gnbram.gnative_mem_map_bmg.native_mem_map_blk_mem_gen .\valid.cstr .\ramloop[1].ram.r .\prim_noinit.ram .\DEVICE_7SERIES.WITH_BMM_INFO.TRUE_DP.SIMPLE_PRIM36.TDP_SP36_NO_ECC_ATTR.ram .\gen_tdp.INT_RAMB_TDP .chk_for_col_msg at simulation time 221.555 ns.
A read was performed on address 800f (hex) of port B while a write was requested to the same address on port A.  The write will be successful however the read value on port B is unknown until the next CLKB cycle.
Memory Collision Error on RAMB36E1 : testbench_wrapper_tb.dut.testbench_i.RAM_Block.RAM_0.PL_RAM_0.U0.inst_blk_mem_gen.\gnbram.gnative_mem_map_bmg.native_mem_map_blk_mem_gen .\valid.cstr .\ramloop[0].ram.r .\prim_noinit.ram .\DEVICE_7SERIES.WITH_BMM_INFO.TRUE_DP.SIMPLE_PRIM36.TDP_SP36_NO_ECC_ATTR.ram .\gen_tdp.INT_RAMB_TDP .chk_for_col_msg at simulation time 221.555 ns.
A read was performed on address 800f (hex) of port B while a write was requested to the same address on port A.  The write will be successful however the read value on port B is unknown until the next CLKB cycle.
Memory Collision Error on RAMB36E1 : testbench_wrapper_tb.dut.testbench_i.RAM_Block.RAM_0.PL_RAM_0.U0.inst_blk_mem_gen.\gnbram.gnative_mem_map_bmg.native_mem_map_blk_mem_gen .\valid.cstr .\ramloop[1].ram.r .\prim_noinit.ram .\DEVICE_7SERIES.WITH_BMM_INFO.TRUE_DP.SIMPLE_PRIM36.TDP_SP36_NO_ECC_ATTR.ram .\gen_tdp.INT_RAMB_TDP .chk_for_col_msg at simulation time 221.555 ns.
A read was performed on address 800f (hex) of port B while a write was requested to the same address on port A.  The write will be successful however the read value on port B is unknown until the next CLKB cycle.
Memory Collision Error on RAMB36E1 : testbench_wrapper_tb.dut.testbench_i.RAM_Block.RAM_0.Action_RAM_0.U0.inst_blk_mem_gen.\gnbram.gnative_mem_map_bmg.native_mem_map_blk_mem_gen .\valid.cstr .\ramloop[0].ram.r .\prim_noinit.ram .\DEVICE_7SERIES.WITH_BMM_INFO.TRUE_DP.SIMPLE_PRIM36.TDP_SP36_NO_ECC_ATTR.ram .\gen_tdp.INT_RAMB_TDP .chk_for_col_msg at simulation time 241.555 ns.
A read was performed on address 800f (hex) of port B while a write was requested to the same address on port A.  The write will be successful however the read value on port B is unknown until the next CLKB cycle.
Memory Collision Error on RAMB36E1 : testbench_wrapper_tb.dut.testbench_i.RAM_Block.RAM_0.Action_RAM_0.U0.inst_blk_mem_gen.\gnbram.gnative_mem_map_bmg.native_mem_map_blk_mem_gen .\valid.cstr .\ramloop[1].ram.r .\prim_noinit.ram .\DEVICE_7SERIES.WITH_BMM_INFO.TRUE_DP.SIMPLE_PRIM36.TDP_SP36_NO_ECC_ATTR.ram .\gen_tdp.INT_RAMB_TDP .chk_for_col_msg at simulation time 241.555 ns.
A read was performed on address 800f (hex) of port B while a write was requested to the same address on port A.  The write will be successful however the read value on port B is unknown until the next CLKB cycle.
Memory Collision Error on RAMB36E1 : testbench_wrapper_tb.dut.testbench_i.RAM_Block.RAM_0.PL_RAM_0.U0.inst_blk_mem_gen.\gnbram.gnative_mem_map_bmg.native_mem_map_blk_mem_gen .\valid.cstr .\ramloop[0].ram.r .\prim_noinit.ram .\DEVICE_7SERIES.WITH_BMM_INFO.TRUE_DP.SIMPLE_PRIM36.TDP_SP36_NO_ECC_ATTR.ram .\gen_tdp.INT_RAMB_TDP .chk_for_col_msg at simulation time 241.555 ns.
A read was performed on address 800f (hex) of port B while a write was requested to the same address on port A.  The write will be successful however the read value on port B is unknown until the next CLKB cycle.
Memory Collision Error on RAMB36E1 : testbench_wrapper_tb.dut.testbench_i.RAM_Block.RAM_0.PL_RAM_0.U0.inst_blk_mem_gen.\gnbram.gnative_mem_map_bmg.native_mem_map_blk_mem_gen .\valid.cstr .\ramloop[1].ram.r .\prim_noinit.ram .\DEVICE_7SERIES.WITH_BMM_INFO.TRUE_DP.SIMPLE_PRIM36.TDP_SP36_NO_ECC_ATTR.ram .\gen_tdp.INT_RAMB_TDP .chk_for_col_msg at simulation time 241.555 ns.
A read was performed on address 800f (hex) of port B while a write was requested to the same address on port A.  The write will be successful however the read value on port B is unknown until the next CLKB cycle.
Memory Collision Error on RAMB36E1 : testbench_wrapper_tb.dut.testbench_i.RAM_Block.RAM_0.Action_RAM_0.U0.inst_blk_mem_gen.\gnbram.gnative_mem_map_bmg.native_mem_map_blk_mem_gen .\valid.cstr .\ramloop[0].ram.r .\prim_noinit.ram .\DEVICE_7SERIES.WITH_BMM_INFO.TRUE_DP.SIMPLE_PRIM36.TDP_SP36_NO_ECC_ATTR.ram .\gen_tdp.INT_RAMB_TDP .chk_for_col_msg at simulation time 261.555 ns.
A read was performed on address 800f (hex) of port B while a write was requested to the same address on port A.  The write will be successful however the read value on port B is unknown until the next CLKB cycle.
Memory Collision Error on RAMB36E1 : testbench_wrapper_tb.dut.testbench_i.RAM_Block.RAM_0.Action_RAM_0.U0.inst_blk_mem_gen.\gnbram.gnative_mem_map_bmg.native_mem_map_blk_mem_gen .\valid.cstr .\ramloop[1].ram.r .\prim_noinit.ram .\DEVICE_7SERIES.WITH_BMM_INFO.TRUE_DP.SIMPLE_PRIM36.TDP_SP36_NO_ECC_ATTR.ram .\gen_tdp.INT_RAMB_TDP .chk_for_col_msg at simulation time 261.555 ns.
A read was performed on address 800f (hex) of port B while a write was requested to the same address on port A.  The write will be successful however the read value on port B is unknown until the next CLKB cycle.
Memory Collision Error on RAMB36E1 : testbench_wrapper_tb.dut.testbench_i.RAM_Block.RAM_0.PL_RAM_0.U0.inst_blk_mem_gen.\gnbram.gnative_mem_map_bmg.native_mem_map_blk_mem_gen .\valid.cstr .\ramloop[0].ram.r .\prim_noinit.ram .\DEVICE_7SERIES.WITH_BMM_INFO.TRUE_DP.SIMPLE_PRIM36.TDP_SP36_NO_ECC_ATTR.ram .\gen_tdp.INT_RAMB_TDP .chk_for_col_msg at simulation time 261.555 ns.
A read was performed on address 800f (hex) of port B while a write was requested to the same address on port A.  The write will be successful however the read value on port B is unknown until the next CLKB cycle.
Memory Collision Error on RAMB36E1 : testbench_wrapper_tb.dut.testbench_i.RAM_Block.RAM_0.PL_RAM_0.U0.inst_blk_mem_gen.\gnbram.gnative_mem_map_bmg.native_mem_map_blk_mem_gen .\valid.cstr .\ramloop[1].ram.r .\prim_noinit.ram .\DEVICE_7SERIES.WITH_BMM_INFO.TRUE_DP.SIMPLE_PRIM36.TDP_SP36_NO_ECC_ATTR.ram .\gen_tdp.INT_RAMB_TDP .chk_for_col_msg at simulation time 261.555 ns.
A read was performed on address 800f (hex) of port B while a write was requested to the same address on port A.  The write will be successful however the read value on port B is unknown until the next CLKB cycle.
Memory Collision Error on RAMB36E1 : testbench_wrapper_tb.dut.testbench_i.RAM_Block.RAM_0.Action_RAM_0.U0.inst_blk_mem_gen.\gnbram.gnative_mem_map_bmg.native_mem_map_blk_mem_gen .\valid.cstr .\ramloop[0].ram.r .\prim_noinit.ram .\DEVICE_7SERIES.WITH_BMM_INFO.TRUE_DP.SIMPLE_PRIM36.TDP_SP36_NO_ECC_ATTR.ram .\gen_tdp.INT_RAMB_TDP .chk_for_col_msg at simulation time 281.555 ns.
A read was performed on address 800f (hex) of port B while a write was requested to the same address on port A.  The write will be successful however the read value on port B is unknown until the next CLKB cycle.
Memory Collision Error on RAMB36E1 : testbench_wrapper_tb.dut.testbench_i.RAM_Block.RAM_0.Action_RAM_0.U0.inst_blk_mem_gen.\gnbram.gnative_mem_map_bmg.native_mem_map_blk_mem_gen .\valid.cstr .\ramloop[1].ram.r .\prim_noinit.ram .\DEVICE_7SERIES.WITH_BMM_INFO.TRUE_DP.SIMPLE_PRIM36.TDP_SP36_NO_ECC_ATTR.ram .\gen_tdp.INT_RAMB_TDP .chk_for_col_msg at simulation time 281.555 ns.
A read was performed on address 800f (hex) of port B while a write was requested to the same address on port A.  The write will be successful however the read value on port B is unknown until the next CLKB cycle.
Memory Collision Error on RAMB36E1 : testbench_wrapper_tb.dut.testbench_i.RAM_Block.RAM_0.PL_RAM_0.U0.inst_blk_mem_gen.\gnbram.gnative_mem_map_bmg.native_mem_map_blk_mem_gen .\valid.cstr .\ramloop[0].ram.r .\prim_noinit.ram .\DEVICE_7SERIES.WITH_BMM_INFO.TRUE_DP.SIMPLE_PRIM36.TDP_SP36_NO_ECC_ATTR.ram .\gen_tdp.INT_RAMB_TDP .chk_for_col_msg at simulation time 281.555 ns.
A read was performed on address 800f (hex) of port B while a write was requested to the same address on port A.  The write will be successful however the read value on port B is unknown until the next CLKB cycle.
Memory Collision Error on RAMB36E1 : testbench_wrapper_tb.dut.testbench_i.RAM_Block.RAM_0.PL_RAM_0.U0.inst_blk_mem_gen.\gnbram.gnative_mem_map_bmg.native_mem_map_blk_mem_gen .\valid.cstr .\ramloop[1].ram.r .\prim_noinit.ram .\DEVICE_7SERIES.WITH_BMM_INFO.TRUE_DP.SIMPLE_PRIM36.TDP_SP36_NO_ECC_ATTR.ram .\gen_tdp.INT_RAMB_TDP .chk_for_col_msg at simulation time 281.555 ns.
A read was performed on address 800f (hex) of port B while a write was requested to the same address on port A.  The write will be successful however the read value on port B is unknown until the next CLKB cycle.
Memory Collision Error on RAMB36E1 : testbench_wrapper_tb.dut.testbench_i.RAM_Block.RAM_0.Action_RAM_0.U0.inst_blk_mem_gen.\gnbram.gnative_mem_map_bmg.native_mem_map_blk_mem_gen .\valid.cstr .\ramloop[0].ram.r .\prim_noinit.ram .\DEVICE_7SERIES.WITH_BMM_INFO.TRUE_DP.SIMPLE_PRIM36.TDP_SP36_NO_ECC_ATTR.ram .\gen_tdp.INT_RAMB_TDP .chk_for_col_msg at simulation time 301.555 ns.
A read was performed on address 800f (hex) of port B while a write was requested to the same address on port A.  The write will be successful however the read value on port B is unknown until the next CLKB cycle.
Memory Collision Error on RAMB36E1 : testbench_wrapper_tb.dut.testbench_i.RAM_Block.RAM_0.Action_RAM_0.U0.inst_blk_mem_gen.\gnbram.gnative_mem_map_bmg.native_mem_map_blk_mem_gen .\valid.cstr .\ramloop[1].ram.r .\prim_noinit.ram .\DEVICE_7SERIES.WITH_BMM_INFO.TRUE_DP.SIMPLE_PRIM36.TDP_SP36_NO_ECC_ATTR.ram .\gen_tdp.INT_RAMB_TDP .chk_for_col_msg at simulation time 301.555 ns.
A read was performed on address 800f (hex) of port B while a write was requested to the same address on port A.  The write will be successful however the read value on port B is unknown until the next CLKB cycle.
Memory Collision Error on RAMB36E1 : testbench_wrapper_tb.dut.testbench_i.RAM_Block.RAM_0.PL_RAM_0.U0.inst_blk_mem_gen.\gnbram.gnative_mem_map_bmg.native_mem_map_blk_mem_gen .\valid.cstr .\ramloop[0].ram.r .\prim_noinit.ram .\DEVICE_7SERIES.WITH_BMM_INFO.TRUE_DP.SIMPLE_PRIM36.TDP_SP36_NO_ECC_ATTR.ram .\gen_tdp.INT_RAMB_TDP .chk_for_col_msg at simulation time 301.555 ns.
A read was performed on address 800f (hex) of port B while a write was requested to the same address on port A.  The write will be successful however the read value on port B is unknown until the next CLKB cycle.
Memory Collision Error on RAMB36E1 : testbench_wrapper_tb.dut.testbench_i.RAM_Block.RAM_0.PL_RAM_0.U0.inst_blk_mem_gen.\gnbram.gnative_mem_map_bmg.native_mem_map_blk_mem_gen .\valid.cstr .\ramloop[1].ram.r .\prim_noinit.ram .\DEVICE_7SERIES.WITH_BMM_INFO.TRUE_DP.SIMPLE_PRIM36.TDP_SP36_NO_ECC_ATTR.ram .\gen_tdp.INT_RAMB_TDP .chk_for_col_msg at simulation time 301.555 ns.
A read was performed on address 800f (hex) of port B while a write was requested to the same address on port A.  The write will be successful however the read value on port B is unknown until the next CLKB cycle.
Memory Collision Error on RAMB36E1 : testbench_wrapper_tb.dut.testbench_i.RAM_Block.RAM_0.Action_RAM_0.U0.inst_blk_mem_gen.\gnbram.gnative_mem_map_bmg.native_mem_map_blk_mem_gen .\valid.cstr .\ramloop[0].ram.r .\prim_noinit.ram .\DEVICE_7SERIES.WITH_BMM_INFO.TRUE_DP.SIMPLE_PRIM36.TDP_SP36_NO_ECC_ATTR.ram .\gen_tdp.INT_RAMB_TDP .chk_for_col_msg at simulation time 321.555 ns.
A read was performed on address 800f (hex) of port B while a write was requested to the same address on port A.  The write will be successful however the read value on port B is unknown until the next CLKB cycle.
Memory Collision Error on RAMB36E1 : testbench_wrapper_tb.dut.testbench_i.RAM_Block.RAM_0.Action_RAM_0.U0.inst_blk_mem_gen.\gnbram.gnative_mem_map_bmg.native_mem_map_blk_mem_gen .\valid.cstr .\ramloop[1].ram.r .\prim_noinit.ram .\DEVICE_7SERIES.WITH_BMM_INFO.TRUE_DP.SIMPLE_PRIM36.TDP_SP36_NO_ECC_ATTR.ram .\gen_tdp.INT_RAMB_TDP .chk_for_col_msg at simulation time 321.555 ns.
A read was performed on address 800f (hex) of port B while a write was requested to the same address on port A.  The write will be successful however the read value on port B is unknown until the next CLKB cycle.
Memory Collision Error on RAMB36E1 : testbench_wrapper_tb.dut.testbench_i.RAM_Block.RAM_0.PL_RAM_0.U0.inst_blk_mem_gen.\gnbram.gnative_mem_map_bmg.native_mem_map_blk_mem_gen .\valid.cstr .\ramloop[0].ram.r .\prim_noinit.ram .\DEVICE_7SERIES.WITH_BMM_INFO.TRUE_DP.SIMPLE_PRIM36.TDP_SP36_NO_ECC_ATTR.ram .\gen_tdp.INT_RAMB_TDP .chk_for_col_msg at simulation time 321.555 ns.
A read was performed on address 800f (hex) of port B while a write was requested to the same address on port A.  The write will be successful however the read value on port B is unknown until the next CLKB cycle.
Memory Collision Error on RAMB36E1 : testbench_wrapper_tb.dut.testbench_i.RAM_Block.RAM_0.PL_RAM_0.U0.inst_blk_mem_gen.\gnbram.gnative_mem_map_bmg.native_mem_map_blk_mem_gen .\valid.cstr .\ramloop[1].ram.r .\prim_noinit.ram .\DEVICE_7SERIES.WITH_BMM_INFO.TRUE_DP.SIMPLE_PRIM36.TDP_SP36_NO_ECC_ATTR.ram .\gen_tdp.INT_RAMB_TDP .chk_for_col_msg at simulation time 321.555 ns.
A read was performed on address 800f (hex) of port B while a write was requested to the same address on port A.  The write will be successful however the read value on port B is unknown until the next CLKB cycle.
Memory Collision Error on RAMB36E1 : testbench_wrapper_tb.dut.testbench_i.RAM_Block.RAM_0.Action_RAM_0.U0.inst_blk_mem_gen.\gnbram.gnative_mem_map_bmg.native_mem_map_blk_mem_gen .\valid.cstr .\ramloop[0].ram.r .\prim_noinit.ram .\DEVICE_7SERIES.WITH_BMM_INFO.TRUE_DP.SIMPLE_PRIM36.TDP_SP36_NO_ECC_ATTR.ram .\gen_tdp.INT_RAMB_TDP .chk_for_col_msg at simulation time 341.555 ns.
A read was performed on address 800f (hex) of port B while a write was requested to the same address on port A.  The write will be successful however the read value on port B is unknown until the next CLKB cycle.
Memory Collision Error on RAMB36E1 : testbench_wrapper_tb.dut.testbench_i.RAM_Block.RAM_0.Action_RAM_0.U0.inst_blk_mem_gen.\gnbram.gnative_mem_map_bmg.native_mem_map_blk_mem_gen .\valid.cstr .\ramloop[1].ram.r .\prim_noinit.ram .\DEVICE_7SERIES.WITH_BMM_INFO.TRUE_DP.SIMPLE_PRIM36.TDP_SP36_NO_ECC_ATTR.ram .\gen_tdp.INT_RAMB_TDP .chk_for_col_msg at simulation time 341.555 ns.
A read was performed on address 800f (hex) of port B while a write was requested to the same address on port A.  The write will be successful however the read value on port B is unknown until the next CLKB cycle.
Memory Collision Error on RAMB36E1 : testbench_wrapper_tb.dut.testbench_i.RAM_Block.RAM_0.PL_RAM_0.U0.inst_blk_mem_gen.\gnbram.gnative_mem_map_bmg.native_mem_map_blk_mem_gen .\valid.cstr .\ramloop[0].ram.r .\prim_noinit.ram .\DEVICE_7SERIES.WITH_BMM_INFO.TRUE_DP.SIMPLE_PRIM36.TDP_SP36_NO_ECC_ATTR.ram .\gen_tdp.INT_RAMB_TDP .chk_for_col_msg at simulation time 341.555 ns.
A read was performed on address 800f (hex) of port B while a write was requested to the same address on port A.  The write will be successful however the read value on port B is unknown until the next CLKB cycle.
Memory Collision Error on RAMB36E1 : testbench_wrapper_tb.dut.testbench_i.RAM_Block.RAM_0.PL_RAM_0.U0.inst_blk_mem_gen.\gnbram.gnative_mem_map_bmg.native_mem_map_blk_mem_gen .\valid.cstr .\ramloop[1].ram.r .\prim_noinit.ram .\DEVICE_7SERIES.WITH_BMM_INFO.TRUE_DP.SIMPLE_PRIM36.TDP_SP36_NO_ECC_ATTR.ram .\gen_tdp.INT_RAMB_TDP .chk_for_col_msg at simulation time 341.555 ns.
A read was performed on address 800f (hex) of port B while a write was requested to the same address on port A.  The write will be successful however the read value on port B is unknown until the next CLKB cycle.
Memory Collision Error on RAMB36E1 : testbench_wrapper_tb.dut.testbench_i.RAM_Block.RAM_0.Action_RAM_0.U0.inst_blk_mem_gen.\gnbram.gnative_mem_map_bmg.native_mem_map_blk_mem_gen .\valid.cstr .\ramloop[0].ram.r .\prim_noinit.ram .\DEVICE_7SERIES.WITH_BMM_INFO.TRUE_DP.SIMPLE_PRIM36.TDP_SP36_NO_ECC_ATTR.ram .\gen_tdp.INT_RAMB_TDP .chk_for_col_msg at simulation time 361.555 ns.
A read was performed on address 800f (hex) of port B while a write was requested to the same address on port A.  The write will be successful however the read value on port B is unknown until the next CLKB cycle.
Memory Collision Error on RAMB36E1 : testbench_wrapper_tb.dut.testbench_i.RAM_Block.RAM_0.Action_RAM_0.U0.inst_blk_mem_gen.\gnbram.gnative_mem_map_bmg.native_mem_map_blk_mem_gen .\valid.cstr .\ramloop[1].ram.r .\prim_noinit.ram .\DEVICE_7SERIES.WITH_BMM_INFO.TRUE_DP.SIMPLE_PRIM36.TDP_SP36_NO_ECC_ATTR.ram .\gen_tdp.INT_RAMB_TDP .chk_for_col_msg at simulation time 361.555 ns.
A read was performed on address 800f (hex) of port B while a write was requested to the same address on port A.  The write will be successful however the read value on port B is unknown until the next CLKB cycle.
Memory Collision Error on RAMB36E1 : testbench_wrapper_tb.dut.testbench_i.RAM_Block.RAM_0.PL_RAM_0.U0.inst_blk_mem_gen.\gnbram.gnative_mem_map_bmg.native_mem_map_blk_mem_gen .\valid.cstr .\ramloop[0].ram.r .\prim_noinit.ram .\DEVICE_7SERIES.WITH_BMM_INFO.TRUE_DP.SIMPLE_PRIM36.TDP_SP36_NO_ECC_ATTR.ram .\gen_tdp.INT_RAMB_TDP .chk_for_col_msg at simulation time 361.555 ns.
A read was performed on address 800f (hex) of port B while a write was requested to the same address on port A.  The write will be successful however the read value on port B is unknown until the next CLKB cycle.
Memory Collision Error on RAMB36E1 : testbench_wrapper_tb.dut.testbench_i.RAM_Block.RAM_0.PL_RAM_0.U0.inst_blk_mem_gen.\gnbram.gnative_mem_map_bmg.native_mem_map_blk_mem_gen .\valid.cstr .\ramloop[1].ram.r .\prim_noinit.ram .\DEVICE_7SERIES.WITH_BMM_INFO.TRUE_DP.SIMPLE_PRIM36.TDP_SP36_NO_ECC_ATTR.ram .\gen_tdp.INT_RAMB_TDP .chk_for_col_msg at simulation time 361.555 ns.
A read was performed on address 800f (hex) of port B while a write was requested to the same address on port A.  The write will be successful however the read value on port B is unknown until the next CLKB cycle.
Memory Collision Error on RAMB36E1 : testbench_wrapper_tb.dut.testbench_i.RAM_Block.RAM_0.Action_RAM_0.U0.inst_blk_mem_gen.\gnbram.gnative_mem_map_bmg.native_mem_map_blk_mem_gen .\valid.cstr .\ramloop[0].ram.r .\prim_noinit.ram .\DEVICE_7SERIES.WITH_BMM_INFO.TRUE_DP.SIMPLE_PRIM36.TDP_SP36_NO_ECC_ATTR.ram .\gen_tdp.INT_RAMB_TDP .chk_for_col_msg at simulation time 381.555 ns.
A read was performed on address 800f (hex) of port B while a write was requested to the same address on port A.  The write will be successful however the read value on port B is unknown until the next CLKB cycle.
Memory Collision Error on RAMB36E1 : testbench_wrapper_tb.dut.testbench_i.RAM_Block.RAM_0.Action_RAM_0.U0.inst_blk_mem_gen.\gnbram.gnative_mem_map_bmg.native_mem_map_blk_mem_gen .\valid.cstr .\ramloop[1].ram.r .\prim_noinit.ram .\DEVICE_7SERIES.WITH_BMM_INFO.TRUE_DP.SIMPLE_PRIM36.TDP_SP36_NO_ECC_ATTR.ram .\gen_tdp.INT_RAMB_TDP .chk_for_col_msg at simulation time 381.555 ns.
A read was performed on address 800f (hex) of port B while a write was requested to the same address on port A.  The write will be successful however the read value on port B is unknown until the next CLKB cycle.
Memory Collision Error on RAMB36E1 : testbench_wrapper_tb.dut.testbench_i.RAM_Block.RAM_0.PL_RAM_0.U0.inst_blk_mem_gen.\gnbram.gnative_mem_map_bmg.native_mem_map_blk_mem_gen .\valid.cstr .\ramloop[0].ram.r .\prim_noinit.ram .\DEVICE_7SERIES.WITH_BMM_INFO.TRUE_DP.SIMPLE_PRIM36.TDP_SP36_NO_ECC_ATTR.ram .\gen_tdp.INT_RAMB_TDP .chk_for_col_msg at simulation time 381.555 ns.
A read was performed on address 800f (hex) of port B while a write was requested to the same address on port A.  The write will be successful however the read value on port B is unknown until the next CLKB cycle.
Memory Collision Error on RAMB36E1 : testbench_wrapper_tb.dut.testbench_i.RAM_Block.RAM_0.PL_RAM_0.U0.inst_blk_mem_gen.\gnbram.gnative_mem_map_bmg.native_mem_map_blk_mem_gen .\valid.cstr .\ramloop[1].ram.r .\prim_noinit.ram .\DEVICE_7SERIES.WITH_BMM_INFO.TRUE_DP.SIMPLE_PRIM36.TDP_SP36_NO_ECC_ATTR.ram .\gen_tdp.INT_RAMB_TDP .chk_for_col_msg at simulation time 381.555 ns.
A read was performed on address 800f (hex) of port B while a write was requested to the same address on port A.  The write will be successful however the read value on port B is unknown until the next CLKB cycle.
Memory Collision Error on RAMB36E1 : testbench_wrapper_tb.dut.testbench_i.RAM_Block.RAM_0.Action_RAM_0.U0.inst_blk_mem_gen.\gnbram.gnative_mem_map_bmg.native_mem_map_blk_mem_gen .\valid.cstr .\ramloop[0].ram.r .\prim_noinit.ram .\DEVICE_7SERIES.WITH_BMM_INFO.TRUE_DP.SIMPLE_PRIM36.TDP_SP36_NO_ECC_ATTR.ram .\gen_tdp.INT_RAMB_TDP .chk_for_col_msg at simulation time 401.555 ns.
A read was performed on address 800f (hex) of port B while a write was requested to the same address on port A.  The write will be successful however the read value on port B is unknown until the next CLKB cycle.
Memory Collision Error on RAMB36E1 : testbench_wrapper_tb.dut.testbench_i.RAM_Block.RAM_0.Action_RAM_0.U0.inst_blk_mem_gen.\gnbram.gnative_mem_map_bmg.native_mem_map_blk_mem_gen .\valid.cstr .\ramloop[1].ram.r .\prim_noinit.ram .\DEVICE_7SERIES.WITH_BMM_INFO.TRUE_DP.SIMPLE_PRIM36.TDP_SP36_NO_ECC_ATTR.ram .\gen_tdp.INT_RAMB_TDP .chk_for_col_msg at simulation time 401.555 ns.
A read was performed on address 800f (hex) of port B while a write was requested to the same address on port A.  The write will be successful however the read value on port B is unknown until the next CLKB cycle.
Memory Collision Error on RAMB36E1 : testbench_wrapper_tb.dut.testbench_i.RAM_Block.RAM_0.PL_RAM_0.U0.inst_blk_mem_gen.\gnbram.gnative_mem_map_bmg.native_mem_map_blk_mem_gen .\valid.cstr .\ramloop[0].ram.r .\prim_noinit.ram .\DEVICE_7SERIES.WITH_BMM_INFO.TRUE_DP.SIMPLE_PRIM36.TDP_SP36_NO_ECC_ATTR.ram .\gen_tdp.INT_RAMB_TDP .chk_for_col_msg at simulation time 401.555 ns.
A read was performed on address 800f (hex) of port B while a write was requested to the same address on port A.  The write will be successful however the read value on port B is unknown until the next CLKB cycle.
Memory Collision Error on RAMB36E1 : testbench_wrapper_tb.dut.testbench_i.RAM_Block.RAM_0.PL_RAM_0.U0.inst_blk_mem_gen.\gnbram.gnative_mem_map_bmg.native_mem_map_blk_mem_gen .\valid.cstr .\ramloop[1].ram.r .\prim_noinit.ram .\DEVICE_7SERIES.WITH_BMM_INFO.TRUE_DP.SIMPLE_PRIM36.TDP_SP36_NO_ECC_ATTR.ram .\gen_tdp.INT_RAMB_TDP .chk_for_col_msg at simulation time 401.555 ns.
A read was performed on address 800f (hex) of port B while a write was requested to the same address on port A.  The write will be successful however the read value on port B is unknown until the next CLKB cycle.
Memory Collision Error on RAMB36E1 : testbench_wrapper_tb.dut.testbench_i.RAM_Block.RAM_0.Action_RAM_0.U0.inst_blk_mem_gen.\gnbram.gnative_mem_map_bmg.native_mem_map_blk_mem_gen .\valid.cstr .\ramloop[0].ram.r .\prim_noinit.ram .\DEVICE_7SERIES.WITH_BMM_INFO.TRUE_DP.SIMPLE_PRIM36.TDP_SP36_NO_ECC_ATTR.ram .\gen_tdp.INT_RAMB_TDP .chk_for_col_msg at simulation time 421.555 ns.
A read was performed on address 800f (hex) of port B while a write was requested to the same address on port A.  The write will be successful however the read value on port B is unknown until the next CLKB cycle.
Memory Collision Error on RAMB36E1 : testbench_wrapper_tb.dut.testbench_i.RAM_Block.RAM_0.Action_RAM_0.U0.inst_blk_mem_gen.\gnbram.gnative_mem_map_bmg.native_mem_map_blk_mem_gen .\valid.cstr .\ramloop[1].ram.r .\prim_noinit.ram .\DEVICE_7SERIES.WITH_BMM_INFO.TRUE_DP.SIMPLE_PRIM36.TDP_SP36_NO_ECC_ATTR.ram .\gen_tdp.INT_RAMB_TDP .chk_for_col_msg at simulation time 421.555 ns.
A read was performed on address 800f (hex) of port B while a write was requested to the same address on port A.  The write will be successful however the read value on port B is unknown until the next CLKB cycle.
Memory Collision Error on RAMB36E1 : testbench_wrapper_tb.dut.testbench_i.RAM_Block.RAM_0.PL_RAM_0.U0.inst_blk_mem_gen.\gnbram.gnative_mem_map_bmg.native_mem_map_blk_mem_gen .\valid.cstr .\ramloop[0].ram.r .\prim_noinit.ram .\DEVICE_7SERIES.WITH_BMM_INFO.TRUE_DP.SIMPLE_PRIM36.TDP_SP36_NO_ECC_ATTR.ram .\gen_tdp.INT_RAMB_TDP .chk_for_col_msg at simulation time 421.555 ns.
A read was performed on address 800f (hex) of port B while a write was requested to the same address on port A.  The write will be successful however the read value on port B is unknown until the next CLKB cycle.
Memory Collision Error on RAMB36E1 : testbench_wrapper_tb.dut.testbench_i.RAM_Block.RAM_0.PL_RAM_0.U0.inst_blk_mem_gen.\gnbram.gnative_mem_map_bmg.native_mem_map_blk_mem_gen .\valid.cstr .\ramloop[1].ram.r .\prim_noinit.ram .\DEVICE_7SERIES.WITH_BMM_INFO.TRUE_DP.SIMPLE_PRIM36.TDP_SP36_NO_ECC_ATTR.ram .\gen_tdp.INT_RAMB_TDP .chk_for_col_msg at simulation time 421.555 ns.
A read was performed on address 800f (hex) of port B while a write was requested to the same address on port A.  The write will be successful however the read value on port B is unknown until the next CLKB cycle.
Memory Collision Error on RAMB36E1 : testbench_wrapper_tb.dut.testbench_i.RAM_Block.RAM_0.Action_RAM_0.U0.inst_blk_mem_gen.\gnbram.gnative_mem_map_bmg.native_mem_map_blk_mem_gen .\valid.cstr .\ramloop[0].ram.r .\prim_noinit.ram .\DEVICE_7SERIES.WITH_BMM_INFO.TRUE_DP.SIMPLE_PRIM36.TDP_SP36_NO_ECC_ATTR.ram .\gen_tdp.INT_RAMB_TDP .chk_for_col_msg at simulation time 441.555 ns.
A read was performed on address 800f (hex) of port B while a write was requested to the same address on port A.  The write will be successful however the read value on port B is unknown until the next CLKB cycle.
Memory Collision Error on RAMB36E1 : testbench_wrapper_tb.dut.testbench_i.RAM_Block.RAM_0.Action_RAM_0.U0.inst_blk_mem_gen.\gnbram.gnative_mem_map_bmg.native_mem_map_blk_mem_gen .\valid.cstr .\ramloop[1].ram.r .\prim_noinit.ram .\DEVICE_7SERIES.WITH_BMM_INFO.TRUE_DP.SIMPLE_PRIM36.TDP_SP36_NO_ECC_ATTR.ram .\gen_tdp.INT_RAMB_TDP .chk_for_col_msg at simulation time 441.555 ns.
A read was performed on address 800f (hex) of port B while a write was requested to the same address on port A.  The write will be successful however the read value on port B is unknown until the next CLKB cycle.
Memory Collision Error on RAMB36E1 : testbench_wrapper_tb.dut.testbench_i.RAM_Block.RAM_0.PL_RAM_0.U0.inst_blk_mem_gen.\gnbram.gnative_mem_map_bmg.native_mem_map_blk_mem_gen .\valid.cstr .\ramloop[0].ram.r .\prim_noinit.ram .\DEVICE_7SERIES.WITH_BMM_INFO.TRUE_DP.SIMPLE_PRIM36.TDP_SP36_NO_ECC_ATTR.ram .\gen_tdp.INT_RAMB_TDP .chk_for_col_msg at simulation time 441.555 ns.
A read was performed on address 800f (hex) of port B while a write was requested to the same address on port A.  The write will be successful however the read value on port B is unknown until the next CLKB cycle.
Memory Collision Error on RAMB36E1 : testbench_wrapper_tb.dut.testbench_i.RAM_Block.RAM_0.PL_RAM_0.U0.inst_blk_mem_gen.\gnbram.gnative_mem_map_bmg.native_mem_map_blk_mem_gen .\valid.cstr .\ramloop[1].ram.r .\prim_noinit.ram .\DEVICE_7SERIES.WITH_BMM_INFO.TRUE_DP.SIMPLE_PRIM36.TDP_SP36_NO_ECC_ATTR.ram .\gen_tdp.INT_RAMB_TDP .chk_for_col_msg at simulation time 441.555 ns.
A read was performed on address 800f (hex) of port B while a write was requested to the same address on port A.  The write will be successful however the read value on port B is unknown until the next CLKB cycle.
Memory Collision Error on RAMB36E1 : testbench_wrapper_tb.dut.testbench_i.RAM_Block.RAM_0.Action_RAM_0.U0.inst_blk_mem_gen.\gnbram.gnative_mem_map_bmg.native_mem_map_blk_mem_gen .\valid.cstr .\ramloop[0].ram.r .\prim_noinit.ram .\DEVICE_7SERIES.WITH_BMM_INFO.TRUE_DP.SIMPLE_PRIM36.TDP_SP36_NO_ECC_ATTR.ram .\gen_tdp.INT_RAMB_TDP .chk_for_col_msg at simulation time 461.555 ns.
A read was performed on address 800f (hex) of port B while a write was requested to the same address on port A.  The write will be successful however the read value on port B is unknown until the next CLKB cycle.
Memory Collision Error on RAMB36E1 : testbench_wrapper_tb.dut.testbench_i.RAM_Block.RAM_0.Action_RAM_0.U0.inst_blk_mem_gen.\gnbram.gnative_mem_map_bmg.native_mem_map_blk_mem_gen .\valid.cstr .\ramloop[1].ram.r .\prim_noinit.ram .\DEVICE_7SERIES.WITH_BMM_INFO.TRUE_DP.SIMPLE_PRIM36.TDP_SP36_NO_ECC_ATTR.ram .\gen_tdp.INT_RAMB_TDP .chk_for_col_msg at simulation time 461.555 ns.
A read was performed on address 800f (hex) of port B while a write was requested to the same address on port A.  The write will be successful however the read value on port B is unknown until the next CLKB cycle.
Memory Collision Error on RAMB36E1 : testbench_wrapper_tb.dut.testbench_i.RAM_Block.RAM_0.PL_RAM_0.U0.inst_blk_mem_gen.\gnbram.gnative_mem_map_bmg.native_mem_map_blk_mem_gen .\valid.cstr .\ramloop[0].ram.r .\prim_noinit.ram .\DEVICE_7SERIES.WITH_BMM_INFO.TRUE_DP.SIMPLE_PRIM36.TDP_SP36_NO_ECC_ATTR.ram .\gen_tdp.INT_RAMB_TDP .chk_for_col_msg at simulation time 461.555 ns.
A read was performed on address 800f (hex) of port B while a write was requested to the same address on port A.  The write will be successful however the read value on port B is unknown until the next CLKB cycle.
Memory Collision Error on RAMB36E1 : testbench_wrapper_tb.dut.testbench_i.RAM_Block.RAM_0.PL_RAM_0.U0.inst_blk_mem_gen.\gnbram.gnative_mem_map_bmg.native_mem_map_blk_mem_gen .\valid.cstr .\ramloop[1].ram.r .\prim_noinit.ram .\DEVICE_7SERIES.WITH_BMM_INFO.TRUE_DP.SIMPLE_PRIM36.TDP_SP36_NO_ECC_ATTR.ram .\gen_tdp.INT_RAMB_TDP .chk_for_col_msg at simulation time 461.555 ns.
A read was performed on address 800f (hex) of port B while a write was requested to the same address on port A.  The write will be successful however the read value on port B is unknown until the next CLKB cycle.
Memory Collision Error on RAMB36E1 : testbench_wrapper_tb.dut.testbench_i.RAM_Block.RAM_0.Action_RAM_0.U0.inst_blk_mem_gen.\gnbram.gnative_mem_map_bmg.native_mem_map_blk_mem_gen .\valid.cstr .\ramloop[0].ram.r .\prim_noinit.ram .\DEVICE_7SERIES.WITH_BMM_INFO.TRUE_DP.SIMPLE_PRIM36.TDP_SP36_NO_ECC_ATTR.ram .\gen_tdp.INT_RAMB_TDP .chk_for_col_msg at simulation time 481.555 ns.
A read was performed on address 800f (hex) of port B while a write was requested to the same address on port A.  The write will be successful however the read value on port B is unknown until the next CLKB cycle.
Memory Collision Error on RAMB36E1 : testbench_wrapper_tb.dut.testbench_i.RAM_Block.RAM_0.Action_RAM_0.U0.inst_blk_mem_gen.\gnbram.gnative_mem_map_bmg.native_mem_map_blk_mem_gen .\valid.cstr .\ramloop[1].ram.r .\prim_noinit.ram .\DEVICE_7SERIES.WITH_BMM_INFO.TRUE_DP.SIMPLE_PRIM36.TDP_SP36_NO_ECC_ATTR.ram .\gen_tdp.INT_RAMB_TDP .chk_for_col_msg at simulation time 481.555 ns.
A read was performed on address 800f (hex) of port B while a write was requested to the same address on port A.  The write will be successful however the read value on port B is unknown until the next CLKB cycle.
Memory Collision Error on RAMB36E1 : testbench_wrapper_tb.dut.testbench_i.RAM_Block.RAM_0.PL_RAM_0.U0.inst_blk_mem_gen.\gnbram.gnative_mem_map_bmg.native_mem_map_blk_mem_gen .\valid.cstr .\ramloop[0].ram.r .\prim_noinit.ram .\DEVICE_7SERIES.WITH_BMM_INFO.TRUE_DP.SIMPLE_PRIM36.TDP_SP36_NO_ECC_ATTR.ram .\gen_tdp.INT_RAMB_TDP .chk_for_col_msg at simulation time 481.555 ns.
A read was performed on address 800f (hex) of port B while a write was requested to the same address on port A.  The write will be successful however the read value on port B is unknown until the next CLKB cycle.
Memory Collision Error on RAMB36E1 : testbench_wrapper_tb.dut.testbench_i.RAM_Block.RAM_0.PL_RAM_0.U0.inst_blk_mem_gen.\gnbram.gnative_mem_map_bmg.native_mem_map_blk_mem_gen .\valid.cstr .\ramloop[1].ram.r .\prim_noinit.ram .\DEVICE_7SERIES.WITH_BMM_INFO.TRUE_DP.SIMPLE_PRIM36.TDP_SP36_NO_ECC_ATTR.ram .\gen_tdp.INT_RAMB_TDP .chk_for_col_msg at simulation time 481.555 ns.
A read was performed on address 800f (hex) of port B while a write was requested to the same address on port A.  The write will be successful however the read value on port B is unknown until the next CLKB cycle.
Memory Collision Error on RAMB36E1 : testbench_wrapper_tb.dut.testbench_i.RAM_Block.RAM_0.Action_RAM_0.U0.inst_blk_mem_gen.\gnbram.gnative_mem_map_bmg.native_mem_map_blk_mem_gen .\valid.cstr .\ramloop[0].ram.r .\prim_noinit.ram .\DEVICE_7SERIES.WITH_BMM_INFO.TRUE_DP.SIMPLE_PRIM36.TDP_SP36_NO_ECC_ATTR.ram .\gen_tdp.INT_RAMB_TDP .chk_for_col_msg at simulation time 501.555 ns.
A read was performed on address 800f (hex) of port B while a write was requested to the same address on port A.  The write will be successful however the read value on port B is unknown until the next CLKB cycle.
Memory Collision Error on RAMB36E1 : testbench_wrapper_tb.dut.testbench_i.RAM_Block.RAM_0.Action_RAM_0.U0.inst_blk_mem_gen.\gnbram.gnative_mem_map_bmg.native_mem_map_blk_mem_gen .\valid.cstr .\ramloop[1].ram.r .\prim_noinit.ram .\DEVICE_7SERIES.WITH_BMM_INFO.TRUE_DP.SIMPLE_PRIM36.TDP_SP36_NO_ECC_ATTR.ram .\gen_tdp.INT_RAMB_TDP .chk_for_col_msg at simulation time 501.555 ns.
A read was performed on address 800f (hex) of port B while a write was requested to the same address on port A.  The write will be successful however the read value on port B is unknown until the next CLKB cycle.
Memory Collision Error on RAMB36E1 : testbench_wrapper_tb.dut.testbench_i.RAM_Block.RAM_0.PL_RAM_0.U0.inst_blk_mem_gen.\gnbram.gnative_mem_map_bmg.native_mem_map_blk_mem_gen .\valid.cstr .\ramloop[0].ram.r .\prim_noinit.ram .\DEVICE_7SERIES.WITH_BMM_INFO.TRUE_DP.SIMPLE_PRIM36.TDP_SP36_NO_ECC_ATTR.ram .\gen_tdp.INT_RAMB_TDP .chk_for_col_msg at simulation time 501.555 ns.
A read was performed on address 800f (hex) of port B while a write was requested to the same address on port A.  The write will be successful however the read value on port B is unknown until the next CLKB cycle.
Memory Collision Error on RAMB36E1 : testbench_wrapper_tb.dut.testbench_i.RAM_Block.RAM_0.PL_RAM_0.U0.inst_blk_mem_gen.\gnbram.gnative_mem_map_bmg.native_mem_map_blk_mem_gen .\valid.cstr .\ramloop[1].ram.r .\prim_noinit.ram .\DEVICE_7SERIES.WITH_BMM_INFO.TRUE_DP.SIMPLE_PRIM36.TDP_SP36_NO_ECC_ATTR.ram .\gen_tdp.INT_RAMB_TDP .chk_for_col_msg at simulation time 501.555 ns.
A read was performed on address 800f (hex) of port B while a write was requested to the same address on port A.  The write will be successful however the read value on port B is unknown until the next CLKB cycle.
Memory Collision Error on RAMB36E1 : testbench_wrapper_tb.dut.testbench_i.RAM_Block.RAM_0.Action_RAM_0.U0.inst_blk_mem_gen.\gnbram.gnative_mem_map_bmg.native_mem_map_blk_mem_gen .\valid.cstr .\ramloop[0].ram.r .\prim_noinit.ram .\DEVICE_7SERIES.WITH_BMM_INFO.TRUE_DP.SIMPLE_PRIM36.TDP_SP36_NO_ECC_ATTR.ram .\gen_tdp.INT_RAMB_TDP .chk_for_col_msg at simulation time 521.555 ns.
A read was performed on address 800f (hex) of port B while a write was requested to the same address on port A.  The write will be successful however the read value on port B is unknown until the next CLKB cycle.
Memory Collision Error on RAMB36E1 : testbench_wrapper_tb.dut.testbench_i.RAM_Block.RAM_0.Action_RAM_0.U0.inst_blk_mem_gen.\gnbram.gnative_mem_map_bmg.native_mem_map_blk_mem_gen .\valid.cstr .\ramloop[1].ram.r .\prim_noinit.ram .\DEVICE_7SERIES.WITH_BMM_INFO.TRUE_DP.SIMPLE_PRIM36.TDP_SP36_NO_ECC_ATTR.ram .\gen_tdp.INT_RAMB_TDP .chk_for_col_msg at simulation time 521.555 ns.
A read was performed on address 800f (hex) of port B while a write was requested to the same address on port A.  The write will be successful however the read value on port B is unknown until the next CLKB cycle.
Memory Collision Error on RAMB36E1 : testbench_wrapper_tb.dut.testbench_i.RAM_Block.RAM_0.PL_RAM_0.U0.inst_blk_mem_gen.\gnbram.gnative_mem_map_bmg.native_mem_map_blk_mem_gen .\valid.cstr .\ramloop[0].ram.r .\prim_noinit.ram .\DEVICE_7SERIES.WITH_BMM_INFO.TRUE_DP.SIMPLE_PRIM36.TDP_SP36_NO_ECC_ATTR.ram .\gen_tdp.INT_RAMB_TDP .chk_for_col_msg at simulation time 521.555 ns.
A read was performed on address 800f (hex) of port B while a write was requested to the same address on port A.  The write will be successful however the read value on port B is unknown until the next CLKB cycle.
Memory Collision Error on RAMB36E1 : testbench_wrapper_tb.dut.testbench_i.RAM_Block.RAM_0.PL_RAM_0.U0.inst_blk_mem_gen.\gnbram.gnative_mem_map_bmg.native_mem_map_blk_mem_gen .\valid.cstr .\ramloop[1].ram.r .\prim_noinit.ram .\DEVICE_7SERIES.WITH_BMM_INFO.TRUE_DP.SIMPLE_PRIM36.TDP_SP36_NO_ECC_ATTR.ram .\gen_tdp.INT_RAMB_TDP .chk_for_col_msg at simulation time 521.555 ns.
A read was performed on address 800f (hex) of port B while a write was requested to the same address on port A.  The write will be successful however the read value on port B is unknown until the next CLKB cycle.
Memory Collision Error on RAMB36E1 : testbench_wrapper_tb.dut.testbench_i.RAM_Block.RAM_0.Action_RAM_0.U0.inst_blk_mem_gen.\gnbram.gnative_mem_map_bmg.native_mem_map_blk_mem_gen .\valid.cstr .\ramloop[0].ram.r .\prim_noinit.ram .\DEVICE_7SERIES.WITH_BMM_INFO.TRUE_DP.SIMPLE_PRIM36.TDP_SP36_NO_ECC_ATTR.ram .\gen_tdp.INT_RAMB_TDP .chk_for_col_msg at simulation time 541.555 ns.
A read was performed on address 800f (hex) of port B while a write was requested to the same address on port A.  The write will be successful however the read value on port B is unknown until the next CLKB cycle.
Memory Collision Error on RAMB36E1 : testbench_wrapper_tb.dut.testbench_i.RAM_Block.RAM_0.Action_RAM_0.U0.inst_blk_mem_gen.\gnbram.gnative_mem_map_bmg.native_mem_map_blk_mem_gen .\valid.cstr .\ramloop[1].ram.r .\prim_noinit.ram .\DEVICE_7SERIES.WITH_BMM_INFO.TRUE_DP.SIMPLE_PRIM36.TDP_SP36_NO_ECC_ATTR.ram .\gen_tdp.INT_RAMB_TDP .chk_for_col_msg at simulation time 541.555 ns.
A read was performed on address 800f (hex) of port B while a write was requested to the same address on port A.  The write will be successful however the read value on port B is unknown until the next CLKB cycle.
Memory Collision Error on RAMB36E1 : testbench_wrapper_tb.dut.testbench_i.RAM_Block.RAM_0.PL_RAM_0.U0.inst_blk_mem_gen.\gnbram.gnative_mem_map_bmg.native_mem_map_blk_mem_gen .\valid.cstr .\ramloop[0].ram.r .\prim_noinit.ram .\DEVICE_7SERIES.WITH_BMM_INFO.TRUE_DP.SIMPLE_PRIM36.TDP_SP36_NO_ECC_ATTR.ram .\gen_tdp.INT_RAMB_TDP .chk_for_col_msg at simulation time 541.555 ns.
A read was performed on address 800f (hex) of port B while a write was requested to the same address on port A.  The write will be successful however the read value on port B is unknown until the next CLKB cycle.
Memory Collision Error on RAMB36E1 : testbench_wrapper_tb.dut.testbench_i.RAM_Block.RAM_0.PL_RAM_0.U0.inst_blk_mem_gen.\gnbram.gnative_mem_map_bmg.native_mem_map_blk_mem_gen .\valid.cstr .\ramloop[1].ram.r .\prim_noinit.ram .\DEVICE_7SERIES.WITH_BMM_INFO.TRUE_DP.SIMPLE_PRIM36.TDP_SP36_NO_ECC_ATTR.ram .\gen_tdp.INT_RAMB_TDP .chk_for_col_msg at simulation time 541.555 ns.
A read was performed on address 800f (hex) of port B while a write was requested to the same address on port A.  The write will be successful however the read value on port B is unknown until the next CLKB cycle.
